<?xml version="1.0" encoding="UTF-8"?>
<testsuite name="RestServiceIntegrationTest" time="18.29" tests="1" errors="1" skipped="0" failures="0">
  <properties>
    <property name="java.runtime.name" value="Java(TM) SE Runtime Environment"/>
    <property name="sun.boot.library.path" value="/home/ifaturoti_adeyemi/jdk1.8.0_05/jre/lib/amd64"/>
    <property name="java.vm.version" value="25.5-b02"/>
    <property name="java.vm.vendor" value="Oracle Corporation"/>
    <property name="java.vendor.url" value="http://java.oracle.com/"/>
    <property name="path.separator" value=":"/>
    <property name="guice.disable.misplaced.annotation.check" value="true"/>
    <property name="java.vm.name" value="Java HotSpot(TM) 64-Bit Server VM"/>
    <property name="file.encoding.pkg" value="sun.io"/>
    <property name="user.country" value="US"/>
    <property name="sun.java.launcher" value="SUN_STANDARD"/>
    <property name="sun.os.patch.level" value="unknown"/>
    <property name="java.vm.specification.name" value="Java Virtual Machine Specification"/>
    <property name="user.dir" value="/home/ifaturoti_adeyemi/STS/workspace/gs-rest-hateoas-initial"/>
    <property name="java.runtime.version" value="1.8.0_05-b13"/>
    <property name="java.awt.graphicsenv" value="sun.awt.X11GraphicsEnvironment"/>
    <property name="java.endorsed.dirs" value="/home/ifaturoti_adeyemi/jdk1.8.0_05/jre/lib/endorsed"/>
    <property name="os.arch" value="amd64"/>
    <property name="java.io.tmpdir" value="/tmp"/>
    <property name="line.separator" value="&#10;"/>
    <property name="java.vm.specification.vendor" value="Oracle Corporation"/>
    <property name="os.name" value="Linux"/>
    <property name="classworlds.conf" value="/home/ifaturoti_adeyemi/STS/workspace/.metadata/.plugins/org.eclipse.m2e.launching/launches/m2conf6957337844792578905.tmp"/>
    <property name="sun.jnu.encoding" value="UTF-8"/>
    <property name="java.library.path" value="/usr/java/packages/lib/amd64:/usr/lib64:/lib64:/lib:/usr/lib"/>
    <property name="java.specification.name" value="Java Platform API Specification"/>
    <property name="java.class.version" value="52.0"/>
    <property name="sun.management.compiler" value="HotSpot 64-Bit Tiered Compilers"/>
    <property name="os.version" value="3.11.0-12-generic"/>
    <property name="user.home" value="/home/ifaturoti_adeyemi"/>
    <property name="user.timezone" value="Europe/Paris"/>
    <property name="java.awt.printerjob" value="sun.print.PSPrinterJob"/>
    <property name="file.encoding" value="UTF-8"/>
    <property name="java.specification.version" value="1.8"/>
    <property name="user.name" value="ifaturoti_adeyemi"/>
    <property name="java.class.path" value="/home/ifaturoti_adeyemi/STS/sts-bundle/sts-3.6.0.RELEASE/plugins/org.eclipse.m2e.maven.runtime_1.5.0.20140605-2032/jars/plexus-classworlds-2.5.1.jar"/>
    <property name="org.slf4j.simpleLogger.defaultLogLevel" value="info"/>
    <property name="java.vm.specification.version" value="1.8"/>
    <property name="sun.arch.data.model" value="64"/>
    <property name="java.home" value="/home/ifaturoti_adeyemi/jdk1.8.0_05/jre"/>
    <property name="sun.java.command" value="org.codehaus.plexus.classworlds.launcher.Launcher -Ppom.xml -B test"/>
    <property name="java.specification.vendor" value="Oracle Corporation"/>
    <property name="user.language" value="en"/>
    <property name="awt.toolkit" value="sun.awt.X11.XToolkit"/>
    <property name="java.vm.info" value="mixed mode"/>
    <property name="java.version" value="1.8.0_05"/>
    <property name="java.ext.dirs" value="/home/ifaturoti_adeyemi/jdk1.8.0_05/jre/lib/ext:/usr/java/packages/lib/ext"/>
    <property name="securerandom.source" value="file:/dev/./urandom"/>
    <property name="sun.boot.class.path" value="/home/ifaturoti_adeyemi/jdk1.8.0_05/jre/lib/resources.jar:/home/ifaturoti_adeyemi/jdk1.8.0_05/jre/lib/rt.jar:/home/ifaturoti_adeyemi/jdk1.8.0_05/jre/lib/sunrsasign.jar:/home/ifaturoti_adeyemi/jdk1.8.0_05/jre/lib/jsse.jar:/home/ifaturoti_adeyemi/jdk1.8.0_05/jre/lib/jce.jar:/home/ifaturoti_adeyemi/jdk1.8.0_05/jre/lib/charsets.jar:/home/ifaturoti_adeyemi/jdk1.8.0_05/jre/lib/jfr.jar:/home/ifaturoti_adeyemi/jdk1.8.0_05/jre/classes"/>
    <property name="java.vendor" value="Oracle Corporation"/>
    <property name="maven.home" value="/home/ifaturoti_adeyemi/STS/workspace/gs-rest-hateoas-initial/EMBEDDED"/>
    <property name="file.separator" value="/"/>
    <property name="java.vendor.url.bug" value="http://bugreport.sun.com/bugreport/"/>
    <property name="sun.cpu.endian" value="little"/>
    <property name="sun.io.unicode.encoding" value="UnicodeLittle"/>
    <property name="sun.desktop" value="gnome"/>
    <property name="sun.cpu.isalist" value=""/>
  </properties>
  <testcase name="testProducts" classname="RestServiceIntegrationTest" time="18.29">
    <error message="[Assertion failed] - this expression must be true" type="java.lang.IllegalArgumentException">java.lang.IllegalArgumentException: [Assertion failed] - this expression must be true
	at org.springframework.util.Assert.isTrue(Assert.java:65)
	at org.springframework.util.Assert.isTrue(Assert.java:77)
	at RestServiceIntegrationTest.doGet(RestServiceIntegrationTest.java:141)
	at RestServiceIntegrationTest.testProducts(RestServiceIntegrationTest.java:104)
</error>
    <system-out><![CDATA[10:18:06.692 [main] DEBUG o.s.t.c.j.SpringJUnit4ClassRunner - SpringJUnit4ClassRunner constructor called with [class RestServiceIntegrationTest].
10:18:06.704 [main] DEBUG o.s.test.context.BootstrapUtils - Instantiating TestContextBootstrapper from class [org.springframework.test.context.support.DefaultTestContextBootstrapper]
10:18:06.728 [main] DEBUG o.s.t.c.s.AbstractDelegatingSmartContextLoader - Delegating to AnnotationConfigContextLoader to process context configuration [ContextConfigurationAttributes@131276c2 declaringClass = 'RestServiceIntegrationTest', classes = '{class hello.Application}', locations = '{}', inheritLocations = true, initializers = '{}', inheritInitializers = true, name = [null], contextLoaderClass = 'org.springframework.test.context.ContextLoader'].
10:18:06.729 [main] DEBUG o.s.t.c.support.ActiveProfilesUtils - Could not find an 'annotation declaring class' for annotation type [org.springframework.test.context.ActiveProfiles] and class [RestServiceIntegrationTest]
10:18:06.742 [main] INFO  o.s.t.c.s.DefaultTestContextBootstrapper - Using TestExecutionListeners: [org.springframework.boot.test.IntegrationTestPropertiesListener@2f943d71, org.springframework.test.context.support.DependencyInjectionTestExecutionListener@80503, org.springframework.test.context.support.DirtiesContextTestExecutionListener@4b553d26, org.springframework.test.context.transaction.TransactionalTestExecutionListener@69a3d1d, org.springframework.test.context.jdbc.SqlScriptsTestExecutionListener@86be70a]
10:18:06.744 [main] DEBUG o.s.t.annotation.ProfileValueUtils - Retrieved @ProfileValueSourceConfiguration [null] for test class [RestServiceIntegrationTest]
10:18:06.744 [main] DEBUG o.s.t.annotation.ProfileValueUtils - Retrieved ProfileValueSource type [class org.springframework.test.annotation.SystemProfileValueSource] for class [RestServiceIntegrationTest]
10:18:06.745 [main] DEBUG o.s.t.annotation.ProfileValueUtils - Retrieved @ProfileValueSourceConfiguration [null] for test class [RestServiceIntegrationTest]
10:18:06.745 [main] DEBUG o.s.t.annotation.ProfileValueUtils - Retrieved ProfileValueSource type [class org.springframework.test.annotation.SystemProfileValueSource] for class [RestServiceIntegrationTest]
10:18:06.748 [main] DEBUG o.s.t.annotation.ProfileValueUtils - Retrieved @ProfileValueSourceConfiguration [null] for test class [RestServiceIntegrationTest]
10:18:06.748 [main] DEBUG o.s.t.annotation.ProfileValueUtils - Retrieved ProfileValueSource type [class org.springframework.test.annotation.SystemProfileValueSource] for class [RestServiceIntegrationTest]
10:18:06.750 [main] DEBUG o.s.test.util.ReflectionTestUtils - Getting field [mergedContextConfiguration] from target [[DefaultTestContext@58c1670b testClass = RestServiceIntegrationTest, testInstance = RestServiceIntegrationTest@6b57696f, testMethod = [null], testException = [null], mergedContextConfiguration = [MergedContextConfiguration@5bb21b69 testClass = RestServiceIntegrationTest, locations = '{}', classes = '{class hello.Application}', contextInitializerClasses = '[]', activeProfiles = '{}', propertySourceLocations = '{}', propertySourceProperties = '{}', contextLoader = 'org.springframework.test.context.support.DelegatingSmartContextLoader', parent = [null]]]]
10:18:06.751 [main] DEBUG o.s.test.util.ReflectionTestUtils - Setting field [propertySourceProperties] of type [null] on target [[MergedContextConfiguration@5bb21b69 testClass = RestServiceIntegrationTest, locations = '{}', classes = '{class hello.Application}', contextInitializerClasses = '[]', activeProfiles = '{}', propertySourceLocations = '{}', propertySourceProperties = '{}', contextLoader = 'org.springframework.test.context.support.DelegatingSmartContextLoader', parent = [null]]] to value [[Ljava.lang.String;@23d2a7e8]
10:18:06.751 [main] DEBUG o.s.t.c.s.DependencyInjectionTestExecutionListener - Performing dependency injection for test context [[DefaultTestContext@58c1670b testClass = RestServiceIntegrationTest, testInstance = RestServiceIntegrationTest@6b57696f, testMethod = [null], testException = [null], mergedContextConfiguration = [MergedContextConfiguration@5bb21b69 testClass = RestServiceIntegrationTest, locations = '{}', classes = '{class hello.Application}', contextInitializerClasses = '[]', activeProfiles = '{}', propertySourceLocations = '{}', propertySourceProperties = '{org.springframework.boot.test.IntegrationTest=true}', contextLoader = 'org.springframework.test.context.support.DelegatingSmartContextLoader', parent = [null]]]].
10:18:06.751 [main] DEBUG o.s.t.c.s.AbstractDelegatingSmartContextLoader - Delegating to AnnotationConfigContextLoader to load context from [MergedContextConfiguration@5bb21b69 testClass = RestServiceIntegrationTest, locations = '{}', classes = '{class hello.Application}', contextInitializerClasses = '[]', activeProfiles = '{}', propertySourceLocations = '{}', propertySourceProperties = '{org.springframework.boot.test.IntegrationTest=true}', contextLoader = 'org.springframework.test.context.support.DelegatingSmartContextLoader', parent = [null]].
10:18:06.751 [main] DEBUG o.s.t.c.s.AbstractGenericContextLoader - Loading ApplicationContext for merged context configuration [[MergedContextConfiguration@5bb21b69 testClass = RestServiceIntegrationTest, locations = '{}', classes = '{class hello.Application}', contextInitializerClasses = '[]', activeProfiles = '{}', propertySourceLocations = '{}', propertySourceProperties = '{org.springframework.boot.test.IntegrationTest=true}', contextLoader = 'org.springframework.test.context.support.DelegatingSmartContextLoader', parent = [null]]].
10:18:06.816 [main] DEBUG o.s.core.env.StandardEnvironment - Adding [systemProperties] PropertySource with lowest search precedence
10:18:06.817 [main] DEBUG o.s.core.env.StandardEnvironment - Adding [systemEnvironment] PropertySource with lowest search precedence
10:18:06.818 [main] DEBUG o.s.core.env.StandardEnvironment - Initialized StandardEnvironment with PropertySources [systemProperties,systemEnvironment]
10:18:06.818 [main] DEBUG o.s.t.c.s.TestPropertySourceUtils - Adding inlined properties to environment: {org.springframework.boot.test.IntegrationTest=true}
10:18:06.818 [main] DEBUG o.s.core.env.StandardEnvironment - Adding [Inlined Test Properties] PropertySource with highest search precedence
10:18:06.818 [main] DEBUG o.s.t.c.s.AnnotationConfigContextLoader - Registering annotated classes: {class hello.Application}
10:18:06.856 [main] INFO  o.s.c.s.GenericApplicationContext - Refreshing org.springframework.context.support.GenericApplicationContext@4a87761d: startup date [Tue Jun 02 10:18:06 CEST 2015]; root of context hierarchy
10:18:06.857 [main] DEBUG o.s.c.s.GenericApplicationContext - Bean factory for org.springframework.context.support.GenericApplicationContext@4a87761d: org.springframework.beans.factory.support.DefaultListableBeanFactory@2cbb3d47: defining beans [org.springframework.context.annotation.internalConfigurationAnnotationProcessor,org.springframework.context.annotation.internalAutowiredAnnotationProcessor,org.springframework.context.annotation.internalRequiredAnnotationProcessor,org.springframework.context.annotation.internalCommonAnnotationProcessor,org.springframework.context.annotation.internalPersistenceAnnotationProcessor,application]; root of factory hierarchy
10:18:06.870 [main] DEBUG o.s.b.f.s.DefaultListableBeanFactory - Creating shared instance of singleton bean 'org.springframework.context.annotation.internalConfigurationAnnotationProcessor'
10:18:06.871 [main] DEBUG o.s.b.f.s.DefaultListableBeanFactory - Creating instance of bean 'org.springframework.context.annotation.internalConfigurationAnnotationProcessor'
10:18:06.883 [main] DEBUG o.s.b.f.s.DefaultListableBeanFactory - Eagerly caching bean 'org.springframework.context.annotation.internalConfigurationAnnotationProcessor' to allow for resolving potential circular references
10:18:06.884 [main] DEBUG o.s.b.f.s.DefaultListableBeanFactory - Finished creating instance of bean 'org.springframework.context.annotation.internalConfigurationAnnotationProcessor'
10:18:06.904 [main] DEBUG o.s.core.env.StandardEnvironment - Adding [systemProperties] PropertySource with lowest search precedence
10:18:06.904 [main] DEBUG o.s.core.env.StandardEnvironment - Adding [systemEnvironment] PropertySource with lowest search precedence
10:18:06.904 [main] DEBUG o.s.core.env.StandardEnvironment - Initialized StandardEnvironment with PropertySources [systemProperties,systemEnvironment]
10:18:06.908 [main] DEBUG o.s.c.a.ClassPathBeanDefinitionScanner - JSR-250 'javax.annotation.ManagedBean' found and supported for component scanning
10:18:06.909 [main] DEBUG o.s.c.a.ClassPathBeanDefinitionScanner - JSR-330 'javax.inject.Named' annotation found and supported for component scanning
10:18:06.913 [main] DEBUG o.s.c.i.s.PathMatchingResourcePatternResolver - Looking for matching resources in directory tree [/home/ifaturoti_adeyemi/STS/workspace/gs-rest-hateoas-initial/target/classes/hello]
10:18:06.914 [main] DEBUG o.s.c.i.s.PathMatchingResourcePatternResolver - Searching directory [/home/ifaturoti_adeyemi/STS/workspace/gs-rest-hateoas-initial/target/classes/hello] for files matching pattern [/home/ifaturoti_adeyemi/STS/workspace/gs-rest-hateoas-initial/target/classes/hello/**/*.class]
10:18:06.915 [main] DEBUG o.s.c.i.s.PathMatchingResourcePatternResolver - Searching directory [/home/ifaturoti_adeyemi/STS/workspace/gs-rest-hateoas-initial/target/classes/hello/pojo] for files matching pattern [/home/ifaturoti_adeyemi/STS/workspace/gs-rest-hateoas-initial/target/classes/hello/**/*.class]
10:18:06.916 [main] DEBUG o.s.c.i.s.PathMatchingResourcePatternResolver - Searching directory [/home/ifaturoti_adeyemi/STS/workspace/gs-rest-hateoas-initial/target/classes/hello/pojo/repo] for files matching pattern [/home/ifaturoti_adeyemi/STS/workspace/gs-rest-hateoas-initial/target/classes/hello/**/*.class]
10:18:06.918 [main] DEBUG o.s.c.i.s.PathMatchingResourcePatternResolver - Resolved location pattern [classpath*:hello/**/*.class] to resources [file [/home/ifaturoti_adeyemi/STS/workspace/gs-rest-hateoas-initial/target/classes/hello/pojo/OrderProduct.class], file [/home/ifaturoti_adeyemi/STS/workspace/gs-rest-hateoas-initial/target/classes/hello/pojo/Product.class], file [/home/ifaturoti_adeyemi/STS/workspace/gs-rest-hateoas-initial/target/classes/hello/pojo/Customer.class], file [/home/ifaturoti_adeyemi/STS/workspace/gs-rest-hateoas-initial/target/classes/hello/pojo/Comment.class], file [/home/ifaturoti_adeyemi/STS/workspace/gs-rest-hateoas-initial/target/classes/hello/pojo/PaymentType.class], file [/home/ifaturoti_adeyemi/STS/workspace/gs-rest-hateoas-initial/target/classes/hello/pojo/repo/ProductRepo.class], file [/home/ifaturoti_adeyemi/STS/workspace/gs-rest-hateoas-initial/target/classes/hello/pojo/repo/AddressRepo.class], file [/home/ifaturoti_adeyemi/STS/workspace/gs-rest-hateoas-initial/target/classes/hello/pojo/repo/CommentRepo.class], file [/home/ifaturoti_adeyemi/STS/workspace/gs-rest-hateoas-initial/target/classes/hello/pojo/repo/CustomerRepo.class], file [/home/ifaturoti_adeyemi/STS/workspace/gs-rest-hateoas-initial/target/classes/hello/pojo/repo/OrderRepo.class], file [/home/ifaturoti_adeyemi/STS/workspace/gs-rest-hateoas-initial/target/classes/hello/pojo/repo/BillingRepo.class], file [/home/ifaturoti_adeyemi/STS/workspace/gs-rest-hateoas-initial/target/classes/hello/pojo/repo/PaymentRepo.class], file [/home/ifaturoti_adeyemi/STS/workspace/gs-rest-hateoas-initial/target/classes/hello/pojo/repo/OrderProductRepo.class], file [/home/ifaturoti_adeyemi/STS/workspace/gs-rest-hateoas-initial/target/classes/hello/pojo/Address.class], file [/home/ifaturoti_adeyemi/STS/workspace/gs-rest-hateoas-initial/target/classes/hello/pojo/Billing.class], file [/home/ifaturoti_adeyemi/STS/workspace/gs-rest-hateoas-initial/target/classes/hello/pojo/Payment.class], file [/home/ifaturoti_adeyemi/STS/workspace/gs-rest-hateoas-initial/target/classes/hello/pojo/Order.class], file [/home/ifaturoti_adeyemi/STS/workspace/gs-rest-hateoas-initial/target/classes/hello/Application.class]]
10:18:06.993 [main] DEBUG o.s.c.t.c.AnnotationAttributesReadingVisitor - Failed to class-load type while reading annotation metadata. This is a non-fatal error, but certain annotation metadata may be unavailable.
java.lang.ClassNotFoundException: org.springframework.security.config.annotation.web.configuration.EnableWebSecurity
	at java.net.URLClassLoader$1.run(URLClassLoader.java:372) ~[na:1.8.0_05]
	at java.net.URLClassLoader$1.run(URLClassLoader.java:361) ~[na:1.8.0_05]
	at java.security.AccessController.doPrivileged(Native Method) ~[na:1.8.0_05]
	at java.net.URLClassLoader.findClass(URLClassLoader.java:360) ~[na:1.8.0_05]
	at java.lang.ClassLoader.loadClass(ClassLoader.java:424) ~[na:1.8.0_05]
	at sun.misc.Launcher$AppClassLoader.loadClass(Launcher.java:308) ~[na:1.8.0_05]
	at java.lang.ClassLoader.loadClass(ClassLoader.java:357) ~[na:1.8.0_05]
	at org.springframework.core.type.classreading.RecursiveAnnotationAttributesVisitor.visitEnd(RecursiveAnnotationAttributesVisitor.java:47) ~[spring-core-4.1.6.RELEASE.jar:4.1.6.RELEASE]
	at org.springframework.asm.ClassReader.readAnnotationValues(ClassReader.java:1802) [spring-core-4.1.6.RELEASE.jar:4.1.6.RELEASE]
	at org.springframework.asm.ClassReader.accept(ClassReader.java:642) [spring-core-4.1.6.RELEASE.jar:4.1.6.RELEASE]
	at org.springframework.asm.ClassReader.accept(ClassReader.java:508) [spring-core-4.1.6.RELEASE.jar:4.1.6.RELEASE]
	at org.springframework.core.type.classreading.SimpleMetadataReader.<init>(SimpleMetadataReader.java:64) [spring-core-4.1.6.RELEASE.jar:4.1.6.RELEASE]
	at org.springframework.core.type.classreading.SimpleMetadataReaderFactory.getMetadataReader(SimpleMetadataReaderFactory.java:98) [spring-core-4.1.6.RELEASE.jar:4.1.6.RELEASE]
	at org.springframework.core.type.classreading.CachingMetadataReaderFactory.getMetadataReader(CachingMetadataReaderFactory.java:102) [spring-core-4.1.6.RELEASE.jar:4.1.6.RELEASE]
	at org.springframework.core.type.classreading.SimpleMetadataReaderFactory.getMetadataReader(SimpleMetadataReaderFactory.java:93) [spring-core-4.1.6.RELEASE.jar:4.1.6.RELEASE]
	at org.springframework.boot.autoconfigure.AutoConfigurationSorter$AutoConfigurationClasses.<init>(AutoConfigurationSorter.java:112) [spring-boot-autoconfigure-1.2.3.RELEASE.jar:1.2.3.RELEASE]
	at org.springframework.boot.autoconfigure.AutoConfigurationSorter.getInPriorityOrder(AutoConfigurationSorter.java:57) [spring-boot-autoconfigure-1.2.3.RELEASE.jar:1.2.3.RELEASE]
	at org.springframework.boot.autoconfigure.EnableAutoConfigurationImportSelector.selectImports(EnableAutoConfigurationImportSelector.java:72) [spring-boot-autoconfigure-1.2.3.RELEASE.jar:1.2.3.RELEASE]
	at org.springframework.context.annotation.ConfigurationClassParser.processDeferredImportSelectors(ConfigurationClassParser.java:429) [spring-context-4.1.6.RELEASE.jar:4.1.6.RELEASE]
	at org.springframework.context.annotation.ConfigurationClassParser.parse(ConfigurationClassParser.java:183) [spring-context-4.1.6.RELEASE.jar:4.1.6.RELEASE]
	at org.springframework.context.annotation.ConfigurationClassPostProcessor.processConfigBeanDefinitions(ConfigurationClassPostProcessor.java:306) [spring-context-4.1.6.RELEASE.jar:4.1.6.RELEASE]
	at org.springframework.context.annotation.ConfigurationClassPostProcessor.postProcessBeanDefinitionRegistry(ConfigurationClassPostProcessor.java:239) [spring-context-4.1.6.RELEASE.jar:4.1.6.RELEASE]
	at org.springframework.context.support.PostProcessorRegistrationDelegate.invokeBeanDefinitionRegistryPostProcessors(PostProcessorRegistrationDelegate.java:254) [spring-context-4.1.6.RELEASE.jar:4.1.6.RELEASE]
	at org.springframework.context.support.PostProcessorRegistrationDelegate.invokeBeanFactoryPostProcessors(PostProcessorRegistrationDelegate.java:94) [spring-context-4.1.6.RELEASE.jar:4.1.6.RELEASE]
	at org.springframework.context.support.AbstractApplicationContext.invokeBeanFactoryPostProcessors(AbstractApplicationContext.java:606) [spring-context-4.1.6.RELEASE.jar:4.1.6.RELEASE]
	at org.springframework.context.support.AbstractApplicationContext.refresh(AbstractApplicationContext.java:462) [spring-context-4.1.6.RELEASE.jar:4.1.6.RELEASE]
	at org.springframework.test.context.support.AbstractGenericContextLoader.loadContext(AbstractGenericContextLoader.java:125) [spring-test-4.1.6.RELEASE.jar:4.1.6.RELEASE]
	at org.springframework.test.context.support.AbstractGenericContextLoader.loadContext(AbstractGenericContextLoader.java:60) [spring-test-4.1.6.RELEASE.jar:4.1.6.RELEASE]
	at org.springframework.test.context.support.AbstractDelegatingSmartContextLoader.delegateLoading(AbstractDelegatingSmartContextLoader.java:109) [spring-test-4.1.6.RELEASE.jar:4.1.6.RELEASE]
	at org.springframework.test.context.support.AbstractDelegatingSmartContextLoader.loadContext(AbstractDelegatingSmartContextLoader.java:261) [spring-test-4.1.6.RELEASE.jar:4.1.6.RELEASE]
	at org.springframework.test.context.DefaultCacheAwareContextLoaderDelegate.loadContextInternal(DefaultCacheAwareContextLoaderDelegate.java:68) [spring-test-4.1.6.RELEASE.jar:4.1.6.RELEASE]
	at org.springframework.test.context.DefaultCacheAwareContextLoaderDelegate.loadContext(DefaultCacheAwareContextLoaderDelegate.java:86) [spring-test-4.1.6.RELEASE.jar:4.1.6.RELEASE]
	at org.springframework.test.context.DefaultTestContext.getApplicationContext(DefaultTestContext.java:72) [spring-test-4.1.6.RELEASE.jar:4.1.6.RELEASE]
	at org.springframework.test.context.support.DependencyInjectionTestExecutionListener.injectDependencies(DependencyInjectionTestExecutionListener.java:117) [spring-test-4.1.6.RELEASE.jar:4.1.6.RELEASE]
	at org.springframework.test.context.support.DependencyInjectionTestExecutionListener.prepareTestInstance(DependencyInjectionTestExecutionListener.java:83) [spring-test-4.1.6.RELEASE.jar:4.1.6.RELEASE]
	at org.springframework.test.context.TestContextManager.prepareTestInstance(TestContextManager.java:212) [spring-test-4.1.6.RELEASE.jar:4.1.6.RELEASE]
	at org.springframework.test.context.junit4.SpringJUnit4ClassRunner.createTest(SpringJUnit4ClassRunner.java:200) [spring-test-4.1.6.RELEASE.jar:4.1.6.RELEASE]
	at org.springframework.test.context.junit4.SpringJUnit4ClassRunner$1.runReflectiveCall(SpringJUnit4ClassRunner.java:259) [spring-test-4.1.6.RELEASE.jar:4.1.6.RELEASE]
	at org.junit.internal.runners.model.ReflectiveCallable.run(ReflectiveCallable.java:12) [junit-4.12.jar:4.12]
	at org.springframework.test.context.junit4.SpringJUnit4ClassRunner.methodBlock(SpringJUnit4ClassRunner.java:261) [spring-test-4.1.6.RELEASE.jar:4.1.6.RELEASE]
	at org.springframework.test.context.junit4.SpringJUnit4ClassRunner.runChild(SpringJUnit4ClassRunner.java:219) [spring-test-4.1.6.RELEASE.jar:4.1.6.RELEASE]
	at org.springframework.test.context.junit4.SpringJUnit4ClassRunner.runChild(SpringJUnit4ClassRunner.java:83) [spring-test-4.1.6.RELEASE.jar:4.1.6.RELEASE]
	at org.junit.runners.ParentRunner$3.run(ParentRunner.java:290) [junit-4.12.jar:4.12]
	at org.junit.runners.ParentRunner$1.schedule(ParentRunner.java:71) [junit-4.12.jar:4.12]
	at org.junit.runners.ParentRunner.runChildren(ParentRunner.java:288) [junit-4.12.jar:4.12]
	at org.junit.runners.ParentRunner.access$000(ParentRunner.java:58) [junit-4.12.jar:4.12]
	at org.junit.runners.ParentRunner$2.evaluate(ParentRunner.java:268) [junit-4.12.jar:4.12]
	at org.springframework.test.context.junit4.statements.RunBeforeTestClassCallbacks.evaluate(RunBeforeTestClassCallbacks.java:61) [spring-test-4.1.6.RELEASE.jar:4.1.6.RELEASE]
	at org.springframework.test.context.junit4.statements.RunAfterTestClassCallbacks.evaluate(RunAfterTestClassCallbacks.java:68) [spring-test-4.1.6.RELEASE.jar:4.1.6.RELEASE]
	at org.junit.runners.ParentRunner.run(ParentRunner.java:363) [junit-4.12.jar:4.12]
	at org.springframework.test.context.junit4.SpringJUnit4ClassRunner.run(SpringJUnit4ClassRunner.java:163) [spring-test-4.1.6.RELEASE.jar:4.1.6.RELEASE]
	at org.apache.maven.surefire.junit4.JUnit4Provider.execute(JUnit4Provider.java:264) [surefire-junit4-2.17.jar:2.17]
	at org.apache.maven.surefire.junit4.JUnit4Provider.executeTestSet(JUnit4Provider.java:153) [surefire-junit4-2.17.jar:2.17]
	at org.apache.maven.surefire.junit4.JUnit4Provider.invoke(JUnit4Provider.java:124) [surefire-junit4-2.17.jar:2.17]
	at org.apache.maven.surefire.booter.ForkedBooter.invokeProviderInSameClassLoader(ForkedBooter.java:200) [surefire-booter-2.17.jar:2.17]
	at org.apache.maven.surefire.booter.ForkedBooter.runSuitesInProcess(ForkedBooter.java:153) [surefire-booter-2.17.jar:2.17]
	at org.apache.maven.surefire.booter.ForkedBooter.main(ForkedBooter.java:103) [surefire-booter-2.17.jar:2.17]
10:18:07.048 [main] DEBUG o.s.c.t.c.AnnotationAttributesReadingVisitor - Failed to class-load type while reading annotation metadata. This is a non-fatal error, but certain annotation metadata may be unavailable.
java.lang.ClassNotFoundException: org.springframework.security.config.annotation.web.configuration.EnableWebSecurity
	at java.net.URLClassLoader$1.run(URLClassLoader.java:372) ~[na:1.8.0_05]
	at java.net.URLClassLoader$1.run(URLClassLoader.java:361) ~[na:1.8.0_05]
	at java.security.AccessController.doPrivileged(Native Method) ~[na:1.8.0_05]
	at java.net.URLClassLoader.findClass(URLClassLoader.java:360) ~[na:1.8.0_05]
	at java.lang.ClassLoader.loadClass(ClassLoader.java:424) ~[na:1.8.0_05]
	at sun.misc.Launcher$AppClassLoader.loadClass(Launcher.java:308) ~[na:1.8.0_05]
	at java.lang.ClassLoader.loadClass(ClassLoader.java:357) ~[na:1.8.0_05]
	at org.springframework.core.type.classreading.RecursiveAnnotationAttributesVisitor.visitEnd(RecursiveAnnotationAttributesVisitor.java:47) ~[spring-core-4.1.6.RELEASE.jar:4.1.6.RELEASE]
	at org.springframework.asm.ClassReader.readAnnotationValues(ClassReader.java:1802) [spring-core-4.1.6.RELEASE.jar:4.1.6.RELEASE]
	at org.springframework.asm.ClassReader.accept(ClassReader.java:642) [spring-core-4.1.6.RELEASE.jar:4.1.6.RELEASE]
	at org.springframework.asm.ClassReader.accept(ClassReader.java:508) [spring-core-4.1.6.RELEASE.jar:4.1.6.RELEASE]
	at org.springframework.core.type.classreading.SimpleMetadataReader.<init>(SimpleMetadataReader.java:64) [spring-core-4.1.6.RELEASE.jar:4.1.6.RELEASE]
	at org.springframework.core.type.classreading.SimpleMetadataReaderFactory.getMetadataReader(SimpleMetadataReaderFactory.java:98) [spring-core-4.1.6.RELEASE.jar:4.1.6.RELEASE]
	at org.springframework.core.type.classreading.CachingMetadataReaderFactory.getMetadataReader(CachingMetadataReaderFactory.java:102) [spring-core-4.1.6.RELEASE.jar:4.1.6.RELEASE]
	at org.springframework.core.type.classreading.SimpleMetadataReaderFactory.getMetadataReader(SimpleMetadataReaderFactory.java:93) [spring-core-4.1.6.RELEASE.jar:4.1.6.RELEASE]
	at org.springframework.context.annotation.ConfigurationClassParser.asSourceClass(ConfigurationClassParser.java:596) [spring-context-4.1.6.RELEASE.jar:4.1.6.RELEASE]
	at org.springframework.context.annotation.ConfigurationClassParser.asSourceClasses(ConfigurationClassParser.java:578) [spring-context-4.1.6.RELEASE.jar:4.1.6.RELEASE]
	at org.springframework.context.annotation.ConfigurationClassParser.processDeferredImportSelectors(ConfigurationClassParser.java:430) [spring-context-4.1.6.RELEASE.jar:4.1.6.RELEASE]
	at org.springframework.context.annotation.ConfigurationClassParser.parse(ConfigurationClassParser.java:183) [spring-context-4.1.6.RELEASE.jar:4.1.6.RELEASE]
	at org.springframework.context.annotation.ConfigurationClassPostProcessor.processConfigBeanDefinitions(ConfigurationClassPostProcessor.java:306) [spring-context-4.1.6.RELEASE.jar:4.1.6.RELEASE]
	at org.springframework.context.annotation.ConfigurationClassPostProcessor.postProcessBeanDefinitionRegistry(ConfigurationClassPostProcessor.java:239) [spring-context-4.1.6.RELEASE.jar:4.1.6.RELEASE]
	at org.springframework.context.support.PostProcessorRegistrationDelegate.invokeBeanDefinitionRegistryPostProcessors(PostProcessorRegistrationDelegate.java:254) [spring-context-4.1.6.RELEASE.jar:4.1.6.RELEASE]
	at org.springframework.context.support.PostProcessorRegistrationDelegate.invokeBeanFactoryPostProcessors(PostProcessorRegistrationDelegate.java:94) [spring-context-4.1.6.RELEASE.jar:4.1.6.RELEASE]
	at org.springframework.context.support.AbstractApplicationContext.invokeBeanFactoryPostProcessors(AbstractApplicationContext.java:606) [spring-context-4.1.6.RELEASE.jar:4.1.6.RELEASE]
	at org.springframework.context.support.AbstractApplicationContext.refresh(AbstractApplicationContext.java:462) [spring-context-4.1.6.RELEASE.jar:4.1.6.RELEASE]
	at org.springframework.test.context.support.AbstractGenericContextLoader.loadContext(AbstractGenericContextLoader.java:125) [spring-test-4.1.6.RELEASE.jar:4.1.6.RELEASE]
	at org.springframework.test.context.support.AbstractGenericContextLoader.loadContext(AbstractGenericContextLoader.java:60) [spring-test-4.1.6.RELEASE.jar:4.1.6.RELEASE]
	at org.springframework.test.context.support.AbstractDelegatingSmartContextLoader.delegateLoading(AbstractDelegatingSmartContextLoader.java:109) [spring-test-4.1.6.RELEASE.jar:4.1.6.RELEASE]
	at org.springframework.test.context.support.AbstractDelegatingSmartContextLoader.loadContext(AbstractDelegatingSmartContextLoader.java:261) [spring-test-4.1.6.RELEASE.jar:4.1.6.RELEASE]
	at org.springframework.test.context.DefaultCacheAwareContextLoaderDelegate.loadContextInternal(DefaultCacheAwareContextLoaderDelegate.java:68) [spring-test-4.1.6.RELEASE.jar:4.1.6.RELEASE]
	at org.springframework.test.context.DefaultCacheAwareContextLoaderDelegate.loadContext(DefaultCacheAwareContextLoaderDelegate.java:86) [spring-test-4.1.6.RELEASE.jar:4.1.6.RELEASE]
	at org.springframework.test.context.DefaultTestContext.getApplicationContext(DefaultTestContext.java:72) [spring-test-4.1.6.RELEASE.jar:4.1.6.RELEASE]
	at org.springframework.test.context.support.DependencyInjectionTestExecutionListener.injectDependencies(DependencyInjectionTestExecutionListener.java:117) [spring-test-4.1.6.RELEASE.jar:4.1.6.RELEASE]
	at org.springframework.test.context.support.DependencyInjectionTestExecutionListener.prepareTestInstance(DependencyInjectionTestExecutionListener.java:83) [spring-test-4.1.6.RELEASE.jar:4.1.6.RELEASE]
	at org.springframework.test.context.TestContextManager.prepareTestInstance(TestContextManager.java:212) [spring-test-4.1.6.RELEASE.jar:4.1.6.RELEASE]
	at org.springframework.test.context.junit4.SpringJUnit4ClassRunner.createTest(SpringJUnit4ClassRunner.java:200) [spring-test-4.1.6.RELEASE.jar:4.1.6.RELEASE]
	at org.springframework.test.context.junit4.SpringJUnit4ClassRunner$1.runReflectiveCall(SpringJUnit4ClassRunner.java:259) [spring-test-4.1.6.RELEASE.jar:4.1.6.RELEASE]
	at org.junit.internal.runners.model.ReflectiveCallable.run(ReflectiveCallable.java:12) [junit-4.12.jar:4.12]
	at org.springframework.test.context.junit4.SpringJUnit4ClassRunner.methodBlock(SpringJUnit4ClassRunner.java:261) [spring-test-4.1.6.RELEASE.jar:4.1.6.RELEASE]
	at org.springframework.test.context.junit4.SpringJUnit4ClassRunner.runChild(SpringJUnit4ClassRunner.java:219) [spring-test-4.1.6.RELEASE.jar:4.1.6.RELEASE]
	at org.springframework.test.context.junit4.SpringJUnit4ClassRunner.runChild(SpringJUnit4ClassRunner.java:83) [spring-test-4.1.6.RELEASE.jar:4.1.6.RELEASE]
	at org.junit.runners.ParentRunner$3.run(ParentRunner.java:290) [junit-4.12.jar:4.12]
	at org.junit.runners.ParentRunner$1.schedule(ParentRunner.java:71) [junit-4.12.jar:4.12]
	at org.junit.runners.ParentRunner.runChildren(ParentRunner.java:288) [junit-4.12.jar:4.12]
	at org.junit.runners.ParentRunner.access$000(ParentRunner.java:58) [junit-4.12.jar:4.12]
	at org.junit.runners.ParentRunner$2.evaluate(ParentRunner.java:268) [junit-4.12.jar:4.12]
	at org.springframework.test.context.junit4.statements.RunBeforeTestClassCallbacks.evaluate(RunBeforeTestClassCallbacks.java:61) [spring-test-4.1.6.RELEASE.jar:4.1.6.RELEASE]
	at org.springframework.test.context.junit4.statements.RunAfterTestClassCallbacks.evaluate(RunAfterTestClassCallbacks.java:68) [spring-test-4.1.6.RELEASE.jar:4.1.6.RELEASE]
	at org.junit.runners.ParentRunner.run(ParentRunner.java:363) [junit-4.12.jar:4.12]
	at org.springframework.test.context.junit4.SpringJUnit4ClassRunner.run(SpringJUnit4ClassRunner.java:163) [spring-test-4.1.6.RELEASE.jar:4.1.6.RELEASE]
	at org.apache.maven.surefire.junit4.JUnit4Provider.execute(JUnit4Provider.java:264) [surefire-junit4-2.17.jar:2.17]
	at org.apache.maven.surefire.junit4.JUnit4Provider.executeTestSet(JUnit4Provider.java:153) [surefire-junit4-2.17.jar:2.17]
	at org.apache.maven.surefire.junit4.JUnit4Provider.invoke(JUnit4Provider.java:124) [surefire-junit4-2.17.jar:2.17]
	at org.apache.maven.surefire.booter.ForkedBooter.invokeProviderInSameClassLoader(ForkedBooter.java:200) [surefire-booter-2.17.jar:2.17]
	at org.apache.maven.surefire.booter.ForkedBooter.runSuitesInProcess(ForkedBooter.java:153) [surefire-booter-2.17.jar:2.17]
	at org.apache.maven.surefire.booter.ForkedBooter.main(ForkedBooter.java:103) [surefire-booter-2.17.jar:2.17]
10:18:07.055 [main] DEBUG o.s.c.e.PropertySourcesPropertyResolver - Searching for key 'spring.messages.basename' in [Inlined Test Properties]
10:18:07.056 [main] DEBUG o.s.c.e.PropertySourcesPropertyResolver - Searching for key 'spring.messages.basename' in [systemProperties]
10:18:07.056 [main] DEBUG o.s.c.e.PropertySourcesPropertyResolver - Searching for key 'spring.messages.basename' in [systemEnvironment]
10:18:07.056 [main] DEBUG o.s.c.e.PropertySourcesPropertyResolver - Could not find key 'spring.messages.basename' in any property source. Returning [null]
10:18:07.060 [main] DEBUG o.s.c.i.s.PathMatchingResourcePatternResolver - Looking for matching resources in directory tree [/home/ifaturoti_adeyemi/STS/workspace/gs-rest-hateoas-initial/target/test-classes]
10:18:07.061 [main] DEBUG o.s.c.i.s.PathMatchingResourcePatternResolver - Searching directory [/home/ifaturoti_adeyemi/STS/workspace/gs-rest-hateoas-initial/target/test-classes] for files matching pattern [/home/ifaturoti_adeyemi/STS/workspace/gs-rest-hateoas-initial/target/test-classes/messages*.properties]
10:18:07.061 [main] DEBUG o.s.c.i.s.PathMatchingResourcePatternResolver - Looking for matching resources in directory tree [/home/ifaturoti_adeyemi/STS/workspace/gs-rest-hateoas-initial/target/classes]
10:18:07.062 [main] DEBUG o.s.c.i.s.PathMatchingResourcePatternResolver - Searching directory [/home/ifaturoti_adeyemi/STS/workspace/gs-rest-hateoas-initial/target/classes] for files matching pattern [/home/ifaturoti_adeyemi/STS/workspace/gs-rest-hateoas-initial/target/classes/messages*.properties]
10:18:07.063 [main] DEBUG o.s.c.i.s.PathMatchingResourcePatternResolver - Looking for matching resources in jar file [file:/home/ifaturoti_adeyemi/STS/workspace/gs-rest-hateoas-initial/target/surefire/surefirebooter4254604607887652483.jar]
10:18:07.063 [main] DEBUG o.s.c.i.s.PathMatchingResourcePatternResolver - Resolved location pattern [classpath*:messages*.properties] to resources []
10:18:07.071 [main] DEBUG o.s.b.f.s.DefaultListableBeanFactory - Returning cached instance of singleton bean 'autoConfigurationReport'
10:18:07.072 [main] DEBUG o.s.b.f.s.DefaultListableBeanFactory - Returning cached instance of singleton bean 'autoConfigurationReport'
10:18:07.074 [main] DEBUG o.s.b.f.s.DefaultListableBeanFactory - Returning cached instance of singleton bean 'autoConfigurationReport'
10:18:07.074 [main] DEBUG o.s.b.f.s.DefaultListableBeanFactory - Returning cached instance of singleton bean 'autoConfigurationReport'
10:18:07.076 [main] DEBUG o.s.b.f.s.DefaultListableBeanFactory - Returning cached instance of singleton bean 'autoConfigurationReport'
10:18:07.080 [main] DEBUG o.s.b.f.s.DefaultListableBeanFactory - Returning cached instance of singleton bean 'autoConfigurationReport'
10:18:07.082 [main] DEBUG o.s.b.f.s.DefaultListableBeanFactory - Returning cached instance of singleton bean 'autoConfigurationReport'
10:18:07.083 [main] DEBUG o.s.b.f.s.DefaultListableBeanFactory - Returning cached instance of singleton bean 'autoConfigurationReport'
10:18:07.084 [main] DEBUG o.s.b.f.s.DefaultListableBeanFactory - Returning cached instance of singleton bean 'autoConfigurationReport'
10:18:07.084 [main] DEBUG o.s.b.f.s.DefaultListableBeanFactory - Returning cached instance of singleton bean 'autoConfigurationReport'
10:18:07.084 [main] DEBUG o.s.b.f.s.DefaultListableBeanFactory - Returning cached instance of singleton bean 'autoConfigurationReport'
10:18:07.085 [main] DEBUG o.s.b.f.s.DefaultListableBeanFactory - Returning cached instance of singleton bean 'autoConfigurationReport'
10:18:07.085 [main] DEBUG o.s.b.f.s.DefaultListableBeanFactory - Returning cached instance of singleton bean 'autoConfigurationReport'
10:18:07.086 [main] DEBUG o.s.b.f.s.DefaultListableBeanFactory - Returning cached instance of singleton bean 'autoConfigurationReport'
10:18:07.087 [main] DEBUG o.s.b.f.s.DefaultListableBeanFactory - Returning cached instance of singleton bean 'autoConfigurationReport'
10:18:07.092 [main] DEBUG o.s.b.f.s.DefaultListableBeanFactory - Returning cached instance of singleton bean 'autoConfigurationReport'
10:18:07.096 [main] DEBUG o.s.b.f.s.DefaultListableBeanFactory - Returning cached instance of singleton bean 'autoConfigurationReport'
10:18:07.097 [main] DEBUG o.s.b.f.s.DefaultListableBeanFactory - Returning cached instance of singleton bean 'autoConfigurationReport'
10:18:07.101 [main] DEBUG o.s.b.f.s.DefaultListableBeanFactory - Returning cached instance of singleton bean 'autoConfigurationReport'
10:18:07.103 [main] DEBUG o.s.b.f.s.DefaultListableBeanFactory - Returning cached instance of singleton bean 'autoConfigurationReport'
10:18:07.107 [main] DEBUG o.s.b.f.s.DefaultListableBeanFactory - Returning cached instance of singleton bean 'autoConfigurationReport'
10:18:07.108 [main] DEBUG o.s.b.f.s.DefaultListableBeanFactory - Returning cached instance of singleton bean 'autoConfigurationReport'
10:18:07.117 [main] DEBUG o.s.b.f.s.DefaultListableBeanFactory - Returning cached instance of singleton bean 'autoConfigurationReport'
10:18:07.120 [main] DEBUG o.s.b.f.s.DefaultListableBeanFactory - Returning cached instance of singleton bean 'autoConfigurationReport'
10:18:07.121 [main] DEBUG o.s.b.f.s.DefaultListableBeanFactory - Returning cached instance of singleton bean 'autoConfigurationReport'
10:18:07.121 [main] DEBUG o.s.b.f.s.DefaultListableBeanFactory - Returning cached instance of singleton bean 'autoConfigurationReport'
10:18:07.126 [main] DEBUG o.s.b.f.s.DefaultListableBeanFactory - Returning cached instance of singleton bean 'autoConfigurationReport'
10:18:07.128 [main] DEBUG o.s.b.f.s.DefaultListableBeanFactory - Returning cached instance of singleton bean 'autoConfigurationReport'
10:18:07.134 [main] DEBUG o.s.b.f.s.DefaultListableBeanFactory - Returning cached instance of singleton bean 'autoConfigurationReport'
10:18:07.136 [main] DEBUG o.s.b.f.s.DefaultListableBeanFactory - Returning cached instance of singleton bean 'autoConfigurationReport'
10:18:07.137 [main] DEBUG o.s.b.f.s.DefaultListableBeanFactory - Returning cached instance of singleton bean 'autoConfigurationReport'
10:18:07.138 [main] DEBUG o.s.b.f.s.DefaultListableBeanFactory - Returning cached instance of singleton bean 'autoConfigurationReport'
10:18:07.139 [main] DEBUG o.s.b.f.s.DefaultListableBeanFactory - Returning cached instance of singleton bean 'autoConfigurationReport'
10:18:07.140 [main] DEBUG o.s.b.f.s.DefaultListableBeanFactory - Returning cached instance of singleton bean 'autoConfigurationReport'
10:18:07.144 [main] DEBUG o.s.b.f.s.DefaultListableBeanFactory - Returning cached instance of singleton bean 'autoConfigurationReport'
10:18:07.144 [main] DEBUG o.s.b.f.s.DefaultListableBeanFactory - Returning cached instance of singleton bean 'autoConfigurationReport'
10:18:07.144 [main] DEBUG o.s.b.f.s.DefaultListableBeanFactory - Returning cached instance of singleton bean 'autoConfigurationReport'
10:18:07.149 [main] DEBUG o.s.b.f.s.DefaultListableBeanFactory - Returning cached instance of singleton bean 'autoConfigurationReport'
10:18:07.150 [main] DEBUG o.s.b.f.s.DefaultListableBeanFactory - Returning cached instance of singleton bean 'autoConfigurationReport'
10:18:07.152 [main] DEBUG o.s.b.f.s.DefaultListableBeanFactory - Returning cached instance of singleton bean 'autoConfigurationReport'
10:18:07.153 [main] DEBUG o.s.b.f.s.DefaultListableBeanFactory - Returning cached instance of singleton bean 'autoConfigurationReport'
10:18:07.156 [main] DEBUG o.s.b.f.s.DefaultListableBeanFactory - Returning cached instance of singleton bean 'autoConfigurationReport'
10:18:07.157 [main] DEBUG o.s.b.f.s.DefaultListableBeanFactory - Returning cached instance of singleton bean 'autoConfigurationReport'
10:18:07.159 [main] DEBUG o.s.b.f.s.DefaultListableBeanFactory - Returning cached instance of singleton bean 'autoConfigurationReport'
10:18:07.160 [main] DEBUG o.s.b.f.s.DefaultListableBeanFactory - Returning cached instance of singleton bean 'autoConfigurationReport'
10:18:07.161 [main] DEBUG o.s.b.f.s.DefaultListableBeanFactory - Returning cached instance of singleton bean 'autoConfigurationReport'
10:18:07.166 [main] DEBUG o.s.b.f.s.DefaultListableBeanFactory - Returning cached instance of singleton bean 'autoConfigurationReport'
10:18:07.167 [main] DEBUG o.s.b.f.s.DefaultListableBeanFactory - Returning cached instance of singleton bean 'autoConfigurationReport'
10:18:07.167 [main] DEBUG o.s.b.f.s.DefaultListableBeanFactory - Returning cached instance of singleton bean 'autoConfigurationReport'
10:18:07.168 [main] DEBUG o.s.b.f.s.DefaultListableBeanFactory - Returning cached instance of singleton bean 'autoConfigurationReport'
10:18:07.170 [main] DEBUG o.s.b.f.s.DefaultListableBeanFactory - Returning cached instance of singleton bean 'autoConfigurationReport'
10:18:07.173 [main] DEBUG o.s.b.f.s.DefaultListableBeanFactory - Returning cached instance of singleton bean 'autoConfigurationReport'
10:18:07.173 [main] DEBUG o.s.b.f.s.DefaultListableBeanFactory - Returning cached instance of singleton bean 'autoConfigurationReport'
10:18:07.175 [main] DEBUG o.s.b.f.s.DefaultListableBeanFactory - Returning cached instance of singleton bean 'autoConfigurationReport'
10:18:07.176 [main] DEBUG o.s.b.f.s.DefaultListableBeanFactory - Returning cached instance of singleton bean 'autoConfigurationReport'
10:18:07.180 [main] DEBUG o.s.b.f.s.DefaultListableBeanFactory - Returning cached instance of singleton bean 'autoConfigurationReport'
10:18:07.181 [main] DEBUG o.s.b.f.s.DefaultListableBeanFactory - Returning cached instance of singleton bean 'autoConfigurationReport'
10:18:07.182 [main] DEBUG o.s.b.f.s.DefaultListableBeanFactory - Returning cached instance of singleton bean 'autoConfigurationReport'
10:18:07.186 [main] DEBUG o.s.b.f.s.DefaultListableBeanFactory - Returning cached instance of singleton bean 'autoConfigurationReport'
10:18:07.188 [main] DEBUG o.s.b.f.s.DefaultListableBeanFactory - Returning cached instance of singleton bean 'autoConfigurationReport'
10:18:07.188 [main] DEBUG o.s.b.f.s.DefaultListableBeanFactory - Returning cached instance of singleton bean 'autoConfigurationReport'
10:18:07.190 [main] DEBUG o.s.b.f.s.DefaultListableBeanFactory - Returning cached instance of singleton bean 'autoConfigurationReport'
10:18:07.191 [main] DEBUG o.s.b.f.s.DefaultListableBeanFactory - Returning cached instance of singleton bean 'autoConfigurationReport'
10:18:07.195 [main] DEBUG o.s.b.f.s.DefaultListableBeanFactory - Returning cached instance of singleton bean 'autoConfigurationReport'
10:18:07.195 [main] DEBUG o.s.b.f.s.DefaultListableBeanFactory - Returning cached instance of singleton bean 'autoConfigurationReport'
10:18:07.197 [main] DEBUG o.s.b.f.s.DefaultListableBeanFactory - Returning cached instance of singleton bean 'autoConfigurationReport'
10:18:07.197 [main] DEBUG o.s.b.f.s.DefaultListableBeanFactory - Returning cached instance of singleton bean 'autoConfigurationReport'
10:18:07.198 [main] DEBUG o.s.b.f.s.DefaultListableBeanFactory - Returning cached instance of singleton bean 'autoConfigurationReport'
10:18:07.199 [main] DEBUG o.s.b.f.s.DefaultListableBeanFactory - Returning cached instance of singleton bean 'autoConfigurationReport'
10:18:07.199 [main] DEBUG o.s.b.f.s.DefaultListableBeanFactory - Returning cached instance of singleton bean 'autoConfigurationReport'
10:18:07.202 [main] DEBUG o.s.b.f.s.DefaultListableBeanFactory - Returning cached instance of singleton bean 'autoConfigurationReport'
10:18:07.202 [main] DEBUG o.s.b.f.s.DefaultListableBeanFactory - Returning cached instance of singleton bean 'autoConfigurationReport'
10:18:07.205 [main] DEBUG o.s.b.f.s.DefaultListableBeanFactory - Returning cached instance of singleton bean 'autoConfigurationReport'
10:18:07.206 [main] DEBUG o.s.b.f.s.DefaultListableBeanFactory - Returning cached instance of singleton bean 'autoConfigurationReport'
10:18:07.207 [main] DEBUG o.s.b.f.s.DefaultListableBeanFactory - Returning cached instance of singleton bean 'autoConfigurationReport'
10:18:07.213 [main] DEBUG o.s.b.f.s.DefaultListableBeanFactory - Returning cached instance of singleton bean 'autoConfigurationReport'
10:18:07.245 [main] DEBUG o.s.b.f.s.DefaultListableBeanFactory - Returning cached instance of singleton bean 'autoConfigurationReport'
10:18:07.246 [main] DEBUG o.s.b.f.s.DefaultListableBeanFactory - Returning cached instance of singleton bean 'autoConfigurationReport'
10:18:07.247 [main] DEBUG o.s.b.f.s.DefaultListableBeanFactory - Returning cached instance of singleton bean 'autoConfigurationReport'
10:18:07.248 [main] DEBUG o.s.b.f.s.DefaultListableBeanFactory - Returning cached instance of singleton bean 'autoConfigurationReport'
10:18:07.248 [main] DEBUG o.s.b.f.s.DefaultListableBeanFactory - Returning cached instance of singleton bean 'autoConfigurationReport'
10:18:07.249 [main] DEBUG o.s.b.f.s.DefaultListableBeanFactory - Returning cached instance of singleton bean 'autoConfigurationReport'
10:18:07.250 [main] DEBUG o.s.b.f.s.DefaultListableBeanFactory - Returning cached instance of singleton bean 'autoConfigurationReport'
10:18:07.251 [main] DEBUG o.s.b.f.s.DefaultListableBeanFactory - Returning cached instance of singleton bean 'autoConfigurationReport'
10:18:07.252 [main] DEBUG o.s.b.f.s.DefaultListableBeanFactory - Returning cached instance of singleton bean 'autoConfigurationReport'
10:18:07.252 [main] DEBUG o.s.b.f.s.DefaultListableBeanFactory - Returning cached instance of singleton bean 'autoConfigurationReport'
10:18:07.253 [main] DEBUG o.s.b.f.s.DefaultListableBeanFactory - Returning cached instance of singleton bean 'autoConfigurationReport'
10:18:07.253 [main] DEBUG o.s.b.f.s.DefaultListableBeanFactory - Returning cached instance of singleton bean 'autoConfigurationReport'
10:18:07.254 [main] DEBUG o.s.b.f.s.DefaultListableBeanFactory - Returning cached instance of singleton bean 'autoConfigurationReport'
10:18:07.254 [main] DEBUG o.s.b.f.s.DefaultListableBeanFactory - Returning cached instance of singleton bean 'autoConfigurationReport'
10:18:07.255 [main] DEBUG o.s.b.f.s.DefaultListableBeanFactory - Returning cached instance of singleton bean 'autoConfigurationReport'
10:18:07.256 [main] DEBUG o.s.b.f.s.DefaultListableBeanFactory - Returning cached instance of singleton bean 'autoConfigurationReport'
10:18:07.256 [main] DEBUG o.s.b.f.s.DefaultListableBeanFactory - Returning cached instance of singleton bean 'autoConfigurationReport'
10:18:07.257 [main] DEBUG o.s.b.f.s.DefaultListableBeanFactory - Returning cached instance of singleton bean 'autoConfigurationReport'
10:18:07.258 [main] DEBUG o.s.b.f.s.DefaultListableBeanFactory - Returning cached instance of singleton bean 'autoConfigurationReport'
10:18:07.259 [main] DEBUG o.s.b.f.s.DefaultListableBeanFactory - Returning cached instance of singleton bean 'autoConfigurationReport'
10:18:07.260 [main] DEBUG o.s.b.f.s.DefaultListableBeanFactory - Returning cached instance of singleton bean 'autoConfigurationReport'
10:18:07.262 [main] DEBUG o.s.b.f.s.DefaultListableBeanFactory - Returning cached instance of singleton bean 'autoConfigurationReport'
10:18:07.263 [main] DEBUG o.s.b.f.s.DefaultListableBeanFactory - Returning cached instance of singleton bean 'autoConfigurationReport'
10:18:07.264 [main] DEBUG o.s.b.f.s.DefaultListableBeanFactory - Returning cached instance of singleton bean 'autoConfigurationReport'
10:18:07.265 [main] DEBUG o.s.b.f.s.DefaultListableBeanFactory - Returning cached instance of singleton bean 'autoConfigurationReport'
10:18:07.267 [main] DEBUG o.s.b.f.s.DefaultListableBeanFactory - Returning cached instance of singleton bean 'autoConfigurationReport'
10:18:07.268 [main] DEBUG o.s.b.f.s.DefaultListableBeanFactory - Returning cached instance of singleton bean 'autoConfigurationReport'
10:18:07.270 [main] DEBUG o.s.b.f.s.DefaultListableBeanFactory - Returning cached instance of singleton bean 'autoConfigurationReport'
10:18:07.277 [main] DEBUG o.s.core.env.StandardEnvironment - Adding [systemProperties] PropertySource with lowest search precedence
10:18:07.277 [main] DEBUG o.s.core.env.StandardEnvironment - Adding [systemEnvironment] PropertySource with lowest search precedence
10:18:07.278 [main] DEBUG o.s.core.env.StandardEnvironment - Initialized StandardEnvironment with PropertySources [systemProperties,systemEnvironment]
10:18:07.279 [main] DEBUG o.s.c.i.s.PathMatchingResourcePatternResolver - Looking for matching resources in jar file [file:/home/ifaturoti_adeyemi/.m2/repository/org/springframework/data/spring-data-rest-webmvc/2.2.2.RELEASE/spring-data-rest-webmvc-2.2.2.RELEASE.jar]
10:18:07.282 [main] DEBUG o.s.c.i.s.PathMatchingResourcePatternResolver - Looking for matching resources in jar file [file:/home/ifaturoti_adeyemi/.m2/repository/org/springframework/data/spring-data-rest-core/2.2.2.RELEASE/spring-data-rest-core-2.2.2.RELEASE.jar]
10:18:07.284 [main] DEBUG o.s.c.i.s.PathMatchingResourcePatternResolver - Looking for matching resources in jar file [file:/home/ifaturoti_adeyemi/.m2/repository/org/springframework/data/spring-data-jpa/1.7.2.RELEASE/spring-data-jpa-1.7.2.RELEASE.jar]
10:18:07.288 [main] DEBUG o.s.c.i.s.PathMatchingResourcePatternResolver - Looking for matching resources in jar file [file:/home/ifaturoti_adeyemi/.m2/repository/org/springframework/data/spring-data-commons/1.9.2.RELEASE/spring-data-commons-1.9.2.RELEASE.jar]
10:18:07.294 [main] DEBUG o.s.c.i.s.PathMatchingResourcePatternResolver - Looking for matching resources in jar file [file:/home/ifaturoti_adeyemi/.m2/repository/org/springframework/data/spring-data-solr/1.3.2.RELEASE/spring-data-solr-1.3.2.RELEASE.jar]
10:18:07.297 [main] DEBUG o.s.c.i.s.PathMatchingResourcePatternResolver - Resolved location pattern [classpath*:org/springframework/data/**/repository/support/**/*.class] to resources [URL [jar:file:/home/ifaturoti_adeyemi/.m2/repository/org/springframework/data/spring-data-jpa/1.7.2.RELEASE/spring-data-jpa-1.7.2.RELEASE.jar!/org/springframework/data/jpa/repository/support/EntityManagerBeanDefinitionRegistrarPostProcessor.class], URL [jar:file:/home/ifaturoti_adeyemi/.m2/repository/org/springframework/data/spring-data-jpa/1.7.2.RELEASE/spring-data-jpa-1.7.2.RELEASE.jar!/org/springframework/data/jpa/repository/support/QueryDslJpaRepository.class], URL [jar:file:/home/ifaturoti_adeyemi/.m2/repository/org/springframework/data/spring-data-jpa/1.7.2.RELEASE/spring-data-jpa-1.7.2.RELEASE.jar!/org/springframework/data/jpa/repository/support/JpaMetamodelEntityInformation$IdMetadata.class], URL [jar:file:/home/ifaturoti_adeyemi/.m2/repository/org/springframework/data/spring-data-jpa/1.7.2.RELEASE/spring-data-jpa-1.7.2.RELEASE.jar!/org/springframework/data/jpa/repository/support/JpaRepositoryFactoryBean.class], URL [jar:file:/home/ifaturoti_adeyemi/.m2/repository/org/springframework/data/spring-data-jpa/1.7.2.RELEASE/spring-data-jpa-1.7.2.RELEASE.jar!/org/springframework/data/jpa/repository/support/JpaPersistableEntityInformation.class], URL [jar:file:/home/ifaturoti_adeyemi/.m2/repository/org/springframework/data/spring-data-jpa/1.7.2.RELEASE/spring-data-jpa-1.7.2.RELEASE.jar!/org/springframework/data/jpa/repository/support/CrudMethodMetadataPostProcessor$CrudMethodMetadataPopulatingMethodIntercceptor.class], URL [jar:file:/home/ifaturoti_adeyemi/.m2/repository/org/springframework/data/spring-data-jpa/1.7.2.RELEASE/spring-data-jpa-1.7.2.RELEASE.jar!/org/springframework/data/jpa/repository/support/CrudMethodMetadataPostProcessor.class], URL [jar:file:/home/ifaturoti_adeyemi/.m2/repository/org/springframework/data/spring-data-jpa/1.7.2.RELEASE/spring-data-jpa-1.7.2.RELEASE.jar!/org/springframework/data/jpa/repository/support/Querydsl.class], URL [jar:file:/home/ifaturoti_adeyemi/.m2/repository/org/springframework/data/spring-data-jpa/1.7.2.RELEASE/spring-data-jpa-1.7.2.RELEASE.jar!/org/springframework/data/jpa/repository/support/CrudMethodMetadataPostProcessor$1.class], URL [jar:file:/home/ifaturoti_adeyemi/.m2/repository/org/springframework/data/spring-data-jpa/1.7.2.RELEASE/spring-data-jpa-1.7.2.RELEASE.jar!/org/springframework/data/jpa/repository/support/PersistenceProvider$4.class], URL [jar:file:/home/ifaturoti_adeyemi/.m2/repository/org/springframework/data/spring-data-jpa/1.7.2.RELEASE/spring-data-jpa-1.7.2.RELEASE.jar!/org/springframework/data/jpa/repository/support/CrudMethodMetadataPostProcessor$DefaultCrudMethodMetadata.class], URL [jar:file:/home/ifaturoti_adeyemi/.m2/repository/org/springframework/data/spring-data-jpa/1.7.2.RELEASE/spring-data-jpa-1.7.2.RELEASE.jar!/org/springframework/data/jpa/repository/support/PersistenceProvider$3.class], URL [jar:file:/home/ifaturoti_adeyemi/.m2/repository/org/springframework/data/spring-data-jpa/1.7.2.RELEASE/spring-data-jpa-1.7.2.RELEASE.jar!/org/springframework/data/jpa/repository/support/PersistenceProvider$2.class], URL [jar:file:/home/ifaturoti_adeyemi/.m2/repository/org/springframework/data/spring-data-jpa/1.7.2.RELEASE/spring-data-jpa-1.7.2.RELEASE.jar!/org/springframework/data/jpa/repository/support/QueryDslRepositorySupport.class], URL [jar:file:/home/ifaturoti_adeyemi/.m2/repository/org/springframework/data/spring-data-jpa/1.7.2.RELEASE/spring-data-jpa-1.7.2.RELEASE.jar!/org/springframework/data/jpa/repository/support/PersistenceProvider.class], URL [jar:file:/home/ifaturoti_adeyemi/.m2/repository/org/springframework/data/spring-data-jpa/1.7.2.RELEASE/spring-data-jpa-1.7.2.RELEASE.jar!/org/springframework/data/jpa/repository/support/CrudMethodMetadata.class], URL [jar:file:/home/ifaturoti_adeyemi/.m2/repository/org/springframework/data/spring-data-jpa/1.7.2.RELEASE/spring-data-jpa-1.7.2.RELEASE.jar!/org/springframework/data/jpa/repository/support/CrudMethodMetadataPostProcessor$ThreadBoundTargetSource.class], URL [jar:file:/home/ifaturoti_adeyemi/.m2/repository/org/springframework/data/spring-data-jpa/1.7.2.RELEASE/spring-data-jpa-1.7.2.RELEASE.jar!/org/springframework/data/jpa/repository/support/JpaEntityInformationSupport.class], URL [jar:file:/home/ifaturoti_adeyemi/.m2/repository/org/springframework/data/spring-data-jpa/1.7.2.RELEASE/spring-data-jpa-1.7.2.RELEASE.jar!/org/springframework/data/jpa/repository/support/JpaEntityInformation.class], URL [jar:file:/home/ifaturoti_adeyemi/.m2/repository/org/springframework/data/spring-data-jpa/1.7.2.RELEASE/spring-data-jpa-1.7.2.RELEASE.jar!/org/springframework/data/jpa/repository/support/SimpleJpaRepository$ByIdsSpecification.class], URL [jar:file:/home/ifaturoti_adeyemi/.m2/repository/org/springframework/data/spring-data-jpa/1.7.2.RELEASE/spring-data-jpa-1.7.2.RELEASE.jar!/org/springframework/data/jpa/repository/support/JpaRepositoryFactory.class], URL [jar:file:/home/ifaturoti_adeyemi/.m2/repository/org/springframework/data/spring-data-jpa/1.7.2.RELEASE/spring-data-jpa-1.7.2.RELEASE.jar!/org/springframework/data/jpa/repository/support/JpaMetamodelEntityInformation$IdentifierDerivingDirectFieldAccessFallbackBeanWrapper.class], URL [jar:file:/home/ifaturoti_adeyemi/.m2/repository/org/springframework/data/spring-data-jpa/1.7.2.RELEASE/spring-data-jpa-1.7.2.RELEASE.jar!/org/springframework/data/jpa/repository/support/Querydsl$1.class], URL [jar:file:/home/ifaturoti_adeyemi/.m2/repository/org/springframework/data/spring-data-jpa/1.7.2.RELEASE/spring-data-jpa-1.7.2.RELEASE.jar!/org/springframework/data/jpa/repository/support/PersistenceProvider$1.class], URL [jar:file:/home/ifaturoti_adeyemi/.m2/repository/org/springframework/data/spring-data-jpa/1.7.2.RELEASE/spring-data-jpa-1.7.2.RELEASE.jar!/org/springframework/data/jpa/repository/support/PersistenceProvider$Constants.class], URL [jar:file:/home/ifaturoti_adeyemi/.m2/repository/org/springframework/data/spring-data-jpa/1.7.2.RELEASE/spring-data-jpa-1.7.2.RELEASE.jar!/org/springframework/data/jpa/repository/support/JpaMetamodelEntityInformation.class], URL [jar:file:/home/ifaturoti_adeyemi/.m2/repository/org/springframework/data/spring-data-jpa/1.7.2.RELEASE/spring-data-jpa-1.7.2.RELEASE.jar!/org/springframework/data/jpa/repository/support/SimpleJpaRepository.class], URL [jar:file:/home/ifaturoti_adeyemi/.m2/repository/org/springframework/data/spring-data-commons/1.9.2.RELEASE/spring-data-commons-1.9.2.RELEASE.jar!/org/springframework/data/repository/support/Repositories$EmptyRepositoryFactoryInformation.class], URL [jar:file:/home/ifaturoti_adeyemi/.m2/repository/org/springframework/data/spring-data-commons/1.9.2.RELEASE/spring-data-commons-1.9.2.RELEASE.jar!/org/springframework/data/repository/support/DomainClassPropertyEditorRegistrar.class], URL [jar:file:/home/ifaturoti_adeyemi/.m2/repository/org/springframework/data/spring-data-commons/1.9.2.RELEASE/spring-data-commons-1.9.2.RELEASE.jar!/org/springframework/data/repository/support/CrudRepositoryInvoker.class], URL [jar:file:/home/ifaturoti_adeyemi/.m2/repository/org/springframework/data/spring-data-commons/1.9.2.RELEASE/spring-data-commons-1.9.2.RELEASE.jar!/org/springframework/data/repository/support/Repositories.class], URL [jar:file:/home/ifaturoti_adeyemi/.m2/repository/org/springframework/data/spring-data-commons/1.9.2.RELEASE/spring-data-commons-1.9.2.RELEASE.jar!/org/springframework/data/repository/support/ReflectionRepositoryInvoker.class], URL [jar:file:/home/ifaturoti_adeyemi/.m2/repository/org/springframework/data/spring-data-commons/1.9.2.RELEASE/spring-data-commons-1.9.2.RELEASE.jar!/org/springframework/data/repository/support/DomainClassPropertyEditor.class], URL [jar:file:/home/ifaturoti_adeyemi/.m2/repository/org/springframework/data/spring-data-commons/1.9.2.RELEASE/spring-data-commons-1.9.2.RELEASE.jar!/org/springframework/data/repository/support/DomainClassConverter.class], URL [jar:file:/home/ifaturoti_adeyemi/.m2/repository/org/springframework/data/spring-data-solr/1.3.2.RELEASE/spring-data-solr-1.3.2.RELEASE.jar!/org/springframework/data/solr/repository/support/SolrRepositoryFactoryBean.class], URL [jar:file:/home/ifaturoti_adeyemi/.m2/repository/org/springframework/data/spring-data-solr/1.3.2.RELEASE/spring-data-solr-1.3.2.RELEASE.jar!/org/springframework/data/solr/repository/support/SolrRepositoryFactory$SolrQueryLookupStrategy.class], URL [jar:file:/home/ifaturoti_adeyemi/.m2/repository/org/springframework/data/spring-data-solr/1.3.2.RELEASE/spring-data-solr-1.3.2.RELEASE.jar!/org/springframework/data/solr/repository/support/SimpleSolrRepository.class], URL [jar:file:/home/ifaturoti_adeyemi/.m2/repository/org/springframework/data/spring-data-solr/1.3.2.RELEASE/spring-data-solr-1.3.2.RELEASE.jar!/org/springframework/data/solr/repository/support/SolrRepositoryFactory$1.class], URL [jar:file:/home/ifaturoti_adeyemi/.m2/repository/org/springframework/data/spring-data-solr/1.3.2.RELEASE/spring-data-solr-1.3.2.RELEASE.jar!/org/springframework/data/solr/repository/support/MappingSolrEntityInformation.class], URL [jar:file:/home/ifaturoti_adeyemi/.m2/repository/org/springframework/data/spring-data-solr/1.3.2.RELEASE/spring-data-solr-1.3.2.RELEASE.jar!/org/springframework/data/solr/repository/support/SolrRepositoryFactory$SolrTemplateHolder.class], URL [jar:file:/home/ifaturoti_adeyemi/.m2/repository/org/springframework/data/spring-data-solr/1.3.2.RELEASE/spring-data-solr-1.3.2.RELEASE.jar!/org/springframework/data/solr/repository/support/SolrRepositoryFactory.class], URL [jar:file:/home/ifaturoti_adeyemi/.m2/repository/org/springframework/data/spring-data-solr/1.3.2.RELEASE/spring-data-solr-1.3.2.RELEASE.jar!/org/springframework/data/solr/repository/support/SolrEntityInformationCreatorImpl.class]]
10:18:07.326 [main] DEBUG o.s.c.a.ClassPathScanningCandidateComponentProvider - Identified candidate component class: URL [jar:file:/home/ifaturoti_adeyemi/.m2/repository/org/springframework/data/spring-data-jpa/1.7.2.RELEASE/spring-data-jpa-1.7.2.RELEASE.jar!/org/springframework/data/jpa/repository/support/JpaRepositoryFactory.class]
10:18:07.342 [main] DEBUG o.s.c.a.ClassPathScanningCandidateComponentProvider - Identified candidate component class: URL [jar:file:/home/ifaturoti_adeyemi/.m2/repository/org/springframework/data/spring-data-solr/1.3.2.RELEASE/spring-data-solr-1.3.2.RELEASE.jar!/org/springframework/data/solr/repository/support/SolrRepositoryFactory.class]
10:18:07.344 [main] DEBUG o.s.d.r.c.RepositoryConfigurationDelegate - Multiple Spring Data modules found, entering strict repository configuration mode!
10:18:07.348 [main] DEBUG o.s.core.env.StandardEnvironment - Adding [systemProperties] PropertySource with lowest search precedence
10:18:07.348 [main] DEBUG o.s.core.env.StandardEnvironment - Adding [systemEnvironment] PropertySource with lowest search precedence
10:18:07.349 [main] DEBUG o.s.core.env.StandardEnvironment - Initialized StandardEnvironment with PropertySources [systemProperties,systemEnvironment]
10:18:07.351 [main] DEBUG o.s.c.i.s.PathMatchingResourcePatternResolver - Looking for matching resources in directory tree [/home/ifaturoti_adeyemi/STS/workspace/gs-rest-hateoas-initial/target/classes/hello]
10:18:07.351 [main] DEBUG o.s.c.i.s.PathMatchingResourcePatternResolver - Searching directory [/home/ifaturoti_adeyemi/STS/workspace/gs-rest-hateoas-initial/target/classes/hello] for files matching pattern [/home/ifaturoti_adeyemi/STS/workspace/gs-rest-hateoas-initial/target/classes/hello/**/*.class]
10:18:07.352 [main] DEBUG o.s.c.i.s.PathMatchingResourcePatternResolver - Searching directory [/home/ifaturoti_adeyemi/STS/workspace/gs-rest-hateoas-initial/target/classes/hello/pojo] for files matching pattern [/home/ifaturoti_adeyemi/STS/workspace/gs-rest-hateoas-initial/target/classes/hello/**/*.class]
10:18:07.352 [main] DEBUG o.s.c.i.s.PathMatchingResourcePatternResolver - Searching directory [/home/ifaturoti_adeyemi/STS/workspace/gs-rest-hateoas-initial/target/classes/hello/pojo/repo] for files matching pattern [/home/ifaturoti_adeyemi/STS/workspace/gs-rest-hateoas-initial/target/classes/hello/**/*.class]
10:18:07.352 [main] DEBUG o.s.c.i.s.PathMatchingResourcePatternResolver - Resolved location pattern [classpath*:hello/**/*.class] to resources [file [/home/ifaturoti_adeyemi/STS/workspace/gs-rest-hateoas-initial/target/classes/hello/pojo/OrderProduct.class], file [/home/ifaturoti_adeyemi/STS/workspace/gs-rest-hateoas-initial/target/classes/hello/pojo/Product.class], file [/home/ifaturoti_adeyemi/STS/workspace/gs-rest-hateoas-initial/target/classes/hello/pojo/Customer.class], file [/home/ifaturoti_adeyemi/STS/workspace/gs-rest-hateoas-initial/target/classes/hello/pojo/Comment.class], file [/home/ifaturoti_adeyemi/STS/workspace/gs-rest-hateoas-initial/target/classes/hello/pojo/PaymentType.class], file [/home/ifaturoti_adeyemi/STS/workspace/gs-rest-hateoas-initial/target/classes/hello/pojo/repo/ProductRepo.class], file [/home/ifaturoti_adeyemi/STS/workspace/gs-rest-hateoas-initial/target/classes/hello/pojo/repo/AddressRepo.class], file [/home/ifaturoti_adeyemi/STS/workspace/gs-rest-hateoas-initial/target/classes/hello/pojo/repo/CommentRepo.class], file [/home/ifaturoti_adeyemi/STS/workspace/gs-rest-hateoas-initial/target/classes/hello/pojo/repo/CustomerRepo.class], file [/home/ifaturoti_adeyemi/STS/workspace/gs-rest-hateoas-initial/target/classes/hello/pojo/repo/OrderRepo.class], file [/home/ifaturoti_adeyemi/STS/workspace/gs-rest-hateoas-initial/target/classes/hello/pojo/repo/BillingRepo.class], file [/home/ifaturoti_adeyemi/STS/workspace/gs-rest-hateoas-initial/target/classes/hello/pojo/repo/PaymentRepo.class], file [/home/ifaturoti_adeyemi/STS/workspace/gs-rest-hateoas-initial/target/classes/hello/pojo/repo/OrderProductRepo.class], file [/home/ifaturoti_adeyemi/STS/workspace/gs-rest-hateoas-initial/target/classes/hello/pojo/Address.class], file [/home/ifaturoti_adeyemi/STS/workspace/gs-rest-hateoas-initial/target/classes/hello/pojo/Billing.class], file [/home/ifaturoti_adeyemi/STS/workspace/gs-rest-hateoas-initial/target/classes/hello/pojo/Payment.class], file [/home/ifaturoti_adeyemi/STS/workspace/gs-rest-hateoas-initial/target/classes/hello/pojo/Order.class], file [/home/ifaturoti_adeyemi/STS/workspace/gs-rest-hateoas-initial/target/classes/hello/Application.class]]
10:18:07.354 [main] DEBUG o.s.d.r.c.RepositoryComponentProvider - Identified candidate component class: file [/home/ifaturoti_adeyemi/STS/workspace/gs-rest-hateoas-initial/target/classes/hello/pojo/repo/ProductRepo.class]
10:18:07.355 [main] DEBUG o.s.d.r.c.RepositoryComponentProvider - Identified candidate component class: file [/home/ifaturoti_adeyemi/STS/workspace/gs-rest-hateoas-initial/target/classes/hello/pojo/repo/AddressRepo.class]
10:18:07.355 [main] DEBUG o.s.d.r.c.RepositoryComponentProvider - Identified candidate component class: file [/home/ifaturoti_adeyemi/STS/workspace/gs-rest-hateoas-initial/target/classes/hello/pojo/repo/CommentRepo.class]
10:18:07.356 [main] DEBUG o.s.d.r.c.RepositoryComponentProvider - Identified candidate component class: file [/home/ifaturoti_adeyemi/STS/workspace/gs-rest-hateoas-initial/target/classes/hello/pojo/repo/CustomerRepo.class]
10:18:07.356 [main] DEBUG o.s.d.r.c.RepositoryComponentProvider - Identified candidate component class: file [/home/ifaturoti_adeyemi/STS/workspace/gs-rest-hateoas-initial/target/classes/hello/pojo/repo/OrderRepo.class]
10:18:07.356 [main] DEBUG o.s.d.r.c.RepositoryComponentProvider - Identified candidate component class: file [/home/ifaturoti_adeyemi/STS/workspace/gs-rest-hateoas-initial/target/classes/hello/pojo/repo/BillingRepo.class]
10:18:07.357 [main] DEBUG o.s.d.r.c.RepositoryComponentProvider - Identified candidate component class: file [/home/ifaturoti_adeyemi/STS/workspace/gs-rest-hateoas-initial/target/classes/hello/pojo/repo/PaymentRepo.class]
10:18:07.357 [main] DEBUG o.s.d.r.c.RepositoryComponentProvider - Identified candidate component class: file [/home/ifaturoti_adeyemi/STS/workspace/gs-rest-hateoas-initial/target/classes/hello/pojo/repo/OrderProductRepo.class]
10:18:07.388 [main] DEBUG o.s.core.env.StandardEnvironment - Adding [systemProperties] PropertySource with lowest search precedence
10:18:07.389 [main] DEBUG o.s.core.env.StandardEnvironment - Adding [systemEnvironment] PropertySource with lowest search precedence
10:18:07.389 [main] DEBUG o.s.core.env.StandardEnvironment - Initialized StandardEnvironment with PropertySources [systemProperties,systemEnvironment]
10:18:07.390 [main] DEBUG o.s.c.i.s.PathMatchingResourcePatternResolver - Looking for matching resources in directory tree [/home/ifaturoti_adeyemi/STS/workspace/gs-rest-hateoas-initial/target/classes/hello]
10:18:07.390 [main] DEBUG o.s.c.i.s.PathMatchingResourcePatternResolver - Searching directory [/home/ifaturoti_adeyemi/STS/workspace/gs-rest-hateoas-initial/target/classes/hello] for files matching pattern [/home/ifaturoti_adeyemi/STS/workspace/gs-rest-hateoas-initial/target/classes/hello/**/*CustomerRepoImpl.class]
10:18:07.391 [main] DEBUG o.s.c.i.s.PathMatchingResourcePatternResolver - Searching directory [/home/ifaturoti_adeyemi/STS/workspace/gs-rest-hateoas-initial/target/classes/hello/pojo] for files matching pattern [/home/ifaturoti_adeyemi/STS/workspace/gs-rest-hateoas-initial/target/classes/hello/**/*CustomerRepoImpl.class]
10:18:07.391 [main] DEBUG o.s.c.i.s.PathMatchingResourcePatternResolver - Searching directory [/home/ifaturoti_adeyemi/STS/workspace/gs-rest-hateoas-initial/target/classes/hello/pojo/repo] for files matching pattern [/home/ifaturoti_adeyemi/STS/workspace/gs-rest-hateoas-initial/target/classes/hello/**/*CustomerRepoImpl.class]
10:18:07.391 [main] DEBUG o.s.c.i.s.PathMatchingResourcePatternResolver - Resolved location pattern [classpath*:hello/**/*CustomerRepoImpl.class] to resources []
10:18:07.393 [main] DEBUG o.s.d.r.c.RepositoryConfigurationDelegate - Spring Data JPA - Registering repository: customerRepo - Interface: hello.pojo.repo.CustomerRepo - Factory: org.springframework.data.jpa.repository.support.JpaRepositoryFactoryBean
10:18:07.395 [main] DEBUG o.s.core.env.StandardEnvironment - Adding [systemProperties] PropertySource with lowest search precedence
10:18:07.396 [main] DEBUG o.s.core.env.StandardEnvironment - Adding [systemEnvironment] PropertySource with lowest search precedence
10:18:07.396 [main] DEBUG o.s.core.env.StandardEnvironment - Initialized StandardEnvironment with PropertySources [systemProperties,systemEnvironment]
10:18:07.396 [main] DEBUG o.s.c.i.s.PathMatchingResourcePatternResolver - Looking for matching resources in directory tree [/home/ifaturoti_adeyemi/STS/workspace/gs-rest-hateoas-initial/target/classes/hello]
10:18:07.396 [main] DEBUG o.s.c.i.s.PathMatchingResourcePatternResolver - Searching directory [/home/ifaturoti_adeyemi/STS/workspace/gs-rest-hateoas-initial/target/classes/hello] for files matching pattern [/home/ifaturoti_adeyemi/STS/workspace/gs-rest-hateoas-initial/target/classes/hello/**/*OrderProductRepoImpl.class]
10:18:07.397 [main] DEBUG o.s.c.i.s.PathMatchingResourcePatternResolver - Searching directory [/home/ifaturoti_adeyemi/STS/workspace/gs-rest-hateoas-initial/target/classes/hello/pojo] for files matching pattern [/home/ifaturoti_adeyemi/STS/workspace/gs-rest-hateoas-initial/target/classes/hello/**/*OrderProductRepoImpl.class]
10:18:07.397 [main] DEBUG o.s.c.i.s.PathMatchingResourcePatternResolver - Searching directory [/home/ifaturoti_adeyemi/STS/workspace/gs-rest-hateoas-initial/target/classes/hello/pojo/repo] for files matching pattern [/home/ifaturoti_adeyemi/STS/workspace/gs-rest-hateoas-initial/target/classes/hello/**/*OrderProductRepoImpl.class]
10:18:07.397 [main] DEBUG o.s.c.i.s.PathMatchingResourcePatternResolver - Resolved location pattern [classpath*:hello/**/*OrderProductRepoImpl.class] to resources []
10:18:07.398 [main] DEBUG o.s.d.r.c.RepositoryConfigurationDelegate - Spring Data JPA - Registering repository: orderProductRepo - Interface: hello.pojo.repo.OrderProductRepo - Factory: org.springframework.data.jpa.repository.support.JpaRepositoryFactoryBean
10:18:07.398 [main] DEBUG o.s.core.env.StandardEnvironment - Adding [systemProperties] PropertySource with lowest search precedence
10:18:07.399 [main] DEBUG o.s.core.env.StandardEnvironment - Adding [systemEnvironment] PropertySource with lowest search precedence
10:18:07.399 [main] DEBUG o.s.core.env.StandardEnvironment - Initialized StandardEnvironment with PropertySources [systemProperties,systemEnvironment]
10:18:07.399 [main] DEBUG o.s.c.i.s.PathMatchingResourcePatternResolver - Looking for matching resources in directory tree [/home/ifaturoti_adeyemi/STS/workspace/gs-rest-hateoas-initial/target/classes/hello]
10:18:07.399 [main] DEBUG o.s.c.i.s.PathMatchingResourcePatternResolver - Searching directory [/home/ifaturoti_adeyemi/STS/workspace/gs-rest-hateoas-initial/target/classes/hello] for files matching pattern [/home/ifaturoti_adeyemi/STS/workspace/gs-rest-hateoas-initial/target/classes/hello/**/*PaymentRepoImpl.class]
10:18:07.400 [main] DEBUG o.s.c.i.s.PathMatchingResourcePatternResolver - Searching directory [/home/ifaturoti_adeyemi/STS/workspace/gs-rest-hateoas-initial/target/classes/hello/pojo] for files matching pattern [/home/ifaturoti_adeyemi/STS/workspace/gs-rest-hateoas-initial/target/classes/hello/**/*PaymentRepoImpl.class]
10:18:07.400 [main] DEBUG o.s.c.i.s.PathMatchingResourcePatternResolver - Searching directory [/home/ifaturoti_adeyemi/STS/workspace/gs-rest-hateoas-initial/target/classes/hello/pojo/repo] for files matching pattern [/home/ifaturoti_adeyemi/STS/workspace/gs-rest-hateoas-initial/target/classes/hello/**/*PaymentRepoImpl.class]
10:18:07.400 [main] DEBUG o.s.c.i.s.PathMatchingResourcePatternResolver - Resolved location pattern [classpath*:hello/**/*PaymentRepoImpl.class] to resources []
10:18:07.400 [main] DEBUG o.s.d.r.c.RepositoryConfigurationDelegate - Spring Data JPA - Registering repository: paymentRepo - Interface: hello.pojo.repo.PaymentRepo - Factory: org.springframework.data.jpa.repository.support.JpaRepositoryFactoryBean
10:18:07.401 [main] DEBUG o.s.core.env.StandardEnvironment - Adding [systemProperties] PropertySource with lowest search precedence
10:18:07.401 [main] DEBUG o.s.core.env.StandardEnvironment - Adding [systemEnvironment] PropertySource with lowest search precedence
10:18:07.402 [main] DEBUG o.s.core.env.StandardEnvironment - Initialized StandardEnvironment with PropertySources [systemProperties,systemEnvironment]
10:18:07.402 [main] DEBUG o.s.c.i.s.PathMatchingResourcePatternResolver - Looking for matching resources in directory tree [/home/ifaturoti_adeyemi/STS/workspace/gs-rest-hateoas-initial/target/classes/hello]
10:18:07.402 [main] DEBUG o.s.c.i.s.PathMatchingResourcePatternResolver - Searching directory [/home/ifaturoti_adeyemi/STS/workspace/gs-rest-hateoas-initial/target/classes/hello] for files matching pattern [/home/ifaturoti_adeyemi/STS/workspace/gs-rest-hateoas-initial/target/classes/hello/**/*OrderRepoImpl.class]
10:18:07.402 [main] DEBUG o.s.c.i.s.PathMatchingResourcePatternResolver - Searching directory [/home/ifaturoti_adeyemi/STS/workspace/gs-rest-hateoas-initial/target/classes/hello/pojo] for files matching pattern [/home/ifaturoti_adeyemi/STS/workspace/gs-rest-hateoas-initial/target/classes/hello/**/*OrderRepoImpl.class]
10:18:07.403 [main] DEBUG o.s.c.i.s.PathMatchingResourcePatternResolver - Searching directory [/home/ifaturoti_adeyemi/STS/workspace/gs-rest-hateoas-initial/target/classes/hello/pojo/repo] for files matching pattern [/home/ifaturoti_adeyemi/STS/workspace/gs-rest-hateoas-initial/target/classes/hello/**/*OrderRepoImpl.class]
10:18:07.403 [main] DEBUG o.s.c.i.s.PathMatchingResourcePatternResolver - Resolved location pattern [classpath*:hello/**/*OrderRepoImpl.class] to resources []
10:18:07.403 [main] DEBUG o.s.d.r.c.RepositoryConfigurationDelegate - Spring Data JPA - Registering repository: orderRepo - Interface: hello.pojo.repo.OrderRepo - Factory: org.springframework.data.jpa.repository.support.JpaRepositoryFactoryBean
10:18:07.404 [main] DEBUG o.s.core.env.StandardEnvironment - Adding [systemProperties] PropertySource with lowest search precedence
10:18:07.404 [main] DEBUG o.s.core.env.StandardEnvironment - Adding [systemEnvironment] PropertySource with lowest search precedence
10:18:07.404 [main] DEBUG o.s.core.env.StandardEnvironment - Initialized StandardEnvironment with PropertySources [systemProperties,systemEnvironment]
10:18:07.404 [main] DEBUG o.s.c.i.s.PathMatchingResourcePatternResolver - Looking for matching resources in directory tree [/home/ifaturoti_adeyemi/STS/workspace/gs-rest-hateoas-initial/target/classes/hello]
10:18:07.405 [main] DEBUG o.s.c.i.s.PathMatchingResourcePatternResolver - Searching directory [/home/ifaturoti_adeyemi/STS/workspace/gs-rest-hateoas-initial/target/classes/hello] for files matching pattern [/home/ifaturoti_adeyemi/STS/workspace/gs-rest-hateoas-initial/target/classes/hello/**/*ProductRepoImpl.class]
10:18:07.405 [main] DEBUG o.s.c.i.s.PathMatchingResourcePatternResolver - Searching directory [/home/ifaturoti_adeyemi/STS/workspace/gs-rest-hateoas-initial/target/classes/hello/pojo] for files matching pattern [/home/ifaturoti_adeyemi/STS/workspace/gs-rest-hateoas-initial/target/classes/hello/**/*ProductRepoImpl.class]
10:18:07.405 [main] DEBUG o.s.c.i.s.PathMatchingResourcePatternResolver - Searching directory [/home/ifaturoti_adeyemi/STS/workspace/gs-rest-hateoas-initial/target/classes/hello/pojo/repo] for files matching pattern [/home/ifaturoti_adeyemi/STS/workspace/gs-rest-hateoas-initial/target/classes/hello/**/*ProductRepoImpl.class]
10:18:07.406 [main] DEBUG o.s.c.i.s.PathMatchingResourcePatternResolver - Resolved location pattern [classpath*:hello/**/*ProductRepoImpl.class] to resources []
10:18:07.406 [main] DEBUG o.s.d.r.c.RepositoryConfigurationDelegate - Spring Data JPA - Registering repository: productRepo - Interface: hello.pojo.repo.ProductRepo - Factory: org.springframework.data.jpa.repository.support.JpaRepositoryFactoryBean
10:18:07.407 [main] DEBUG o.s.core.env.StandardEnvironment - Adding [systemProperties] PropertySource with lowest search precedence
10:18:07.407 [main] DEBUG o.s.core.env.StandardEnvironment - Adding [systemEnvironment] PropertySource with lowest search precedence
10:18:07.407 [main] DEBUG o.s.core.env.StandardEnvironment - Initialized StandardEnvironment with PropertySources [systemProperties,systemEnvironment]
10:18:07.407 [main] DEBUG o.s.c.i.s.PathMatchingResourcePatternResolver - Looking for matching resources in directory tree [/home/ifaturoti_adeyemi/STS/workspace/gs-rest-hateoas-initial/target/classes/hello]
10:18:07.407 [main] DEBUG o.s.c.i.s.PathMatchingResourcePatternResolver - Searching directory [/home/ifaturoti_adeyemi/STS/workspace/gs-rest-hateoas-initial/target/classes/hello] for files matching pattern [/home/ifaturoti_adeyemi/STS/workspace/gs-rest-hateoas-initial/target/classes/hello/**/*CommentRepoImpl.class]
10:18:07.408 [main] DEBUG o.s.c.i.s.PathMatchingResourcePatternResolver - Searching directory [/home/ifaturoti_adeyemi/STS/workspace/gs-rest-hateoas-initial/target/classes/hello/pojo] for files matching pattern [/home/ifaturoti_adeyemi/STS/workspace/gs-rest-hateoas-initial/target/classes/hello/**/*CommentRepoImpl.class]
10:18:07.408 [main] DEBUG o.s.c.i.s.PathMatchingResourcePatternResolver - Searching directory [/home/ifaturoti_adeyemi/STS/workspace/gs-rest-hateoas-initial/target/classes/hello/pojo/repo] for files matching pattern [/home/ifaturoti_adeyemi/STS/workspace/gs-rest-hateoas-initial/target/classes/hello/**/*CommentRepoImpl.class]
10:18:07.408 [main] DEBUG o.s.c.i.s.PathMatchingResourcePatternResolver - Resolved location pattern [classpath*:hello/**/*CommentRepoImpl.class] to resources []
10:18:07.409 [main] DEBUG o.s.d.r.c.RepositoryConfigurationDelegate - Spring Data JPA - Registering repository: commentRepo - Interface: hello.pojo.repo.CommentRepo - Factory: org.springframework.data.jpa.repository.support.JpaRepositoryFactoryBean
10:18:07.409 [main] DEBUG o.s.core.env.StandardEnvironment - Adding [systemProperties] PropertySource with lowest search precedence
10:18:07.409 [main] DEBUG o.s.core.env.StandardEnvironment - Adding [systemEnvironment] PropertySource with lowest search precedence
10:18:07.410 [main] DEBUG o.s.core.env.StandardEnvironment - Initialized StandardEnvironment with PropertySources [systemProperties,systemEnvironment]
10:18:07.410 [main] DEBUG o.s.c.i.s.PathMatchingResourcePatternResolver - Looking for matching resources in directory tree [/home/ifaturoti_adeyemi/STS/workspace/gs-rest-hateoas-initial/target/classes/hello]
10:18:07.410 [main] DEBUG o.s.c.i.s.PathMatchingResourcePatternResolver - Searching directory [/home/ifaturoti_adeyemi/STS/workspace/gs-rest-hateoas-initial/target/classes/hello] for files matching pattern [/home/ifaturoti_adeyemi/STS/workspace/gs-rest-hateoas-initial/target/classes/hello/**/*BillingRepoImpl.class]
10:18:07.410 [main] DEBUG o.s.c.i.s.PathMatchingResourcePatternResolver - Searching directory [/home/ifaturoti_adeyemi/STS/workspace/gs-rest-hateoas-initial/target/classes/hello/pojo] for files matching pattern [/home/ifaturoti_adeyemi/STS/workspace/gs-rest-hateoas-initial/target/classes/hello/**/*BillingRepoImpl.class]
10:18:07.410 [main] DEBUG o.s.c.i.s.PathMatchingResourcePatternResolver - Searching directory [/home/ifaturoti_adeyemi/STS/workspace/gs-rest-hateoas-initial/target/classes/hello/pojo/repo] for files matching pattern [/home/ifaturoti_adeyemi/STS/workspace/gs-rest-hateoas-initial/target/classes/hello/**/*BillingRepoImpl.class]
10:18:07.411 [main] DEBUG o.s.c.i.s.PathMatchingResourcePatternResolver - Resolved location pattern [classpath*:hello/**/*BillingRepoImpl.class] to resources []
10:18:07.411 [main] DEBUG o.s.d.r.c.RepositoryConfigurationDelegate - Spring Data JPA - Registering repository: billingRepo - Interface: hello.pojo.repo.BillingRepo - Factory: org.springframework.data.jpa.repository.support.JpaRepositoryFactoryBean
10:18:07.412 [main] DEBUG o.s.core.env.StandardEnvironment - Adding [systemProperties] PropertySource with lowest search precedence
10:18:07.412 [main] DEBUG o.s.core.env.StandardEnvironment - Adding [systemEnvironment] PropertySource with lowest search precedence
10:18:07.412 [main] DEBUG o.s.core.env.StandardEnvironment - Initialized StandardEnvironment with PropertySources [systemProperties,systemEnvironment]
10:18:07.412 [main] DEBUG o.s.c.i.s.PathMatchingResourcePatternResolver - Looking for matching resources in directory tree [/home/ifaturoti_adeyemi/STS/workspace/gs-rest-hateoas-initial/target/classes/hello]
10:18:07.412 [main] DEBUG o.s.c.i.s.PathMatchingResourcePatternResolver - Searching directory [/home/ifaturoti_adeyemi/STS/workspace/gs-rest-hateoas-initial/target/classes/hello] for files matching pattern [/home/ifaturoti_adeyemi/STS/workspace/gs-rest-hateoas-initial/target/classes/hello/**/*AddressRepoImpl.class]
10:18:07.413 [main] DEBUG o.s.c.i.s.PathMatchingResourcePatternResolver - Searching directory [/home/ifaturoti_adeyemi/STS/workspace/gs-rest-hateoas-initial/target/classes/hello/pojo] for files matching pattern [/home/ifaturoti_adeyemi/STS/workspace/gs-rest-hateoas-initial/target/classes/hello/**/*AddressRepoImpl.class]
10:18:07.413 [main] DEBUG o.s.c.i.s.PathMatchingResourcePatternResolver - Searching directory [/home/ifaturoti_adeyemi/STS/workspace/gs-rest-hateoas-initial/target/classes/hello/pojo/repo] for files matching pattern [/home/ifaturoti_adeyemi/STS/workspace/gs-rest-hateoas-initial/target/classes/hello/**/*AddressRepoImpl.class]
10:18:07.413 [main] DEBUG o.s.c.i.s.PathMatchingResourcePatternResolver - Resolved location pattern [classpath*:hello/**/*AddressRepoImpl.class] to resources []
10:18:07.414 [main] DEBUG o.s.d.r.c.RepositoryConfigurationDelegate - Spring Data JPA - Registering repository: addressRepo - Interface: hello.pojo.repo.AddressRepo - Factory: org.springframework.data.jpa.repository.support.JpaRepositoryFactoryBean
10:18:07.414 [main] DEBUG o.s.c.a.ConfigurationClassBeanDefinitionReader - Registered bean definition for imported @Configuration class org.springframework.boot.autoconfigure.PropertyPlaceholderAutoConfiguration
10:18:07.419 [main] DEBUG o.s.b.f.s.DefaultListableBeanFactory - Creating shared instance of singleton bean 'org.springframework.boot.autoconfigure.condition.BeanTypeRegistry'
10:18:07.420 [main] DEBUG o.s.b.f.s.DefaultListableBeanFactory - Creating instance of bean 'org.springframework.boot.autoconfigure.condition.BeanTypeRegistry'
10:18:07.430 [main] DEBUG o.s.b.f.s.DefaultListableBeanFactory - Eagerly caching bean 'org.springframework.boot.autoconfigure.condition.BeanTypeRegistry' to allow for resolving potential circular references
10:18:07.430 [main] DEBUG o.s.b.f.s.DefaultListableBeanFactory - Finished creating instance of bean 'org.springframework.boot.autoconfigure.condition.BeanTypeRegistry'
10:18:07.435 [main] DEBUG o.s.b.f.s.DefaultListableBeanFactory - Returning cached instance of singleton bean 'autoConfigurationReport'
10:18:07.436 [main] DEBUG o.s.c.a.ConfigurationClassBeanDefinitionReader - Registering bean definition for @Bean method org.springframework.boot.autoconfigure.PropertyPlaceholderAutoConfiguration.propertySourcesPlaceholderConfigurer()
10:18:07.436 [main] DEBUG o.s.b.f.s.DefaultListableBeanFactory - Returning cached instance of singleton bean 'autoConfigurationReport'
10:18:07.437 [main] DEBUG o.s.b.f.s.DefaultListableBeanFactory - Returning cached instance of singleton bean 'autoConfigurationReport'
10:18:07.437 [main] DEBUG o.s.c.a.ConfigurationClassBeanDefinitionReader - Registered bean definition for imported @Configuration class org.springframework.boot.autoconfigure.websocket.WebSocketAutoConfiguration$TomcatWebSocketConfiguration
10:18:07.437 [main] DEBUG o.s.b.f.s.DefaultListableBeanFactory - Returning cached instance of singleton bean 'autoConfigurationReport'
10:18:07.437 [main] DEBUG o.s.c.a.ConfigurationClassBeanDefinitionReader - Registering bean definition for @Bean method org.springframework.boot.autoconfigure.websocket.WebSocketAutoConfiguration$TomcatWebSocketConfiguration.websocketContainerCustomizer()
10:18:07.437 [main] DEBUG o.s.c.a.ConfigurationClassBeanDefinitionReader - Registered bean definition for imported @Configuration class org.springframework.boot.autoconfigure.websocket.WebSocketAutoConfiguration
10:18:07.437 [main] DEBUG o.s.b.f.s.DefaultListableBeanFactory - Returning cached instance of singleton bean 'autoConfigurationReport'
10:18:07.438 [main] DEBUG o.s.b.f.s.DefaultListableBeanFactory - Returning cached instance of singleton bean 'autoConfigurationReport'
10:18:07.439 [main] DEBUG o.s.b.f.s.DefaultListableBeanFactory - Returning cached instance of singleton bean 'autoConfigurationReport'
10:18:07.439 [main] DEBUG o.s.c.a.ConfigurationClassBeanDefinitionReader - Registered bean definition for imported @Configuration class org.springframework.boot.autoconfigure.aop.AopAutoConfiguration$JdkDynamicAutoProxyConfiguration
10:18:07.442 [main] DEBUG o.s.c.a.ConfigurationClassBeanDefinitionReader - Registered bean definition for imported @Configuration class org.springframework.boot.autoconfigure.aop.AopAutoConfiguration
10:18:07.442 [main] DEBUG o.s.b.f.s.DefaultListableBeanFactory - Returning cached instance of singleton bean 'autoConfigurationReport'
10:18:07.443 [main] DEBUG o.s.b.f.s.DefaultListableBeanFactory - Returning cached instance of singleton bean 'autoConfigurationReport'
10:18:07.443 [main] DEBUG o.s.c.a.ConfigurationClassBeanDefinitionReader - Registered bean definition for imported @Configuration class org.springframework.boot.autoconfigure.jta.JtaAutoConfiguration
10:18:07.446 [main] DEBUG o.s.b.f.s.DefaultListableBeanFactory - Returning cached instance of singleton bean 'autoConfigurationReport'
10:18:07.446 [main] DEBUG o.s.b.f.s.DefaultListableBeanFactory - Returning cached instance of singleton bean 'org.springframework.boot.autoconfigure.condition.BeanTypeRegistry'
10:18:07.451 [main] DEBUG o.s.b.f.s.DefaultListableBeanFactory - Returning cached instance of singleton bean 'autoConfigurationReport'
10:18:07.451 [main] DEBUG o.s.b.f.s.DefaultListableBeanFactory - Returning cached instance of singleton bean 'autoConfigurationReport'
10:18:07.455 [main] DEBUG o.s.b.f.s.DefaultListableBeanFactory - Returning cached instance of singleton bean 'autoConfigurationReport'
10:18:07.455 [main] DEBUG o.s.c.a.ConfigurationClassBeanDefinitionReader - Registered bean definition for imported @Configuration class org.springframework.boot.autoconfigure.jdbc.DataSourceAutoConfiguration$JdbcTemplateConfiguration
10:18:07.455 [main] DEBUG o.s.b.f.s.DefaultListableBeanFactory - Returning cached instance of singleton bean 'org.springframework.boot.autoconfigure.condition.BeanTypeRegistry'
10:18:07.456 [main] DEBUG o.s.b.f.s.DefaultListableBeanFactory - Returning cached instance of singleton bean 'autoConfigurationReport'
10:18:07.456 [main] DEBUG o.s.c.a.ConfigurationClassBeanDefinitionReader - Registering bean definition for @Bean method org.springframework.boot.autoconfigure.jdbc.DataSourceAutoConfiguration$JdbcTemplateConfiguration.jdbcTemplate()
10:18:07.456 [main] DEBUG o.s.b.f.s.DefaultListableBeanFactory - Returning cached instance of singleton bean 'org.springframework.boot.autoconfigure.condition.BeanTypeRegistry'
10:18:07.458 [main] DEBUG o.s.b.f.s.DefaultListableBeanFactory - Returning cached instance of singleton bean 'autoConfigurationReport'
10:18:07.458 [main] DEBUG o.s.c.a.ConfigurationClassBeanDefinitionReader - Registering bean definition for @Bean method org.springframework.boot.autoconfigure.jdbc.DataSourceAutoConfiguration$JdbcTemplateConfiguration.namedParameterJdbcTemplate()
10:18:07.458 [main] DEBUG o.s.b.f.s.DefaultListableBeanFactory - Returning cached instance of singleton bean 'autoConfigurationReport'
10:18:07.458 [main] DEBUG o.s.b.f.s.DefaultListableBeanFactory - Returning cached instance of singleton bean 'org.springframework.boot.autoconfigure.condition.BeanTypeRegistry'
10:18:07.459 [main] DEBUG o.s.b.f.s.DefaultListableBeanFactory - Returning cached instance of singleton bean 'org.springframework.boot.autoconfigure.condition.BeanTypeRegistry'
10:18:07.459 [main] DEBUG o.s.b.f.s.DefaultListableBeanFactory - Returning cached instance of singleton bean 'autoConfigurationReport'
10:18:07.459 [main] DEBUG o.s.c.a.ConfigurationClassBeanDefinitionReader - Registered bean definition for imported @Configuration class org.springframework.boot.autoconfigure.jdbc.DataSourceAutoConfiguration$NonEmbeddedConfiguration
10:18:07.459 [main] DEBUG o.s.c.a.ConfigurationClassBeanDefinitionReader - Registering bean definition for @Bean method org.springframework.boot.autoconfigure.jdbc.DataSourceAutoConfiguration$NonEmbeddedConfiguration.dataSource()
10:18:07.460 [main] DEBUG o.s.b.f.s.DefaultListableBeanFactory - Returning cached instance of singleton bean 'org.springframework.boot.autoconfigure.condition.BeanTypeRegistry'
10:18:07.461 [main] DEBUG o.s.b.f.s.DefaultListableBeanFactory - Returning cached instance of singleton bean 'autoConfigurationReport'
10:18:07.461 [main] DEBUG o.s.c.a.ConfigurationClassBeanDefinitionReader - Registered bean definition for imported @Configuration class org.springframework.boot.autoconfigure.jdbc.DataSourceAutoConfiguration$DataSourceInitializerConfiguration
10:18:07.461 [main] DEBUG o.s.c.a.ConfigurationClassBeanDefinitionReader - Registering bean definition for @Bean method org.springframework.boot.autoconfigure.jdbc.DataSourceAutoConfiguration$DataSourceInitializerConfiguration.dataSourceInitializer()
10:18:07.462 [main] DEBUG o.s.b.f.s.DefaultListableBeanFactory - Returning cached instance of singleton bean 'autoConfigurationReport'
10:18:07.462 [main] DEBUG o.s.c.a.ConfigurationClassBeanDefinitionReader - Registered bean definition for imported @Configuration class org.springframework.boot.autoconfigure.jdbc.metadata.DataSourcePoolMetadataProvidersConfiguration$TomcatDataSourcePoolMetadataProviderConfiguration
10:18:07.462 [main] DEBUG o.s.c.a.ConfigurationClassBeanDefinitionReader - Registering bean definition for @Bean method org.springframework.boot.autoconfigure.jdbc.metadata.DataSourcePoolMetadataProvidersConfiguration$TomcatDataSourcePoolMetadataProviderConfiguration.tomcatPoolDataSourceMetadataProvider()
10:18:07.462 [main] DEBUG o.s.c.a.ConfigurationClassBeanDefinitionReader - Registered bean definition for imported @Configuration class org.springframework.boot.autoconfigure.jdbc.metadata.DataSourcePoolMetadataProvidersConfiguration
10:18:07.466 [main] DEBUG o.s.c.a.ConfigurationClassBeanDefinitionReader - Registered bean definition for imported @Configuration class org.springframework.boot.autoconfigure.jdbc.DataSourceAutoConfiguration
10:18:07.467 [main] DEBUG o.s.b.f.s.DefaultListableBeanFactory - Returning cached instance of singleton bean 'autoConfigurationReport'
10:18:07.467 [main] DEBUG o.s.b.f.s.DefaultListableBeanFactory - Returning cached instance of singleton bean 'autoConfigurationReport'
10:18:07.467 [main] DEBUG o.s.c.a.ConfigurationClassBeanDefinitionReader - Registered bean definition for imported @Configuration class org.springframework.boot.autoconfigure.orm.jpa.HibernateJpaAutoConfiguration
10:18:07.467 [main] DEBUG o.s.b.f.s.DefaultListableBeanFactory - Returning cached instance of singleton bean 'org.springframework.boot.autoconfigure.condition.BeanTypeRegistry'
10:18:07.469 [main] DEBUG o.s.b.f.s.DefaultListableBeanFactory - Returning cached instance of singleton bean 'autoConfigurationReport'
10:18:07.470 [main] DEBUG o.s.c.a.ConfigurationClassBeanDefinitionReader - Registering bean definition for @Bean method org.springframework.boot.autoconfigure.orm.jpa.HibernateJpaAutoConfiguration.transactionManager()
10:18:07.471 [main] DEBUG o.s.b.f.s.DefaultListableBeanFactory - Returning cached instance of singleton bean 'org.springframework.boot.autoconfigure.condition.BeanTypeRegistry'
10:18:07.472 [main] DEBUG o.s.b.f.s.DefaultListableBeanFactory - Returning cached instance of singleton bean 'autoConfigurationReport'
10:18:07.472 [main] DEBUG o.s.c.a.ConfigurationClassBeanDefinitionReader - Registering bean definition for @Bean method org.springframework.boot.autoconfigure.orm.jpa.HibernateJpaAutoConfiguration.jpaVendorAdapter()
10:18:07.473 [main] DEBUG o.s.b.f.s.DefaultListableBeanFactory - Returning cached instance of singleton bean 'org.springframework.boot.autoconfigure.condition.BeanTypeRegistry'
10:18:07.473 [main] DEBUG o.s.b.f.s.DefaultListableBeanFactory - Returning cached instance of singleton bean 'autoConfigurationReport'
10:18:07.474 [main] DEBUG o.s.c.a.ConfigurationClassBeanDefinitionReader - Registering bean definition for @Bean method org.springframework.boot.autoconfigure.orm.jpa.HibernateJpaAutoConfiguration.entityManagerFactoryBuilder()
10:18:07.474 [main] DEBUG o.s.b.f.s.DefaultListableBeanFactory - Returning cached instance of singleton bean 'org.springframework.boot.autoconfigure.condition.BeanTypeRegistry'
10:18:07.474 [main] DEBUG o.s.b.f.s.DefaultListableBeanFactory - Returning cached instance of singleton bean 'autoConfigurationReport'
10:18:07.474 [main] DEBUG o.s.c.a.ConfigurationClassBeanDefinitionReader - Registering bean definition for @Bean method org.springframework.boot.autoconfigure.orm.jpa.HibernateJpaAutoConfiguration.entityManagerFactory()
10:18:07.475 [main] DEBUG o.s.b.f.s.DefaultListableBeanFactory - Returning cached instance of singleton bean 'autoConfigurationReport'
10:18:07.475 [main] DEBUG o.s.c.a.ConfigurationClassBeanDefinitionReader - Registered bean definition for imported @Configuration class org.springframework.boot.autoconfigure.dao.PersistenceExceptionTranslationAutoConfiguration
10:18:07.476 [main] DEBUG o.s.b.f.s.DefaultListableBeanFactory - Returning cached instance of singleton bean 'org.springframework.boot.autoconfigure.condition.BeanTypeRegistry'
10:18:07.476 [main] DEBUG o.s.b.f.s.DefaultListableBeanFactory - Returning cached instance of singleton bean 'autoConfigurationReport'
10:18:07.477 [main] DEBUG o.s.b.f.s.DefaultListableBeanFactory - Returning cached instance of singleton bean 'autoConfigurationReport'
10:18:07.477 [main] DEBUG o.s.c.a.ConfigurationClassBeanDefinitionReader - Registering bean definition for @Bean method org.springframework.boot.autoconfigure.dao.PersistenceExceptionTranslationAutoConfiguration.persistenceExceptionTranslationPostProcessor()
10:18:07.478 [main] DEBUG o.s.b.f.s.DefaultListableBeanFactory - Returning cached instance of singleton bean 'autoConfigurationReport'
10:18:07.478 [main] DEBUG o.s.b.f.s.DefaultListableBeanFactory - Returning cached instance of singleton bean 'org.springframework.boot.autoconfigure.condition.BeanTypeRegistry'
10:18:07.478 [main] DEBUG o.s.b.f.s.DefaultListableBeanFactory - Returning cached instance of singleton bean 'org.springframework.boot.autoconfigure.condition.BeanTypeRegistry'
10:18:07.478 [main] DEBUG o.s.b.f.s.DefaultListableBeanFactory - Returning cached instance of singleton bean 'org.springframework.boot.autoconfigure.condition.BeanTypeRegistry'
10:18:07.478 [main] DEBUG o.s.b.f.s.DefaultListableBeanFactory - Returning cached instance of singleton bean 'autoConfigurationReport'
10:18:07.478 [main] DEBUG o.s.b.f.s.DefaultListableBeanFactory - Returning cached instance of singleton bean 'autoConfigurationReport'
10:18:07.479 [main] DEBUG o.s.b.f.s.DefaultListableBeanFactory - Returning cached instance of singleton bean 'autoConfigurationReport'
10:18:07.479 [main] DEBUG o.s.c.a.ConfigurationClassBeanDefinitionReader - Registered bean definition for imported @Configuration class org.springframework.boot.autoconfigure.jackson.JacksonAutoConfiguration$JacksonObjectMapperBuilderConfiguration
10:18:07.479 [main] DEBUG o.s.b.f.s.DefaultListableBeanFactory - Returning cached instance of singleton bean 'org.springframework.boot.autoconfigure.condition.BeanTypeRegistry'
10:18:07.480 [main] DEBUG o.s.b.f.s.DefaultListableBeanFactory - Returning cached instance of singleton bean 'autoConfigurationReport'
10:18:07.480 [main] DEBUG o.s.c.a.ConfigurationClassBeanDefinitionReader - Registering bean definition for @Bean method org.springframework.boot.autoconfigure.jackson.JacksonAutoConfiguration$JacksonObjectMapperBuilderConfiguration.jacksonObjectMapperBuilder()
10:18:07.481 [main] DEBUG o.s.b.f.s.DefaultListableBeanFactory - Returning cached instance of singleton bean 'autoConfigurationReport'
10:18:07.481 [main] DEBUG o.s.c.a.ConfigurationClassBeanDefinitionReader - Registered bean definition for imported @Configuration class org.springframework.boot.autoconfigure.jackson.JacksonAutoConfiguration$JacksonObjectMapperConfiguration
10:18:07.481 [main] DEBUG o.s.b.f.s.DefaultListableBeanFactory - Returning cached instance of singleton bean 'org.springframework.boot.autoconfigure.condition.BeanTypeRegistry'
10:18:07.482 [main] DEBUG o.s.b.f.s.DefaultListableBeanFactory - Returning cached instance of singleton bean 'autoConfigurationReport'
10:18:07.482 [main] DEBUG o.s.c.a.ConfigurationClassBeanDefinitionReader - Registering bean definition for @Bean method org.springframework.boot.autoconfigure.jackson.JacksonAutoConfiguration$JacksonObjectMapperConfiguration.jacksonObjectMapper()
10:18:07.483 [main] DEBUG o.s.c.a.ConfigurationClassBeanDefinitionReader - Registered bean definition for imported @Configuration class org.springframework.boot.autoconfigure.jackson.JacksonAutoConfiguration
10:18:07.483 [main] DEBUG o.s.b.f.s.DefaultListableBeanFactory - Returning cached instance of singleton bean 'autoConfigurationReport'
10:18:07.483 [main] DEBUG o.s.b.f.s.DefaultListableBeanFactory - Returning cached instance of singleton bean 'autoConfigurationReport'
10:18:07.483 [main] DEBUG o.s.c.a.ConfigurationClassBeanDefinitionReader - Registered bean definition for imported @Configuration class org.springframework.boot.autoconfigure.web.HttpMessageConvertersAutoConfiguration$StringHttpMessageConverterConfiguration
10:18:07.483 [main] DEBUG o.s.b.f.s.DefaultListableBeanFactory - Returning cached instance of singleton bean 'org.springframework.boot.autoconfigure.condition.BeanTypeRegistry'
10:18:07.484 [main] DEBUG o.s.b.f.s.DefaultListableBeanFactory - Returning cached instance of singleton bean 'autoConfigurationReport'
10:18:07.484 [main] DEBUG o.s.c.a.ConfigurationClassBeanDefinitionReader - Registering bean definition for @Bean method org.springframework.boot.autoconfigure.web.HttpMessageConvertersAutoConfiguration$StringHttpMessageConverterConfiguration.stringHttpMessageConverter()
10:18:07.485 [main] DEBUG o.s.b.f.s.DefaultListableBeanFactory - Returning cached instance of singleton bean 'autoConfigurationReport'
10:18:07.485 [main] DEBUG o.s.b.f.s.DefaultListableBeanFactory - Returning cached instance of singleton bean 'org.springframework.boot.autoconfigure.condition.BeanTypeRegistry'
10:18:07.485 [main] DEBUG o.s.b.f.s.DefaultListableBeanFactory - Returning cached instance of singleton bean 'autoConfigurationReport'
10:18:07.486 [main] DEBUG o.s.b.f.s.DefaultListableBeanFactory - Returning cached instance of singleton bean 'autoConfigurationReport'
10:18:07.486 [main] DEBUG o.s.c.a.ConfigurationClassBeanDefinitionReader - Registered bean definition for imported @Configuration class org.springframework.boot.autoconfigure.web.JacksonHttpMessageConvertersConfiguration$MappingJackson2HttpMessageConverterConfiguration
10:18:07.487 [main] DEBUG o.s.b.f.s.DefaultListableBeanFactory - Returning cached instance of singleton bean 'org.springframework.boot.autoconfigure.condition.BeanTypeRegistry'
10:18:07.487 [main] DEBUG o.s.b.f.s.DefaultListableBeanFactory - Returning cached instance of singleton bean 'autoConfigurationReport'
10:18:07.487 [main] DEBUG o.s.c.a.ConfigurationClassBeanDefinitionReader - Registering bean definition for @Bean method org.springframework.boot.autoconfigure.web.JacksonHttpMessageConvertersConfiguration$MappingJackson2HttpMessageConverterConfiguration.mappingJackson2HttpMessageConverter()
10:18:07.488 [main] DEBUG o.s.c.a.ConfigurationClassBeanDefinitionReader - Registered bean definition for imported @Configuration class org.springframework.boot.autoconfigure.web.JacksonHttpMessageConvertersConfiguration
10:18:07.488 [main] DEBUG o.s.c.a.ConfigurationClassBeanDefinitionReader - Registered bean definition for imported @Configuration class org.springframework.boot.autoconfigure.web.GsonHttpMessageConvertersConfiguration
10:18:07.488 [main] DEBUG o.s.c.a.ConfigurationClassBeanDefinitionReader - Registered bean definition for imported @Configuration class org.springframework.boot.autoconfigure.web.HttpMessageConvertersAutoConfiguration
10:18:07.489 [main] DEBUG o.s.b.f.s.DefaultListableBeanFactory - Returning cached instance of singleton bean 'org.springframework.boot.autoconfigure.condition.BeanTypeRegistry'
10:18:07.489 [main] DEBUG o.s.b.f.s.DefaultListableBeanFactory - Returning cached instance of singleton bean 'autoConfigurationReport'
10:18:07.489 [main] DEBUG o.s.c.a.ConfigurationClassBeanDefinitionReader - Registering bean definition for @Bean method org.springframework.boot.autoconfigure.web.HttpMessageConvertersAutoConfiguration.messageConverters()
10:18:07.490 [main] DEBUG o.s.b.f.s.DefaultListableBeanFactory - Returning cached instance of singleton bean 'autoConfigurationReport'
10:18:07.491 [main] DEBUG o.s.b.f.s.DefaultListableBeanFactory - Returning cached instance of singleton bean 'org.springframework.boot.autoconfigure.condition.BeanTypeRegistry'
10:18:07.491 [main] DEBUG o.s.b.f.s.DefaultListableBeanFactory - Returning cached instance of singleton bean 'org.springframework.boot.autoconfigure.condition.BeanTypeRegistry'
10:18:07.491 [main] DEBUG o.s.b.f.s.DefaultListableBeanFactory - Returning cached instance of singleton bean 'autoConfigurationReport'
10:18:07.491 [main] DEBUG o.s.b.f.s.DefaultListableBeanFactory - Returning cached instance of singleton bean 'autoConfigurationReport'
10:18:07.492 [main] DEBUG o.s.c.a.ConfigurationClassBeanDefinitionReader - Registered bean definition for imported @Configuration class org.springframework.boot.autoconfigure.data.solr.SolrRepositoriesAutoConfiguration
10:18:07.495 [main] DEBUG o.s.core.env.StandardEnvironment - Adding [systemProperties] PropertySource with lowest search precedence
10:18:07.495 [main] DEBUG o.s.core.env.StandardEnvironment - Adding [systemEnvironment] PropertySource with lowest search precedence
10:18:07.495 [main] DEBUG o.s.core.env.StandardEnvironment - Initialized StandardEnvironment with PropertySources [systemProperties,systemEnvironment]
10:18:07.495 [main] DEBUG o.s.c.i.s.PathMatchingResourcePatternResolver - Looking for matching resources in jar file [file:/home/ifaturoti_adeyemi/.m2/repository/org/springframework/data/spring-data-rest-webmvc/2.2.2.RELEASE/spring-data-rest-webmvc-2.2.2.RELEASE.jar]
10:18:07.496 [main] DEBUG o.s.c.i.s.PathMatchingResourcePatternResolver - Looking for matching resources in jar file [file:/home/ifaturoti_adeyemi/.m2/repository/org/springframework/data/spring-data-rest-core/2.2.2.RELEASE/spring-data-rest-core-2.2.2.RELEASE.jar]
10:18:07.498 [main] DEBUG o.s.c.i.s.PathMatchingResourcePatternResolver - Looking for matching resources in jar file [file:/home/ifaturoti_adeyemi/.m2/repository/org/springframework/data/spring-data-jpa/1.7.2.RELEASE/spring-data-jpa-1.7.2.RELEASE.jar]
10:18:07.500 [main] DEBUG o.s.c.i.s.PathMatchingResourcePatternResolver - Looking for matching resources in jar file [file:/home/ifaturoti_adeyemi/.m2/repository/org/springframework/data/spring-data-commons/1.9.2.RELEASE/spring-data-commons-1.9.2.RELEASE.jar]
10:18:07.503 [main] DEBUG o.s.c.i.s.PathMatchingResourcePatternResolver - Looking for matching resources in jar file [file:/home/ifaturoti_adeyemi/.m2/repository/org/springframework/data/spring-data-solr/1.3.2.RELEASE/spring-data-solr-1.3.2.RELEASE.jar]
10:18:07.505 [main] DEBUG o.s.c.i.s.PathMatchingResourcePatternResolver - Resolved location pattern [classpath*:org/springframework/data/**/repository/support/**/*.class] to resources [URL [jar:file:/home/ifaturoti_adeyemi/.m2/repository/org/springframework/data/spring-data-jpa/1.7.2.RELEASE/spring-data-jpa-1.7.2.RELEASE.jar!/org/springframework/data/jpa/repository/support/EntityManagerBeanDefinitionRegistrarPostProcessor.class], URL [jar:file:/home/ifaturoti_adeyemi/.m2/repository/org/springframework/data/spring-data-jpa/1.7.2.RELEASE/spring-data-jpa-1.7.2.RELEASE.jar!/org/springframework/data/jpa/repository/support/QueryDslJpaRepository.class], URL [jar:file:/home/ifaturoti_adeyemi/.m2/repository/org/springframework/data/spring-data-jpa/1.7.2.RELEASE/spring-data-jpa-1.7.2.RELEASE.jar!/org/springframework/data/jpa/repository/support/JpaMetamodelEntityInformation$IdMetadata.class], URL [jar:file:/home/ifaturoti_adeyemi/.m2/repository/org/springframework/data/spring-data-jpa/1.7.2.RELEASE/spring-data-jpa-1.7.2.RELEASE.jar!/org/springframework/data/jpa/repository/support/JpaRepositoryFactoryBean.class], URL [jar:file:/home/ifaturoti_adeyemi/.m2/repository/org/springframework/data/spring-data-jpa/1.7.2.RELEASE/spring-data-jpa-1.7.2.RELEASE.jar!/org/springframework/data/jpa/repository/support/JpaPersistableEntityInformation.class], URL [jar:file:/home/ifaturoti_adeyemi/.m2/repository/org/springframework/data/spring-data-jpa/1.7.2.RELEASE/spring-data-jpa-1.7.2.RELEASE.jar!/org/springframework/data/jpa/repository/support/CrudMethodMetadataPostProcessor$CrudMethodMetadataPopulatingMethodIntercceptor.class], URL [jar:file:/home/ifaturoti_adeyemi/.m2/repository/org/springframework/data/spring-data-jpa/1.7.2.RELEASE/spring-data-jpa-1.7.2.RELEASE.jar!/org/springframework/data/jpa/repository/support/CrudMethodMetadataPostProcessor.class], URL [jar:file:/home/ifaturoti_adeyemi/.m2/repository/org/springframework/data/spring-data-jpa/1.7.2.RELEASE/spring-data-jpa-1.7.2.RELEASE.jar!/org/springframework/data/jpa/repository/support/Querydsl.class], URL [jar:file:/home/ifaturoti_adeyemi/.m2/repository/org/springframework/data/spring-data-jpa/1.7.2.RELEASE/spring-data-jpa-1.7.2.RELEASE.jar!/org/springframework/data/jpa/repository/support/CrudMethodMetadataPostProcessor$1.class], URL [jar:file:/home/ifaturoti_adeyemi/.m2/repository/org/springframework/data/spring-data-jpa/1.7.2.RELEASE/spring-data-jpa-1.7.2.RELEASE.jar!/org/springframework/data/jpa/repository/support/PersistenceProvider$4.class], URL [jar:file:/home/ifaturoti_adeyemi/.m2/repository/org/springframework/data/spring-data-jpa/1.7.2.RELEASE/spring-data-jpa-1.7.2.RELEASE.jar!/org/springframework/data/jpa/repository/support/CrudMethodMetadataPostProcessor$DefaultCrudMethodMetadata.class], URL [jar:file:/home/ifaturoti_adeyemi/.m2/repository/org/springframework/data/spring-data-jpa/1.7.2.RELEASE/spring-data-jpa-1.7.2.RELEASE.jar!/org/springframework/data/jpa/repository/support/PersistenceProvider$3.class], URL [jar:file:/home/ifaturoti_adeyemi/.m2/repository/org/springframework/data/spring-data-jpa/1.7.2.RELEASE/spring-data-jpa-1.7.2.RELEASE.jar!/org/springframework/data/jpa/repository/support/PersistenceProvider$2.class], URL [jar:file:/home/ifaturoti_adeyemi/.m2/repository/org/springframework/data/spring-data-jpa/1.7.2.RELEASE/spring-data-jpa-1.7.2.RELEASE.jar!/org/springframework/data/jpa/repository/support/QueryDslRepositorySupport.class], URL [jar:file:/home/ifaturoti_adeyemi/.m2/repository/org/springframework/data/spring-data-jpa/1.7.2.RELEASE/spring-data-jpa-1.7.2.RELEASE.jar!/org/springframework/data/jpa/repository/support/PersistenceProvider.class], URL [jar:file:/home/ifaturoti_adeyemi/.m2/repository/org/springframework/data/spring-data-jpa/1.7.2.RELEASE/spring-data-jpa-1.7.2.RELEASE.jar!/org/springframework/data/jpa/repository/support/CrudMethodMetadata.class], URL [jar:file:/home/ifaturoti_adeyemi/.m2/repository/org/springframework/data/spring-data-jpa/1.7.2.RELEASE/spring-data-jpa-1.7.2.RELEASE.jar!/org/springframework/data/jpa/repository/support/CrudMethodMetadataPostProcessor$ThreadBoundTargetSource.class], URL [jar:file:/home/ifaturoti_adeyemi/.m2/repository/org/springframework/data/spring-data-jpa/1.7.2.RELEASE/spring-data-jpa-1.7.2.RELEASE.jar!/org/springframework/data/jpa/repository/support/JpaEntityInformationSupport.class], URL [jar:file:/home/ifaturoti_adeyemi/.m2/repository/org/springframework/data/spring-data-jpa/1.7.2.RELEASE/spring-data-jpa-1.7.2.RELEASE.jar!/org/springframework/data/jpa/repository/support/JpaEntityInformation.class], URL [jar:file:/home/ifaturoti_adeyemi/.m2/repository/org/springframework/data/spring-data-jpa/1.7.2.RELEASE/spring-data-jpa-1.7.2.RELEASE.jar!/org/springframework/data/jpa/repository/support/SimpleJpaRepository$ByIdsSpecification.class], URL [jar:file:/home/ifaturoti_adeyemi/.m2/repository/org/springframework/data/spring-data-jpa/1.7.2.RELEASE/spring-data-jpa-1.7.2.RELEASE.jar!/org/springframework/data/jpa/repository/support/JpaRepositoryFactory.class], URL [jar:file:/home/ifaturoti_adeyemi/.m2/repository/org/springframework/data/spring-data-jpa/1.7.2.RELEASE/spring-data-jpa-1.7.2.RELEASE.jar!/org/springframework/data/jpa/repository/support/JpaMetamodelEntityInformation$IdentifierDerivingDirectFieldAccessFallbackBeanWrapper.class], URL [jar:file:/home/ifaturoti_adeyemi/.m2/repository/org/springframework/data/spring-data-jpa/1.7.2.RELEASE/spring-data-jpa-1.7.2.RELEASE.jar!/org/springframework/data/jpa/repository/support/Querydsl$1.class], URL [jar:file:/home/ifaturoti_adeyemi/.m2/repository/org/springframework/data/spring-data-jpa/1.7.2.RELEASE/spring-data-jpa-1.7.2.RELEASE.jar!/org/springframework/data/jpa/repository/support/PersistenceProvider$1.class], URL [jar:file:/home/ifaturoti_adeyemi/.m2/repository/org/springframework/data/spring-data-jpa/1.7.2.RELEASE/spring-data-jpa-1.7.2.RELEASE.jar!/org/springframework/data/jpa/repository/support/PersistenceProvider$Constants.class], URL [jar:file:/home/ifaturoti_adeyemi/.m2/repository/org/springframework/data/spring-data-jpa/1.7.2.RELEASE/spring-data-jpa-1.7.2.RELEASE.jar!/org/springframework/data/jpa/repository/support/JpaMetamodelEntityInformation.class], URL [jar:file:/home/ifaturoti_adeyemi/.m2/repository/org/springframework/data/spring-data-jpa/1.7.2.RELEASE/spring-data-jpa-1.7.2.RELEASE.jar!/org/springframework/data/jpa/repository/support/SimpleJpaRepository.class], URL [jar:file:/home/ifaturoti_adeyemi/.m2/repository/org/springframework/data/spring-data-commons/1.9.2.RELEASE/spring-data-commons-1.9.2.RELEASE.jar!/org/springframework/data/repository/support/Repositories$EmptyRepositoryFactoryInformation.class], URL [jar:file:/home/ifaturoti_adeyemi/.m2/repository/org/springframework/data/spring-data-commons/1.9.2.RELEASE/spring-data-commons-1.9.2.RELEASE.jar!/org/springframework/data/repository/support/DomainClassPropertyEditorRegistrar.class], URL [jar:file:/home/ifaturoti_adeyemi/.m2/repository/org/springframework/data/spring-data-commons/1.9.2.RELEASE/spring-data-commons-1.9.2.RELEASE.jar!/org/springframework/data/repository/support/CrudRepositoryInvoker.class], URL [jar:file:/home/ifaturoti_adeyemi/.m2/repository/org/springframework/data/spring-data-commons/1.9.2.RELEASE/spring-data-commons-1.9.2.RELEASE.jar!/org/springframework/data/repository/support/Repositories.class], URL [jar:file:/home/ifaturoti_adeyemi/.m2/repository/org/springframework/data/spring-data-commons/1.9.2.RELEASE/spring-data-commons-1.9.2.RELEASE.jar!/org/springframework/data/repository/support/ReflectionRepositoryInvoker.class], URL [jar:file:/home/ifaturoti_adeyemi/.m2/repository/org/springframework/data/spring-data-commons/1.9.2.RELEASE/spring-data-commons-1.9.2.RELEASE.jar!/org/springframework/data/repository/support/DomainClassPropertyEditor.class], URL [jar:file:/home/ifaturoti_adeyemi/.m2/repository/org/springframework/data/spring-data-commons/1.9.2.RELEASE/spring-data-commons-1.9.2.RELEASE.jar!/org/springframework/data/repository/support/DomainClassConverter.class], URL [jar:file:/home/ifaturoti_adeyemi/.m2/repository/org/springframework/data/spring-data-solr/1.3.2.RELEASE/spring-data-solr-1.3.2.RELEASE.jar!/org/springframework/data/solr/repository/support/SolrRepositoryFactoryBean.class], URL [jar:file:/home/ifaturoti_adeyemi/.m2/repository/org/springframework/data/spring-data-solr/1.3.2.RELEASE/spring-data-solr-1.3.2.RELEASE.jar!/org/springframework/data/solr/repository/support/SolrRepositoryFactory$SolrQueryLookupStrategy.class], URL [jar:file:/home/ifaturoti_adeyemi/.m2/repository/org/springframework/data/spring-data-solr/1.3.2.RELEASE/spring-data-solr-1.3.2.RELEASE.jar!/org/springframework/data/solr/repository/support/SimpleSolrRepository.class], URL [jar:file:/home/ifaturoti_adeyemi/.m2/repository/org/springframework/data/spring-data-solr/1.3.2.RELEASE/spring-data-solr-1.3.2.RELEASE.jar!/org/springframework/data/solr/repository/support/SolrRepositoryFactory$1.class], URL [jar:file:/home/ifaturoti_adeyemi/.m2/repository/org/springframework/data/spring-data-solr/1.3.2.RELEASE/spring-data-solr-1.3.2.RELEASE.jar!/org/springframework/data/solr/repository/support/MappingSolrEntityInformation.class], URL [jar:file:/home/ifaturoti_adeyemi/.m2/repository/org/springframework/data/spring-data-solr/1.3.2.RELEASE/spring-data-solr-1.3.2.RELEASE.jar!/org/springframework/data/solr/repository/support/SolrRepositoryFactory$SolrTemplateHolder.class], URL [jar:file:/home/ifaturoti_adeyemi/.m2/repository/org/springframework/data/spring-data-solr/1.3.2.RELEASE/spring-data-solr-1.3.2.RELEASE.jar!/org/springframework/data/solr/repository/support/SolrRepositoryFactory.class], URL [jar:file:/home/ifaturoti_adeyemi/.m2/repository/org/springframework/data/spring-data-solr/1.3.2.RELEASE/spring-data-solr-1.3.2.RELEASE.jar!/org/springframework/data/solr/repository/support/SolrEntityInformationCreatorImpl.class]]
10:18:07.518 [main] DEBUG o.s.c.a.ClassPathScanningCandidateComponentProvider - Identified candidate component class: URL [jar:file:/home/ifaturoti_adeyemi/.m2/repository/org/springframework/data/spring-data-jpa/1.7.2.RELEASE/spring-data-jpa-1.7.2.RELEASE.jar!/org/springframework/data/jpa/repository/support/JpaRepositoryFactory.class]
10:18:07.529 [main] DEBUG o.s.c.a.ClassPathScanningCandidateComponentProvider - Identified candidate component class: URL [jar:file:/home/ifaturoti_adeyemi/.m2/repository/org/springframework/data/spring-data-solr/1.3.2.RELEASE/spring-data-solr-1.3.2.RELEASE.jar!/org/springframework/data/solr/repository/support/SolrRepositoryFactory.class]
10:18:07.529 [main] DEBUG o.s.d.r.c.RepositoryConfigurationDelegate - Multiple Spring Data modules found, entering strict repository configuration mode!
10:18:07.531 [main] DEBUG o.s.core.env.StandardEnvironment - Adding [systemProperties] PropertySource with lowest search precedence
10:18:07.531 [main] DEBUG o.s.core.env.StandardEnvironment - Adding [systemEnvironment] PropertySource with lowest search precedence
10:18:07.531 [main] DEBUG o.s.core.env.StandardEnvironment - Initialized StandardEnvironment with PropertySources [systemProperties,systemEnvironment]
10:18:07.531 [main] DEBUG o.s.b.f.s.DefaultListableBeanFactory - Creating shared instance of singleton bean 'org.springframework.boot.autoconfigure.AutoConfigurationPackages'
10:18:07.531 [main] DEBUG o.s.b.f.s.DefaultListableBeanFactory - Creating instance of bean 'org.springframework.boot.autoconfigure.AutoConfigurationPackages'
10:18:07.538 [main] DEBUG o.s.b.f.s.DefaultListableBeanFactory - Eagerly caching bean 'org.springframework.boot.autoconfigure.AutoConfigurationPackages' to allow for resolving potential circular references
10:18:07.538 [main] DEBUG o.s.b.f.s.DefaultListableBeanFactory - Finished creating instance of bean 'org.springframework.boot.autoconfigure.AutoConfigurationPackages'
10:18:07.539 [main] DEBUG o.s.b.a.AutoConfigurationPackages - @EnableAutoConfiguration was declared on a class in the package 'hello'. Automatic @Repository and @Entity scanning is enabled.
10:18:07.539 [main] DEBUG o.s.c.i.s.PathMatchingResourcePatternResolver - Looking for matching resources in directory tree [/home/ifaturoti_adeyemi/STS/workspace/gs-rest-hateoas-initial/target/classes/hello]
10:18:07.539 [main] DEBUG o.s.c.i.s.PathMatchingResourcePatternResolver - Searching directory [/home/ifaturoti_adeyemi/STS/workspace/gs-rest-hateoas-initial/target/classes/hello] for files matching pattern [/home/ifaturoti_adeyemi/STS/workspace/gs-rest-hateoas-initial/target/classes/hello/**/*.class]
10:18:07.539 [main] DEBUG o.s.c.i.s.PathMatchingResourcePatternResolver - Searching directory [/home/ifaturoti_adeyemi/STS/workspace/gs-rest-hateoas-initial/target/classes/hello/pojo] for files matching pattern [/home/ifaturoti_adeyemi/STS/workspace/gs-rest-hateoas-initial/target/classes/hello/**/*.class]
10:18:07.539 [main] DEBUG o.s.c.i.s.PathMatchingResourcePatternResolver - Searching directory [/home/ifaturoti_adeyemi/STS/workspace/gs-rest-hateoas-initial/target/classes/hello/pojo/repo] for files matching pattern [/home/ifaturoti_adeyemi/STS/workspace/gs-rest-hateoas-initial/target/classes/hello/**/*.class]
10:18:07.540 [main] DEBUG o.s.c.i.s.PathMatchingResourcePatternResolver - Resolved location pattern [classpath*:hello/**/*.class] to resources [file [/home/ifaturoti_adeyemi/STS/workspace/gs-rest-hateoas-initial/target/classes/hello/pojo/OrderProduct.class], file [/home/ifaturoti_adeyemi/STS/workspace/gs-rest-hateoas-initial/target/classes/hello/pojo/Product.class], file [/home/ifaturoti_adeyemi/STS/workspace/gs-rest-hateoas-initial/target/classes/hello/pojo/Customer.class], file [/home/ifaturoti_adeyemi/STS/workspace/gs-rest-hateoas-initial/target/classes/hello/pojo/Comment.class], file [/home/ifaturoti_adeyemi/STS/workspace/gs-rest-hateoas-initial/target/classes/hello/pojo/PaymentType.class], file [/home/ifaturoti_adeyemi/STS/workspace/gs-rest-hateoas-initial/target/classes/hello/pojo/repo/ProductRepo.class], file [/home/ifaturoti_adeyemi/STS/workspace/gs-rest-hateoas-initial/target/classes/hello/pojo/repo/AddressRepo.class], file [/home/ifaturoti_adeyemi/STS/workspace/gs-rest-hateoas-initial/target/classes/hello/pojo/repo/CommentRepo.class], file [/home/ifaturoti_adeyemi/STS/workspace/gs-rest-hateoas-initial/target/classes/hello/pojo/repo/CustomerRepo.class], file [/home/ifaturoti_adeyemi/STS/workspace/gs-rest-hateoas-initial/target/classes/hello/pojo/repo/OrderRepo.class], file [/home/ifaturoti_adeyemi/STS/workspace/gs-rest-hateoas-initial/target/classes/hello/pojo/repo/BillingRepo.class], file [/home/ifaturoti_adeyemi/STS/workspace/gs-rest-hateoas-initial/target/classes/hello/pojo/repo/PaymentRepo.class], file [/home/ifaturoti_adeyemi/STS/workspace/gs-rest-hateoas-initial/target/classes/hello/pojo/repo/OrderProductRepo.class], file [/home/ifaturoti_adeyemi/STS/workspace/gs-rest-hateoas-initial/target/classes/hello/pojo/Address.class], file [/home/ifaturoti_adeyemi/STS/workspace/gs-rest-hateoas-initial/target/classes/hello/pojo/Billing.class], file [/home/ifaturoti_adeyemi/STS/workspace/gs-rest-hateoas-initial/target/classes/hello/pojo/Payment.class], file [/home/ifaturoti_adeyemi/STS/workspace/gs-rest-hateoas-initial/target/classes/hello/pojo/Order.class], file [/home/ifaturoti_adeyemi/STS/workspace/gs-rest-hateoas-initial/target/classes/hello/Application.class]]
10:18:07.541 [main] DEBUG o.s.d.r.c.RepositoryComponentProvider - Identified candidate component class: file [/home/ifaturoti_adeyemi/STS/workspace/gs-rest-hateoas-initial/target/classes/hello/pojo/repo/ProductRepo.class]
10:18:07.541 [main] DEBUG o.s.d.r.c.RepositoryComponentProvider - Identified candidate component class: file [/home/ifaturoti_adeyemi/STS/workspace/gs-rest-hateoas-initial/target/classes/hello/pojo/repo/AddressRepo.class]
10:18:07.542 [main] DEBUG o.s.d.r.c.RepositoryComponentProvider - Identified candidate component class: file [/home/ifaturoti_adeyemi/STS/workspace/gs-rest-hateoas-initial/target/classes/hello/pojo/repo/CommentRepo.class]
10:18:07.542 [main] DEBUG o.s.d.r.c.RepositoryComponentProvider - Identified candidate component class: file [/home/ifaturoti_adeyemi/STS/workspace/gs-rest-hateoas-initial/target/classes/hello/pojo/repo/CustomerRepo.class]
10:18:07.542 [main] DEBUG o.s.d.r.c.RepositoryComponentProvider - Identified candidate component class: file [/home/ifaturoti_adeyemi/STS/workspace/gs-rest-hateoas-initial/target/classes/hello/pojo/repo/OrderRepo.class]
10:18:07.543 [main] DEBUG o.s.d.r.c.RepositoryComponentProvider - Identified candidate component class: file [/home/ifaturoti_adeyemi/STS/workspace/gs-rest-hateoas-initial/target/classes/hello/pojo/repo/BillingRepo.class]
10:18:07.543 [main] DEBUG o.s.d.r.c.RepositoryComponentProvider - Identified candidate component class: file [/home/ifaturoti_adeyemi/STS/workspace/gs-rest-hateoas-initial/target/classes/hello/pojo/repo/PaymentRepo.class]
10:18:07.543 [main] DEBUG o.s.d.r.c.RepositoryComponentProvider - Identified candidate component class: file [/home/ifaturoti_adeyemi/STS/workspace/gs-rest-hateoas-initial/target/classes/hello/pojo/repo/OrderProductRepo.class]
10:18:07.545 [main] DEBUG o.s.d.r.c.RepositoryConfigurationExtensionSupport - Spring Data Solr - Could not safely identify store assignment for repository candidate interface hello.pojo.repo.AddressRepo.
10:18:07.546 [main] DEBUG o.s.d.r.c.RepositoryConfigurationExtensionSupport - Spring Data Solr - Could not safely identify store assignment for repository candidate interface hello.pojo.repo.CustomerRepo.
10:18:07.547 [main] DEBUG o.s.d.r.c.RepositoryConfigurationExtensionSupport - Spring Data Solr - Could not safely identify store assignment for repository candidate interface hello.pojo.repo.OrderRepo.
10:18:07.547 [main] DEBUG o.s.d.r.c.RepositoryConfigurationExtensionSupport - Spring Data Solr - Could not safely identify store assignment for repository candidate interface hello.pojo.repo.ProductRepo.
10:18:07.548 [main] DEBUG o.s.d.r.c.RepositoryConfigurationExtensionSupport - Spring Data Solr - Could not safely identify store assignment for repository candidate interface hello.pojo.repo.OrderProductRepo.
10:18:07.548 [main] DEBUG o.s.d.r.c.RepositoryConfigurationExtensionSupport - Spring Data Solr - Could not safely identify store assignment for repository candidate interface hello.pojo.repo.BillingRepo.
10:18:07.549 [main] DEBUG o.s.d.r.c.RepositoryConfigurationExtensionSupport - Spring Data Solr - Could not safely identify store assignment for repository candidate interface hello.pojo.repo.CommentRepo.
10:18:07.549 [main] DEBUG o.s.d.r.c.RepositoryConfigurationExtensionSupport - Spring Data Solr - Could not safely identify store assignment for repository candidate interface hello.pojo.repo.PaymentRepo.
10:18:07.549 [main] DEBUG o.s.b.f.s.DefaultListableBeanFactory - Returning cached instance of singleton bean 'autoConfigurationReport'
10:18:07.550 [main] DEBUG o.s.b.f.s.DefaultListableBeanFactory - Returning cached instance of singleton bean 'autoConfigurationReport'
10:18:07.550 [main] DEBUG o.s.c.a.ConfigurationClassBeanDefinitionReader - Registered bean definition for imported @Configuration class org.springframework.boot.autoconfigure.jmx.JmxAutoConfiguration
10:18:07.550 [main] DEBUG o.s.b.f.s.DefaultListableBeanFactory - Returning cached instance of singleton bean 'org.springframework.boot.autoconfigure.condition.BeanTypeRegistry'
10:18:07.551 [main] DEBUG o.s.b.f.s.DefaultListableBeanFactory - Returning cached instance of singleton bean 'autoConfigurationReport'
10:18:07.552 [main] DEBUG o.s.c.a.ConfigurationClassBeanDefinitionReader - Registering bean definition for @Bean method org.springframework.boot.autoconfigure.jmx.JmxAutoConfiguration.mbeanExporter()
10:18:07.552 [main] DEBUG o.s.b.f.s.DefaultListableBeanFactory - Returning cached instance of singleton bean 'org.springframework.boot.autoconfigure.condition.BeanTypeRegistry'
10:18:07.554 [main] DEBUG o.s.b.f.s.DefaultListableBeanFactory - Returning cached instance of singleton bean 'autoConfigurationReport'
10:18:07.554 [main] DEBUG o.s.c.a.ConfigurationClassBeanDefinitionReader - Registering bean definition for @Bean method org.springframework.boot.autoconfigure.jmx.JmxAutoConfiguration.objectNamingStrategy()
10:18:07.555 [main] DEBUG o.s.b.f.s.DefaultListableBeanFactory - Returning cached instance of singleton bean 'org.springframework.boot.autoconfigure.condition.BeanTypeRegistry'
10:18:07.555 [main] DEBUG o.s.b.f.s.DefaultListableBeanFactory - Returning cached instance of singleton bean 'autoConfigurationReport'
10:18:07.555 [main] DEBUG o.s.c.a.ConfigurationClassBeanDefinitionReader - Registering bean definition for @Bean method org.springframework.boot.autoconfigure.jmx.JmxAutoConfiguration.mbeanServer()
10:18:07.555 [main] DEBUG o.s.b.f.s.DefaultListableBeanFactory - Returning cached instance of singleton bean 'autoConfigurationReport'
10:18:07.556 [main] DEBUG o.s.b.f.s.DefaultListableBeanFactory - Returning cached instance of singleton bean 'org.springframework.boot.autoconfigure.condition.BeanTypeRegistry'
10:18:07.556 [main] DEBUG o.s.b.f.s.DefaultListableBeanFactory - Returning cached instance of singleton bean 'autoConfigurationReport'
10:18:07.556 [main] DEBUG o.s.c.a.ConfigurationClassBeanDefinitionReader - Registered bean definition for imported @Configuration class org.springframework.transaction.annotation.ProxyTransactionManagementConfiguration
10:18:07.556 [main] DEBUG o.s.c.a.ConfigurationClassBeanDefinitionReader - Registering bean definition for @Bean method org.springframework.transaction.annotation.ProxyTransactionManagementConfiguration.org.springframework.transaction.config.internalTransactionAdvisor()
10:18:07.556 [main] DEBUG o.s.c.a.ConfigurationClassBeanDefinitionReader - Registering bean definition for @Bean method org.springframework.transaction.annotation.ProxyTransactionManagementConfiguration.transactionAttributeSource()
10:18:07.557 [main] DEBUG o.s.c.a.ConfigurationClassBeanDefinitionReader - Registering bean definition for @Bean method org.springframework.transaction.annotation.ProxyTransactionManagementConfiguration.transactionInterceptor()
10:18:07.557 [main] DEBUG o.s.c.a.ConfigurationClassBeanDefinitionReader - Registered bean definition for imported @Configuration class org.springframework.boot.autoconfigure.jdbc.DataSourceTransactionManagerAutoConfiguration$TransactionManagementConfiguration
10:18:07.557 [main] DEBUG o.s.c.a.ConfigurationClassBeanDefinitionReader - Registered bean definition for imported @Configuration class org.springframework.boot.autoconfigure.jdbc.DataSourceTransactionManagerAutoConfiguration
10:18:07.557 [main] DEBUG o.s.b.f.s.DefaultListableBeanFactory - Returning cached instance of singleton bean 'org.springframework.boot.autoconfigure.condition.BeanTypeRegistry'
10:18:07.561 [main] DEBUG o.s.b.f.s.DefaultListableBeanFactory - Returning cached instance of singleton bean 'autoConfigurationReport'
10:18:07.562 [main] DEBUG o.s.b.f.s.DefaultListableBeanFactory - Returning cached instance of singleton bean 'autoConfigurationReport'
10:18:07.562 [main] DEBUG o.s.c.a.ConfigurationClassBeanDefinitionReader - Registered bean definition for imported @Configuration class org.springframework.boot.autoconfigure.solr.SolrAutoConfiguration
10:18:07.563 [main] DEBUG o.s.b.f.s.DefaultListableBeanFactory - Returning cached instance of singleton bean 'org.springframework.boot.autoconfigure.condition.BeanTypeRegistry'
10:18:07.563 [main] DEBUG o.s.b.f.s.DefaultListableBeanFactory - Returning cached instance of singleton bean 'autoConfigurationReport'
10:18:07.563 [main] DEBUG o.s.c.a.ConfigurationClassBeanDefinitionReader - Registering bean definition for @Bean method org.springframework.boot.autoconfigure.solr.SolrAutoConfiguration.solrServer()
10:18:07.563 [main] DEBUG o.s.b.f.s.DefaultListableBeanFactory - Returning cached instance of singleton bean 'autoConfigurationReport'
10:18:07.564 [main] DEBUG o.s.b.f.s.DefaultListableBeanFactory - Returning cached instance of singleton bean 'autoConfigurationReport'
10:18:07.564 [main] DEBUG o.s.c.a.ConfigurationClassBeanDefinitionReader - Registered bean definition for imported @Configuration class org.springframework.boot.autoconfigure.web.HttpEncodingAutoConfiguration
10:18:07.564 [main] DEBUG o.s.b.f.s.DefaultListableBeanFactory - Returning cached instance of singleton bean 'org.springframework.boot.autoconfigure.condition.BeanTypeRegistry'
10:18:07.565 [main] DEBUG o.s.b.f.s.DefaultListableBeanFactory - Returning cached instance of singleton bean 'autoConfigurationReport'
10:18:07.565 [main] DEBUG o.s.c.a.ConfigurationClassBeanDefinitionReader - Registering bean definition for @Bean method org.springframework.boot.autoconfigure.web.HttpEncodingAutoConfiguration.characterEncodingFilter()
10:18:07.565 [main] DEBUG o.s.b.f.s.DefaultListableBeanFactory - Returning cached instance of singleton bean 'autoConfigurationReport'
10:18:07.566 [main] DEBUG o.s.b.f.s.DefaultListableBeanFactory - Returning cached instance of singleton bean 'autoConfigurationReport'
10:18:07.566 [main] DEBUG o.s.c.a.ConfigurationClassBeanDefinitionReader - Registered bean definition for imported @Configuration class org.springframework.boot.autoconfigure.web.MultipartAutoConfiguration
10:18:07.566 [main] DEBUG o.s.b.f.s.DefaultListableBeanFactory - Returning cached instance of singleton bean 'org.springframework.boot.autoconfigure.condition.BeanTypeRegistry'
10:18:07.567 [main] DEBUG o.s.b.f.s.DefaultListableBeanFactory - Returning cached instance of singleton bean 'autoConfigurationReport'
10:18:07.567 [main] DEBUG o.s.c.a.ConfigurationClassBeanDefinitionReader - Registering bean definition for @Bean method org.springframework.boot.autoconfigure.web.MultipartAutoConfiguration.multipartConfigElement()
10:18:07.567 [main] DEBUG o.s.b.f.s.DefaultListableBeanFactory - Returning cached instance of singleton bean 'org.springframework.boot.autoconfigure.condition.BeanTypeRegistry'
10:18:07.568 [main] DEBUG o.s.b.f.s.DefaultListableBeanFactory - Returning cached instance of singleton bean 'autoConfigurationReport'
10:18:07.568 [main] DEBUG o.s.c.a.ConfigurationClassBeanDefinitionReader - Registering bean definition for @Bean method org.springframework.boot.autoconfigure.web.MultipartAutoConfiguration.multipartResolver()
10:18:07.635 [main] DEBUG o.s.c.a.ConfigurationClassEnhancer - Successfully enhanced org.springframework.boot.autoconfigure.PropertyPlaceholderAutoConfiguration; enhanced class name is: org.springframework.boot.autoconfigure.PropertyPlaceholderAutoConfiguration$$EnhancerBySpringCGLIB$$4a60576
10:18:07.636 [main] DEBUG o.s.c.a.ConfigurationClassPostProcessor - Replacing bean definition 'org.springframework.boot.autoconfigure.PropertyPlaceholderAutoConfiguration' existing class name 'org.springframework.boot.autoconfigure.PropertyPlaceholderAutoConfiguration' with enhanced class name 'org.springframework.boot.autoconfigure.PropertyPlaceholderAutoConfiguration$$EnhancerBySpringCGLIB$$4a60576'
10:18:07.636 [main] DEBUG o.s.c.a.ConfigurationClassEnhancer - Successfully enhanced org.springframework.boot.autoconfigure.PropertyPlaceholderAutoConfiguration; enhanced class name is: org.springframework.boot.autoconfigure.PropertyPlaceholderAutoConfiguration$$EnhancerBySpringCGLIB$$4a60576
10:18:07.636 [main] DEBUG o.s.c.a.ConfigurationClassPostProcessor - Replacing bean definition 'propertySourcesPlaceholderConfigurer' existing class name 'org.springframework.boot.autoconfigure.PropertyPlaceholderAutoConfiguration' with enhanced class name 'org.springframework.boot.autoconfigure.PropertyPlaceholderAutoConfiguration$$EnhancerBySpringCGLIB$$4a60576'
10:18:07.649 [main] DEBUG o.s.c.a.ConfigurationClassEnhancer - Successfully enhanced org.springframework.boot.autoconfigure.websocket.WebSocketAutoConfiguration$TomcatWebSocketConfiguration; enhanced class name is: org.springframework.boot.autoconfigure.websocket.WebSocketAutoConfiguration$TomcatWebSocketConfiguration$$EnhancerBySpringCGLIB$$58669345
10:18:07.649 [main] DEBUG o.s.c.a.ConfigurationClassPostProcessor - Replacing bean definition 'org.springframework.boot.autoconfigure.websocket.WebSocketAutoConfiguration$TomcatWebSocketConfiguration' existing class name 'org.springframework.boot.autoconfigure.websocket.WebSocketAutoConfiguration$TomcatWebSocketConfiguration' with enhanced class name 'org.springframework.boot.autoconfigure.websocket.WebSocketAutoConfiguration$TomcatWebSocketConfiguration$$EnhancerBySpringCGLIB$$58669345'
10:18:07.651 [main] DEBUG o.s.c.a.ConfigurationClassEnhancer - Successfully enhanced org.springframework.boot.autoconfigure.websocket.WebSocketAutoConfiguration; enhanced class name is: org.springframework.boot.autoconfigure.websocket.WebSocketAutoConfiguration$$EnhancerBySpringCGLIB$$dac1cd94
10:18:07.651 [main] DEBUG o.s.c.a.ConfigurationClassPostProcessor - Replacing bean definition 'org.springframework.boot.autoconfigure.websocket.WebSocketAutoConfiguration' existing class name 'org.springframework.boot.autoconfigure.websocket.WebSocketAutoConfiguration' with enhanced class name 'org.springframework.boot.autoconfigure.websocket.WebSocketAutoConfiguration$$EnhancerBySpringCGLIB$$dac1cd94'
10:18:07.653 [main] DEBUG o.s.c.a.ConfigurationClassEnhancer - Successfully enhanced org.springframework.boot.autoconfigure.aop.AopAutoConfiguration$JdkDynamicAutoProxyConfiguration; enhanced class name is: org.springframework.boot.autoconfigure.aop.AopAutoConfiguration$JdkDynamicAutoProxyConfiguration$$EnhancerBySpringCGLIB$$765e118d
10:18:07.653 [main] DEBUG o.s.c.a.ConfigurationClassPostProcessor - Replacing bean definition 'org.springframework.boot.autoconfigure.aop.AopAutoConfiguration$JdkDynamicAutoProxyConfiguration' existing class name 'org.springframework.boot.autoconfigure.aop.AopAutoConfiguration$JdkDynamicAutoProxyConfiguration' with enhanced class name 'org.springframework.boot.autoconfigure.aop.AopAutoConfiguration$JdkDynamicAutoProxyConfiguration$$EnhancerBySpringCGLIB$$765e118d'
10:18:07.655 [main] DEBUG o.s.c.a.ConfigurationClassEnhancer - Successfully enhanced org.springframework.boot.autoconfigure.aop.AopAutoConfiguration; enhanced class name is: org.springframework.boot.autoconfigure.aop.AopAutoConfiguration$$EnhancerBySpringCGLIB$$4342b2be
10:18:07.655 [main] DEBUG o.s.c.a.ConfigurationClassPostProcessor - Replacing bean definition 'org.springframework.boot.autoconfigure.aop.AopAutoConfiguration' existing class name 'org.springframework.boot.autoconfigure.aop.AopAutoConfiguration' with enhanced class name 'org.springframework.boot.autoconfigure.aop.AopAutoConfiguration$$EnhancerBySpringCGLIB$$4342b2be'
10:18:07.657 [main] DEBUG o.s.c.a.ConfigurationClassEnhancer - Successfully enhanced org.springframework.boot.autoconfigure.jdbc.DataSourceAutoConfiguration$JdbcTemplateConfiguration; enhanced class name is: org.springframework.boot.autoconfigure.jdbc.DataSourceAutoConfiguration$JdbcTemplateConfiguration$$EnhancerBySpringCGLIB$$c2b87d79
10:18:07.657 [main] DEBUG o.s.c.a.ConfigurationClassPostProcessor - Replacing bean definition 'org.springframework.boot.autoconfigure.jdbc.DataSourceAutoConfiguration$JdbcTemplateConfiguration' existing class name 'org.springframework.boot.autoconfigure.jdbc.DataSourceAutoConfiguration$JdbcTemplateConfiguration' with enhanced class name 'org.springframework.boot.autoconfigure.jdbc.DataSourceAutoConfiguration$JdbcTemplateConfiguration$$EnhancerBySpringCGLIB$$c2b87d79'
10:18:07.660 [main] DEBUG o.s.c.a.ConfigurationClassEnhancer - Successfully enhanced org.springframework.boot.autoconfigure.jdbc.DataSourceAutoConfiguration$DataSourceInitializerConfiguration; enhanced class name is: org.springframework.boot.autoconfigure.jdbc.DataSourceAutoConfiguration$DataSourceInitializerConfiguration$$EnhancerBySpringCGLIB$$e70f583
10:18:07.660 [main] DEBUG o.s.c.a.ConfigurationClassPostProcessor - Replacing bean definition 'org.springframework.boot.autoconfigure.jdbc.DataSourceAutoConfiguration$DataSourceInitializerConfiguration' existing class name 'org.springframework.boot.autoconfigure.jdbc.DataSourceAutoConfiguration$DataSourceInitializerConfiguration' with enhanced class name 'org.springframework.boot.autoconfigure.jdbc.DataSourceAutoConfiguration$DataSourceInitializerConfiguration$$EnhancerBySpringCGLIB$$e70f583'
10:18:07.662 [main] DEBUG o.s.c.a.ConfigurationClassEnhancer - Successfully enhanced org.springframework.boot.autoconfigure.jdbc.metadata.DataSourcePoolMetadataProvidersConfiguration$TomcatDataSourcePoolMetadataProviderConfiguration; enhanced class name is: org.springframework.boot.autoconfigure.jdbc.metadata.DataSourcePoolMetadataProvidersConfiguration$TomcatDataSourcePoolMetadataProviderConfiguration$$EnhancerBySpringCGLIB$$8288a4aa
10:18:07.662 [main] DEBUG o.s.c.a.ConfigurationClassPostProcessor - Replacing bean definition 'org.springframework.boot.autoconfigure.jdbc.metadata.DataSourcePoolMetadataProvidersConfiguration$TomcatDataSourcePoolMetadataProviderConfiguration' existing class name 'org.springframework.boot.autoconfigure.jdbc.metadata.DataSourcePoolMetadataProvidersConfiguration$TomcatDataSourcePoolMetadataProviderConfiguration' with enhanced class name 'org.springframework.boot.autoconfigure.jdbc.metadata.DataSourcePoolMetadataProvidersConfiguration$TomcatDataSourcePoolMetadataProviderConfiguration$$EnhancerBySpringCGLIB$$8288a4aa'
10:18:07.663 [main] DEBUG o.s.c.a.ConfigurationClassEnhancer - Successfully enhanced org.springframework.boot.autoconfigure.jdbc.metadata.DataSourcePoolMetadataProvidersConfiguration; enhanced class name is: org.springframework.boot.autoconfigure.jdbc.metadata.DataSourcePoolMetadataProvidersConfiguration$$EnhancerBySpringCGLIB$$cb9d85d
10:18:07.664 [main] DEBUG o.s.c.a.ConfigurationClassPostProcessor - Replacing bean definition 'org.springframework.boot.autoconfigure.jdbc.metadata.DataSourcePoolMetadataProvidersConfiguration' existing class name 'org.springframework.boot.autoconfigure.jdbc.metadata.DataSourcePoolMetadataProvidersConfiguration' with enhanced class name 'org.springframework.boot.autoconfigure.jdbc.metadata.DataSourcePoolMetadataProvidersConfiguration$$EnhancerBySpringCGLIB$$cb9d85d'
10:18:07.665 [main] DEBUG o.s.c.a.ConfigurationClassEnhancer - Successfully enhanced org.springframework.boot.autoconfigure.jdbc.DataSourceAutoConfiguration; enhanced class name is: org.springframework.boot.autoconfigure.jdbc.DataSourceAutoConfiguration$$EnhancerBySpringCGLIB$$436f9b9c
10:18:07.665 [main] DEBUG o.s.c.a.ConfigurationClassPostProcessor - Replacing bean definition 'org.springframework.boot.autoconfigure.jdbc.DataSourceAutoConfiguration' existing class name 'org.springframework.boot.autoconfigure.jdbc.DataSourceAutoConfiguration' with enhanced class name 'org.springframework.boot.autoconfigure.jdbc.DataSourceAutoConfiguration$$EnhancerBySpringCGLIB$$436f9b9c'
10:18:07.669 [main] DEBUG o.s.c.a.ConfigurationClassEnhancer - Successfully enhanced org.springframework.boot.autoconfigure.orm.jpa.HibernateJpaAutoConfiguration; enhanced class name is: org.springframework.boot.autoconfigure.orm.jpa.HibernateJpaAutoConfiguration$$EnhancerBySpringCGLIB$$9eb9445c
10:18:07.670 [main] DEBUG o.s.c.a.ConfigurationClassPostProcessor - Replacing bean definition 'org.springframework.boot.autoconfigure.orm.jpa.HibernateJpaAutoConfiguration' existing class name 'org.springframework.boot.autoconfigure.orm.jpa.HibernateJpaAutoConfiguration' with enhanced class name 'org.springframework.boot.autoconfigure.orm.jpa.HibernateJpaAutoConfiguration$$EnhancerBySpringCGLIB$$9eb9445c'
10:18:07.672 [main] DEBUG o.s.c.a.ConfigurationClassEnhancer - Successfully enhanced org.springframework.boot.autoconfigure.jackson.JacksonAutoConfiguration$JacksonObjectMapperBuilderConfiguration; enhanced class name is: org.springframework.boot.autoconfigure.jackson.JacksonAutoConfiguration$JacksonObjectMapperBuilderConfiguration$$EnhancerBySpringCGLIB$$69ee38a6
10:18:07.672 [main] DEBUG o.s.c.a.ConfigurationClassPostProcessor - Replacing bean definition 'org.springframework.boot.autoconfigure.jackson.JacksonAutoConfiguration$JacksonObjectMapperBuilderConfiguration' existing class name 'org.springframework.boot.autoconfigure.jackson.JacksonAutoConfiguration$JacksonObjectMapperBuilderConfiguration' with enhanced class name 'org.springframework.boot.autoconfigure.jackson.JacksonAutoConfiguration$JacksonObjectMapperBuilderConfiguration$$EnhancerBySpringCGLIB$$69ee38a6'
10:18:07.673 [main] DEBUG o.s.c.a.ConfigurationClassEnhancer - Successfully enhanced org.springframework.boot.autoconfigure.jackson.JacksonAutoConfiguration$JacksonObjectMapperConfiguration; enhanced class name is: org.springframework.boot.autoconfigure.jackson.JacksonAutoConfiguration$JacksonObjectMapperConfiguration$$EnhancerBySpringCGLIB$$2d1bc5ad
10:18:07.674 [main] DEBUG o.s.c.a.ConfigurationClassPostProcessor - Replacing bean definition 'org.springframework.boot.autoconfigure.jackson.JacksonAutoConfiguration$JacksonObjectMapperConfiguration' existing class name 'org.springframework.boot.autoconfigure.jackson.JacksonAutoConfiguration$JacksonObjectMapperConfiguration' with enhanced class name 'org.springframework.boot.autoconfigure.jackson.JacksonAutoConfiguration$JacksonObjectMapperConfiguration$$EnhancerBySpringCGLIB$$2d1bc5ad'
10:18:07.676 [main] DEBUG o.s.c.a.ConfigurationClassEnhancer - Successfully enhanced org.springframework.boot.autoconfigure.jackson.JacksonAutoConfiguration; enhanced class name is: org.springframework.boot.autoconfigure.jackson.JacksonAutoConfiguration$$EnhancerBySpringCGLIB$$522edd5c
10:18:07.676 [main] DEBUG o.s.c.a.ConfigurationClassPostProcessor - Replacing bean definition 'org.springframework.boot.autoconfigure.jackson.JacksonAutoConfiguration' existing class name 'org.springframework.boot.autoconfigure.jackson.JacksonAutoConfiguration' with enhanced class name 'org.springframework.boot.autoconfigure.jackson.JacksonAutoConfiguration$$EnhancerBySpringCGLIB$$522edd5c'
10:18:07.677 [main] DEBUG o.s.c.a.ConfigurationClassEnhancer - Successfully enhanced org.springframework.boot.autoconfigure.web.HttpMessageConvertersAutoConfiguration$StringHttpMessageConverterConfiguration; enhanced class name is: org.springframework.boot.autoconfigure.web.HttpMessageConvertersAutoConfiguration$StringHttpMessageConverterConfiguration$$EnhancerBySpringCGLIB$$2a49ed3c
10:18:07.678 [main] DEBUG o.s.c.a.ConfigurationClassPostProcessor - Replacing bean definition 'org.springframework.boot.autoconfigure.web.HttpMessageConvertersAutoConfiguration$StringHttpMessageConverterConfiguration' existing class name 'org.springframework.boot.autoconfigure.web.HttpMessageConvertersAutoConfiguration$StringHttpMessageConverterConfiguration' with enhanced class name 'org.springframework.boot.autoconfigure.web.HttpMessageConvertersAutoConfiguration$StringHttpMessageConverterConfiguration$$EnhancerBySpringCGLIB$$2a49ed3c'
10:18:07.679 [main] DEBUG o.s.c.a.ConfigurationClassEnhancer - Successfully enhanced org.springframework.boot.autoconfigure.web.JacksonHttpMessageConvertersConfiguration$MappingJackson2HttpMessageConverterConfiguration; enhanced class name is: org.springframework.boot.autoconfigure.web.JacksonHttpMessageConvertersConfiguration$MappingJackson2HttpMessageConverterConfiguration$$EnhancerBySpringCGLIB$$59dad73c
10:18:07.679 [main] DEBUG o.s.c.a.ConfigurationClassPostProcessor - Replacing bean definition 'org.springframework.boot.autoconfigure.web.JacksonHttpMessageConvertersConfiguration$MappingJackson2HttpMessageConverterConfiguration' existing class name 'org.springframework.boot.autoconfigure.web.JacksonHttpMessageConvertersConfiguration$MappingJackson2HttpMessageConverterConfiguration' with enhanced class name 'org.springframework.boot.autoconfigure.web.JacksonHttpMessageConvertersConfiguration$MappingJackson2HttpMessageConverterConfiguration$$EnhancerBySpringCGLIB$$59dad73c'
10:18:07.680 [main] DEBUG o.s.c.a.ConfigurationClassEnhancer - Successfully enhanced org.springframework.boot.autoconfigure.web.JacksonHttpMessageConvertersConfiguration; enhanced class name is: org.springframework.boot.autoconfigure.web.JacksonHttpMessageConvertersConfiguration$$EnhancerBySpringCGLIB$$aa3698f2
10:18:07.681 [main] DEBUG o.s.c.a.ConfigurationClassPostProcessor - Replacing bean definition 'org.springframework.boot.autoconfigure.web.JacksonHttpMessageConvertersConfiguration' existing class name 'org.springframework.boot.autoconfigure.web.JacksonHttpMessageConvertersConfiguration' with enhanced class name 'org.springframework.boot.autoconfigure.web.JacksonHttpMessageConvertersConfiguration$$EnhancerBySpringCGLIB$$aa3698f2'
10:18:07.682 [main] DEBUG o.s.c.a.ConfigurationClassEnhancer - Successfully enhanced org.springframework.boot.autoconfigure.web.GsonHttpMessageConvertersConfiguration; enhanced class name is: org.springframework.boot.autoconfigure.web.GsonHttpMessageConvertersConfiguration$$EnhancerBySpringCGLIB$$faf5ae36
10:18:07.682 [main] DEBUG o.s.c.a.ConfigurationClassPostProcessor - Replacing bean definition 'org.springframework.boot.autoconfigure.web.GsonHttpMessageConvertersConfiguration' existing class name 'org.springframework.boot.autoconfigure.web.GsonHttpMessageConvertersConfiguration' with enhanced class name 'org.springframework.boot.autoconfigure.web.GsonHttpMessageConvertersConfiguration$$EnhancerBySpringCGLIB$$faf5ae36'
10:18:07.683 [main] DEBUG o.s.c.a.ConfigurationClassEnhancer - Successfully enhanced org.springframework.boot.autoconfigure.web.HttpMessageConvertersAutoConfiguration; enhanced class name is: org.springframework.boot.autoconfigure.web.HttpMessageConvertersAutoConfiguration$$EnhancerBySpringCGLIB$$f40b69c
10:18:07.684 [main] DEBUG o.s.c.a.ConfigurationClassPostProcessor - Replacing bean definition 'org.springframework.boot.autoconfigure.web.HttpMessageConvertersAutoConfiguration' existing class name 'org.springframework.boot.autoconfigure.web.HttpMessageConvertersAutoConfiguration' with enhanced class name 'org.springframework.boot.autoconfigure.web.HttpMessageConvertersAutoConfiguration$$EnhancerBySpringCGLIB$$f40b69c'
10:18:07.685 [main] DEBUG o.s.c.a.ConfigurationClassEnhancer - Successfully enhanced org.springframework.boot.autoconfigure.data.solr.SolrRepositoriesAutoConfiguration; enhanced class name is: org.springframework.boot.autoconfigure.data.solr.SolrRepositoriesAutoConfiguration$$EnhancerBySpringCGLIB$$1f7225ca
10:18:07.685 [main] DEBUG o.s.c.a.ConfigurationClassPostProcessor - Replacing bean definition 'org.springframework.boot.autoconfigure.data.solr.SolrRepositoriesAutoConfiguration' existing class name 'org.springframework.boot.autoconfigure.data.solr.SolrRepositoriesAutoConfiguration' with enhanced class name 'org.springframework.boot.autoconfigure.data.solr.SolrRepositoriesAutoConfiguration$$EnhancerBySpringCGLIB$$1f7225ca'
10:18:07.687 [main] DEBUG o.s.c.a.ConfigurationClassEnhancer - Successfully enhanced org.springframework.boot.autoconfigure.jmx.JmxAutoConfiguration; enhanced class name is: org.springframework.boot.autoconfigure.jmx.JmxAutoConfiguration$$EnhancerBySpringCGLIB$$2c889fd8
10:18:07.688 [main] DEBUG o.s.c.a.ConfigurationClassPostProcessor - Replacing bean definition 'org.springframework.boot.autoconfigure.jmx.JmxAutoConfiguration' existing class name 'org.springframework.boot.autoconfigure.jmx.JmxAutoConfiguration' with enhanced class name 'org.springframework.boot.autoconfigure.jmx.JmxAutoConfiguration$$EnhancerBySpringCGLIB$$2c889fd8'
10:18:07.697 [main] DEBUG o.s.c.a.ConfigurationClassEnhancer - Successfully enhanced org.springframework.transaction.annotation.ProxyTransactionManagementConfiguration; enhanced class name is: org.springframework.transaction.annotation.ProxyTransactionManagementConfiguration$$EnhancerBySpringCGLIB$$b3ace43c
10:18:07.697 [main] DEBUG o.s.c.a.ConfigurationClassPostProcessor - Replacing bean definition 'org.springframework.transaction.annotation.ProxyTransactionManagementConfiguration' existing class name 'org.springframework.transaction.annotation.ProxyTransactionManagementConfiguration' with enhanced class name 'org.springframework.transaction.annotation.ProxyTransactionManagementConfiguration$$EnhancerBySpringCGLIB$$b3ace43c'
10:18:07.698 [main] DEBUG o.s.c.a.ConfigurationClassEnhancer - Successfully enhanced org.springframework.boot.autoconfigure.jdbc.DataSourceTransactionManagerAutoConfiguration$TransactionManagementConfiguration; enhanced class name is: org.springframework.boot.autoconfigure.jdbc.DataSourceTransactionManagerAutoConfiguration$TransactionManagementConfiguration$$EnhancerBySpringCGLIB$$5509eb0e
10:18:07.698 [main] DEBUG o.s.c.a.ConfigurationClassPostProcessor - Replacing bean definition 'org.springframework.boot.autoconfigure.jdbc.DataSourceTransactionManagerAutoConfiguration$TransactionManagementConfiguration' existing class name 'org.springframework.boot.autoconfigure.jdbc.DataSourceTransactionManagerAutoConfiguration$TransactionManagementConfiguration' with enhanced class name 'org.springframework.boot.autoconfigure.jdbc.DataSourceTransactionManagerAutoConfiguration$TransactionManagementConfiguration$$EnhancerBySpringCGLIB$$5509eb0e'
10:18:07.701 [main] DEBUG o.s.c.a.ConfigurationClassEnhancer - Successfully enhanced org.springframework.boot.autoconfigure.jdbc.DataSourceTransactionManagerAutoConfiguration; enhanced class name is: org.springframework.boot.autoconfigure.jdbc.DataSourceTransactionManagerAutoConfiguration$$EnhancerBySpringCGLIB$$8dc01e6d
10:18:07.701 [main] DEBUG o.s.c.a.ConfigurationClassPostProcessor - Replacing bean definition 'org.springframework.boot.autoconfigure.jdbc.DataSourceTransactionManagerAutoConfiguration' existing class name 'org.springframework.boot.autoconfigure.jdbc.DataSourceTransactionManagerAutoConfiguration' with enhanced class name 'org.springframework.boot.autoconfigure.jdbc.DataSourceTransactionManagerAutoConfiguration$$EnhancerBySpringCGLIB$$8dc01e6d'
10:18:07.703 [main] DEBUG o.s.c.a.ConfigurationClassEnhancer - Successfully enhanced org.springframework.boot.autoconfigure.solr.SolrAutoConfiguration; enhanced class name is: org.springframework.boot.autoconfigure.solr.SolrAutoConfiguration$$EnhancerBySpringCGLIB$$b3e42426
10:18:07.704 [main] DEBUG o.s.c.a.ConfigurationClassPostProcessor - Replacing bean definition 'org.springframework.boot.autoconfigure.solr.SolrAutoConfiguration' existing class name 'org.springframework.boot.autoconfigure.solr.SolrAutoConfiguration' with enhanced class name 'org.springframework.boot.autoconfigure.solr.SolrAutoConfiguration$$EnhancerBySpringCGLIB$$b3e42426'
10:18:07.705 [main] DEBUG o.s.c.a.ConfigurationClassEnhancer - Successfully enhanced org.springframework.boot.autoconfigure.web.HttpEncodingAutoConfiguration; enhanced class name is: org.springframework.boot.autoconfigure.web.HttpEncodingAutoConfiguration$$EnhancerBySpringCGLIB$$4b6dd187
10:18:07.705 [main] DEBUG o.s.c.a.ConfigurationClassPostProcessor - Replacing bean definition 'org.springframework.boot.autoconfigure.web.HttpEncodingAutoConfiguration' existing class name 'org.springframework.boot.autoconfigure.web.HttpEncodingAutoConfiguration' with enhanced class name 'org.springframework.boot.autoconfigure.web.HttpEncodingAutoConfiguration$$EnhancerBySpringCGLIB$$4b6dd187'
10:18:07.707 [main] DEBUG o.s.c.a.ConfigurationClassEnhancer - Successfully enhanced org.springframework.boot.autoconfigure.web.MultipartAutoConfiguration; enhanced class name is: org.springframework.boot.autoconfigure.web.MultipartAutoConfiguration$$EnhancerBySpringCGLIB$$be1da6c2
10:18:07.707 [main] DEBUG o.s.c.a.ConfigurationClassPostProcessor - Replacing bean definition 'org.springframework.boot.autoconfigure.web.MultipartAutoConfiguration' existing class name 'org.springframework.boot.autoconfigure.web.MultipartAutoConfiguration' with enhanced class name 'org.springframework.boot.autoconfigure.web.MultipartAutoConfiguration$$EnhancerBySpringCGLIB$$be1da6c2'
10:18:07.710 [main] DEBUG o.s.b.f.s.DefaultListableBeanFactory - Creating shared instance of singleton bean 'propertySourcesPlaceholderConfigurer'
10:18:07.710 [main] DEBUG o.s.b.f.s.DefaultListableBeanFactory - Creating instance of bean 'propertySourcesPlaceholderConfigurer'
10:18:07.712 [main] DEBUG o.s.b.f.s.DefaultListableBeanFactory - Eagerly caching bean 'propertySourcesPlaceholderConfigurer' to allow for resolving potential circular references
10:18:07.713 [main] DEBUG o.s.b.f.s.DefaultListableBeanFactory - Finished creating instance of bean 'propertySourcesPlaceholderConfigurer'
10:18:07.713 [main] DEBUG o.s.core.env.MutablePropertySources - Adding [environmentProperties] PropertySource with lowest search precedence
10:18:07.713 [main] DEBUG o.s.core.env.MutablePropertySources - Adding [localProperties] PropertySource with lowest search precedence
10:18:07.716 [main] DEBUG o.s.b.f.s.DefaultListableBeanFactory - Creating shared instance of singleton bean 'foo'
10:18:07.716 [main] DEBUG o.s.b.f.s.DefaultListableBeanFactory - Creating instance of bean 'foo'
10:18:07.716 [main] DEBUG o.s.b.f.s.DefaultListableBeanFactory - Eagerly caching bean 'foo' to allow for resolving potential circular references
10:18:07.716 [main] DEBUG o.s.b.f.s.DefaultListableBeanFactory - Finished creating instance of bean 'foo'
10:18:07.717 [main] DEBUG o.s.b.f.s.DefaultListableBeanFactory - Creating shared instance of singleton bean 'org.springframework.boot.context.properties.ConfigurationPropertiesBindingPostProcessor.store'
10:18:07.717 [main] DEBUG o.s.b.f.s.DefaultListableBeanFactory - Creating instance of bean 'org.springframework.boot.context.properties.ConfigurationPropertiesBindingPostProcessor.store'
10:18:07.717 [main] DEBUG o.s.b.f.s.DefaultListableBeanFactory - Eagerly caching bean 'org.springframework.boot.context.properties.ConfigurationPropertiesBindingPostProcessor.store' to allow for resolving potential circular references
10:18:07.717 [main] DEBUG o.s.b.f.s.DefaultListableBeanFactory - Finished creating instance of bean 'org.springframework.boot.context.properties.ConfigurationPropertiesBindingPostProcessor.store'
10:18:07.729 [main] DEBUG o.s.b.f.s.DefaultListableBeanFactory - Creating shared instance of singleton bean 'org.springframework.context.annotation.internalAutowiredAnnotationProcessor'
10:18:07.730 [main] DEBUG o.s.b.f.s.DefaultListableBeanFactory - Creating instance of bean 'org.springframework.context.annotation.internalAutowiredAnnotationProcessor'
10:18:07.730 [main] INFO  o.s.b.f.a.AutowiredAnnotationBeanPostProcessor - JSR-330 'javax.inject.Inject' annotation found and supported for autowiring
10:18:07.731 [main] DEBUG o.s.b.f.s.DefaultListableBeanFactory - Eagerly caching bean 'org.springframework.context.annotation.internalAutowiredAnnotationProcessor' to allow for resolving potential circular references
10:18:07.731 [main] DEBUG o.s.b.f.s.DefaultListableBeanFactory - Finished creating instance of bean 'org.springframework.context.annotation.internalAutowiredAnnotationProcessor'
10:18:07.731 [main] DEBUG o.s.b.f.s.DefaultListableBeanFactory - Creating shared instance of singleton bean 'org.springframework.context.annotation.internalRequiredAnnotationProcessor'
10:18:07.731 [main] DEBUG o.s.b.f.s.DefaultListableBeanFactory - Creating instance of bean 'org.springframework.context.annotation.internalRequiredAnnotationProcessor'
10:18:07.731 [main] DEBUG o.s.b.f.s.DefaultListableBeanFactory - Eagerly caching bean 'org.springframework.context.annotation.internalRequiredAnnotationProcessor' to allow for resolving potential circular references
10:18:07.731 [main] DEBUG o.s.b.f.s.DefaultListableBeanFactory - Finished creating instance of bean 'org.springframework.context.annotation.internalRequiredAnnotationProcessor'
10:18:07.731 [main] DEBUG o.s.b.f.s.DefaultListableBeanFactory - Creating shared instance of singleton bean 'org.springframework.context.annotation.internalCommonAnnotationProcessor'
10:18:07.731 [main] DEBUG o.s.b.f.s.DefaultListableBeanFactory - Creating instance of bean 'org.springframework.context.annotation.internalCommonAnnotationProcessor'
10:18:07.733 [main] DEBUG o.s.b.f.s.DefaultListableBeanFactory - Eagerly caching bean 'org.springframework.context.annotation.internalCommonAnnotationProcessor' to allow for resolving potential circular references
10:18:07.733 [main] DEBUG o.s.b.f.s.DefaultListableBeanFactory - Finished creating instance of bean 'org.springframework.context.annotation.internalCommonAnnotationProcessor'
10:18:07.733 [main] DEBUG o.s.b.f.s.DefaultListableBeanFactory - Creating shared instance of singleton bean 'org.springframework.context.annotation.internalPersistenceAnnotationProcessor'
10:18:07.733 [main] DEBUG o.s.b.f.s.DefaultListableBeanFactory - Creating instance of bean 'org.springframework.context.annotation.internalPersistenceAnnotationProcessor'
10:18:07.733 [main] DEBUG o.s.b.f.s.DefaultListableBeanFactory - Eagerly caching bean 'org.springframework.context.annotation.internalPersistenceAnnotationProcessor' to allow for resolving potential circular references
10:18:07.733 [main] DEBUG o.s.b.f.s.DefaultListableBeanFactory - Finished creating instance of bean 'org.springframework.context.annotation.internalPersistenceAnnotationProcessor'
10:18:07.734 [main] DEBUG o.s.b.f.s.DefaultListableBeanFactory - Creating shared instance of singleton bean 'org.springframework.context.annotation.ConfigurationClassPostProcessor.importAwareProcessor'
10:18:07.734 [main] DEBUG o.s.b.f.s.DefaultListableBeanFactory - Creating instance of bean 'org.springframework.context.annotation.ConfigurationClassPostProcessor.importAwareProcessor'
10:18:07.734 [main] DEBUG o.s.b.f.s.DefaultListableBeanFactory - Eagerly caching bean 'org.springframework.context.annotation.ConfigurationClassPostProcessor.importAwareProcessor' to allow for resolving potential circular references
10:18:07.734 [main] DEBUG o.s.b.f.s.DefaultListableBeanFactory - Finished creating instance of bean 'org.springframework.context.annotation.ConfigurationClassPostProcessor.importAwareProcessor'
10:18:07.734 [main] DEBUG o.s.b.f.s.DefaultListableBeanFactory - Creating shared instance of singleton bean 'org.springframework.context.annotation.ConfigurationClassPostProcessor.enhancedConfigurationProcessor'
10:18:07.734 [main] DEBUG o.s.b.f.s.DefaultListableBeanFactory - Creating instance of bean 'org.springframework.context.annotation.ConfigurationClassPostProcessor.enhancedConfigurationProcessor'
10:18:07.734 [main] DEBUG o.s.b.f.s.DefaultListableBeanFactory - Eagerly caching bean 'org.springframework.context.annotation.ConfigurationClassPostProcessor.enhancedConfigurationProcessor' to allow for resolving potential circular references
10:18:07.734 [main] DEBUG o.s.b.f.s.DefaultListableBeanFactory - Finished creating instance of bean 'org.springframework.context.annotation.ConfigurationClassPostProcessor.enhancedConfigurationProcessor'
10:18:07.734 [main] DEBUG o.s.b.f.s.DefaultListableBeanFactory - Creating shared instance of singleton bean 'org.springframework.data.repository.core.support.RepositoryInterfaceAwareBeanPostProcessor'
10:18:07.734 [main] DEBUG o.s.b.f.s.DefaultListableBeanFactory - Creating instance of bean 'org.springframework.data.repository.core.support.RepositoryInterfaceAwareBeanPostProcessor'
10:18:07.734 [main] DEBUG o.s.b.f.s.DefaultListableBeanFactory - Eagerly caching bean 'org.springframework.data.repository.core.support.RepositoryInterfaceAwareBeanPostProcessor' to allow for resolving potential circular references
10:18:07.734 [main] DEBUG o.s.b.f.s.DefaultListableBeanFactory - Finished creating instance of bean 'org.springframework.data.repository.core.support.RepositoryInterfaceAwareBeanPostProcessor'
10:18:07.734 [main] DEBUG o.s.b.f.s.DefaultListableBeanFactory - Creating shared instance of singleton bean 'org.springframework.boot.context.properties.ConfigurationPropertiesBindingPostProcessor'
10:18:07.734 [main] DEBUG o.s.b.f.s.DefaultListableBeanFactory - Creating instance of bean 'org.springframework.boot.context.properties.ConfigurationPropertiesBindingPostProcessor'
10:18:07.735 [main] DEBUG o.s.core.env.StandardEnvironment - Adding [systemProperties] PropertySource with lowest search precedence
10:18:07.735 [main] DEBUG o.s.core.env.StandardEnvironment - Adding [systemEnvironment] PropertySource with lowest search precedence
10:18:07.735 [main] DEBUG o.s.core.env.StandardEnvironment - Initialized StandardEnvironment with PropertySources [systemProperties,systemEnvironment]
10:18:07.735 [main] DEBUG o.s.b.f.s.DefaultListableBeanFactory - Eagerly caching bean 'org.springframework.boot.context.properties.ConfigurationPropertiesBindingPostProcessor' to allow for resolving potential circular references
10:18:07.735 [main] DEBUG o.s.b.f.s.DefaultListableBeanFactory - Returning cached instance of singleton bean 'org.springframework.boot.context.properties.ConfigurationPropertiesBindingPostProcessor.store'
10:18:07.747 [main] DEBUG o.s.b.f.s.DefaultListableBeanFactory - Invoking afterPropertiesSet() on bean with name 'org.springframework.boot.context.properties.ConfigurationPropertiesBindingPostProcessor'
10:18:07.749 [main] DEBUG o.s.b.f.s.DefaultListableBeanFactory - Returning cached instance of singleton bean 'propertySourcesPlaceholderConfigurer'
10:18:07.778 [main] DEBUG org.jboss.logging - Logging Provider: org.jboss.logging.Slf4jLoggerProvider
10:18:07.778 [main] INFO  o.h.validator.internal.util.Version - HV000001: Hibernate Validator 5.1.3.Final
10:18:07.785 [main] DEBUG o.h.v.i.e.r.DefaultTraversableResolver - Found javax.persistence.Persistence on classpath containing 'getPersistenceUtil'. Assuming JPA 2 environment. Trying to instantiate JPA aware TraversableResolver
10:18:07.786 [main] DEBUG o.h.v.i.e.r.DefaultTraversableResolver - Instantiated JPA aware TraversableResolver of type org.hibernate.validator.internal.engine.resolver.JPATraversableResolver.
10:18:07.791 [main] DEBUG o.h.v.i.engine.ConfigurationImpl - Setting custom MessageInterpolator of type org.springframework.validation.beanvalidation.LocaleContextMessageInterpolator
10:18:07.792 [main] DEBUG o.h.v.i.engine.ConfigurationImpl - Setting custom ConstraintValidatorFactory of type org.springframework.validation.beanvalidation.SpringConstraintValidatorFactory
10:18:07.793 [main] DEBUG o.h.v.i.engine.ConfigurationImpl - Setting custom ParameterNameProvider of type com.sun.proxy.$Proxy36
10:18:07.805 [main] DEBUG o.h.v.i.xml.ValidationXmlParser - Trying to load META-INF/validation.xml for XML based Validator configuration.
10:18:07.810 [main] DEBUG o.h.v.i.xml.ValidationXmlParser - No META-INF/validation.xml found. Using annotation based configuration only.
10:18:07.844 [main] DEBUG o.s.b.f.s.DefaultListableBeanFactory - Finished creating instance of bean 'org.springframework.boot.context.properties.ConfigurationPropertiesBindingPostProcessor'
10:18:07.845 [main] DEBUG o.s.b.f.s.DefaultListableBeanFactory - Creating shared instance of singleton bean 'org.springframework.aop.config.internalAutoProxyCreator'
10:18:07.845 [main] DEBUG o.s.b.f.s.DefaultListableBeanFactory - Creating instance of bean 'org.springframework.aop.config.internalAutoProxyCreator'
10:18:07.860 [main] DEBUG o.s.b.f.s.DefaultListableBeanFactory - Eagerly caching bean 'org.springframework.aop.config.internalAutoProxyCreator' to allow for resolving potential circular references
10:18:07.871 [main] DEBUG o.s.b.f.s.DefaultListableBeanFactory - Finished creating instance of bean 'org.springframework.aop.config.internalAutoProxyCreator'
10:18:07.871 [main] DEBUG o.s.b.f.s.DefaultListableBeanFactory - Creating shared instance of singleton bean 'dataSourceInitializerPostProcessor'
10:18:07.871 [main] DEBUG o.s.b.f.s.DefaultListableBeanFactory - Creating instance of bean 'dataSourceInitializerPostProcessor'
10:18:07.873 [main] DEBUG o.s.b.f.annotation.InjectionMetadata - Registered injected element on class [org.springframework.boot.autoconfigure.jdbc.DataSourceInitializerPostProcessor]: AutowiredFieldElement for private org.springframework.beans.factory.BeanFactory org.springframework.boot.autoconfigure.jdbc.DataSourceInitializerPostProcessor.beanFactory
10:18:07.873 [main] DEBUG o.s.b.f.s.DefaultListableBeanFactory - Eagerly caching bean 'dataSourceInitializerPostProcessor' to allow for resolving potential circular references
10:18:07.875 [main] DEBUG o.s.b.f.annotation.InjectionMetadata - Processing injected element of bean 'dataSourceInitializerPostProcessor': AutowiredFieldElement for private org.springframework.beans.factory.BeanFactory org.springframework.boot.autoconfigure.jdbc.DataSourceInitializerPostProcessor.beanFactory
10:18:07.879 [main] DEBUG o.s.b.f.a.AutowiredAnnotationBeanPostProcessor - Autowiring by type from bean name 'dataSourceInitializerPostProcessor' to bean named 'org.springframework.beans.factory.support.DefaultListableBeanFactory@2cbb3d47'
10:18:07.879 [main] DEBUG o.s.b.f.s.DefaultListableBeanFactory - Finished creating instance of bean 'dataSourceInitializerPostProcessor'
10:18:07.880 [main] DEBUG o.s.b.f.s.DefaultListableBeanFactory - Creating shared instance of singleton bean 'persistenceExceptionTranslationPostProcessor'
10:18:07.880 [main] DEBUG o.s.b.f.s.DefaultListableBeanFactory - Creating instance of bean 'persistenceExceptionTranslationPostProcessor'
10:18:07.882 [main] DEBUG o.s.b.f.s.DefaultListableBeanFactory - Eagerly caching bean 'persistenceExceptionTranslationPostProcessor' to allow for resolving potential circular references
10:18:07.887 [main] DEBUG o.s.b.f.s.DefaultListableBeanFactory - Finished creating instance of bean 'persistenceExceptionTranslationPostProcessor'
10:18:07.887 [main] DEBUG o.s.b.f.s.DefaultListableBeanFactory - Creating shared instance of singleton bean 'dataSourceInitializedPublisher'
10:18:07.887 [main] DEBUG o.s.b.f.s.DefaultListableBeanFactory - Creating instance of bean 'dataSourceInitializedPublisher'
10:18:07.888 [main] DEBUG o.s.b.f.annotation.InjectionMetadata - Registered injected element on class [org.springframework.boot.autoconfigure.orm.jpa.DataSourceInitializedPublisher]: AutowiredFieldElement for private org.springframework.context.ApplicationContext org.springframework.boot.autoconfigure.orm.jpa.DataSourceInitializedPublisher.applicationContext
10:18:07.888 [main] DEBUG o.s.b.f.s.DefaultListableBeanFactory - Eagerly caching bean 'dataSourceInitializedPublisher' to allow for resolving potential circular references
10:18:07.889 [main] DEBUG o.s.b.f.annotation.InjectionMetadata - Processing injected element of bean 'dataSourceInitializedPublisher': AutowiredFieldElement for private org.springframework.context.ApplicationContext org.springframework.boot.autoconfigure.orm.jpa.DataSourceInitializedPublisher.applicationContext
10:18:07.892 [main] DEBUG o.s.b.f.a.AutowiredAnnotationBeanPostProcessor - Autowiring by type from bean name 'dataSourceInitializedPublisher' to bean named 'org.springframework.context.support.GenericApplicationContext@4a87761d'
10:18:07.892 [main] DEBUG o.s.b.f.s.DefaultListableBeanFactory - Finished creating instance of bean 'dataSourceInitializedPublisher'
10:18:07.894 [main] DEBUG o.s.c.s.GenericApplicationContext - Unable to locate MessageSource with name 'messageSource': using default [org.springframework.context.support.DelegatingMessageSource@2c88b9fc]
10:18:07.896 [main] DEBUG o.s.c.s.GenericApplicationContext - Unable to locate ApplicationEventMulticaster with name 'applicationEventMulticaster': using default [org.springframework.context.event.SimpleApplicationEventMulticaster@7be58f16]
10:18:07.900 [main] DEBUG o.s.b.f.s.DefaultListableBeanFactory - Creating shared instance of singleton bean 'entityManagerFactory'
10:18:07.901 [main] DEBUG o.s.b.f.s.DefaultListableBeanFactory - Creating instance of bean 'entityManagerFactory'
10:18:07.903 [main] DEBUG o.s.b.f.s.DefaultListableBeanFactory - Creating shared instance of singleton bean 'org.springframework.transaction.config.internalTransactionAdvisor'
10:18:07.903 [main] DEBUG o.s.b.f.s.DefaultListableBeanFactory - Creating instance of bean 'org.springframework.transaction.config.internalTransactionAdvisor'
10:18:07.903 [main] DEBUG o.s.b.f.s.DefaultListableBeanFactory - Creating shared instance of singleton bean 'org.springframework.transaction.annotation.ProxyTransactionManagementConfiguration'
10:18:07.903 [main] DEBUG o.s.b.f.s.DefaultListableBeanFactory - Creating instance of bean 'org.springframework.transaction.annotation.ProxyTransactionManagementConfiguration'
10:18:07.904 [main] DEBUG o.s.a.f.a.BeanFactoryAdvisorRetrievalHelper - Skipping currently created advisor 'org.springframework.transaction.config.internalTransactionAdvisor'
10:18:07.922 [main] DEBUG o.s.b.f.annotation.InjectionMetadata - Registered injected element on class [org.springframework.transaction.annotation.ProxyTransactionManagementConfiguration$$EnhancerBySpringCGLIB$$b3ace43c]: AutowiredMethodElement for void org.springframework.transaction.annotation.AbstractTransactionManagementConfiguration.setConfigurers(java.util.Collection)
10:18:07.922 [main] DEBUG o.s.b.f.s.DefaultListableBeanFactory - Eagerly caching bean 'org.springframework.transaction.annotation.ProxyTransactionManagementConfiguration' to allow for resolving potential circular references
10:18:07.922 [main] DEBUG o.s.b.f.annotation.InjectionMetadata - Processing injected element of bean 'org.springframework.transaction.annotation.ProxyTransactionManagementConfiguration': AutowiredMethodElement for void org.springframework.transaction.annotation.AbstractTransactionManagementConfiguration.setConfigurers(java.util.Collection)
10:18:07.925 [main] DEBUG o.s.b.f.s.DefaultListableBeanFactory - Returning cached instance of singleton bean 'org.springframework.context.annotation.ConfigurationClassPostProcessor.importRegistry'
10:18:07.925 [main] DEBUG o.s.a.f.a.BeanFactoryAdvisorRetrievalHelper - Skipping currently created advisor 'org.springframework.transaction.config.internalTransactionAdvisor'
10:18:07.925 [main] DEBUG o.s.a.f.a.BeanFactoryAdvisorRetrievalHelper - Skipping currently created advisor 'org.springframework.transaction.config.internalTransactionAdvisor'
10:18:07.927 [main] DEBUG o.s.b.f.s.DefaultListableBeanFactory - Finished creating instance of bean 'org.springframework.transaction.annotation.ProxyTransactionManagementConfiguration'
10:18:07.940 [main] DEBUG o.s.b.f.s.DefaultListableBeanFactory - Creating shared instance of singleton bean 'transactionAttributeSource'
10:18:07.941 [main] DEBUG o.s.b.f.s.DefaultListableBeanFactory - Creating instance of bean 'transactionAttributeSource'
10:18:07.941 [main] DEBUG o.s.a.f.a.BeanFactoryAdvisorRetrievalHelper - Skipping currently created advisor 'org.springframework.transaction.config.internalTransactionAdvisor'
10:18:07.941 [main] DEBUG o.s.b.f.s.DefaultListableBeanFactory - Returning cached instance of singleton bean 'org.springframework.transaction.annotation.ProxyTransactionManagementConfiguration'
10:18:07.941 [main] DEBUG o.s.b.f.s.DefaultListableBeanFactory - Eagerly caching bean 'transactionAttributeSource' to allow for resolving potential circular references
10:18:07.945 [main] DEBUG o.s.a.f.a.BeanFactoryAdvisorRetrievalHelper - Skipping currently created advisor 'org.springframework.transaction.config.internalTransactionAdvisor'
10:18:07.945 [main] DEBUG o.s.a.f.a.BeanFactoryAdvisorRetrievalHelper - Skipping currently created advisor 'org.springframework.transaction.config.internalTransactionAdvisor'
10:18:07.945 [main] DEBUG o.s.b.f.s.DefaultListableBeanFactory - Finished creating instance of bean 'transactionAttributeSource'
10:18:07.945 [main] DEBUG o.s.b.f.s.DefaultListableBeanFactory - Creating shared instance of singleton bean 'transactionInterceptor'
10:18:07.945 [main] DEBUG o.s.b.f.s.DefaultListableBeanFactory - Creating instance of bean 'transactionInterceptor'
10:18:07.946 [main] DEBUG o.s.b.f.s.DefaultListableBeanFactory - Returning cached instance of singleton bean 'org.springframework.transaction.annotation.ProxyTransactionManagementConfiguration'
10:18:07.948 [main] DEBUG o.s.b.f.s.DefaultListableBeanFactory - Returning cached instance of singleton bean 'transactionAttributeSource'
10:18:07.950 [main] DEBUG o.s.b.f.s.DefaultListableBeanFactory - Eagerly caching bean 'transactionInterceptor' to allow for resolving potential circular references
10:18:07.953 [main] DEBUG o.s.b.f.s.DefaultListableBeanFactory - Invoking afterPropertiesSet() on bean with name 'transactionInterceptor'
10:18:07.953 [main] DEBUG o.s.b.f.s.DefaultListableBeanFactory - Finished creating instance of bean 'transactionInterceptor'
10:18:07.954 [main] DEBUG o.s.b.f.s.DefaultListableBeanFactory - Eagerly caching bean 'org.springframework.transaction.config.internalTransactionAdvisor' to allow for resolving potential circular references
10:18:07.959 [main] DEBUG o.s.b.f.s.DefaultListableBeanFactory - Finished creating instance of bean 'org.springframework.transaction.config.internalTransactionAdvisor'
10:18:07.960 [main] DEBUG o.s.b.f.s.DefaultListableBeanFactory - Creating shared instance of singleton bean 'org.springframework.boot.autoconfigure.orm.jpa.HibernateJpaAutoConfiguration'
10:18:07.960 [main] DEBUG o.s.b.f.s.DefaultListableBeanFactory - Creating instance of bean 'org.springframework.boot.autoconfigure.orm.jpa.HibernateJpaAutoConfiguration'
10:18:07.960 [main] DEBUG o.s.b.f.s.DefaultListableBeanFactory - Returning cached instance of singleton bean 'org.springframework.transaction.config.internalTransactionAdvisor'
10:18:07.963 [main] DEBUG o.s.b.f.annotation.InjectionMetadata - Registered injected element on class [org.springframework.boot.autoconfigure.orm.jpa.HibernateJpaAutoConfiguration$$EnhancerBySpringCGLIB$$9eb9445c]: AutowiredFieldElement for private javax.sql.DataSource org.springframework.boot.autoconfigure.orm.jpa.JpaBaseConfiguration.dataSource
10:18:07.963 [main] DEBUG o.s.b.f.annotation.InjectionMetadata - Registered injected element on class [org.springframework.boot.autoconfigure.orm.jpa.HibernateJpaAutoConfiguration$$EnhancerBySpringCGLIB$$9eb9445c]: AutowiredFieldElement for private org.springframework.orm.jpa.persistenceunit.PersistenceUnitManager org.springframework.boot.autoconfigure.orm.jpa.JpaBaseConfiguration.persistenceUnitManager
10:18:07.963 [main] DEBUG o.s.b.f.annotation.InjectionMetadata - Registered injected element on class [org.springframework.boot.autoconfigure.orm.jpa.HibernateJpaAutoConfiguration$$EnhancerBySpringCGLIB$$9eb9445c]: AutowiredFieldElement for private org.springframework.boot.autoconfigure.orm.jpa.JpaProperties org.springframework.boot.autoconfigure.orm.jpa.JpaBaseConfiguration.jpaProperties
10:18:07.963 [main] DEBUG o.s.b.f.annotation.InjectionMetadata - Registered injected element on class [org.springframework.boot.autoconfigure.orm.jpa.HibernateJpaAutoConfiguration$$EnhancerBySpringCGLIB$$9eb9445c]: AutowiredFieldElement for private org.springframework.transaction.jta.JtaTransactionManager org.springframework.boot.autoconfigure.orm.jpa.JpaBaseConfiguration.jtaTransactionManager
10:18:07.964 [main] DEBUG o.s.b.f.annotation.InjectionMetadata - Registered injected element on class [org.springframework.boot.autoconfigure.orm.jpa.HibernateJpaAutoConfiguration$$EnhancerBySpringCGLIB$$9eb9445c]: AutowiredFieldElement for private org.springframework.boot.autoconfigure.orm.jpa.JpaProperties org.springframework.boot.autoconfigure.orm.jpa.HibernateJpaAutoConfiguration.properties
10:18:07.964 [main] DEBUG o.s.b.f.annotation.InjectionMetadata - Registered injected element on class [org.springframework.boot.autoconfigure.orm.jpa.HibernateJpaAutoConfiguration$$EnhancerBySpringCGLIB$$9eb9445c]: AutowiredFieldElement for private javax.sql.DataSource org.springframework.boot.autoconfigure.orm.jpa.HibernateJpaAutoConfiguration.dataSource
10:18:07.964 [main] DEBUG o.s.b.f.s.DefaultListableBeanFactory - Eagerly caching bean 'org.springframework.boot.autoconfigure.orm.jpa.HibernateJpaAutoConfiguration' to allow for resolving potential circular references
10:18:07.971 [main] DEBUG o.s.b.f.annotation.InjectionMetadata - Processing injected element of bean 'org.springframework.boot.autoconfigure.orm.jpa.HibernateJpaAutoConfiguration': AutowiredFieldElement for private javax.sql.DataSource org.springframework.boot.autoconfigure.orm.jpa.JpaBaseConfiguration.dataSource
10:18:07.974 [main] DEBUG o.s.b.f.s.DefaultListableBeanFactory - Creating shared instance of singleton bean 'dataSource'
10:18:07.975 [main] DEBUG o.s.b.f.s.DefaultListableBeanFactory - Creating instance of bean 'dataSource'
10:18:07.975 [main] DEBUG o.s.b.f.s.DefaultListableBeanFactory - Returning cached instance of singleton bean 'org.springframework.transaction.config.internalTransactionAdvisor'
10:18:07.975 [main] DEBUG o.s.b.f.s.DefaultListableBeanFactory - Creating shared instance of singleton bean 'org.springframework.boot.autoconfigure.jdbc.DataSourceAutoConfiguration$NonEmbeddedConfiguration'
10:18:07.975 [main] DEBUG o.s.b.f.s.DefaultListableBeanFactory - Creating instance of bean 'org.springframework.boot.autoconfigure.jdbc.DataSourceAutoConfiguration$NonEmbeddedConfiguration'
10:18:07.975 [main] DEBUG o.s.b.f.s.DefaultListableBeanFactory - Returning cached instance of singleton bean 'org.springframework.transaction.config.internalTransactionAdvisor'
10:18:07.976 [main] DEBUG o.s.b.f.annotation.InjectionMetadata - Registered injected element on class [org.springframework.boot.autoconfigure.jdbc.DataSourceAutoConfiguration$NonEmbeddedConfiguration]: AutowiredFieldElement for private org.springframework.boot.autoconfigure.jdbc.DataSourceProperties org.springframework.boot.autoconfigure.jdbc.DataSourceAutoConfiguration$NonEmbeddedConfiguration.properties
10:18:07.976 [main] DEBUG o.s.b.f.s.DefaultListableBeanFactory - Eagerly caching bean 'org.springframework.boot.autoconfigure.jdbc.DataSourceAutoConfiguration$NonEmbeddedConfiguration' to allow for resolving potential circular references
10:18:07.977 [main] DEBUG o.s.b.f.annotation.InjectionMetadata - Processing injected element of bean 'org.springframework.boot.autoconfigure.jdbc.DataSourceAutoConfiguration$NonEmbeddedConfiguration': AutowiredFieldElement for private org.springframework.boot.autoconfigure.jdbc.DataSourceProperties org.springframework.boot.autoconfigure.jdbc.DataSourceAutoConfiguration$NonEmbeddedConfiguration.properties
10:18:07.979 [main] DEBUG o.s.b.f.s.DefaultListableBeanFactory - Creating shared instance of singleton bean 'spring.datasource.CONFIGURATION_PROPERTIES'
10:18:07.979 [main] DEBUG o.s.b.f.s.DefaultListableBeanFactory - Creating instance of bean 'spring.datasource.CONFIGURATION_PROPERTIES'
10:18:07.979 [main] DEBUG o.s.b.f.s.DefaultListableBeanFactory - Returning cached instance of singleton bean 'org.springframework.transaction.config.internalTransactionAdvisor'
10:18:07.981 [main] DEBUG o.s.b.f.s.DefaultListableBeanFactory - Eagerly caching bean 'spring.datasource.CONFIGURATION_PROPERTIES' to allow for resolving potential circular references
10:18:07.999 [main] DEBUG o.s.core.env.MutablePropertySources - Adding [Inlined Test Properties] PropertySource with lowest search precedence
10:18:08.000 [main] DEBUG o.s.core.env.MutablePropertySources - Adding [systemProperties] PropertySource with lowest search precedence
10:18:08.000 [main] DEBUG o.s.core.env.MutablePropertySources - Adding [systemEnvironment] PropertySource with lowest search precedence
10:18:08.000 [main] DEBUG o.s.core.env.MutablePropertySources - Adding [localProperties] PropertySource with lowest search precedence
10:18:08.000 [main] DEBUG o.s.core.env.MutablePropertySources - Adding [Inlined Test Properties] PropertySource with lowest search precedence
10:18:08.000 [main] DEBUG o.s.core.env.MutablePropertySources - Adding [systemProperties] PropertySource with lowest search precedence
10:18:08.000 [main] DEBUG o.s.core.env.MutablePropertySources - Adding [systemEnvironment] PropertySource with lowest search precedence
10:18:08.000 [main] DEBUG o.s.core.env.MutablePropertySources - Adding [localProperties] PropertySource with lowest search precedence
10:18:08.000 [main] DEBUG o.s.c.e.PropertySourcesPropertyResolver - Searching for key 'org.springframework.boot.test.IntegrationTest' in [Inlined Test Properties]
10:18:08.001 [main] DEBUG o.s.c.e.PropertySourcesPropertyResolver - Found key 'org.springframework.boot.test.IntegrationTest' in [Inlined Test Properties] with type [String] and value 'true'
10:18:08.046 [main] DEBUG o.s.b.f.s.DefaultListableBeanFactory - Invoking afterPropertiesSet() on bean with name 'spring.datasource.CONFIGURATION_PROPERTIES'
10:18:08.047 [main] DEBUG o.s.b.f.s.DefaultListableBeanFactory - Returning cached instance of singleton bean 'org.springframework.transaction.config.internalTransactionAdvisor'
10:18:08.047 [main] DEBUG o.s.b.f.s.DefaultListableBeanFactory - Returning cached instance of singleton bean 'org.springframework.transaction.config.internalTransactionAdvisor'
10:18:08.049 [main] DEBUG o.s.b.f.s.DefaultListableBeanFactory - Finished creating instance of bean 'spring.datasource.CONFIGURATION_PROPERTIES'
10:18:08.049 [main] DEBUG o.s.b.f.a.AutowiredAnnotationBeanPostProcessor - Autowiring by type from bean name 'org.springframework.boot.autoconfigure.jdbc.DataSourceAutoConfiguration$NonEmbeddedConfiguration' to bean named 'spring.datasource.CONFIGURATION_PROPERTIES'
10:18:08.049 [main] DEBUG o.s.b.f.s.DefaultListableBeanFactory - Returning cached instance of singleton bean 'org.springframework.transaction.config.internalTransactionAdvisor'
10:18:08.049 [main] DEBUG o.s.b.f.s.DefaultListableBeanFactory - Returning cached instance of singleton bean 'org.springframework.transaction.config.internalTransactionAdvisor'
10:18:08.050 [main] DEBUG o.s.b.f.s.DefaultListableBeanFactory - Finished creating instance of bean 'org.springframework.boot.autoconfigure.jdbc.DataSourceAutoConfiguration$NonEmbeddedConfiguration'
10:18:08.074 [main] DEBUG o.s.b.f.s.DefaultListableBeanFactory - Eagerly caching bean 'dataSource' to allow for resolving potential circular references
10:18:08.086 [main] DEBUG o.s.core.env.MutablePropertySources - Adding [Inlined Test Properties] PropertySource with lowest search precedence
10:18:08.086 [main] DEBUG o.s.core.env.MutablePropertySources - Adding [systemProperties] PropertySource with lowest search precedence
10:18:08.086 [main] DEBUG o.s.core.env.MutablePropertySources - Adding [systemEnvironment] PropertySource with lowest search precedence
10:18:08.086 [main] DEBUG o.s.core.env.MutablePropertySources - Adding [localProperties] PropertySource with lowest search precedence
10:18:08.086 [main] DEBUG o.s.core.env.MutablePropertySources - Adding [Inlined Test Properties] PropertySource with lowest search precedence
10:18:08.087 [main] DEBUG o.s.core.env.MutablePropertySources - Adding [systemProperties] PropertySource with lowest search precedence
10:18:08.087 [main] DEBUG o.s.core.env.MutablePropertySources - Adding [systemEnvironment] PropertySource with lowest search precedence
10:18:08.087 [main] DEBUG o.s.core.env.MutablePropertySources - Adding [localProperties] PropertySource with lowest search precedence
10:18:08.087 [main] DEBUG o.s.c.e.PropertySourcesPropertyResolver - Searching for key 'org.springframework.boot.test.IntegrationTest' in [Inlined Test Properties]
10:18:08.087 [main] DEBUG o.s.c.e.PropertySourcesPropertyResolver - Found key 'org.springframework.boot.test.IntegrationTest' in [Inlined Test Properties] with type [String] and value 'true'
10:18:08.124 [main] DEBUG o.s.b.f.s.DefaultListableBeanFactory - Returning cached instance of singleton bean 'org.springframework.transaction.config.internalTransactionAdvisor'
10:18:08.124 [main] DEBUG o.s.b.f.s.DefaultListableBeanFactory - Returning cached instance of singleton bean 'org.springframework.transaction.config.internalTransactionAdvisor'
10:18:08.129 [main] DEBUG o.s.b.f.s.DefaultListableBeanFactory - Creating shared instance of singleton bean 'dataSourceInitializer'
10:18:08.129 [main] DEBUG o.s.b.f.s.DefaultListableBeanFactory - Creating instance of bean 'dataSourceInitializer'
10:18:08.130 [main] DEBUG o.s.b.f.s.DefaultListableBeanFactory - Returning cached instance of singleton bean 'org.springframework.transaction.config.internalTransactionAdvisor'
10:18:08.130 [main] DEBUG o.s.b.f.s.DefaultListableBeanFactory - Creating shared instance of singleton bean 'org.springframework.boot.autoconfigure.jdbc.DataSourceAutoConfiguration$DataSourceInitializerConfiguration'
10:18:08.130 [main] DEBUG o.s.b.f.s.DefaultListableBeanFactory - Creating instance of bean 'org.springframework.boot.autoconfigure.jdbc.DataSourceAutoConfiguration$DataSourceInitializerConfiguration'
10:18:08.130 [main] DEBUG o.s.b.f.s.DefaultListableBeanFactory - Returning cached instance of singleton bean 'org.springframework.transaction.config.internalTransactionAdvisor'
10:18:08.130 [main] DEBUG o.s.b.f.s.DefaultListableBeanFactory - Eagerly caching bean 'org.springframework.boot.autoconfigure.jdbc.DataSourceAutoConfiguration$DataSourceInitializerConfiguration' to allow for resolving potential circular references
10:18:08.133 [main] DEBUG o.s.b.f.s.DefaultListableBeanFactory - Returning cached instance of singleton bean 'org.springframework.transaction.config.internalTransactionAdvisor'
10:18:08.133 [main] DEBUG o.s.b.f.s.DefaultListableBeanFactory - Returning cached instance of singleton bean 'org.springframework.transaction.config.internalTransactionAdvisor'
10:18:08.134 [main] DEBUG o.s.b.f.s.DefaultListableBeanFactory - Finished creating instance of bean 'org.springframework.boot.autoconfigure.jdbc.DataSourceAutoConfiguration$DataSourceInitializerConfiguration'
10:18:08.138 [main] DEBUG o.s.c.a.CommonAnnotationBeanPostProcessor - Found init method on class [org.springframework.boot.autoconfigure.jdbc.DataSourceInitializer]: public void org.springframework.boot.autoconfigure.jdbc.DataSourceInitializer.init()
10:18:08.138 [main] DEBUG o.s.c.a.CommonAnnotationBeanPostProcessor - Registered init method on class [org.springframework.boot.autoconfigure.jdbc.DataSourceInitializer]: org.springframework.beans.factory.annotation.InitDestroyAnnotationBeanPostProcessor$LifecycleElement@316510
10:18:08.139 [main] DEBUG o.s.b.f.annotation.InjectionMetadata - Registered injected element on class [org.springframework.boot.autoconfigure.jdbc.DataSourceInitializer]: AutowiredFieldElement for private org.springframework.context.ConfigurableApplicationContext org.springframework.boot.autoconfigure.jdbc.DataSourceInitializer.applicationContext
10:18:08.139 [main] DEBUG o.s.b.f.annotation.InjectionMetadata - Registered injected element on class [org.springframework.boot.autoconfigure.jdbc.DataSourceInitializer]: AutowiredFieldElement for private org.springframework.boot.autoconfigure.jdbc.DataSourceProperties org.springframework.boot.autoconfigure.jdbc.DataSourceInitializer.properties
10:18:08.139 [main] DEBUG o.s.b.f.s.DefaultListableBeanFactory - Eagerly caching bean 'dataSourceInitializer' to allow for resolving potential circular references
10:18:08.141 [main] DEBUG o.s.b.f.annotation.InjectionMetadata - Processing injected element of bean 'dataSourceInitializer': AutowiredFieldElement for private org.springframework.context.ConfigurableApplicationContext org.springframework.boot.autoconfigure.jdbc.DataSourceInitializer.applicationContext
10:18:08.142 [main] DEBUG o.s.b.f.a.AutowiredAnnotationBeanPostProcessor - Autowiring by type from bean name 'dataSourceInitializer' to bean named 'org.springframework.context.support.GenericApplicationContext@4a87761d'
10:18:08.142 [main] DEBUG o.s.b.f.annotation.InjectionMetadata - Processing injected element of bean 'dataSourceInitializer': AutowiredFieldElement for private org.springframework.boot.autoconfigure.jdbc.DataSourceProperties org.springframework.boot.autoconfigure.jdbc.DataSourceInitializer.properties
10:18:08.144 [main] DEBUG o.s.b.f.s.DefaultListableBeanFactory - Returning cached instance of singleton bean 'spring.datasource.CONFIGURATION_PROPERTIES'
10:18:08.144 [main] DEBUG o.s.b.f.a.AutowiredAnnotationBeanPostProcessor - Autowiring by type from bean name 'dataSourceInitializer' to bean named 'spring.datasource.CONFIGURATION_PROPERTIES'
10:18:08.144 [main] DEBUG o.s.c.a.CommonAnnotationBeanPostProcessor - Invoking init method on bean 'dataSourceInitializer': public void org.springframework.boot.autoconfigure.jdbc.DataSourceInitializer.init()
10:18:08.147 [main] DEBUG o.s.b.f.s.DefaultListableBeanFactory - Returning eagerly cached instance of singleton bean 'dataSource' that is not fully initialized yet - a consequence of a circular reference
10:18:08.148 [main] DEBUG o.s.b.f.s.DefaultListableBeanFactory - Returning cached instance of singleton bean 'org.springframework.transaction.config.internalTransactionAdvisor'
10:18:08.148 [main] DEBUG o.s.b.f.s.DefaultListableBeanFactory - Returning cached instance of singleton bean 'org.springframework.transaction.config.internalTransactionAdvisor'
10:18:08.148 [main] DEBUG o.s.b.f.s.DefaultListableBeanFactory - Finished creating instance of bean 'dataSourceInitializer'
10:18:08.149 [main] DEBUG o.s.b.f.s.DefaultListableBeanFactory - Finished creating instance of bean 'dataSource'
10:18:08.149 [main] DEBUG o.s.b.f.a.AutowiredAnnotationBeanPostProcessor - Autowiring by type from bean name 'org.springframework.boot.autoconfigure.orm.jpa.HibernateJpaAutoConfiguration' to bean named 'dataSource'
10:18:08.149 [main] DEBUG o.s.b.f.annotation.InjectionMetadata - Processing injected element of bean 'org.springframework.boot.autoconfigure.orm.jpa.HibernateJpaAutoConfiguration': AutowiredFieldElement for private org.springframework.orm.jpa.persistenceunit.PersistenceUnitManager org.springframework.boot.autoconfigure.orm.jpa.JpaBaseConfiguration.persistenceUnitManager
10:18:08.150 [main] DEBUG o.s.b.f.annotation.InjectionMetadata - Processing injected element of bean 'org.springframework.boot.autoconfigure.orm.jpa.HibernateJpaAutoConfiguration': AutowiredFieldElement for private org.springframework.boot.autoconfigure.orm.jpa.JpaProperties org.springframework.boot.autoconfigure.orm.jpa.JpaBaseConfiguration.jpaProperties
10:18:08.151 [main] DEBUG o.s.b.f.s.DefaultListableBeanFactory - Creating shared instance of singleton bean 'spring.jpa.CONFIGURATION_PROPERTIES'
10:18:08.152 [main] DEBUG o.s.b.f.s.DefaultListableBeanFactory - Creating instance of bean 'spring.jpa.CONFIGURATION_PROPERTIES'
10:18:08.152 [main] DEBUG o.s.b.f.s.DefaultListableBeanFactory - Returning cached instance of singleton bean 'org.springframework.transaction.config.internalTransactionAdvisor'
10:18:08.152 [main] DEBUG o.s.b.f.s.DefaultListableBeanFactory - Eagerly caching bean 'spring.jpa.CONFIGURATION_PROPERTIES' to allow for resolving potential circular references
10:18:08.155 [main] DEBUG o.s.core.env.MutablePropertySources - Adding [Inlined Test Properties] PropertySource with lowest search precedence
10:18:08.155 [main] DEBUG o.s.core.env.MutablePropertySources - Adding [systemProperties] PropertySource with lowest search precedence
10:18:08.155 [main] DEBUG o.s.core.env.MutablePropertySources - Adding [systemEnvironment] PropertySource with lowest search precedence
10:18:08.155 [main] DEBUG o.s.core.env.MutablePropertySources - Adding [localProperties] PropertySource with lowest search precedence
10:18:08.156 [main] DEBUG o.s.core.env.MutablePropertySources - Adding [Inlined Test Properties] PropertySource with lowest search precedence
10:18:08.156 [main] DEBUG o.s.core.env.MutablePropertySources - Adding [systemProperties] PropertySource with lowest search precedence
10:18:08.156 [main] DEBUG o.s.core.env.MutablePropertySources - Adding [systemEnvironment] PropertySource with lowest search precedence
10:18:08.156 [main] DEBUG o.s.core.env.MutablePropertySources - Adding [localProperties] PropertySource with lowest search precedence
10:18:08.156 [main] DEBUG o.s.c.e.PropertySourcesPropertyResolver - Searching for key 'org.springframework.boot.test.IntegrationTest' in [Inlined Test Properties]
10:18:08.156 [main] DEBUG o.s.c.e.PropertySourcesPropertyResolver - Found key 'org.springframework.boot.test.IntegrationTest' in [Inlined Test Properties] with type [String] and value 'true'
10:18:08.161 [main] DEBUG o.s.b.f.s.DefaultListableBeanFactory - Returning cached instance of singleton bean 'org.springframework.transaction.config.internalTransactionAdvisor'
10:18:08.161 [main] DEBUG o.s.b.f.s.DefaultListableBeanFactory - Returning cached instance of singleton bean 'org.springframework.transaction.config.internalTransactionAdvisor'
10:18:08.161 [main] DEBUG o.s.b.f.s.DefaultListableBeanFactory - Finished creating instance of bean 'spring.jpa.CONFIGURATION_PROPERTIES'
10:18:08.161 [main] DEBUG o.s.b.f.a.AutowiredAnnotationBeanPostProcessor - Autowiring by type from bean name 'org.springframework.boot.autoconfigure.orm.jpa.HibernateJpaAutoConfiguration' to bean named 'spring.jpa.CONFIGURATION_PROPERTIES'
10:18:08.162 [main] DEBUG o.s.b.f.annotation.InjectionMetadata - Processing injected element of bean 'org.springframework.boot.autoconfigure.orm.jpa.HibernateJpaAutoConfiguration': AutowiredFieldElement for private org.springframework.transaction.jta.JtaTransactionManager org.springframework.boot.autoconfigure.orm.jpa.JpaBaseConfiguration.jtaTransactionManager
10:18:08.163 [main] DEBUG o.s.b.f.annotation.InjectionMetadata - Processing injected element of bean 'org.springframework.boot.autoconfigure.orm.jpa.HibernateJpaAutoConfiguration': AutowiredFieldElement for private org.springframework.boot.autoconfigure.orm.jpa.JpaProperties org.springframework.boot.autoconfigure.orm.jpa.HibernateJpaAutoConfiguration.properties
10:18:08.164 [main] DEBUG o.s.b.f.s.DefaultListableBeanFactory - Returning cached instance of singleton bean 'spring.jpa.CONFIGURATION_PROPERTIES'
10:18:08.164 [main] DEBUG o.s.b.f.a.AutowiredAnnotationBeanPostProcessor - Autowiring by type from bean name 'org.springframework.boot.autoconfigure.orm.jpa.HibernateJpaAutoConfiguration' to bean named 'spring.jpa.CONFIGURATION_PROPERTIES'
10:18:08.164 [main] DEBUG o.s.b.f.annotation.InjectionMetadata - Processing injected element of bean 'org.springframework.boot.autoconfigure.orm.jpa.HibernateJpaAutoConfiguration': AutowiredFieldElement for private javax.sql.DataSource org.springframework.boot.autoconfigure.orm.jpa.HibernateJpaAutoConfiguration.dataSource
10:18:08.166 [main] DEBUG o.s.b.f.s.DefaultListableBeanFactory - Returning cached instance of singleton bean 'dataSource'
10:18:08.166 [main] DEBUG o.s.b.f.a.AutowiredAnnotationBeanPostProcessor - Autowiring by type from bean name 'org.springframework.boot.autoconfigure.orm.jpa.HibernateJpaAutoConfiguration' to bean named 'dataSource'
10:18:08.166 [main] DEBUG o.s.b.f.s.DefaultListableBeanFactory - Returning cached instance of singleton bean 'org.springframework.transaction.config.internalTransactionAdvisor'
10:18:08.166 [main] DEBUG o.s.b.f.s.DefaultListableBeanFactory - Returning cached instance of singleton bean 'org.springframework.transaction.config.internalTransactionAdvisor'
10:18:08.167 [main] DEBUG o.s.b.f.s.DefaultListableBeanFactory - Finished creating instance of bean 'org.springframework.boot.autoconfigure.orm.jpa.HibernateJpaAutoConfiguration'
10:18:08.169 [main] DEBUG o.s.b.f.s.DefaultListableBeanFactory - Creating shared instance of singleton bean 'entityManagerFactoryBuilder'
10:18:08.169 [main] DEBUG o.s.b.f.s.DefaultListableBeanFactory - Creating instance of bean 'entityManagerFactoryBuilder'
10:18:08.169 [main] DEBUG o.s.b.f.s.DefaultListableBeanFactory - Returning cached instance of singleton bean 'org.springframework.transaction.config.internalTransactionAdvisor'
10:18:08.169 [main] DEBUG o.s.b.f.s.DefaultListableBeanFactory - Returning cached instance of singleton bean 'org.springframework.boot.autoconfigure.orm.jpa.HibernateJpaAutoConfiguration'
10:18:08.170 [main] DEBUG o.s.b.f.s.DefaultListableBeanFactory - Creating shared instance of singleton bean 'jpaVendorAdapter'
10:18:08.170 [main] DEBUG o.s.b.f.s.DefaultListableBeanFactory - Creating instance of bean 'jpaVendorAdapter'
10:18:08.170 [main] DEBUG o.s.b.f.s.DefaultListableBeanFactory - Returning cached instance of singleton bean 'org.springframework.transaction.config.internalTransactionAdvisor'
10:18:08.170 [main] DEBUG o.s.b.f.s.DefaultListableBeanFactory - Returning cached instance of singleton bean 'org.springframework.boot.autoconfigure.orm.jpa.HibernateJpaAutoConfiguration'
10:18:08.188 [main] DEBUG o.s.b.f.s.DefaultListableBeanFactory - Eagerly caching bean 'jpaVendorAdapter' to allow for resolving potential circular references
10:18:08.192 [main] DEBUG o.s.b.f.s.DefaultListableBeanFactory - Returning cached instance of singleton bean 'org.springframework.transaction.config.internalTransactionAdvisor'
10:18:08.192 [main] DEBUG o.s.b.f.s.DefaultListableBeanFactory - Returning cached instance of singleton bean 'org.springframework.transaction.config.internalTransactionAdvisor'
10:18:08.193 [main] DEBUG o.s.b.f.s.DefaultListableBeanFactory - Finished creating instance of bean 'jpaVendorAdapter'
10:18:08.193 [main] DEBUG o.s.b.f.s.DefaultListableBeanFactory - Autowiring by type from bean name 'entityManagerFactoryBuilder' via factory method to bean named 'jpaVendorAdapter'
10:18:08.194 [main] DEBUG o.s.b.f.s.DefaultListableBeanFactory - Eagerly caching bean 'entityManagerFactoryBuilder' to allow for resolving potential circular references
10:18:08.196 [main] DEBUG o.s.b.f.s.DefaultListableBeanFactory - Returning cached instance of singleton bean 'org.springframework.transaction.config.internalTransactionAdvisor'
10:18:08.196 [main] DEBUG o.s.b.f.s.DefaultListableBeanFactory - Returning cached instance of singleton bean 'org.springframework.transaction.config.internalTransactionAdvisor'
10:18:08.196 [main] DEBUG o.s.b.f.s.DefaultListableBeanFactory - Finished creating instance of bean 'entityManagerFactoryBuilder'
10:18:08.196 [main] DEBUG o.s.b.f.s.DefaultListableBeanFactory - Autowiring by type from bean name 'entityManagerFactory' via factory method to bean named 'entityManagerFactoryBuilder'
10:18:08.203 [main] DEBUG o.s.jdbc.datasource.DataSourceUtils - Fetching JDBC Connection from DataSource
10:18:08.346 [main] DEBUG o.s.jdbc.datasource.DataSourceUtils - Returning JDBC Connection to DataSource
10:18:08.348 [main] DEBUG o.s.b.f.s.DefaultListableBeanFactory - Returning cached instance of singleton bean 'org.springframework.boot.autoconfigure.AutoConfigurationPackages'
10:18:08.348 [main] DEBUG o.s.b.f.s.DefaultListableBeanFactory - Returning cached instance of singleton bean 'org.springframework.boot.autoconfigure.AutoConfigurationPackages'
10:18:08.353 [main] DEBUG o.s.b.f.s.DefaultListableBeanFactory - Eagerly caching bean 'entityManagerFactory' to allow for resolving potential circular references
10:18:08.359 [main] DEBUG o.s.b.f.s.DefaultListableBeanFactory - Invoking afterPropertiesSet() on bean with name 'entityManagerFactory'
10:18:08.364 [main] DEBUG o.s.c.i.s.PathMatchingResourcePatternResolver - Looking for matching resources in directory tree [/home/ifaturoti_adeyemi/STS/workspace/gs-rest-hateoas-initial/target/classes/hello]
10:18:08.364 [main] DEBUG o.s.c.i.s.PathMatchingResourcePatternResolver - Searching directory [/home/ifaturoti_adeyemi/STS/workspace/gs-rest-hateoas-initial/target/classes/hello] for files matching pattern [/home/ifaturoti_adeyemi/STS/workspace/gs-rest-hateoas-initial/target/classes/hello/**/*.class]
10:18:08.364 [main] DEBUG o.s.c.i.s.PathMatchingResourcePatternResolver - Searching directory [/home/ifaturoti_adeyemi/STS/workspace/gs-rest-hateoas-initial/target/classes/hello/pojo] for files matching pattern [/home/ifaturoti_adeyemi/STS/workspace/gs-rest-hateoas-initial/target/classes/hello/**/*.class]
10:18:08.364 [main] DEBUG o.s.c.i.s.PathMatchingResourcePatternResolver - Searching directory [/home/ifaturoti_adeyemi/STS/workspace/gs-rest-hateoas-initial/target/classes/hello/pojo/repo] for files matching pattern [/home/ifaturoti_adeyemi/STS/workspace/gs-rest-hateoas-initial/target/classes/hello/**/*.class]
10:18:08.365 [main] DEBUG o.s.c.i.s.PathMatchingResourcePatternResolver - Resolved location pattern [classpath*:hello/**/*.class] to resources [file [/home/ifaturoti_adeyemi/STS/workspace/gs-rest-hateoas-initial/target/classes/hello/pojo/OrderProduct.class], file [/home/ifaturoti_adeyemi/STS/workspace/gs-rest-hateoas-initial/target/classes/hello/pojo/Product.class], file [/home/ifaturoti_adeyemi/STS/workspace/gs-rest-hateoas-initial/target/classes/hello/pojo/Customer.class], file [/home/ifaturoti_adeyemi/STS/workspace/gs-rest-hateoas-initial/target/classes/hello/pojo/Comment.class], file [/home/ifaturoti_adeyemi/STS/workspace/gs-rest-hateoas-initial/target/classes/hello/pojo/PaymentType.class], file [/home/ifaturoti_adeyemi/STS/workspace/gs-rest-hateoas-initial/target/classes/hello/pojo/repo/ProductRepo.class], file [/home/ifaturoti_adeyemi/STS/workspace/gs-rest-hateoas-initial/target/classes/hello/pojo/repo/AddressRepo.class], file [/home/ifaturoti_adeyemi/STS/workspace/gs-rest-hateoas-initial/target/classes/hello/pojo/repo/CommentRepo.class], file [/home/ifaturoti_adeyemi/STS/workspace/gs-rest-hateoas-initial/target/classes/hello/pojo/repo/CustomerRepo.class], file [/home/ifaturoti_adeyemi/STS/workspace/gs-rest-hateoas-initial/target/classes/hello/pojo/repo/OrderRepo.class], file [/home/ifaturoti_adeyemi/STS/workspace/gs-rest-hateoas-initial/target/classes/hello/pojo/repo/BillingRepo.class], file [/home/ifaturoti_adeyemi/STS/workspace/gs-rest-hateoas-initial/target/classes/hello/pojo/repo/PaymentRepo.class], file [/home/ifaturoti_adeyemi/STS/workspace/gs-rest-hateoas-initial/target/classes/hello/pojo/repo/OrderProductRepo.class], file [/home/ifaturoti_adeyemi/STS/workspace/gs-rest-hateoas-initial/target/classes/hello/pojo/Address.class], file [/home/ifaturoti_adeyemi/STS/workspace/gs-rest-hateoas-initial/target/classes/hello/pojo/Billing.class], file [/home/ifaturoti_adeyemi/STS/workspace/gs-rest-hateoas-initial/target/classes/hello/pojo/Payment.class], file [/home/ifaturoti_adeyemi/STS/workspace/gs-rest-hateoas-initial/target/classes/hello/pojo/Order.class], file [/home/ifaturoti_adeyemi/STS/workspace/gs-rest-hateoas-initial/target/classes/hello/Application.class]]
10:18:08.367 [main] INFO  o.s.o.j.LocalContainerEntityManagerFactoryBean - Building JPA container EntityManagerFactory for persistence unit 'default'
10:18:08.387 [main] DEBUG o.h.jpa.internal.util.LogHelper - PersistenceUnitInfo [
	name: default
	persistence provider classname: null
	classloader: sun.misc.Launcher$AppClassLoader@6bc7c054
	excludeUnlistedClasses: true
	JTA datasource: null
	Non JTA datasource: org.apache.tomcat.jdbc.pool.DataSource@5e63cad{ConnectionPool[defaultAutoCommit=null; defaultReadOnly=null; defaultTransactionIsolation=-1; defaultCatalog=null; driverClassName=org.h2.Driver; maxActive=100; maxIdle=100; minIdle=10; initialSize=10; maxWait=30000; testOnBorrow=false; testOnReturn=false; timeBetweenEvictionRunsMillis=5000; numTestsPerEvictionRun=0; minEvictableIdleTimeMillis=60000; testWhileIdle=false; testOnConnect=false; password=********; url=jdbc:h2:mem:testdb;DB_CLOSE_DELAY=-1;DB_CLOSE_ON_EXIT=FALSE; username=sa; validationQuery=null; validationQueryTimeout=-1; validatorClassName=null; validationInterval=30000; accessToUnderlyingConnectionAllowed=true; removeAbandoned=false; removeAbandonedTimeout=60; logAbandoned=false; connectionProperties=null; initSQL=null; jdbcInterceptors=null; jmxEnabled=true; fairQueue=true; useEquals=true; abandonWhenPercentageFull=0; maxAge=0; useLock=false; dataSource=null; dataSourceJNDI=null; suspectTimeout=0; alternateUsernameAllowed=false; commitOnReturn=false; rollbackOnReturn=false; useDisposableConnectionFacade=true; logValidationErrors=false; propagateInterruptState=false; ignoreExceptionOnPreLoad=false; }
	Transaction type: RESOURCE_LOCAL
	PU root URL: file:/home/ifaturoti_adeyemi/STS/workspace/gs-rest-hateoas-initial/target/test-classes/
	Shared Cache Mode: UNSPECIFIED
	Validation Mode: AUTO
	Jar files URLs []
	Managed classes names [
		hello.pojo.OrderProduct
		hello.pojo.Product
		hello.pojo.Customer
		hello.pojo.Comment
		hello.pojo.Address
		hello.pojo.Billing
		hello.pojo.Payment
		hello.pojo.Order]
	Mapping files names []
	Properties []
10:18:08.400 [main] DEBUG o.h.i.internal.IntegratorServiceImpl - Adding Integrator [org.hibernate.cfg.beanvalidation.BeanValidationIntegrator].
10:18:08.402 [main] DEBUG o.h.i.internal.IntegratorServiceImpl - Adding Integrator [org.hibernate.secure.spi.JaccIntegrator].
10:18:08.403 [main] DEBUG o.h.i.internal.IntegratorServiceImpl - Adding Integrator [org.hibernate.cache.internal.CollectionCacheInvalidator].
10:18:08.403 [main] DEBUG o.h.i.internal.IntegratorServiceImpl - Adding Integrator [org.hibernate.jpa.event.spi.JpaIntegrator].
10:18:08.414 [main] DEBUG o.h.b.r.s.i.StrategySelectorImpl - Registering named strategy selector [org.hibernate.dialect.Dialect] : [MySQL5] -> [org.hibernate.dialect.MySQL5Dialect] (replacing [org.hibernate.dialect.MySQL5Dialect])
10:18:08.415 [main] DEBUG o.h.b.r.s.i.StrategySelectorImpl - Registering named strategy selector [org.hibernate.dialect.Dialect] : [MySQL5InnoDB] -> [org.hibernate.dialect.MySQL5InnoDBDialect] (replacing [org.hibernate.dialect.MySQL5InnoDBDialect])
10:18:08.442 [main] INFO  org.hibernate.Version - HHH000412: Hibernate Core {4.3.8.Final}
10:18:08.443 [main] INFO  org.hibernate.cfg.Environment - HHH000206: hibernate.properties not found
10:18:08.445 [main] INFO  org.hibernate.cfg.Environment - HHH000021: Bytecode provider name : javassist
10:18:08.579 [main] DEBUG o.h.service.spi.ServiceBinding - Overriding existing service binding [org.hibernate.secure.spi.JaccService]
10:18:08.597 [main] DEBUG org.hibernate.type.BasicTypeRegistry - Adding type registration boolean -> org.hibernate.type.BooleanType@4c98a6d5
10:18:08.598 [main] DEBUG org.hibernate.type.BasicTypeRegistry - Adding type registration boolean -> org.hibernate.type.BooleanType@4c98a6d5
10:18:08.598 [main] DEBUG org.hibernate.type.BasicTypeRegistry - Adding type registration java.lang.Boolean -> org.hibernate.type.BooleanType@4c98a6d5
10:18:08.598 [main] DEBUG org.hibernate.type.BasicTypeRegistry - Adding type registration numeric_boolean -> org.hibernate.type.NumericBooleanType@6d3c232f
10:18:08.599 [main] DEBUG org.hibernate.type.BasicTypeRegistry - Adding type registration true_false -> org.hibernate.type.TrueFalseType@460b6d54
10:18:08.599 [main] DEBUG org.hibernate.type.BasicTypeRegistry - Adding type registration yes_no -> org.hibernate.type.YesNoType@3a4ba480
10:18:08.600 [main] DEBUG org.hibernate.type.BasicTypeRegistry - Adding type registration byte -> org.hibernate.type.ByteType@4455f57d
10:18:08.600 [main] DEBUG org.hibernate.type.BasicTypeRegistry - Adding type registration byte -> org.hibernate.type.ByteType@4455f57d
10:18:08.600 [main] DEBUG org.hibernate.type.BasicTypeRegistry - Adding type registration java.lang.Byte -> org.hibernate.type.ByteType@4455f57d
10:18:08.601 [main] DEBUG org.hibernate.type.BasicTypeRegistry - Adding type registration character -> org.hibernate.type.CharacterType@25d3cfc8
10:18:08.601 [main] DEBUG org.hibernate.type.BasicTypeRegistry - Adding type registration char -> org.hibernate.type.CharacterType@25d3cfc8
10:18:08.601 [main] DEBUG org.hibernate.type.BasicTypeRegistry - Adding type registration java.lang.Character -> org.hibernate.type.CharacterType@25d3cfc8
10:18:08.602 [main] DEBUG org.hibernate.type.BasicTypeRegistry - Adding type registration short -> org.hibernate.type.ShortType@4c27d39d
10:18:08.602 [main] DEBUG org.hibernate.type.BasicTypeRegistry - Adding type registration short -> org.hibernate.type.ShortType@4c27d39d
10:18:08.602 [main] DEBUG org.hibernate.type.BasicTypeRegistry - Adding type registration java.lang.Short -> org.hibernate.type.ShortType@4c27d39d
10:18:08.603 [main] DEBUG org.hibernate.type.BasicTypeRegistry - Adding type registration integer -> org.hibernate.type.IntegerType@57540fd0
10:18:08.603 [main] DEBUG org.hibernate.type.BasicTypeRegistry - Adding type registration int -> org.hibernate.type.IntegerType@57540fd0
10:18:08.603 [main] DEBUG org.hibernate.type.BasicTypeRegistry - Adding type registration java.lang.Integer -> org.hibernate.type.IntegerType@57540fd0
10:18:08.604 [main] DEBUG org.hibernate.type.BasicTypeRegistry - Adding type registration long -> org.hibernate.type.LongType@3adbe50f
10:18:08.604 [main] DEBUG org.hibernate.type.BasicTypeRegistry - Adding type registration long -> org.hibernate.type.LongType@3adbe50f
10:18:08.605 [main] DEBUG org.hibernate.type.BasicTypeRegistry - Adding type registration java.lang.Long -> org.hibernate.type.LongType@3adbe50f
10:18:08.606 [main] DEBUG org.hibernate.type.BasicTypeRegistry - Adding type registration float -> org.hibernate.type.FloatType@31cb96e1
10:18:08.606 [main] DEBUG org.hibernate.type.BasicTypeRegistry - Adding type registration float -> org.hibernate.type.FloatType@31cb96e1
10:18:08.606 [main] DEBUG org.hibernate.type.BasicTypeRegistry - Adding type registration java.lang.Float -> org.hibernate.type.FloatType@31cb96e1
10:18:08.607 [main] DEBUG org.hibernate.type.BasicTypeRegistry - Adding type registration double -> org.hibernate.type.DoubleType@73a00e09
10:18:08.607 [main] DEBUG org.hibernate.type.BasicTypeRegistry - Adding type registration double -> org.hibernate.type.DoubleType@73a00e09
10:18:08.607 [main] DEBUG org.hibernate.type.BasicTypeRegistry - Adding type registration java.lang.Double -> org.hibernate.type.DoubleType@73a00e09
10:18:08.608 [main] DEBUG org.hibernate.type.BasicTypeRegistry - Adding type registration big_decimal -> org.hibernate.type.BigDecimalType@3e48e859
10:18:08.608 [main] DEBUG org.hibernate.type.BasicTypeRegistry - Adding type registration java.math.BigDecimal -> org.hibernate.type.BigDecimalType@3e48e859
10:18:08.609 [main] DEBUG org.hibernate.type.BasicTypeRegistry - Adding type registration big_integer -> org.hibernate.type.BigIntegerType@1cbb3d3b
10:18:08.609 [main] DEBUG org.hibernate.type.BasicTypeRegistry - Adding type registration java.math.BigInteger -> org.hibernate.type.BigIntegerType@1cbb3d3b
10:18:08.610 [main] DEBUG org.hibernate.type.BasicTypeRegistry - Adding type registration string -> org.hibernate.type.StringType@415156bf
10:18:08.610 [main] DEBUG org.hibernate.type.BasicTypeRegistry - Adding type registration java.lang.String -> org.hibernate.type.StringType@415156bf
10:18:08.610 [main] DEBUG org.hibernate.type.BasicTypeRegistry - Adding type registration nstring -> org.hibernate.type.StringNVarcharType@773dab28
10:18:08.611 [main] DEBUG org.hibernate.type.BasicTypeRegistry - Adding type registration ncharacter -> org.hibernate.type.CharacterNCharType@55cff952
10:18:08.611 [main] DEBUG org.hibernate.type.BasicTypeRegistry - Adding type registration url -> org.hibernate.type.UrlType@682bd3c4
10:18:08.611 [main] DEBUG org.hibernate.type.BasicTypeRegistry - Adding type registration java.net.URL -> org.hibernate.type.UrlType@682bd3c4
10:18:08.613 [main] DEBUG org.hibernate.type.BasicTypeRegistry - Adding type registration date -> org.hibernate.type.DateType@2bcec6a6
10:18:08.613 [main] DEBUG org.hibernate.type.BasicTypeRegistry - Adding type registration java.sql.Date -> org.hibernate.type.DateType@2bcec6a6
10:18:08.614 [main] DEBUG org.hibernate.type.BasicTypeRegistry - Adding type registration time -> org.hibernate.type.TimeType@3e850122
10:18:08.614 [main] DEBUG org.hibernate.type.BasicTypeRegistry - Adding type registration java.sql.Time -> org.hibernate.type.TimeType@3e850122
10:18:08.615 [main] DEBUG org.hibernate.type.BasicTypeRegistry - Adding type registration timestamp -> org.hibernate.type.TimestampType@293cde83
10:18:08.615 [main] DEBUG org.hibernate.type.BasicTypeRegistry - Adding type registration java.sql.Timestamp -> org.hibernate.type.TimestampType@293cde83
10:18:08.615 [main] DEBUG org.hibernate.type.BasicTypeRegistry - Adding type registration java.util.Date -> org.hibernate.type.TimestampType@293cde83
10:18:08.616 [main] DEBUG org.hibernate.type.BasicTypeRegistry - Adding type registration dbtimestamp -> org.hibernate.type.DbTimestampType@78faea5f
10:18:08.616 [main] DEBUG org.hibernate.type.BasicTypeRegistry - Adding type registration calendar -> org.hibernate.type.CalendarType@61799544
10:18:08.616 [main] DEBUG org.hibernate.type.BasicTypeRegistry - Adding type registration java.util.Calendar -> org.hibernate.type.CalendarType@61799544
10:18:08.616 [main] DEBUG org.hibernate.type.BasicTypeRegistry - Adding type registration java.util.GregorianCalendar -> org.hibernate.type.CalendarType@61799544
10:18:08.617 [main] DEBUG org.hibernate.type.BasicTypeRegistry - Adding type registration calendar_date -> org.hibernate.type.CalendarDateType@6a10b263
10:18:08.617 [main] DEBUG org.hibernate.type.BasicTypeRegistry - Adding type registration locale -> org.hibernate.type.LocaleType@43effd89
10:18:08.618 [main] DEBUG org.hibernate.type.BasicTypeRegistry - Adding type registration java.util.Locale -> org.hibernate.type.LocaleType@43effd89
10:18:08.618 [main] DEBUG org.hibernate.type.BasicTypeRegistry - Adding type registration currency -> org.hibernate.type.CurrencyType@4e628b52
10:18:08.618 [main] DEBUG org.hibernate.type.BasicTypeRegistry - Adding type registration java.util.Currency -> org.hibernate.type.CurrencyType@4e628b52
10:18:08.619 [main] DEBUG org.hibernate.type.BasicTypeRegistry - Adding type registration timezone -> org.hibernate.type.TimeZoneType@7fab4be7
10:18:08.619 [main] DEBUG org.hibernate.type.BasicTypeRegistry - Adding type registration java.util.TimeZone -> org.hibernate.type.TimeZoneType@7fab4be7
10:18:08.619 [main] DEBUG org.hibernate.type.BasicTypeRegistry - Adding type registration class -> org.hibernate.type.ClassType@49dbaaf3
10:18:08.619 [main] DEBUG org.hibernate.type.BasicTypeRegistry - Adding type registration java.lang.Class -> org.hibernate.type.ClassType@49dbaaf3
10:18:08.620 [main] DEBUG org.hibernate.type.BasicTypeRegistry - Adding type registration uuid-binary -> org.hibernate.type.UUIDBinaryType@87abc48
10:18:08.620 [main] DEBUG org.hibernate.type.BasicTypeRegistry - Adding type registration java.util.UUID -> org.hibernate.type.UUIDBinaryType@87abc48
10:18:08.621 [main] DEBUG org.hibernate.type.BasicTypeRegistry - Adding type registration uuid-char -> org.hibernate.type.UUIDCharType@29f0c4f2
10:18:08.621 [main] DEBUG org.hibernate.type.BasicTypeRegistry - Adding type registration pg-uuid -> org.hibernate.type.PostgresUUIDType@65bb9029
10:18:08.622 [main] DEBUG org.hibernate.type.BasicTypeRegistry - Adding type registration binary -> org.hibernate.type.BinaryType@23e44287
10:18:08.622 [main] DEBUG org.hibernate.type.BasicTypeRegistry - Adding type registration byte[] -> org.hibernate.type.BinaryType@23e44287
10:18:08.622 [main] DEBUG org.hibernate.type.BasicTypeRegistry - Adding type registration [B -> org.hibernate.type.BinaryType@23e44287
10:18:08.623 [main] DEBUG org.hibernate.type.BasicTypeRegistry - Adding type registration wrapper-binary -> org.hibernate.type.WrapperBinaryType@7551da2a
10:18:08.623 [main] DEBUG org.hibernate.type.BasicTypeRegistry - Adding type registration Byte[] -> org.hibernate.type.WrapperBinaryType@7551da2a
10:18:08.623 [main] DEBUG org.hibernate.type.BasicTypeRegistry - Adding type registration [Ljava.lang.Byte; -> org.hibernate.type.WrapperBinaryType@7551da2a
10:18:08.623 [main] DEBUG org.hibernate.type.BasicTypeRegistry - Adding type registration image -> org.hibernate.type.ImageType@69c93ca4
10:18:08.624 [main] DEBUG org.hibernate.type.BasicTypeRegistry - Adding type registration characters -> org.hibernate.type.CharArrayType@52b6319f
10:18:08.624 [main] DEBUG org.hibernate.type.BasicTypeRegistry - Adding type registration char[] -> org.hibernate.type.CharArrayType@52b6319f
10:18:08.624 [main] DEBUG org.hibernate.type.BasicTypeRegistry - Adding type registration [C -> org.hibernate.type.CharArrayType@52b6319f
10:18:08.624 [main] DEBUG org.hibernate.type.BasicTypeRegistry - Adding type registration wrapper-characters -> org.hibernate.type.CharacterArrayType@5bcde458
10:18:08.624 [main] DEBUG org.hibernate.type.BasicTypeRegistry - Adding type registration [Ljava.lang.Character; -> org.hibernate.type.CharacterArrayType@5bcde458
10:18:08.624 [main] DEBUG org.hibernate.type.BasicTypeRegistry - Adding type registration Character[] -> org.hibernate.type.CharacterArrayType@5bcde458
10:18:08.625 [main] DEBUG org.hibernate.type.BasicTypeRegistry - Adding type registration text -> org.hibernate.type.TextType@71870da7
10:18:08.625 [main] DEBUG org.hibernate.type.BasicTypeRegistry - Adding type registration ntext -> org.hibernate.type.NTextType@6b68cb27
10:18:08.628 [main] DEBUG org.hibernate.type.BasicTypeRegistry - Adding type registration blob -> org.hibernate.type.BlobType@5f303ecd
10:18:08.628 [main] DEBUG org.hibernate.type.BasicTypeRegistry - Adding type registration java.sql.Blob -> org.hibernate.type.BlobType@5f303ecd
10:18:08.629 [main] DEBUG org.hibernate.type.BasicTypeRegistry - Adding type registration materialized_blob -> org.hibernate.type.MaterializedBlobType@29852487
10:18:08.631 [main] DEBUG org.hibernate.type.BasicTypeRegistry - Adding type registration clob -> org.hibernate.type.ClobType@7e7f0f0a
10:18:08.631 [main] DEBUG org.hibernate.type.BasicTypeRegistry - Adding type registration java.sql.Clob -> org.hibernate.type.ClobType@7e7f0f0a
10:18:08.634 [main] DEBUG org.hibernate.type.BasicTypeRegistry - Adding type registration nclob -> org.hibernate.type.NClobType@2e140e59
10:18:08.634 [main] DEBUG org.hibernate.type.BasicTypeRegistry - Adding type registration java.sql.NClob -> org.hibernate.type.NClobType@2e140e59
10:18:08.634 [main] DEBUG org.hibernate.type.BasicTypeRegistry - Adding type registration materialized_clob -> org.hibernate.type.MaterializedClobType@59429fac
10:18:08.634 [main] DEBUG org.hibernate.type.BasicTypeRegistry - Adding type registration materialized_nclob -> org.hibernate.type.MaterializedNClobType@4ae263bf
10:18:08.635 [main] DEBUG org.hibernate.type.BasicTypeRegistry - Adding type registration serializable -> org.hibernate.type.SerializableType@588cd519
10:18:08.637 [main] DEBUG org.hibernate.type.BasicTypeRegistry - Adding type registration object -> org.hibernate.type.ObjectType@7573e12f
10:18:08.637 [main] DEBUG org.hibernate.type.BasicTypeRegistry - Adding type registration java.lang.Object -> org.hibernate.type.ObjectType@7573e12f
10:18:08.637 [main] DEBUG org.hibernate.type.BasicTypeRegistry - Adding type registration imm_date -> org.hibernate.type.AdaptedImmutableType@213860b8
10:18:08.637 [main] DEBUG org.hibernate.type.BasicTypeRegistry - Adding type registration imm_time -> org.hibernate.type.AdaptedImmutableType@4ba89729
10:18:08.637 [main] DEBUG org.hibernate.type.BasicTypeRegistry - Adding type registration imm_timestamp -> org.hibernate.type.AdaptedImmutableType@178270b2
10:18:08.637 [main] DEBUG org.hibernate.type.BasicTypeRegistry - Adding type registration imm_dbtimestamp -> org.hibernate.type.AdaptedImmutableType@795fd838
10:18:08.638 [main] DEBUG org.hibernate.type.BasicTypeRegistry - Adding type registration imm_calendar -> org.hibernate.type.AdaptedImmutableType@1b005a0b
10:18:08.638 [main] DEBUG org.hibernate.type.BasicTypeRegistry - Adding type registration imm_calendar_date -> org.hibernate.type.AdaptedImmutableType@141e879d
10:18:08.638 [main] DEBUG org.hibernate.type.BasicTypeRegistry - Adding type registration imm_binary -> org.hibernate.type.AdaptedImmutableType@109d724c
10:18:08.638 [main] DEBUG org.hibernate.type.BasicTypeRegistry - Adding type registration imm_serializable -> org.hibernate.type.AdaptedImmutableType@1704f67f
10:18:08.651 [main] INFO  o.h.annotations.common.Version - HCANN000001: Hibernate Commons Annotations {4.0.5.Final}
10:18:08.660 [main] DEBUG o.h.i.f.i.DefaultIdentifierGeneratorFactory - Registering IdentifierGenerator strategy [uuid2] -> [org.hibernate.id.UUIDGenerator]
10:18:08.661 [main] DEBUG o.h.i.f.i.DefaultIdentifierGeneratorFactory - Registering IdentifierGenerator strategy [guid] -> [org.hibernate.id.GUIDGenerator]
10:18:08.661 [main] DEBUG o.h.i.f.i.DefaultIdentifierGeneratorFactory - Registering IdentifierGenerator strategy [uuid] -> [org.hibernate.id.UUIDHexGenerator]
10:18:08.661 [main] DEBUG o.h.i.f.i.DefaultIdentifierGeneratorFactory - Registering IdentifierGenerator strategy [uuid.hex] -> [org.hibernate.id.UUIDHexGenerator]
10:18:08.662 [main] DEBUG o.h.i.f.i.DefaultIdentifierGeneratorFactory - Registering IdentifierGenerator strategy [hilo] -> [org.hibernate.id.TableHiLoGenerator]
10:18:08.663 [main] DEBUG o.h.i.f.i.DefaultIdentifierGeneratorFactory - Registering IdentifierGenerator strategy [assigned] -> [org.hibernate.id.Assigned]
10:18:08.663 [main] DEBUG o.h.i.f.i.DefaultIdentifierGeneratorFactory - Registering IdentifierGenerator strategy [identity] -> [org.hibernate.id.IdentityGenerator]
10:18:08.664 [main] DEBUG o.h.i.f.i.DefaultIdentifierGeneratorFactory - Registering IdentifierGenerator strategy [select] -> [org.hibernate.id.SelectGenerator]
10:18:08.664 [main] DEBUG o.h.i.f.i.DefaultIdentifierGeneratorFactory - Registering IdentifierGenerator strategy [sequence] -> [org.hibernate.id.SequenceGenerator]
10:18:08.664 [main] DEBUG o.h.i.f.i.DefaultIdentifierGeneratorFactory - Registering IdentifierGenerator strategy [seqhilo] -> [org.hibernate.id.SequenceHiLoGenerator]
10:18:08.665 [main] DEBUG o.h.i.f.i.DefaultIdentifierGeneratorFactory - Registering IdentifierGenerator strategy [increment] -> [org.hibernate.id.IncrementGenerator]
10:18:08.665 [main] DEBUG o.h.i.f.i.DefaultIdentifierGeneratorFactory - Registering IdentifierGenerator strategy [foreign] -> [org.hibernate.id.ForeignGenerator]
10:18:08.665 [main] DEBUG o.h.i.f.i.DefaultIdentifierGeneratorFactory - Registering IdentifierGenerator strategy [sequence-identity] -> [org.hibernate.id.SequenceIdentityGenerator]
10:18:08.666 [main] DEBUG o.h.i.f.i.DefaultIdentifierGeneratorFactory - Registering IdentifierGenerator strategy [enhanced-sequence] -> [org.hibernate.id.enhanced.SequenceStyleGenerator]
10:18:08.666 [main] DEBUG o.h.i.f.i.DefaultIdentifierGeneratorFactory - Registering IdentifierGenerator strategy [enhanced-table] -> [org.hibernate.id.enhanced.TableGenerator]
10:18:08.672 [main] DEBUG org.hibernate.cfg.Configuration - Preparing to build session factory with filters : {}
10:18:08.685 [main] DEBUG o.h.e.jdbc.internal.JdbcServicesImpl - Database ->
       name : H2
    version : 1.4.185 (2015-01-16)
      major : 1
      minor : 4
10:18:08.685 [main] DEBUG o.h.e.jdbc.internal.JdbcServicesImpl - Driver ->
       name : H2 JDBC Driver
    version : 1.4.185 (2015-01-16)
      major : 1
      minor : 4
10:18:08.685 [main] DEBUG o.h.e.jdbc.internal.JdbcServicesImpl - JDBC version : 4.0
10:18:08.686 [main] DEBUG o.h.e.j.c.i.StandardRefCursorSupport - Unexpected error trying to gauge level of JDBC REF_CURSOR support : null
10:18:08.722 [main] INFO  org.hibernate.dialect.Dialect - HHH000400: Using dialect: org.hibernate.dialect.H2Dialect
10:18:08.758 [main] DEBUG org.hibernate.cfg.Configuration - Processing hbm.xml files
10:18:08.759 [main] DEBUG org.hibernate.cfg.Configuration - Process annotated classes
10:18:08.762 [main] DEBUG org.hibernate.cfg.AnnotationBinder - Binding entity from annotated class: hello.pojo.Comment
10:18:08.779 [main] DEBUG org.hibernate.cfg.Ejb3Column - Binding column: Ejb3DiscriminatorColumn{logicalColumnName'DTYPE', discriminatorTypeName='string'}
10:18:08.784 [main] DEBUG o.h.cfg.annotations.EntityBinder - Import with entity name Comment
10:18:08.788 [main] DEBUG o.h.cfg.annotations.EntityBinder - Bind entity hello.pojo.Comment on table comment
10:18:08.802 [main] DEBUG org.hibernate.cfg.Ejb3Column - Binding column: Ejb3Column{table=org.hibernate.mapping.Table(comment), mappingColumn=id, insertable=true, updatable=true, unique=false}
10:18:08.804 [main] DEBUG o.h.cfg.annotations.PropertyBinder - MetadataSourceProcessor property id with lazy=false
10:18:08.805 [main] DEBUG o.h.cfg.AbstractPropertyHolder - Attempting to locate auto-apply AttributeConverter for property [hello.pojo.Comment:id]
10:18:08.806 [main] DEBUG o.h.c.annotations.SimpleValueBinder - building SimpleValue for id
10:18:08.807 [main] DEBUG o.h.cfg.annotations.PropertyBinder - Building property id
10:18:08.810 [main] DEBUG org.hibernate.cfg.Ejb3Column - Binding column: Ejb3Column{table=org.hibernate.mapping.Table(comment), mappingColumn=details, insertable=true, updatable=true, unique=false}
10:18:08.810 [main] DEBUG o.h.cfg.annotations.PropertyBinder - MetadataSourceProcessor property details with lazy=false
10:18:08.810 [main] DEBUG o.h.cfg.AbstractPropertyHolder - Attempting to locate auto-apply AttributeConverter for property [hello.pojo.Comment:details]
10:18:08.810 [main] DEBUG o.h.c.annotations.SimpleValueBinder - building SimpleValue for details
10:18:08.810 [main] DEBUG o.h.cfg.annotations.PropertyBinder - Building property details
10:18:08.811 [main] DEBUG org.hibernate.cfg.AnnotationBinder - Binding entity from annotated class: hello.pojo.Payment
10:18:08.811 [main] DEBUG org.hibernate.cfg.Ejb3Column - Binding column: Ejb3DiscriminatorColumn{logicalColumnName'DTYPE', discriminatorTypeName='string'}
10:18:08.811 [main] DEBUG o.h.cfg.annotations.EntityBinder - Import with entity name Payment
10:18:08.812 [main] DEBUG o.h.cfg.annotations.EntityBinder - Bind entity hello.pojo.Payment on table payment
10:18:08.814 [main] DEBUG org.hibernate.cfg.Ejb3Column - Binding column: Ejb3Column{table=org.hibernate.mapping.Table(payment), mappingColumn=id, insertable=true, updatable=true, unique=false}
10:18:08.814 [main] DEBUG o.h.cfg.annotations.PropertyBinder - MetadataSourceProcessor property id with lazy=false
10:18:08.814 [main] DEBUG o.h.cfg.AbstractPropertyHolder - Attempting to locate auto-apply AttributeConverter for property [hello.pojo.Payment:id]
10:18:08.814 [main] DEBUG o.h.c.annotations.SimpleValueBinder - building SimpleValue for id
10:18:08.814 [main] DEBUG o.h.cfg.annotations.PropertyBinder - Building property id
10:18:08.814 [main] DEBUG org.hibernate.cfg.Ejb3Column - Binding column: Ejb3Column{table=org.hibernate.mapping.Table(payment), mappingColumn=payment_type, insertable=true, updatable=true, unique=false}
10:18:08.815 [main] DEBUG o.h.cfg.annotations.PropertyBinder - MetadataSourceProcessor property paymentType with lazy=false
10:18:08.815 [main] DEBUG o.h.cfg.AbstractPropertyHolder - Attempting to locate auto-apply AttributeConverter for property [hello.pojo.Payment:paymentType]
10:18:08.816 [main] DEBUG o.h.c.annotations.SimpleValueBinder - building SimpleValue for paymentType
10:18:08.816 [main] DEBUG o.h.cfg.annotations.PropertyBinder - Building property paymentType
10:18:08.817 [main] DEBUG org.hibernate.cfg.AnnotationBinder - Binding entity from annotated class: hello.pojo.Address
10:18:08.817 [main] DEBUG org.hibernate.cfg.Ejb3Column - Binding column: Ejb3DiscriminatorColumn{logicalColumnName'DTYPE', discriminatorTypeName='string'}
10:18:08.817 [main] DEBUG o.h.cfg.annotations.EntityBinder - Import with entity name Address
10:18:08.817 [main] DEBUG o.h.cfg.annotations.EntityBinder - Bind entity hello.pojo.Address on table address
10:18:08.818 [main] DEBUG org.hibernate.cfg.Ejb3Column - Binding column: Ejb3Column{table=org.hibernate.mapping.Table(address), mappingColumn=id, insertable=true, updatable=true, unique=false}
10:18:08.818 [main] DEBUG o.h.cfg.annotations.PropertyBinder - MetadataSourceProcessor property id with lazy=false
10:18:08.818 [main] DEBUG o.h.cfg.AbstractPropertyHolder - Attempting to locate auto-apply AttributeConverter for property [hello.pojo.Address:id]
10:18:08.818 [main] DEBUG o.h.c.annotations.SimpleValueBinder - building SimpleValue for id
10:18:08.818 [main] DEBUG o.h.cfg.annotations.PropertyBinder - Building property id
10:18:08.819 [main] DEBUG org.hibernate.cfg.Ejb3Column - Binding column: Ejb3Column{table=org.hibernate.mapping.Table(address), mappingColumn=country, insertable=true, updatable=true, unique=false}
10:18:08.819 [main] DEBUG o.h.cfg.annotations.PropertyBinder - MetadataSourceProcessor property country with lazy=false
10:18:08.819 [main] DEBUG o.h.cfg.AbstractPropertyHolder - Attempting to locate auto-apply AttributeConverter for property [hello.pojo.Address:country]
10:18:08.819 [main] DEBUG o.h.c.annotations.SimpleValueBinder - building SimpleValue for country
10:18:08.819 [main] DEBUG o.h.cfg.annotations.PropertyBinder - Building property country
10:18:08.819 [main] DEBUG org.hibernate.cfg.Ejb3Column - Binding column: Ejb3Column{table=org.hibernate.mapping.Table(address), mappingColumn=postalcode, insertable=true, updatable=true, unique=false}
10:18:08.819 [main] DEBUG o.h.cfg.annotations.PropertyBinder - MetadataSourceProcessor property postalcode with lazy=false
10:18:08.819 [main] DEBUG o.h.cfg.AbstractPropertyHolder - Attempting to locate auto-apply AttributeConverter for property [hello.pojo.Address:postalcode]
10:18:08.819 [main] DEBUG o.h.c.annotations.SimpleValueBinder - building SimpleValue for postalcode
10:18:08.819 [main] DEBUG o.h.cfg.annotations.PropertyBinder - Building property postalcode
10:18:08.819 [main] DEBUG org.hibernate.cfg.Ejb3Column - Binding column: Ejb3Column{table=org.hibernate.mapping.Table(address), mappingColumn=state, insertable=true, updatable=true, unique=false}
10:18:08.819 [main] DEBUG o.h.cfg.annotations.PropertyBinder - MetadataSourceProcessor property state with lazy=false
10:18:08.819 [main] DEBUG o.h.cfg.AbstractPropertyHolder - Attempting to locate auto-apply AttributeConverter for property [hello.pojo.Address:state]
10:18:08.819 [main] DEBUG o.h.c.annotations.SimpleValueBinder - building SimpleValue for state
10:18:08.819 [main] DEBUG o.h.cfg.annotations.PropertyBinder - Building property state
10:18:08.820 [main] DEBUG org.hibernate.cfg.Ejb3Column - Binding column: Ejb3Column{table=org.hibernate.mapping.Table(address), mappingColumn=street, insertable=true, updatable=true, unique=false}
10:18:08.820 [main] DEBUG o.h.cfg.annotations.PropertyBinder - MetadataSourceProcessor property street with lazy=false
10:18:08.820 [main] DEBUG o.h.cfg.AbstractPropertyHolder - Attempting to locate auto-apply AttributeConverter for property [hello.pojo.Address:street]
10:18:08.820 [main] DEBUG o.h.c.annotations.SimpleValueBinder - building SimpleValue for street
10:18:08.820 [main] DEBUG o.h.cfg.annotations.PropertyBinder - Building property street
10:18:08.820 [main] DEBUG org.hibernate.cfg.AnnotationBinder - Binding entity from annotated class: hello.pojo.Order
10:18:08.820 [main] DEBUG org.hibernate.cfg.Ejb3Column - Binding column: Ejb3DiscriminatorColumn{logicalColumnName'DTYPE', discriminatorTypeName='string'}
10:18:08.820 [main] DEBUG o.h.cfg.annotations.EntityBinder - Import with entity name Order
10:18:08.820 [main] DEBUG o.h.cfg.annotations.EntityBinder - Bind entity hello.pojo.Order on table order
10:18:08.825 [main] DEBUG org.hibernate.cfg.Ejb3Column - Binding column: Ejb3Column{table=org.hibernate.mapping.Table(order), mappingColumn=id, insertable=true, updatable=true, unique=false}
10:18:08.825 [main] DEBUG o.h.cfg.annotations.PropertyBinder - MetadataSourceProcessor property id with lazy=false
10:18:08.825 [main] DEBUG o.h.cfg.AbstractPropertyHolder - Attempting to locate auto-apply AttributeConverter for property [hello.pojo.Order:id]
10:18:08.825 [main] DEBUG o.h.c.annotations.SimpleValueBinder - building SimpleValue for id
10:18:08.825 [main] DEBUG o.h.cfg.annotations.PropertyBinder - Building property id
10:18:08.826 [main] DEBUG org.hibernate.cfg.Ejb3Column - Binding column: Ejb3JoinColumn{logicalColumnName='null', referencedColumn='null', mappedBy=''}
10:18:08.826 [main] DEBUG org.hibernate.cfg.Ejb3Column - Binding column: Ejb3Column{table=org.hibernate.mapping.Table(order), mappingColumn=billing, insertable=true, updatable=true, unique=false}
10:18:08.829 [main] DEBUG o.h.cfg.annotations.PropertyBinder - Building property billing
10:18:08.829 [main] DEBUG org.hibernate.cfg.Ejb3Column - Binding column: Ejb3JoinColumn{logicalColumnName='null', referencedColumn='null', mappedBy=''}
10:18:08.829 [main] DEBUG org.hibernate.cfg.Ejb3Column - Binding column: Ejb3Column{table=org.hibernate.mapping.Table(order), mappingColumn=comment, insertable=true, updatable=true, unique=false}
10:18:08.829 [main] DEBUG o.h.cfg.annotations.PropertyBinder - Building property comment
10:18:08.829 [main] DEBUG org.hibernate.cfg.Ejb3Column - Binding column: Ejb3JoinColumn{logicalColumnName='null', referencedColumn='null', mappedBy=''}
10:18:08.829 [main] DEBUG org.hibernate.cfg.Ejb3Column - Binding column: Ejb3Column{table=org.hibernate.mapping.Table(order), mappingColumn=customer, insertable=true, updatable=true, unique=false}
10:18:08.829 [main] DEBUG o.h.cfg.annotations.PropertyBinder - Building property customer
10:18:08.829 [main] DEBUG org.hibernate.cfg.Ejb3Column - Binding column: Ejb3Column{table=org.hibernate.mapping.Table(order), mappingColumn=order_date, insertable=true, updatable=true, unique=false}
10:18:08.830 [main] DEBUG o.h.cfg.annotations.PropertyBinder - MetadataSourceProcessor property orderDate with lazy=false
10:18:08.830 [main] DEBUG o.h.cfg.AbstractPropertyHolder - Attempting to locate auto-apply AttributeConverter for property [hello.pojo.Order:orderDate]
10:18:08.830 [main] DEBUG o.h.c.annotations.SimpleValueBinder - building SimpleValue for orderDate
10:18:08.830 [main] DEBUG o.h.cfg.annotations.PropertyBinder - Building property orderDate
10:18:08.830 [main] DEBUG org.hibernate.cfg.Ejb3Column - Binding column: Ejb3JoinColumn{logicalColumnName='null', referencedColumn='null', mappedBy=''}
10:18:08.830 [main] DEBUG org.hibernate.cfg.Ejb3Column - Binding column: Ejb3Column{table=org.hibernate.mapping.Table(order), mappingColumn=order_product, insertable=true, updatable=true, unique=false}
10:18:08.831 [main] DEBUG org.hibernate.cfg.Ejb3Column - Binding column: Ejb3Column{table=org.hibernate.mapping.Table(order), mappingColumn=null, insertable=true, updatable=true, unique=false}
10:18:08.839 [main] DEBUG org.hibernate.cfg.Ejb3Column - Binding column: Ejb3Column{table=org.hibernate.mapping.Table(order), mappingColumn=element, insertable=true, updatable=true, unique=false}
10:18:08.839 [main] DEBUG org.hibernate.cfg.Ejb3Column - Binding column: Ejb3Column{table=org.hibernate.mapping.Table(order), mappingColumn=order_product_key, insertable=true, updatable=true, unique=false}
10:18:08.839 [main] DEBUG org.hibernate.cfg.Ejb3Column - Binding column: Ejb3JoinColumn{logicalColumnName='orderProduct_KEY', referencedColumn='null', mappedBy='null'}
10:18:08.839 [main] DEBUG org.hibernate.cfg.Ejb3Column - Binding column: Ejb3JoinColumn{logicalColumnName='null', referencedColumn='null', mappedBy=''}
10:18:08.839 [main] DEBUG org.hibernate.cfg.Ejb3Column - Binding column: Ejb3JoinColumn{logicalColumnName='null', referencedColumn='null', mappedBy=''}
10:18:08.840 [main] DEBUG o.h.cfg.annotations.CollectionBinder - Collection role: hello.pojo.Order.orderProduct
10:18:08.842 [main] DEBUG o.h.cfg.annotations.PropertyBinder - Building property orderProduct
10:18:08.842 [main] DEBUG org.hibernate.cfg.Ejb3Column - Binding column: Ejb3JoinColumn{logicalColumnName='null', referencedColumn='null', mappedBy=''}
10:18:08.842 [main] DEBUG org.hibernate.cfg.Ejb3Column - Binding column: Ejb3Column{table=org.hibernate.mapping.Table(order), mappingColumn=shipping_info, insertable=true, updatable=true, unique=false}
10:18:08.842 [main] DEBUG o.h.cfg.annotations.PropertyBinder - Building property shippingInfo
10:18:08.842 [main] DEBUG org.hibernate.cfg.Ejb3Column - Binding column: Ejb3Column{table=org.hibernate.mapping.Table(order), mappingColumn=total, insertable=true, updatable=true, unique=false}
10:18:08.842 [main] DEBUG o.h.cfg.annotations.PropertyBinder - MetadataSourceProcessor property total with lazy=false
10:18:08.842 [main] DEBUG o.h.cfg.AbstractPropertyHolder - Attempting to locate auto-apply AttributeConverter for property [hello.pojo.Order:total]
10:18:08.842 [main] DEBUG o.h.c.annotations.SimpleValueBinder - building SimpleValue for total
10:18:08.843 [main] DEBUG o.h.cfg.annotations.PropertyBinder - Building property total
10:18:08.843 [main] DEBUG org.hibernate.cfg.AnnotationBinder - Binding entity from annotated class: hello.pojo.Product
10:18:08.843 [main] DEBUG org.hibernate.cfg.Ejb3Column - Binding column: Ejb3DiscriminatorColumn{logicalColumnName'DTYPE', discriminatorTypeName='string'}
10:18:08.843 [main] DEBUG o.h.cfg.annotations.EntityBinder - Import with entity name Product
10:18:08.843 [main] DEBUG o.h.cfg.annotations.EntityBinder - Bind entity hello.pojo.Product on table product
10:18:08.846 [main] DEBUG org.hibernate.cfg.Ejb3Column - Binding column: Ejb3Column{table=org.hibernate.mapping.Table(product), mappingColumn=id, insertable=true, updatable=true, unique=false}
10:18:08.846 [main] DEBUG o.h.cfg.annotations.PropertyBinder - MetadataSourceProcessor property id with lazy=false
10:18:08.846 [main] DEBUG o.h.cfg.AbstractPropertyHolder - Attempting to locate auto-apply AttributeConverter for property [hello.pojo.Product:id]
10:18:08.846 [main] DEBUG o.h.c.annotations.SimpleValueBinder - building SimpleValue for id
10:18:08.846 [main] DEBUG o.h.cfg.annotations.PropertyBinder - Building property id
10:18:08.846 [main] DEBUG org.hibernate.cfg.Ejb3Column - Binding column: Ejb3Column{table=org.hibernate.mapping.Table(product), mappingColumn=code, insertable=true, updatable=true, unique=false}
10:18:08.846 [main] DEBUG o.h.cfg.annotations.PropertyBinder - MetadataSourceProcessor property code with lazy=false
10:18:08.846 [main] DEBUG o.h.cfg.AbstractPropertyHolder - Attempting to locate auto-apply AttributeConverter for property [hello.pojo.Product:code]
10:18:08.846 [main] DEBUG o.h.c.annotations.SimpleValueBinder - building SimpleValue for code
10:18:08.847 [main] DEBUG o.h.cfg.annotations.PropertyBinder - Building property code
10:18:08.847 [main] DEBUG org.hibernate.cfg.Ejb3Column - Binding column: Ejb3JoinColumn{logicalColumnName='null', referencedColumn='null', mappedBy=''}
10:18:08.847 [main] DEBUG org.hibernate.cfg.Ejb3Column - Binding column: Ejb3Column{table=org.hibernate.mapping.Table(product), mappingColumn=comment, insertable=true, updatable=true, unique=false}
10:18:08.847 [main] DEBUG o.h.cfg.annotations.PropertyBinder - Building property comment
10:18:08.847 [main] DEBUG org.hibernate.cfg.Ejb3Column - Binding column: Ejb3Column{table=org.hibernate.mapping.Table(product), mappingColumn=description, insertable=true, updatable=true, unique=false}
10:18:08.847 [main] DEBUG o.h.cfg.annotations.PropertyBinder - MetadataSourceProcessor property description with lazy=false
10:18:08.847 [main] DEBUG o.h.cfg.AbstractPropertyHolder - Attempting to locate auto-apply AttributeConverter for property [hello.pojo.Product:description]
10:18:08.847 [main] DEBUG o.h.c.annotations.SimpleValueBinder - building SimpleValue for description
10:18:08.847 [main] DEBUG o.h.cfg.annotations.PropertyBinder - Building property description
10:18:08.847 [main] DEBUG org.hibernate.cfg.Ejb3Column - Binding column: Ejb3Column{table=org.hibernate.mapping.Table(product), mappingColumn=name, insertable=true, updatable=true, unique=false}
10:18:08.847 [main] DEBUG o.h.cfg.annotations.PropertyBinder - MetadataSourceProcessor property name with lazy=false
10:18:08.847 [main] DEBUG o.h.cfg.AbstractPropertyHolder - Attempting to locate auto-apply AttributeConverter for property [hello.pojo.Product:name]
10:18:08.847 [main] DEBUG o.h.c.annotations.SimpleValueBinder - building SimpleValue for name
10:18:08.848 [main] DEBUG o.h.cfg.annotations.PropertyBinder - Building property name
10:18:08.848 [main] DEBUG org.hibernate.cfg.Ejb3Column - Binding column: Ejb3Column{table=org.hibernate.mapping.Table(product), mappingColumn=unit_price, insertable=true, updatable=true, unique=false}
10:18:08.848 [main] DEBUG o.h.cfg.annotations.PropertyBinder - MetadataSourceProcessor property unitPrice with lazy=false
10:18:08.848 [main] DEBUG o.h.cfg.AbstractPropertyHolder - Attempting to locate auto-apply AttributeConverter for property [hello.pojo.Product:unitPrice]
10:18:08.848 [main] DEBUG o.h.c.annotations.SimpleValueBinder - building SimpleValue for unitPrice
10:18:08.848 [main] DEBUG o.h.cfg.annotations.PropertyBinder - Building property unitPrice
10:18:08.848 [main] DEBUG org.hibernate.cfg.AnnotationBinder - Binding entity from annotated class: hello.pojo.OrderProduct
10:18:08.848 [main] DEBUG org.hibernate.cfg.Ejb3Column - Binding column: Ejb3DiscriminatorColumn{logicalColumnName'DTYPE', discriminatorTypeName='string'}
10:18:08.848 [main] DEBUG o.h.cfg.annotations.EntityBinder - Import with entity name OrderProduct
10:18:08.848 [main] DEBUG o.h.cfg.annotations.EntityBinder - Bind entity hello.pojo.OrderProduct on table order_product
10:18:08.850 [main] DEBUG org.hibernate.cfg.Ejb3Column - Binding column: Ejb3Column{table=org.hibernate.mapping.Table(order_product), mappingColumn=id, insertable=true, updatable=true, unique=false}
10:18:08.850 [main] DEBUG o.h.cfg.annotations.PropertyBinder - MetadataSourceProcessor property id with lazy=false
10:18:08.850 [main] DEBUG o.h.cfg.AbstractPropertyHolder - Attempting to locate auto-apply AttributeConverter for property [hello.pojo.OrderProduct:id]
10:18:08.850 [main] DEBUG o.h.c.annotations.SimpleValueBinder - building SimpleValue for id
10:18:08.850 [main] DEBUG o.h.cfg.annotations.PropertyBinder - Building property id
10:18:08.851 [main] DEBUG org.hibernate.cfg.Ejb3Column - Binding column: Ejb3JoinColumn{logicalColumnName='null', referencedColumn='null', mappedBy=''}
10:18:08.851 [main] DEBUG org.hibernate.cfg.Ejb3Column - Binding column: Ejb3Column{table=org.hibernate.mapping.Table(order_product), mappingColumn=comment, insertable=true, updatable=true, unique=false}
10:18:08.851 [main] DEBUG o.h.cfg.annotations.PropertyBinder - Building property comment
10:18:08.851 [main] DEBUG org.hibernate.cfg.Ejb3Column - Binding column: Ejb3JoinColumn{logicalColumnName='null', referencedColumn='null', mappedBy='null'}
10:18:08.851 [main] DEBUG org.hibernate.cfg.Ejb3Column - Binding column: Ejb3Column{table=org.hibernate.mapping.Table(order_product), mappingColumn=order, insertable=true, updatable=true, unique=false}
10:18:08.851 [main] DEBUG o.h.cfg.annotations.PropertyBinder - Building property order
10:18:08.851 [main] DEBUG org.hibernate.cfg.Ejb3Column - Binding column: Ejb3JoinColumn{logicalColumnName='null', referencedColumn='null', mappedBy=''}
10:18:08.852 [main] DEBUG org.hibernate.cfg.Ejb3Column - Binding column: Ejb3Column{table=org.hibernate.mapping.Table(order_product), mappingColumn=product, insertable=true, updatable=true, unique=false}
10:18:08.853 [main] DEBUG o.h.cfg.annotations.PropertyBinder - Building property product
10:18:08.853 [main] DEBUG org.hibernate.cfg.Ejb3Column - Binding column: Ejb3Column{table=org.hibernate.mapping.Table(order_product), mappingColumn=qty, insertable=true, updatable=true, unique=false}
10:18:08.853 [main] DEBUG o.h.cfg.annotations.PropertyBinder - MetadataSourceProcessor property qty with lazy=false
10:18:08.853 [main] DEBUG o.h.cfg.AbstractPropertyHolder - Attempting to locate auto-apply AttributeConverter for property [hello.pojo.OrderProduct:qty]
10:18:08.853 [main] DEBUG o.h.c.annotations.SimpleValueBinder - building SimpleValue for qty
10:18:08.853 [main] DEBUG o.h.cfg.annotations.PropertyBinder - Building property qty
10:18:08.853 [main] DEBUG org.hibernate.cfg.Ejb3Column - Binding column: Ejb3Column{table=org.hibernate.mapping.Table(order_product), mappingColumn=total, insertable=true, updatable=true, unique=false}
10:18:08.853 [main] DEBUG o.h.cfg.annotations.PropertyBinder - MetadataSourceProcessor property total with lazy=false
10:18:08.853 [main] DEBUG o.h.cfg.AbstractPropertyHolder - Attempting to locate auto-apply AttributeConverter for property [hello.pojo.OrderProduct:total]
10:18:08.854 [main] DEBUG o.h.c.annotations.SimpleValueBinder - building SimpleValue for total
10:18:08.854 [main] DEBUG o.h.cfg.annotations.PropertyBinder - Building property total
10:18:08.854 [main] DEBUG org.hibernate.cfg.AnnotationBinder - Binding entity from annotated class: hello.pojo.Customer
10:18:08.854 [main] DEBUG org.hibernate.cfg.Ejb3Column - Binding column: Ejb3DiscriminatorColumn{logicalColumnName'DTYPE', discriminatorTypeName='string'}
10:18:08.854 [main] DEBUG o.h.cfg.annotations.EntityBinder - Import with entity name Customer
10:18:08.854 [main] DEBUG o.h.cfg.annotations.EntityBinder - Bind entity hello.pojo.Customer on table customer
10:18:08.855 [main] DEBUG org.hibernate.cfg.Ejb3Column - Binding column: Ejb3Column{table=org.hibernate.mapping.Table(customer), mappingColumn=id, insertable=true, updatable=true, unique=false}
10:18:08.855 [main] DEBUG o.h.cfg.annotations.PropertyBinder - MetadataSourceProcessor property id with lazy=false
10:18:08.855 [main] DEBUG o.h.cfg.AbstractPropertyHolder - Attempting to locate auto-apply AttributeConverter for property [hello.pojo.Customer:id]
10:18:08.855 [main] DEBUG o.h.c.annotations.SimpleValueBinder - building SimpleValue for id
10:18:08.856 [main] DEBUG o.h.cfg.annotations.PropertyBinder - Building property id
10:18:08.856 [main] DEBUG org.hibernate.cfg.Ejb3Column - Binding column: Ejb3JoinColumn{logicalColumnName='null', referencedColumn='null', mappedBy=''}
10:18:08.856 [main] DEBUG org.hibernate.cfg.Ejb3Column - Binding column: Ejb3Column{table=org.hibernate.mapping.Table(customer), mappingColumn=billing_infos, insertable=true, updatable=true, unique=false}
10:18:08.856 [main] DEBUG org.hibernate.cfg.Ejb3Column - Binding column: Ejb3Column{table=org.hibernate.mapping.Table(customer), mappingColumn=null, insertable=true, updatable=true, unique=false}
10:18:08.856 [main] DEBUG org.hibernate.cfg.Ejb3Column - Binding column: Ejb3Column{table=org.hibernate.mapping.Table(customer), mappingColumn=element, insertable=true, updatable=true, unique=false}
10:18:08.856 [main] DEBUG org.hibernate.cfg.Ejb3Column - Binding column: Ejb3Column{table=org.hibernate.mapping.Table(customer), mappingColumn=billing_infos_key, insertable=true, updatable=true, unique=false}
10:18:08.856 [main] DEBUG org.hibernate.cfg.Ejb3Column - Binding column: Ejb3JoinColumn{logicalColumnName='billingInfos_KEY', referencedColumn='null', mappedBy='null'}
10:18:08.856 [main] DEBUG org.hibernate.cfg.Ejb3Column - Binding column: Ejb3JoinColumn{logicalColumnName='null', referencedColumn='null', mappedBy=''}
10:18:08.856 [main] DEBUG org.hibernate.cfg.Ejb3Column - Binding column: Ejb3JoinColumn{logicalColumnName='null', referencedColumn='null', mappedBy=''}
10:18:08.856 [main] DEBUG o.h.cfg.annotations.CollectionBinder - Collection role: hello.pojo.Customer.billingInfos
10:18:08.856 [main] DEBUG o.h.cfg.annotations.PropertyBinder - Building property billingInfos
10:18:08.856 [main] DEBUG org.hibernate.cfg.Ejb3Column - Binding column: Ejb3JoinColumn{logicalColumnName='null', referencedColumn='null', mappedBy=''}
10:18:08.856 [main] DEBUG org.hibernate.cfg.Ejb3Column - Binding column: Ejb3Column{table=org.hibernate.mapping.Table(customer), mappingColumn=delivery_addresses, insertable=true, updatable=true, unique=false}
10:18:08.857 [main] DEBUG org.hibernate.cfg.Ejb3Column - Binding column: Ejb3Column{table=org.hibernate.mapping.Table(customer), mappingColumn=null, insertable=true, updatable=true, unique=false}
10:18:08.857 [main] DEBUG org.hibernate.cfg.Ejb3Column - Binding column: Ejb3Column{table=org.hibernate.mapping.Table(customer), mappingColumn=element, insertable=true, updatable=true, unique=false}
10:18:08.857 [main] DEBUG org.hibernate.cfg.Ejb3Column - Binding column: Ejb3Column{table=org.hibernate.mapping.Table(customer), mappingColumn=delivery_addresses_key, insertable=true, updatable=true, unique=false}
10:18:08.857 [main] DEBUG org.hibernate.cfg.Ejb3Column - Binding column: Ejb3JoinColumn{logicalColumnName='deliveryAddresses_KEY', referencedColumn='null', mappedBy='null'}
10:18:08.857 [main] DEBUG org.hibernate.cfg.Ejb3Column - Binding column: Ejb3JoinColumn{logicalColumnName='null', referencedColumn='null', mappedBy=''}
10:18:08.857 [main] DEBUG org.hibernate.cfg.Ejb3Column - Binding column: Ejb3JoinColumn{logicalColumnName='null', referencedColumn='null', mappedBy=''}
10:18:08.857 [main] DEBUG o.h.cfg.annotations.CollectionBinder - Collection role: hello.pojo.Customer.deliveryAddresses
10:18:08.857 [main] DEBUG o.h.cfg.annotations.PropertyBinder - Building property deliveryAddresses
10:18:08.857 [main] DEBUG org.hibernate.cfg.Ejb3Column - Binding column: Ejb3Column{table=org.hibernate.mapping.Table(customer), mappingColumn=first_name, insertable=true, updatable=true, unique=false}
10:18:08.857 [main] DEBUG o.h.cfg.annotations.PropertyBinder - MetadataSourceProcessor property firstName with lazy=false
10:18:08.857 [main] DEBUG o.h.cfg.AbstractPropertyHolder - Attempting to locate auto-apply AttributeConverter for property [hello.pojo.Customer:firstName]
10:18:08.857 [main] DEBUG o.h.c.annotations.SimpleValueBinder - building SimpleValue for firstName
10:18:08.857 [main] DEBUG o.h.cfg.annotations.PropertyBinder - Building property firstName
10:18:08.857 [main] DEBUG org.hibernate.cfg.Ejb3Column - Binding column: Ejb3Column{table=org.hibernate.mapping.Table(customer), mappingColumn=last_name, insertable=true, updatable=true, unique=false}
10:18:08.857 [main] DEBUG o.h.cfg.annotations.PropertyBinder - MetadataSourceProcessor property lastName with lazy=false
10:18:08.857 [main] DEBUG o.h.cfg.AbstractPropertyHolder - Attempting to locate auto-apply AttributeConverter for property [hello.pojo.Customer:lastName]
10:18:08.858 [main] DEBUG o.h.c.annotations.SimpleValueBinder - building SimpleValue for lastName
10:18:08.858 [main] DEBUG o.h.cfg.annotations.PropertyBinder - Building property lastName
10:18:08.858 [main] DEBUG org.hibernate.cfg.Ejb3Column - Binding column: Ejb3Column{table=org.hibernate.mapping.Table(customer), mappingColumn=mail, insertable=true, updatable=true, unique=false}
10:18:08.858 [main] DEBUG o.h.cfg.annotations.PropertyBinder - MetadataSourceProcessor property mail with lazy=false
10:18:08.858 [main] DEBUG o.h.cfg.AbstractPropertyHolder - Attempting to locate auto-apply AttributeConverter for property [hello.pojo.Customer:mail]
10:18:08.858 [main] DEBUG o.h.c.annotations.SimpleValueBinder - building SimpleValue for mail
10:18:08.858 [main] DEBUG o.h.cfg.annotations.PropertyBinder - Building property mail
10:18:08.858 [main] DEBUG org.hibernate.cfg.Ejb3Column - Binding column: Ejb3Column{table=org.hibernate.mapping.Table(customer), mappingColumn=title, insertable=true, updatable=true, unique=false}
10:18:08.858 [main] DEBUG o.h.cfg.annotations.PropertyBinder - MetadataSourceProcessor property title with lazy=false
10:18:08.858 [main] DEBUG o.h.cfg.AbstractPropertyHolder - Attempting to locate auto-apply AttributeConverter for property [hello.pojo.Customer:title]
10:18:08.858 [main] DEBUG o.h.c.annotations.SimpleValueBinder - building SimpleValue for title
10:18:08.858 [main] DEBUG o.h.cfg.annotations.PropertyBinder - Building property title
10:18:08.858 [main] DEBUG org.hibernate.cfg.AnnotationBinder - Binding entity from annotated class: hello.pojo.Billing
10:18:08.858 [main] DEBUG org.hibernate.cfg.Ejb3Column - Binding column: Ejb3DiscriminatorColumn{logicalColumnName'DTYPE', discriminatorTypeName='string'}
10:18:08.858 [main] DEBUG o.h.cfg.annotations.EntityBinder - Import with entity name Billing
10:18:08.859 [main] DEBUG o.h.cfg.annotations.EntityBinder - Bind entity hello.pojo.Billing on table billing
10:18:08.859 [main] DEBUG org.hibernate.cfg.Ejb3Column - Binding column: Ejb3Column{table=org.hibernate.mapping.Table(billing), mappingColumn=id, insertable=true, updatable=true, unique=false}
10:18:08.859 [main] DEBUG o.h.cfg.annotations.PropertyBinder - MetadataSourceProcessor property id with lazy=false
10:18:08.859 [main] DEBUG o.h.cfg.AbstractPropertyHolder - Attempting to locate auto-apply AttributeConverter for property [hello.pojo.Billing:id]
10:18:08.860 [main] DEBUG o.h.c.annotations.SimpleValueBinder - building SimpleValue for id
10:18:08.860 [main] DEBUG o.h.cfg.annotations.PropertyBinder - Building property id
10:18:08.860 [main] DEBUG org.hibernate.cfg.Ejb3Column - Binding column: Ejb3JoinColumn{logicalColumnName='null', referencedColumn='null', mappedBy=''}
10:18:08.860 [main] DEBUG org.hibernate.cfg.Ejb3Column - Binding column: Ejb3Column{table=org.hibernate.mapping.Table(billing), mappingColumn=address, insertable=true, updatable=true, unique=false}
10:18:08.860 [main] DEBUG o.h.cfg.annotations.PropertyBinder - Building property address
10:18:08.860 [main] DEBUG org.hibernate.cfg.Ejb3Column - Binding column: Ejb3JoinColumn{logicalColumnName='null', referencedColumn='null', mappedBy=''}
10:18:08.860 [main] DEBUG org.hibernate.cfg.Ejb3Column - Binding column: Ejb3Column{table=org.hibernate.mapping.Table(billing), mappingColumn=payment, insertable=true, updatable=true, unique=false}
10:18:08.860 [main] DEBUG o.h.cfg.annotations.PropertyBinder - Building property payment
10:18:08.861 [main] DEBUG o.h.c.annotations.SimpleValueBinder - Starting fillSimpleValue for id
10:18:08.861 [main] DEBUG o.h.c.annotations.SimpleValueBinder - Starting fillSimpleValue for details
10:18:08.861 [main] DEBUG o.h.c.annotations.SimpleValueBinder - Starting fillSimpleValue for id
10:18:08.861 [main] DEBUG o.h.c.annotations.SimpleValueBinder - Starting fillSimpleValue for paymentType
10:18:08.862 [main] DEBUG o.h.c.annotations.SimpleValueBinder - Starting fillSimpleValue for id
10:18:08.862 [main] DEBUG o.h.c.annotations.SimpleValueBinder - Starting fillSimpleValue for country
10:18:08.862 [main] DEBUG o.h.c.annotations.SimpleValueBinder - Starting fillSimpleValue for postalcode
10:18:08.862 [main] DEBUG o.h.c.annotations.SimpleValueBinder - Starting fillSimpleValue for state
10:18:08.862 [main] DEBUG o.h.c.annotations.SimpleValueBinder - Starting fillSimpleValue for street
10:18:08.862 [main] DEBUG o.h.c.annotations.SimpleValueBinder - Starting fillSimpleValue for id
10:18:08.862 [main] DEBUG o.h.c.annotations.SimpleValueBinder - Starting fillSimpleValue for orderDate
10:18:08.862 [main] DEBUG o.h.c.annotations.SimpleValueBinder - Starting fillSimpleValue for total
10:18:08.862 [main] DEBUG o.h.c.annotations.SimpleValueBinder - Starting fillSimpleValue for id
10:18:08.862 [main] DEBUG o.h.c.annotations.SimpleValueBinder - Starting fillSimpleValue for code
10:18:08.862 [main] DEBUG o.h.c.annotations.SimpleValueBinder - Starting fillSimpleValue for description
10:18:08.862 [main] DEBUG o.h.c.annotations.SimpleValueBinder - Starting fillSimpleValue for name
10:18:08.862 [main] DEBUG o.h.c.annotations.SimpleValueBinder - Starting fillSimpleValue for unitPrice
10:18:08.862 [main] DEBUG o.h.c.annotations.SimpleValueBinder - Starting fillSimpleValue for id
10:18:08.862 [main] DEBUG o.h.c.annotations.SimpleValueBinder - Starting fillSimpleValue for qty
10:18:08.862 [main] DEBUG o.h.c.annotations.SimpleValueBinder - Starting fillSimpleValue for total
10:18:08.862 [main] DEBUG o.h.c.annotations.SimpleValueBinder - Starting fillSimpleValue for id
10:18:08.862 [main] DEBUG o.h.c.annotations.SimpleValueBinder - Starting fillSimpleValue for firstName
10:18:08.863 [main] DEBUG o.h.c.annotations.SimpleValueBinder - Starting fillSimpleValue for lastName
10:18:08.863 [main] DEBUG o.h.c.annotations.SimpleValueBinder - Starting fillSimpleValue for mail
10:18:08.863 [main] DEBUG o.h.c.annotations.SimpleValueBinder - Starting fillSimpleValue for title
10:18:08.863 [main] DEBUG o.h.c.annotations.SimpleValueBinder - Starting fillSimpleValue for id
10:18:08.863 [main] DEBUG org.hibernate.cfg.Configuration - Processing fk mappings (*ToOne and JoinedSubclass)
10:18:08.876 [main] DEBUG org.hibernate.cfg.Configuration - Processing extends queue
10:18:08.876 [main] DEBUG org.hibernate.cfg.Configuration - Processing extends queue
10:18:08.876 [main] DEBUG org.hibernate.cfg.Configuration - Processing collection mappings
10:18:08.876 [main] DEBUG o.hibernate.cfg.CollectionSecondPass - Second pass for collection: hello.pojo.Customer.deliveryAddresses
10:18:08.877 [main] DEBUG o.h.cfg.annotations.CollectionBinder - Binding a OneToMany: hello.pojo.Customer.deliveryAddresses through an association table
10:18:08.879 [main] DEBUG o.hibernate.cfg.CollectionSecondPass - Mapped collection key: customer_id, element: delivery_addresses_id
10:18:08.879 [main] DEBUG o.hibernate.cfg.CollectionSecondPass - Second pass for collection: hello.pojo.Customer.billingInfos
10:18:08.880 [main] DEBUG o.h.cfg.annotations.CollectionBinder - Binding a OneToMany: hello.pojo.Customer.billingInfos through an association table
10:18:08.880 [main] DEBUG o.hibernate.cfg.CollectionSecondPass - Mapped collection key: customer_id, element: billing_infos_id
10:18:08.880 [main] DEBUG o.hibernate.cfg.CollectionSecondPass - Second pass for collection: hello.pojo.Order.orderProduct
10:18:08.881 [main] DEBUG o.h.cfg.annotations.CollectionBinder - Binding a OneToMany: hello.pojo.Order.orderProduct through an association table
10:18:08.881 [main] DEBUG o.hibernate.cfg.CollectionSecondPass - Mapped collection key: order_id, element: order_product_id
10:18:08.881 [main] DEBUG org.hibernate.cfg.Configuration - Processing native query and ResultSetMapping mappings
10:18:08.881 [main] DEBUG org.hibernate.cfg.Configuration - Processing association property references
10:18:08.881 [main] DEBUG org.hibernate.cfg.Configuration - Creating tables' unique integer identifiers
10:18:08.881 [main] DEBUG org.hibernate.cfg.Configuration - Processing foreign key constraints
10:18:08.881 [main] DEBUG org.hibernate.cfg.Configuration - Resolving reference to class: hello.pojo.Address
10:18:08.881 [main] DEBUG org.hibernate.cfg.Configuration - Resolving reference to class: hello.pojo.Payment
10:18:08.881 [main] DEBUG org.hibernate.cfg.Configuration - Resolving reference to class: hello.pojo.Billing
10:18:08.881 [main] DEBUG org.hibernate.cfg.Configuration - Resolving reference to class: hello.pojo.Customer
10:18:08.882 [main] DEBUG org.hibernate.cfg.Configuration - Resolving reference to class: hello.pojo.Address
10:18:08.882 [main] DEBUG org.hibernate.cfg.Configuration - Resolving reference to class: hello.pojo.Customer
10:18:08.882 [main] DEBUG org.hibernate.cfg.Configuration - Resolving reference to class: hello.pojo.Billing
10:18:08.882 [main] DEBUG org.hibernate.cfg.Configuration - Resolving reference to class: hello.pojo.Comment
10:18:08.882 [main] DEBUG org.hibernate.cfg.Configuration - Resolving reference to class: hello.pojo.Customer
10:18:08.882 [main] DEBUG org.hibernate.cfg.Configuration - Resolving reference to class: hello.pojo.Address
10:18:08.882 [main] DEBUG org.hibernate.cfg.Configuration - Resolving reference to class: hello.pojo.OrderProduct
10:18:08.882 [main] DEBUG org.hibernate.cfg.Configuration - Resolving reference to class: hello.pojo.Order
10:18:08.882 [main] DEBUG org.hibernate.cfg.Configuration - Resolving reference to class: hello.pojo.Comment
10:18:08.882 [main] DEBUG org.hibernate.cfg.Configuration - Resolving reference to class: hello.pojo.Order
10:18:08.882 [main] DEBUG org.hibernate.cfg.Configuration - Resolving reference to class: hello.pojo.Product
10:18:08.882 [main] DEBUG org.hibernate.cfg.Configuration - Resolving reference to class: hello.pojo.Comment
10:18:08.889 [main] DEBUG org.hibernate.cfg.SettingsFactory - Automatic flush during beforeCompletion(): disabled
10:18:08.889 [main] DEBUG org.hibernate.cfg.SettingsFactory - Automatic session close at end of transaction: disabled
10:18:08.889 [main] DEBUG org.hibernate.cfg.SettingsFactory - JDBC batch size: 15
10:18:08.889 [main] DEBUG org.hibernate.cfg.SettingsFactory - JDBC batch updates for versioned data: disabled
10:18:08.889 [main] DEBUG org.hibernate.cfg.SettingsFactory - Scrollable result sets: enabled
10:18:08.889 [main] DEBUG org.hibernate.cfg.SettingsFactory - Wrap result sets: disabled
10:18:08.889 [main] DEBUG org.hibernate.cfg.SettingsFactory - JDBC3 getGeneratedKeys(): enabled
10:18:08.890 [main] DEBUG org.hibernate.cfg.SettingsFactory - multi-tenancy strategy : NONE
10:18:08.890 [main] DEBUG org.hibernate.cfg.SettingsFactory - Connection release mode: auto
10:18:08.892 [main] DEBUG org.hibernate.cfg.SettingsFactory - Using BatchFetchStyle : LEGACY
10:18:08.892 [main] DEBUG org.hibernate.cfg.SettingsFactory - Default batch fetch size: 1
10:18:08.892 [main] DEBUG org.hibernate.cfg.SettingsFactory - Generate SQL with comments: disabled
10:18:08.892 [main] DEBUG org.hibernate.cfg.SettingsFactory - Order SQL updates by primary key: disabled
10:18:08.892 [main] DEBUG org.hibernate.cfg.SettingsFactory - Order SQL inserts for batching: disabled
10:18:08.892 [main] DEBUG org.hibernate.cfg.SettingsFactory - Default null ordering: none
10:18:08.893 [main] DEBUG org.hibernate.cfg.SettingsFactory - Query translator: org.hibernate.hql.internal.ast.ASTQueryTranslatorFactory
10:18:08.894 [main] INFO  o.h.h.i.a.ASTQueryTranslatorFactory - HHH000397: Using ASTQueryTranslatorFactory
10:18:08.894 [main] DEBUG org.hibernate.cfg.SettingsFactory - Query language substitutions: {}
10:18:08.894 [main] DEBUG org.hibernate.cfg.SettingsFactory - JPA-QL strict compliance: disabled
10:18:08.894 [main] DEBUG org.hibernate.cfg.SettingsFactory - Second-level cache: enabled
10:18:08.895 [main] DEBUG org.hibernate.cfg.SettingsFactory - Query cache: disabled
10:18:08.895 [main] DEBUG o.h.c.i.RegionFactoryInitiator - Cache region factory : org.hibernate.cache.internal.NoCachingRegionFactory
10:18:08.897 [main] DEBUG org.hibernate.cfg.SettingsFactory - Optimize cache for minimal puts: disabled
10:18:08.897 [main] DEBUG org.hibernate.cfg.SettingsFactory - Structured second-level cache entries: disabled
10:18:08.897 [main] DEBUG org.hibernate.cfg.SettingsFactory - Second-level cache direct-reference entries: disabled
10:18:08.897 [main] DEBUG org.hibernate.cfg.SettingsFactory - Automatic eviction of collection cache: disabled
10:18:08.898 [main] DEBUG org.hibernate.cfg.SettingsFactory - Statistics: disabled
10:18:08.898 [main] DEBUG org.hibernate.cfg.SettingsFactory - Deleted entity synthetic identifier rollback: disabled
10:18:08.898 [main] DEBUG org.hibernate.cfg.SettingsFactory - Default entity-mode: pojo
10:18:08.898 [main] DEBUG org.hibernate.cfg.SettingsFactory - Named query checking : enabled
10:18:08.898 [main] DEBUG org.hibernate.cfg.SettingsFactory - Check Nullability in Core (should be disabled when Bean Validation is on): enabled
10:18:08.898 [main] DEBUG org.hibernate.cfg.SettingsFactory - Allow initialization of lazy state outside session : : disabled
10:18:08.898 [main] DEBUG org.hibernate.cfg.SettingsFactory - JTA Track by Thread: enabled
10:18:08.906 [main] DEBUG o.h.internal.SessionFactoryImpl - Building session factory
10:18:08.914 [main] DEBUG o.h.internal.SessionFactoryImpl - Session factory constructed with filter configurations : {}
10:18:08.915 [main] DEBUG o.h.internal.SessionFactoryImpl - Instantiating session factory with properties: {java.runtime.name=Java(TM) SE Runtime Environment, sun.boot.library.path=/home/ifaturoti_adeyemi/jdk1.8.0_05/jre/lib/amd64, java.vm.version=25.5-b02, java.vm.vendor=Oracle Corporation, java.vendor.url=http://java.oracle.com/, path.separator=:, java.vm.name=Java HotSpot(TM) 64-Bit Server VM, file.encoding.pkg=sun.io, user.country=US, sun.java.launcher=SUN_STANDARD, sun.os.patch.level=unknown, hibernate.ejb.naming_strategy=org.springframework.boot.orm.jpa.hibernate.SpringNamingStrategy, java.vm.specification.name=Java Virtual Machine Specification, user.dir=/home/ifaturoti_adeyemi/STS/workspace/gs-rest-hateoas-initial, javax.persistence.sharedCache.mode=UNSPECIFIED, java.runtime.version=1.8.0_05-b13, java.awt.graphicsenv=sun.awt.X11GraphicsEnvironment, basedir=/home/ifaturoti_adeyemi/STS/workspace/gs-rest-hateoas-initial, java.endorsed.dirs=/home/ifaturoti_adeyemi/jdk1.8.0_05/jre/lib/endorsed, os.arch=amd64, surefire.real.class.path=/home/ifaturoti_adeyemi/STS/workspace/gs-rest-hateoas-initial/target/surefire/surefirebooter4254604607887652483.jar, java.io.tmpdir=/tmp, line.separator=
, java.vm.specification.vendor=Oracle Corporation, os.name=Linux, sun.jnu.encoding=UTF-8, java.library.path=/usr/java/packages/lib/amd64:/usr/lib64:/lib64:/lib:/usr/lib, surefire.test.class.path=/home/ifaturoti_adeyemi/STS/workspace/gs-rest-hateoas-initial/target/test-classes:/home/ifaturoti_adeyemi/STS/workspace/gs-rest-hateoas-initial/target/classes:/home/ifaturoti_adeyemi/.m2/repository/org/springframework/boot/spring-boot-starter-data-rest/1.2.3.RELEASE/spring-boot-starter-data-rest-1.2.3.RELEASE.jar:/home/ifaturoti_adeyemi/.m2/repository/org/springframework/boot/spring-boot-starter/1.2.3.RELEASE/spring-boot-starter-1.2.3.RELEASE.jar:/home/ifaturoti_adeyemi/.m2/repository/org/springframework/boot/spring-boot/1.2.3.RELEASE/spring-boot-1.2.3.RELEASE.jar:/home/ifaturoti_adeyemi/.m2/repository/org/springframework/boot/spring-boot-autoconfigure/1.2.3.RELEASE/spring-boot-autoconfigure-1.2.3.RELEASE.jar:/home/ifaturoti_adeyemi/.m2/repository/org/springframework/boot/spring-boot-starter-logging/1.2.3.RELEASE/spring-boot-starter-logging-1.2.3.RELEASE.jar:/home/ifaturoti_adeyemi/.m2/repository/org/slf4j/jul-to-slf4j/1.7.11/jul-to-slf4j-1.7.11.jar:/home/ifaturoti_adeyemi/.m2/repository/org/slf4j/log4j-over-slf4j/1.7.11/log4j-over-slf4j-1.7.11.jar:/home/ifaturoti_adeyemi/.m2/repository/ch/qos/logback/logback-classic/1.1.3/logback-classic-1.1.3.jar:/home/ifaturoti_adeyemi/.m2/repository/ch/qos/logback/logback-core/1.1.3/logback-core-1.1.3.jar:/home/ifaturoti_adeyemi/.m2/repository/org/yaml/snakeyaml/1.14/snakeyaml-1.14.jar:/home/ifaturoti_adeyemi/.m2/repository/org/springframework/boot/spring-boot-starter-web/1.2.3.RELEASE/spring-boot-starter-web-1.2.3.RELEASE.jar:/home/ifaturoti_adeyemi/.m2/repository/org/springframework/boot/spring-boot-starter-tomcat/1.2.3.RELEASE/spring-boot-starter-tomcat-1.2.3.RELEASE.jar:/home/ifaturoti_adeyemi/.m2/repository/org/apache/tomcat/embed/tomcat-embed-core/8.0.20/tomcat-embed-core-8.0.20.jar:/home/ifaturoti_adeyemi/.m2/repository/org/apache/tomcat/embed/tomcat-embed-el/8.0.20/tomcat-embed-el-8.0.20.jar:/home/ifaturoti_adeyemi/.m2/repository/org/apache/tomcat/embed/tomcat-embed-logging-juli/8.0.20/tomcat-embed-logging-juli-8.0.20.jar:/home/ifaturoti_adeyemi/.m2/repository/org/apache/tomcat/embed/tomcat-embed-websocket/8.0.20/tomcat-embed-websocket-8.0.20.jar:/home/ifaturoti_adeyemi/.m2/repository/org/hibernate/hibernate-validator/5.1.3.Final/hibernate-validator-5.1.3.Final.jar:/home/ifaturoti_adeyemi/.m2/repository/javax/validation/validation-api/1.1.0.Final/validation-api-1.1.0.Final.jar:/home/ifaturoti_adeyemi/.m2/repository/com/fasterxml/classmate/1.0.0/classmate-1.0.0.jar:/home/ifaturoti_adeyemi/.m2/repository/org/springframework/spring-web/4.1.6.RELEASE/spring-web-4.1.6.RELEASE.jar:/home/ifaturoti_adeyemi/.m2/repository/org/springframework/spring-webmvc/4.1.6.RELEASE/spring-webmvc-4.1.6.RELEASE.jar:/home/ifaturoti_adeyemi/.m2/repository/org/springframework/spring-expression/4.1.6.RELEASE/spring-expression-4.1.6.RELEASE.jar:/home/ifaturoti_adeyemi/.m2/repository/com/fasterxml/jackson/core/jackson-annotations/2.4.5/jackson-annotations-2.4.5.jar:/home/ifaturoti_adeyemi/.m2/repository/com/fasterxml/jackson/core/jackson-databind/2.4.5/jackson-databind-2.4.5.jar:/home/ifaturoti_adeyemi/.m2/repository/com/fasterxml/jackson/core/jackson-core/2.4.5/jackson-core-2.4.5.jar:/home/ifaturoti_adeyemi/.m2/repository/org/springframework/spring-core/4.1.6.RELEASE/spring-core-4.1.6.RELEASE.jar:/home/ifaturoti_adeyemi/.m2/repository/org/springframework/spring-tx/4.1.6.RELEASE/spring-tx-4.1.6.RELEASE.jar:/home/ifaturoti_adeyemi/.m2/repository/org/springframework/spring-beans/4.1.6.RELEASE/spring-beans-4.1.6.RELEASE.jar:/home/ifaturoti_adeyemi/.m2/repository/org/springframework/data/spring-data-rest-webmvc/2.2.2.RELEASE/spring-data-rest-webmvc-2.2.2.RELEASE.jar:/home/ifaturoti_adeyemi/.m2/repository/org/springframework/data/spring-data-rest-core/2.2.2.RELEASE/spring-data-rest-core-2.2.2.RELEASE.jar:/home/ifaturoti_adeyemi/.m2/repository/org/springframework/hateoas/spring-hateoas/0.16.0.RELEASE/spring-hateoas-0.16.0.RELEASE.jar:/home/ifaturoti_adeyemi/.m2/repository/org/springframework/plugin/spring-plugin-core/1.1.0.RELEASE/spring-plugin-core-1.1.0.RELEASE.jar:/home/ifaturoti_adeyemi/.m2/repository/org/atteo/evo-inflector/1.2/evo-inflector-1.2.jar:/home/ifaturoti_adeyemi/.m2/repository/com/github/fge/json-patch/1.7/json-patch-1.7.jar:/home/ifaturoti_adeyemi/.m2/repository/com/github/fge/jackson-coreutils/1.6/jackson-coreutils-1.6.jar:/home/ifaturoti_adeyemi/.m2/repository/com/github/fge/msg-simple/1.1/msg-simple-1.1.jar:/home/ifaturoti_adeyemi/.m2/repository/com/github/fge/btf/1.2/btf-1.2.jar:/home/ifaturoti_adeyemi/.m2/repository/org/slf4j/slf4j-api/1.7.11/slf4j-api-1.7.11.jar:/home/ifaturoti_adeyemi/.m2/repository/org/slf4j/jcl-over-slf4j/1.7.11/jcl-over-slf4j-1.7.11.jar:/home/ifaturoti_adeyemi/.m2/repository/org/springframework/boot/spring-boot-starter-data-jpa/1.2.3.RELEASE/spring-boot-starter-data-jpa-1.2.3.RELEASE.jar:/home/ifaturoti_adeyemi/.m2/repository/org/springframework/boot/spring-boot-starter-aop/1.2.3.RELEASE/spring-boot-starter-aop-1.2.3.RELEASE.jar:/home/ifaturoti_adeyemi/.m2/repository/org/springframework/spring-aop/4.1.6.RELEASE/spring-aop-4.1.6.RELEASE.jar:/home/ifaturoti_adeyemi/.m2/repository/aopalliance/aopalliance/1.0/aopalliance-1.0.jar:/home/ifaturoti_adeyemi/.m2/repository/org/aspectj/aspectjrt/1.8.5/aspectjrt-1.8.5.jar:/home/ifaturoti_adeyemi/.m2/repository/org/aspectj/aspectjweaver/1.8.5/aspectjweaver-1.8.5.jar:/home/ifaturoti_adeyemi/.m2/repository/org/springframework/boot/spring-boot-starter-jdbc/1.2.3.RELEASE/spring-boot-starter-jdbc-1.2.3.RELEASE.jar:/home/ifaturoti_adeyemi/.m2/repository/org/springframework/spring-jdbc/4.1.6.RELEASE/spring-jdbc-4.1.6.RELEASE.jar:/home/ifaturoti_adeyemi/.m2/repository/org/apache/tomcat/tomcat-jdbc/8.0.20/tomcat-jdbc-8.0.20.jar:/home/ifaturoti_adeyemi/.m2/repository/org/apache/tomcat/tomcat-juli/8.0.20/tomcat-juli-8.0.20.jar:/home/ifaturoti_adeyemi/.m2/repository/org/hibernate/hibernate-entitymanager/4.3.8.Final/hibernate-entitymanager-4.3.8.Final.jar:/home/ifaturoti_adeyemi/.m2/repository/org/jboss/logging/jboss-logging/3.1.3.GA/jboss-logging-3.1.3.GA.jar:/home/ifaturoti_adeyemi/.m2/repository/org/jboss/logging/jboss-logging-annotations/1.2.0.Beta1/jboss-logging-annotations-1.2.0.Beta1.jar:/home/ifaturoti_adeyemi/.m2/repository/org/hibernate/hibernate-core/4.3.8.Final/hibernate-core-4.3.8.Final.jar:/home/ifaturoti_adeyemi/.m2/repository/antlr/antlr/2.7.7/antlr-2.7.7.jar:/home/ifaturoti_adeyemi/.m2/repository/org/jboss/jandex/1.1.0.Final/jandex-1.1.0.Final.jar:/home/ifaturoti_adeyemi/.m2/repository/org/hibernate/common/hibernate-commons-annotations/4.0.5.Final/hibernate-commons-annotations-4.0.5.Final.jar:/home/ifaturoti_adeyemi/.m2/repository/org/hibernate/javax/persistence/hibernate-jpa-2.1-api/1.0.0.Final/hibernate-jpa-2.1-api-1.0.0.Final.jar:/home/ifaturoti_adeyemi/.m2/repository/javax/transaction/javax.transaction-api/1.2/javax.transaction-api-1.2.jar:/home/ifaturoti_adeyemi/.m2/repository/org/springframework/spring-orm/4.1.6.RELEASE/spring-orm-4.1.6.RELEASE.jar:/home/ifaturoti_adeyemi/.m2/repository/org/springframework/data/spring-data-jpa/1.7.2.RELEASE/spring-data-jpa-1.7.2.RELEASE.jar:/home/ifaturoti_adeyemi/.m2/repository/org/springframework/data/spring-data-commons/1.9.2.RELEASE/spring-data-commons-1.9.2.RELEASE.jar:/home/ifaturoti_adeyemi/.m2/repository/org/springframework/spring-context/4.1.6.RELEASE/spring-context-4.1.6.RELEASE.jar:/home/ifaturoti_adeyemi/.m2/repository/org/springframework/spring-aspects/4.1.6.RELEASE/spring-aspects-4.1.6.RELEASE.jar:/home/ifaturoti_adeyemi/.m2/repository/com/h2database/h2/1.4.185/h2-1.4.185.jar:/home/ifaturoti_adeyemi/.m2/repository/org/springframework/boot/spring-boot-starter-test/1.2.3.RELEASE/spring-boot-starter-test-1.2.3.RELEASE.jar:/home/ifaturoti_adeyemi/.m2/repository/junit/junit/4.12/junit-4.12.jar:/home/ifaturoti_adeyemi/.m2/repository/org/mockito/mockito-core/1.10.19/mockito-core-1.10.19.jar:/home/ifaturoti_adeyemi/.m2/repository/org/objenesis/objenesis/2.1/objenesis-2.1.jar:/home/ifaturoti_adeyemi/.m2/repository/org/hamcrest/hamcrest-core/1.3/hamcrest-core-1.3.jar:/home/ifaturoti_adeyemi/.m2/repository/org/hamcrest/hamcrest-library/1.3/hamcrest-library-1.3.jar:/home/ifaturoti_adeyemi/.m2/repository/org/springframework/spring-test/4.1.6.RELEASE/spring-test-4.1.6.RELEASE.jar:/home/ifaturoti_adeyemi/.m2/repository/org/glassfish/jersey/core/jersey-client/2.17/jersey-client-2.17.jar:/home/ifaturoti_adeyemi/.m2/repository/javax/ws/rs/javax.ws.rs-api/2.0.1/javax.ws.rs-api-2.0.1.jar:/home/ifaturoti_adeyemi/.m2/repository/org/glassfish/jersey/core/jersey-common/2.17/jersey-common-2.17.jar:/home/ifaturoti_adeyemi/.m2/repository/javax/annotation/javax.annotation-api/1.2/javax.annotation-api-1.2.jar:/home/ifaturoti_adeyemi/.m2/repository/org/glassfish/jersey/bundles/repackaged/jersey-guava/2.17/jersey-guava-2.17.jar:/home/ifaturoti_adeyemi/.m2/repository/org/glassfish/hk2/osgi-resource-locator/1.0.1/osgi-resource-locator-1.0.1.jar:/home/ifaturoti_adeyemi/.m2/repository/org/glassfish/hk2/hk2-api/2.4.0-b10/hk2-api-2.4.0-b10.jar:/home/ifaturoti_adeyemi/.m2/repository/org/glassfish/hk2/hk2-utils/2.4.0-b10/hk2-utils-2.4.0-b10.jar:/home/ifaturoti_adeyemi/.m2/repository/org/glassfish/hk2/external/aopalliance-repackaged/2.4.0-b10/aopalliance-repackaged-2.4.0-b10.jar:/home/ifaturoti_adeyemi/.m2/repository/org/glassfish/hk2/external/javax.inject/2.4.0-b10/javax.inject-2.4.0-b10.jar:/home/ifaturoti_adeyemi/.m2/repository/org/glassfish/hk2/hk2-locator/2.4.0-b10/hk2-locator-2.4.0-b10.jar:/home/ifaturoti_adeyemi/.m2/repository/org/springframework/boot/spring-boot-starter-data-solr/1.2.3.RELEASE/spring-boot-starter-data-solr-1.2.3.RELEASE.jar:/home/ifaturoti_adeyemi/.m2/repository/org/apache/solr/solr-solrj/4.7.2/solr-solrj-4.7.2.jar:/home/ifaturoti_adeyemi/.m2/repository/commons-io/commons-io/2.1/commons-io-2.1.jar:/home/ifaturoti_adeyemi/.m2/repository/org/apache/httpcomponents/httpclient/4.3.6/httpclient-4.3.6.jar:/home/ifaturoti_adeyemi/.m2/repository/org/apache/httpcomponents/httpcore/4.3/httpcore-4.3.jar:/home/ifaturoti_adeyemi/.m2/repository/org/apache/zookeeper/zookeeper/3.4.5/zookeeper-3.4.5.jar:/home/ifaturoti_adeyemi/.m2/repository/org/codehaus/woodstox/wstx-asl/3.2.7/wstx-asl-3.2.7.jar:/home/ifaturoti_adeyemi/.m2/repository/org/noggit/noggit/0.5/noggit-0.5.jar:/home/ifaturoti_adeyemi/.m2/repository/org/springframework/data/spring-data-solr/1.3.2.RELEASE/spring-data-solr-1.3.2.RELEASE.jar:/home/ifaturoti_adeyemi/.m2/repository/org/apache/commons/commons-lang3/3.1/commons-lang3-3.1.jar:/home/ifaturoti_adeyemi/.m2/repository/commons-collections/commons-collections/3.2.1/commons-collections-3.2.1.jar:/home/ifaturoti_adeyemi/.m2/repository/org/apache/httpcomponents/httpclient-cache/4.2.6/httpclient-cache-4.2.6.jar:/home/ifaturoti_adeyemi/.m2/repository/org/apache/httpcomponents/httpmime/4.3.6/httpmime-4.3.6.jar:/home/ifaturoti_adeyemi/.m2/repository/org/reflections/reflections/0.9.9-RC1/reflections-0.9.9-RC1.jar:/home/ifaturoti_adeyemi/.m2/repository/com/google/guava/guava/11.0.2/guava-11.0.2.jar:/home/ifaturoti_adeyemi/.m2/repository/com/google/code/findbugs/jsr305/1.3.9/jsr305-1.3.9.jar:/home/ifaturoti_adeyemi/.m2/repository/org/javassist/javassist/3.18.1-GA/javassist-3.18.1-GA.jar:/home/ifaturoti_adeyemi/.m2/repository/dom4j/dom4j/1.6.1/dom4j-1.6.1.jar:/home/ifaturoti_adeyemi/.m2/repository/xml-apis/xml-apis/1.0.b2/xml-apis-1.0.b2.jar:/home/ifaturoti_adeyemi/.m2/repository/org/scala-lang/scala-library/2.10.4/scala-library-2.10.4.jar:, hibernate.ejb.persistenceUnitName=default, java.specification.name=Java Platform API Specification, java.class.version=52.0, hibernate.transaction.jta.platform=org.hibernate.engine.transaction.jta.platform.internal.NoJtaPlatform@8ee0c23, sun.management.compiler=HotSpot 64-Bit Tiered Compilers, os.version=3.11.0-12-generic, user.home=/home/ifaturoti_adeyemi, user.timezone=Europe/Paris, java.awt.printerjob=sun.print.PSPrinterJob, java.specification.version=1.8, file.encoding=UTF-8, javax.persistence.nonJtaDataSource=org.apache.tomcat.jdbc.pool.DataSource@5e63cad{ConnectionPool[defaultAutoCommit=null; defaultReadOnly=null; defaultTransactionIsolation=-1; defaultCatalog=null; driverClassName=org.h2.Driver; maxActive=100; maxIdle=100; minIdle=10; initialSize=10; maxWait=30000; testOnBorrow=false; testOnReturn=false; timeBetweenEvictionRunsMillis=5000; numTestsPerEvictionRun=0; minEvictableIdleTimeMillis=60000; testWhileIdle=false; testOnConnect=false; password=********; url=jdbc:h2:mem:testdb;DB_CLOSE_DELAY=-1;DB_CLOSE_ON_EXIT=FALSE; username=sa; validationQuery=null; validationQueryTimeout=-1; validatorClassName=null; validationInterval=30000; accessToUnderlyingConnectionAllowed=true; removeAbandoned=false; removeAbandonedTimeout=60; logAbandoned=false; connectionProperties=null; initSQL=null; jdbcInterceptors=null; jmxEnabled=true; fairQueue=true; useEquals=true; abandonWhenPercentageFull=0; maxAge=0; useLock=false; dataSource=null; dataSourceJNDI=null; suspectTimeout=0; alternateUsernameAllowed=false; commitOnReturn=false; rollbackOnReturn=false; useDisposableConnectionFacade=true; logValidationErrors=false; propagateInterruptState=false; ignoreExceptionOnPreLoad=false; }, user.name=ifaturoti_adeyemi, java.class.path=/home/ifaturoti_adeyemi/STS/workspace/gs-rest-hateoas-initial/target/test-classes:/home/ifaturoti_adeyemi/STS/workspace/gs-rest-hateoas-initial/target/classes:/home/ifaturoti_adeyemi/.m2/repository/org/springframework/boot/spring-boot-starter-data-rest/1.2.3.RELEASE/spring-boot-starter-data-rest-1.2.3.RELEASE.jar:/home/ifaturoti_adeyemi/.m2/repository/org/springframework/boot/spring-boot-starter/1.2.3.RELEASE/spring-boot-starter-1.2.3.RELEASE.jar:/home/ifaturoti_adeyemi/.m2/repository/org/springframework/boot/spring-boot/1.2.3.RELEASE/spring-boot-1.2.3.RELEASE.jar:/home/ifaturoti_adeyemi/.m2/repository/org/springframework/boot/spring-boot-autoconfigure/1.2.3.RELEASE/spring-boot-autoconfigure-1.2.3.RELEASE.jar:/home/ifaturoti_adeyemi/.m2/repository/org/springframework/boot/spring-boot-starter-logging/1.2.3.RELEASE/spring-boot-starter-logging-1.2.3.RELEASE.jar:/home/ifaturoti_adeyemi/.m2/repository/org/slf4j/jul-to-slf4j/1.7.11/jul-to-slf4j-1.7.11.jar:/home/ifaturoti_adeyemi/.m2/repository/org/slf4j/log4j-over-slf4j/1.7.11/log4j-over-slf4j-1.7.11.jar:/home/ifaturoti_adeyemi/.m2/repository/ch/qos/logback/logback-classic/1.1.3/logback-classic-1.1.3.jar:/home/ifaturoti_adeyemi/.m2/repository/ch/qos/logback/logback-core/1.1.3/logback-core-1.1.3.jar:/home/ifaturoti_adeyemi/.m2/repository/org/yaml/snakeyaml/1.14/snakeyaml-1.14.jar:/home/ifaturoti_adeyemi/.m2/repository/org/springframework/boot/spring-boot-starter-web/1.2.3.RELEASE/spring-boot-starter-web-1.2.3.RELEASE.jar:/home/ifaturoti_adeyemi/.m2/repository/org/springframework/boot/spring-boot-starter-tomcat/1.2.3.RELEASE/spring-boot-starter-tomcat-1.2.3.RELEASE.jar:/home/ifaturoti_adeyemi/.m2/repository/org/apache/tomcat/embed/tomcat-embed-core/8.0.20/tomcat-embed-core-8.0.20.jar:/home/ifaturoti_adeyemi/.m2/repository/org/apache/tomcat/embed/tomcat-embed-el/8.0.20/tomcat-embed-el-8.0.20.jar:/home/ifaturoti_adeyemi/.m2/repository/org/apache/tomcat/embed/tomcat-embed-logging-juli/8.0.20/tomcat-embed-logging-juli-8.0.20.jar:/home/ifaturoti_adeyemi/.m2/repository/org/apache/tomcat/embed/tomcat-embed-websocket/8.0.20/tomcat-embed-websocket-8.0.20.jar:/home/ifaturoti_adeyemi/.m2/repository/org/hibernate/hibernate-validator/5.1.3.Final/hibernate-validator-5.1.3.Final.jar:/home/ifaturoti_adeyemi/.m2/repository/javax/validation/validation-api/1.1.0.Final/validation-api-1.1.0.Final.jar:/home/ifaturoti_adeyemi/.m2/repository/com/fasterxml/classmate/1.0.0/classmate-1.0.0.jar:/home/ifaturoti_adeyemi/.m2/repository/org/springframework/spring-web/4.1.6.RELEASE/spring-web-4.1.6.RELEASE.jar:/home/ifaturoti_adeyemi/.m2/repository/org/springframework/spring-webmvc/4.1.6.RELEASE/spring-webmvc-4.1.6.RELEASE.jar:/home/ifaturoti_adeyemi/.m2/repository/org/springframework/spring-expression/4.1.6.RELEASE/spring-expression-4.1.6.RELEASE.jar:/home/ifaturoti_adeyemi/.m2/repository/com/fasterxml/jackson/core/jackson-annotations/2.4.5/jackson-annotations-2.4.5.jar:/home/ifaturoti_adeyemi/.m2/repository/com/fasterxml/jackson/core/jackson-databind/2.4.5/jackson-databind-2.4.5.jar:/home/ifaturoti_adeyemi/.m2/repository/com/fasterxml/jackson/core/jackson-core/2.4.5/jackson-core-2.4.5.jar:/home/ifaturoti_adeyemi/.m2/repository/org/springframework/spring-core/4.1.6.RELEASE/spring-core-4.1.6.RELEASE.jar:/home/ifaturoti_adeyemi/.m2/repository/org/springframework/spring-tx/4.1.6.RELEASE/spring-tx-4.1.6.RELEASE.jar:/home/ifaturoti_adeyemi/.m2/repository/org/springframework/spring-beans/4.1.6.RELEASE/spring-beans-4.1.6.RELEASE.jar:/home/ifaturoti_adeyemi/.m2/repository/org/springframework/data/spring-data-rest-webmvc/2.2.2.RELEASE/spring-data-rest-webmvc-2.2.2.RELEASE.jar:/home/ifaturoti_adeyemi/.m2/repository/org/springframework/data/spring-data-rest-core/2.2.2.RELEASE/spring-data-rest-core-2.2.2.RELEASE.jar:/home/ifaturoti_adeyemi/.m2/repository/org/springframework/hateoas/spring-hateoas/0.16.0.RELEASE/spring-hateoas-0.16.0.RELEASE.jar:/home/ifaturoti_adeyemi/.m2/repository/org/springframework/plugin/spring-plugin-core/1.1.0.RELEASE/spring-plugin-core-1.1.0.RELEASE.jar:/home/ifaturoti_adeyemi/.m2/repository/org/atteo/evo-inflector/1.2/evo-inflector-1.2.jar:/home/ifaturoti_adeyemi/.m2/repository/com/github/fge/json-patch/1.7/json-patch-1.7.jar:/home/ifaturoti_adeyemi/.m2/repository/com/github/fge/jackson-coreutils/1.6/jackson-coreutils-1.6.jar:/home/ifaturoti_adeyemi/.m2/repository/com/github/fge/msg-simple/1.1/msg-simple-1.1.jar:/home/ifaturoti_adeyemi/.m2/repository/com/github/fge/btf/1.2/btf-1.2.jar:/home/ifaturoti_adeyemi/.m2/repository/org/slf4j/slf4j-api/1.7.11/slf4j-api-1.7.11.jar:/home/ifaturoti_adeyemi/.m2/repository/org/slf4j/jcl-over-slf4j/1.7.11/jcl-over-slf4j-1.7.11.jar:/home/ifaturoti_adeyemi/.m2/repository/org/springframework/boot/spring-boot-starter-data-jpa/1.2.3.RELEASE/spring-boot-starter-data-jpa-1.2.3.RELEASE.jar:/home/ifaturoti_adeyemi/.m2/repository/org/springframework/boot/spring-boot-starter-aop/1.2.3.RELEASE/spring-boot-starter-aop-1.2.3.RELEASE.jar:/home/ifaturoti_adeyemi/.m2/repository/org/springframework/spring-aop/4.1.6.RELEASE/spring-aop-4.1.6.RELEASE.jar:/home/ifaturoti_adeyemi/.m2/repository/aopalliance/aopalliance/1.0/aopalliance-1.0.jar:/home/ifaturoti_adeyemi/.m2/repository/org/aspectj/aspectjrt/1.8.5/aspectjrt-1.8.5.jar:/home/ifaturoti_adeyemi/.m2/repository/org/aspectj/aspectjweaver/1.8.5/aspectjweaver-1.8.5.jar:/home/ifaturoti_adeyemi/.m2/repository/org/springframework/boot/spring-boot-starter-jdbc/1.2.3.RELEASE/spring-boot-starter-jdbc-1.2.3.RELEASE.jar:/home/ifaturoti_adeyemi/.m2/repository/org/springframework/spring-jdbc/4.1.6.RELEASE/spring-jdbc-4.1.6.RELEASE.jar:/home/ifaturoti_adeyemi/.m2/repository/org/apache/tomcat/tomcat-jdbc/8.0.20/tomcat-jdbc-8.0.20.jar:/home/ifaturoti_adeyemi/.m2/repository/org/apache/tomcat/tomcat-juli/8.0.20/tomcat-juli-8.0.20.jar:/home/ifaturoti_adeyemi/.m2/repository/org/hibernate/hibernate-entitymanager/4.3.8.Final/hibernate-entitymanager-4.3.8.Final.jar:/home/ifaturoti_adeyemi/.m2/repository/org/jboss/logging/jboss-logging/3.1.3.GA/jboss-logging-3.1.3.GA.jar:/home/ifaturoti_adeyemi/.m2/repository/org/jboss/logging/jboss-logging-annotations/1.2.0.Beta1/jboss-logging-annotations-1.2.0.Beta1.jar:/home/ifaturoti_adeyemi/.m2/repository/org/hibernate/hibernate-core/4.3.8.Final/hibernate-core-4.3.8.Final.jar:/home/ifaturoti_adeyemi/.m2/repository/antlr/antlr/2.7.7/antlr-2.7.7.jar:/home/ifaturoti_adeyemi/.m2/repository/org/jboss/jandex/1.1.0.Final/jandex-1.1.0.Final.jar:/home/ifaturoti_adeyemi/.m2/repository/org/hibernate/common/hibernate-commons-annotations/4.0.5.Final/hibernate-commons-annotations-4.0.5.Final.jar:/home/ifaturoti_adeyemi/.m2/repository/org/hibernate/javax/persistence/hibernate-jpa-2.1-api/1.0.0.Final/hibernate-jpa-2.1-api-1.0.0.Final.jar:/home/ifaturoti_adeyemi/.m2/repository/javax/transaction/javax.transaction-api/1.2/javax.transaction-api-1.2.jar:/home/ifaturoti_adeyemi/.m2/repository/org/springframework/spring-orm/4.1.6.RELEASE/spring-orm-4.1.6.RELEASE.jar:/home/ifaturoti_adeyemi/.m2/repository/org/springframework/data/spring-data-jpa/1.7.2.RELEASE/spring-data-jpa-1.7.2.RELEASE.jar:/home/ifaturoti_adeyemi/.m2/repository/org/springframework/data/spring-data-commons/1.9.2.RELEASE/spring-data-commons-1.9.2.RELEASE.jar:/home/ifaturoti_adeyemi/.m2/repository/org/springframework/spring-context/4.1.6.RELEASE/spring-context-4.1.6.RELEASE.jar:/home/ifaturoti_adeyemi/.m2/repository/org/springframework/spring-aspects/4.1.6.RELEASE/spring-aspects-4.1.6.RELEASE.jar:/home/ifaturoti_adeyemi/.m2/repository/com/h2database/h2/1.4.185/h2-1.4.185.jar:/home/ifaturoti_adeyemi/.m2/repository/org/springframework/boot/spring-boot-starter-test/1.2.3.RELEASE/spring-boot-starter-test-1.2.3.RELEASE.jar:/home/ifaturoti_adeyemi/.m2/repository/junit/junit/4.12/junit-4.12.jar:/home/ifaturoti_adeyemi/.m2/repository/org/mockito/mockito-core/1.10.19/mockito-core-1.10.19.jar:/home/ifaturoti_adeyemi/.m2/repository/org/objenesis/objenesis/2.1/objenesis-2.1.jar:/home/ifaturoti_adeyemi/.m2/repository/org/hamcrest/hamcrest-core/1.3/hamcrest-core-1.3.jar:/home/ifaturoti_adeyemi/.m2/repository/org/hamcrest/hamcrest-library/1.3/hamcrest-library-1.3.jar:/home/ifaturoti_adeyemi/.m2/repository/org/springframework/spring-test/4.1.6.RELEASE/spring-test-4.1.6.RELEASE.jar:/home/ifaturoti_adeyemi/.m2/repository/org/glassfish/jersey/core/jersey-client/2.17/jersey-client-2.17.jar:/home/ifaturoti_adeyemi/.m2/repository/javax/ws/rs/javax.ws.rs-api/2.0.1/javax.ws.rs-api-2.0.1.jar:/home/ifaturoti_adeyemi/.m2/repository/org/glassfish/jersey/core/jersey-common/2.17/jersey-common-2.17.jar:/home/ifaturoti_adeyemi/.m2/repository/javax/annotation/javax.annotation-api/1.2/javax.annotation-api-1.2.jar:/home/ifaturoti_adeyemi/.m2/repository/org/glassfish/jersey/bundles/repackaged/jersey-guava/2.17/jersey-guava-2.17.jar:/home/ifaturoti_adeyemi/.m2/repository/org/glassfish/hk2/osgi-resource-locator/1.0.1/osgi-resource-locator-1.0.1.jar:/home/ifaturoti_adeyemi/.m2/repository/org/glassfish/hk2/hk2-api/2.4.0-b10/hk2-api-2.4.0-b10.jar:/home/ifaturoti_adeyemi/.m2/repository/org/glassfish/hk2/hk2-utils/2.4.0-b10/hk2-utils-2.4.0-b10.jar:/home/ifaturoti_adeyemi/.m2/repository/org/glassfish/hk2/external/aopalliance-repackaged/2.4.0-b10/aopalliance-repackaged-2.4.0-b10.jar:/home/ifaturoti_adeyemi/.m2/repository/org/glassfish/hk2/external/javax.inject/2.4.0-b10/javax.inject-2.4.0-b10.jar:/home/ifaturoti_adeyemi/.m2/repository/org/glassfish/hk2/hk2-locator/2.4.0-b10/hk2-locator-2.4.0-b10.jar:/home/ifaturoti_adeyemi/.m2/repository/org/springframework/boot/spring-boot-starter-data-solr/1.2.3.RELEASE/spring-boot-starter-data-solr-1.2.3.RELEASE.jar:/home/ifaturoti_adeyemi/.m2/repository/org/apache/solr/solr-solrj/4.7.2/solr-solrj-4.7.2.jar:/home/ifaturoti_adeyemi/.m2/repository/commons-io/commons-io/2.1/commons-io-2.1.jar:/home/ifaturoti_adeyemi/.m2/repository/org/apache/httpcomponents/httpclient/4.3.6/httpclient-4.3.6.jar:/home/ifaturoti_adeyemi/.m2/repository/org/apache/httpcomponents/httpcore/4.3/httpcore-4.3.jar:/home/ifaturoti_adeyemi/.m2/repository/org/apache/zookeeper/zookeeper/3.4.5/zookeeper-3.4.5.jar:/home/ifaturoti_adeyemi/.m2/repository/org/codehaus/woodstox/wstx-asl/3.2.7/wstx-asl-3.2.7.jar:/home/ifaturoti_adeyemi/.m2/repository/org/noggit/noggit/0.5/noggit-0.5.jar:/home/ifaturoti_adeyemi/.m2/repository/org/springframework/data/spring-data-solr/1.3.2.RELEASE/spring-data-solr-1.3.2.RELEASE.jar:/home/ifaturoti_adeyemi/.m2/repository/org/apache/commons/commons-lang3/3.1/commons-lang3-3.1.jar:/home/ifaturoti_adeyemi/.m2/repository/commons-collections/commons-collections/3.2.1/commons-collections-3.2.1.jar:/home/ifaturoti_adeyemi/.m2/repository/org/apache/httpcomponents/httpclient-cache/4.2.6/httpclient-cache-4.2.6.jar:/home/ifaturoti_adeyemi/.m2/repository/org/apache/httpcomponents/httpmime/4.3.6/httpmime-4.3.6.jar:/home/ifaturoti_adeyemi/.m2/repository/org/reflections/reflections/0.9.9-RC1/reflections-0.9.9-RC1.jar:/home/ifaturoti_adeyemi/.m2/repository/com/google/guava/guava/11.0.2/guava-11.0.2.jar:/home/ifaturoti_adeyemi/.m2/repository/com/google/code/findbugs/jsr305/1.3.9/jsr305-1.3.9.jar:/home/ifaturoti_adeyemi/.m2/repository/org/javassist/javassist/3.18.1-GA/javassist-3.18.1-GA.jar:/home/ifaturoti_adeyemi/.m2/repository/dom4j/dom4j/1.6.1/dom4j-1.6.1.jar:/home/ifaturoti_adeyemi/.m2/repository/xml-apis/xml-apis/1.0.b2/xml-apis-1.0.b2.jar:/home/ifaturoti_adeyemi/.m2/repository/org/scala-lang/scala-library/2.10.4/scala-library-2.10.4.jar:, hibernate.bytecode.use_reflection_optimizer=false, javax.persistence.validation.mode=AUTO, java.vm.specification.version=1.8, sun.arch.data.model=64, java.home=/home/ifaturoti_adeyemi/jdk1.8.0_05/jre, sun.java.command=/home/ifaturoti_adeyemi/STS/workspace/gs-rest-hateoas-initial/target/surefire/surefirebooter4254604607887652483.jar /home/ifaturoti_adeyemi/STS/workspace/gs-rest-hateoas-initial/target/surefire/surefire8315113710492957134tmp /home/ifaturoti_adeyemi/STS/workspace/gs-rest-hateoas-initial/target/surefire/surefire_06342213448430476408tmp, java.specification.vendor=Oracle Corporation, user.language=en, awt.toolkit=sun.awt.X11.XToolkit, java.vm.info=mixed mode, java.version=1.8.0_05, java.ext.dirs=/home/ifaturoti_adeyemi/jdk1.8.0_05/jre/lib/ext:/usr/java/packages/lib/ext, sun.boot.class.path=/home/ifaturoti_adeyemi/jdk1.8.0_05/jre/lib/resources.jar:/home/ifaturoti_adeyemi/jdk1.8.0_05/jre/lib/rt.jar:/home/ifaturoti_adeyemi/jdk1.8.0_05/jre/lib/sunrsasign.jar:/home/ifaturoti_adeyemi/jdk1.8.0_05/jre/lib/jsse.jar:/home/ifaturoti_adeyemi/jdk1.8.0_05/jre/lib/jce.jar:/home/ifaturoti_adeyemi/jdk1.8.0_05/jre/lib/charsets.jar:/home/ifaturoti_adeyemi/jdk1.8.0_05/jre/lib/jfr.jar:/home/ifaturoti_adeyemi/jdk1.8.0_05/jre/classes, java.vendor=Oracle Corporation, localRepository=/home/ifaturoti_adeyemi/.m2/repository, file.separator=/, java.vendor.url.bug=http://bugreport.sun.com/bugreport/, hibernate.hbm2ddl.auto=create-drop, sun.cpu.endian=little, sun.io.unicode.encoding=UnicodeLittle, sun.desktop=gnome, sun.cpu.isalist=}
10:18:08.927 [main] DEBUG o.h.v.i.e.r.DefaultTraversableResolver - Found javax.persistence.Persistence on classpath containing 'getPersistenceUtil'. Assuming JPA 2 environment. Trying to instantiate JPA aware TraversableResolver
10:18:08.927 [main] DEBUG o.h.v.i.e.r.DefaultTraversableResolver - Instantiated JPA aware TraversableResolver of type org.hibernate.validator.internal.engine.resolver.JPATraversableResolver.
10:18:08.927 [main] DEBUG o.h.v.i.xml.ValidationXmlParser - Trying to load META-INF/validation.xml for XML based Validator configuration.
10:18:08.928 [main] DEBUG o.h.v.i.xml.ValidationXmlParser - No META-INF/validation.xml found. Using annotation based configuration only.
10:18:08.976 [main] DEBUG o.h.secure.spi.JaccIntegrator - Skipping JACC integration as it was not enabled
10:18:08.979 [main] DEBUG o.hibernate.engine.spi.CascadeStyles - External cascade style regsitration [persist : STYLE_PERSIST_SKIPLAZY] overrode base registration [STYLE_PERSIST]
10:18:08.989 [main] DEBUG o.h.i.f.i.DefaultIdentifierGeneratorFactory - Setting dialect [org.hibernate.dialect.H2Dialect]
10:18:08.990 [main] DEBUG o.h.i.f.i.DefaultIdentifierGeneratorFactory - Setting dialect [org.hibernate.dialect.H2Dialect]
10:18:08.990 [main] DEBUG o.h.i.f.i.DefaultIdentifierGeneratorFactory - Setting dialect [org.hibernate.dialect.H2Dialect]
10:18:08.990 [main] DEBUG o.h.i.f.i.DefaultIdentifierGeneratorFactory - Setting dialect [org.hibernate.dialect.H2Dialect]
10:18:08.990 [main] DEBUG o.h.i.f.i.DefaultIdentifierGeneratorFactory - Setting dialect [org.hibernate.dialect.H2Dialect]
10:18:08.990 [main] DEBUG o.h.i.f.i.DefaultIdentifierGeneratorFactory - Setting dialect [org.hibernate.dialect.H2Dialect]
10:18:08.990 [main] DEBUG o.h.i.f.i.DefaultIdentifierGeneratorFactory - Setting dialect [org.hibernate.dialect.H2Dialect]
10:18:08.990 [main] DEBUG o.h.i.f.i.DefaultIdentifierGeneratorFactory - Setting dialect [org.hibernate.dialect.H2Dialect]
10:18:09.213 [main] DEBUG o.h.p.c.AbstractCollectionPersister - Static SQL for collection: hello.pojo.Customer.billingInfos
10:18:09.213 [main] DEBUG o.h.p.c.AbstractCollectionPersister -  Row insert: insert into customer_billing_infos (customer_id, billing_infos_id) values (?, ?)
10:18:09.213 [main] DEBUG o.h.p.c.AbstractCollectionPersister -  Row update: update customer_billing_infos set billing_infos_id=? where customer_id=? and billing_infos_id=?
10:18:09.213 [main] DEBUG o.h.p.c.AbstractCollectionPersister -  Row delete: delete from customer_billing_infos where customer_id=? and billing_infos_id=?
10:18:09.213 [main] DEBUG o.h.p.c.AbstractCollectionPersister -  One-shot delete: delete from customer_billing_infos where customer_id=?
10:18:09.213 [main] DEBUG o.h.p.c.AbstractCollectionPersister - Static SQL for collection: hello.pojo.Order.orderProduct
10:18:09.213 [main] DEBUG o.h.p.c.AbstractCollectionPersister -  Row insert: insert into order_order_product (order_id, order_product_id) values (?, ?)
10:18:09.213 [main] DEBUG o.h.p.c.AbstractCollectionPersister -  Row update: update order_order_product set order_product_id=? where order_id=? and order_product_id=?
10:18:09.213 [main] DEBUG o.h.p.c.AbstractCollectionPersister -  Row delete: delete from order_order_product where order_id=? and order_product_id=?
10:18:09.213 [main] DEBUG o.h.p.c.AbstractCollectionPersister -  One-shot delete: delete from order_order_product where order_id=?
10:18:09.214 [main] DEBUG o.h.p.c.AbstractCollectionPersister - Static SQL for collection: hello.pojo.Customer.deliveryAddresses
10:18:09.214 [main] DEBUG o.h.p.c.AbstractCollectionPersister -  Row insert: insert into customer_delivery_addresses (customer_id, delivery_addresses_id) values (?, ?)
10:18:09.214 [main] DEBUG o.h.p.c.AbstractCollectionPersister -  Row update: update customer_delivery_addresses set delivery_addresses_id=? where customer_id=? and delivery_addresses_id=?
10:18:09.214 [main] DEBUG o.h.p.c.AbstractCollectionPersister -  Row delete: delete from customer_delivery_addresses where customer_id=? and delivery_addresses_id=?
10:18:09.214 [main] DEBUG o.h.p.c.AbstractCollectionPersister -  One-shot delete: delete from customer_delivery_addresses where customer_id=?
10:18:09.217 [main] DEBUG o.h.p.entity.AbstractEntityPersister - Static SQL for entity: hello.pojo.Comment
10:18:09.218 [main] DEBUG o.h.p.entity.AbstractEntityPersister -  Version select: select id from comment where id =?
10:18:09.218 [main] DEBUG o.h.p.entity.AbstractEntityPersister -  Snapshot select: select comment_.id, comment_.details as details2_2_ from comment comment_ where comment_.id=?
10:18:09.218 [main] DEBUG o.h.p.entity.AbstractEntityPersister -  Insert 0: insert into comment (details, id) values (?, ?)
10:18:09.218 [main] DEBUG o.h.p.entity.AbstractEntityPersister -  Update 0: update comment set details=? where id=?
10:18:09.218 [main] DEBUG o.h.p.entity.AbstractEntityPersister -  Delete 0: delete from comment where id=?
10:18:09.218 [main] DEBUG o.h.p.entity.AbstractEntityPersister -  Identity insert: insert into comment (id, details) values (null, ?)
10:18:09.236 [main] DEBUG o.h.l.p.b.i.spaces.QuerySpacesImpl - Adding QuerySpace : uid = <gen:0> -> org.hibernate.loader.plan.build.internal.spaces.EntityQuerySpaceImpl@4b65d9f4]
10:18:09.237 [main] DEBUG o.h.p.w.spi.MetamodelGraphWalker - Visiting attribute path : details
10:18:09.238 [main] DEBUG o.h.l.p.b.i.FetchStyleLoadPlanBuildingAssociationVisitationStrategy - Building LoadPlan...
10:18:09.249 [main] DEBUG o.h.l.p.e.i.LoadQueryJoinAndFetchProcessor - processing queryspace <gen:0>
10:18:09.253 [main] DEBUG o.h.l.p.b.spi.LoadPlanTreePrinter - LoadPlan(entity=hello.pojo.Comment)
    - Returns
       - EntityReturnImpl(entity=hello.pojo.Comment, querySpaceUid=<gen:0>, path=hello.pojo.Comment)
    - QuerySpaces
       - EntityQuerySpaceImpl(uid=<gen:0>, entity=hello.pojo.Comment)
          - SQL table alias mapping - comment0_
          - alias suffix - 0_
          - suffixed key columns - {id1_2_0_}

10:18:09.255 [main] DEBUG o.h.loader.entity.plan.EntityLoader - Static select for entity hello.pojo.Comment [NONE]: select comment0_.id as id1_2_0_, comment0_.details as details2_2_0_ from comment comment0_ where comment0_.id=?
10:18:09.255 [main] DEBUG o.h.l.p.b.i.spaces.QuerySpacesImpl - Adding QuerySpace : uid = <gen:0> -> org.hibernate.loader.plan.build.internal.spaces.EntityQuerySpaceImpl@102c577f]
10:18:09.255 [main] DEBUG o.h.p.w.spi.MetamodelGraphWalker - Visiting attribute path : details
10:18:09.255 [main] DEBUG o.h.l.p.b.i.FetchStyleLoadPlanBuildingAssociationVisitationStrategy - Building LoadPlan...
10:18:09.255 [main] DEBUG o.h.l.p.e.i.LoadQueryJoinAndFetchProcessor - processing queryspace <gen:0>
10:18:09.255 [main] DEBUG o.h.l.p.b.spi.LoadPlanTreePrinter - LoadPlan(entity=hello.pojo.Comment)
    - Returns
       - EntityReturnImpl(entity=hello.pojo.Comment, querySpaceUid=<gen:0>, path=hello.pojo.Comment)
    - QuerySpaces
       - EntityQuerySpaceImpl(uid=<gen:0>, entity=hello.pojo.Comment)
          - SQL table alias mapping - comment0_
          - alias suffix - 0_
          - suffixed key columns - {id1_2_0_}

10:18:09.255 [main] DEBUG o.h.loader.entity.plan.EntityLoader - Static select for entity hello.pojo.Comment [READ]: select comment0_.id as id1_2_0_, comment0_.details as details2_2_0_ from comment comment0_ where comment0_.id=?
10:18:09.255 [main] DEBUG o.h.l.p.b.i.spaces.QuerySpacesImpl - Adding QuerySpace : uid = <gen:0> -> org.hibernate.loader.plan.build.internal.spaces.EntityQuerySpaceImpl@1fb2d5e]
10:18:09.256 [main] DEBUG o.h.p.w.spi.MetamodelGraphWalker - Visiting attribute path : details
10:18:09.256 [main] DEBUG o.h.l.p.b.i.FetchStyleLoadPlanBuildingAssociationVisitationStrategy - Building LoadPlan...
10:18:09.256 [main] DEBUG o.h.l.p.e.i.LoadQueryJoinAndFetchProcessor - processing queryspace <gen:0>
10:18:09.256 [main] DEBUG o.h.l.p.b.spi.LoadPlanTreePrinter - LoadPlan(entity=hello.pojo.Comment)
    - Returns
       - EntityReturnImpl(entity=hello.pojo.Comment, querySpaceUid=<gen:0>, path=hello.pojo.Comment)
    - QuerySpaces
       - EntityQuerySpaceImpl(uid=<gen:0>, entity=hello.pojo.Comment)
          - SQL table alias mapping - comment0_
          - alias suffix - 0_
          - suffixed key columns - {id1_2_0_}

10:18:09.256 [main] DEBUG o.h.loader.entity.plan.EntityLoader - Static select for entity hello.pojo.Comment [UPGRADE]: select comment0_.id as id1_2_0_, comment0_.details as details2_2_0_ from comment comment0_ where comment0_.id=? for update
10:18:09.256 [main] DEBUG o.h.l.p.b.i.spaces.QuerySpacesImpl - Adding QuerySpace : uid = <gen:0> -> org.hibernate.loader.plan.build.internal.spaces.EntityQuerySpaceImpl@6573d2f7]
10:18:09.256 [main] DEBUG o.h.p.w.spi.MetamodelGraphWalker - Visiting attribute path : details
10:18:09.256 [main] DEBUG o.h.l.p.b.i.FetchStyleLoadPlanBuildingAssociationVisitationStrategy - Building LoadPlan...
10:18:09.256 [main] DEBUG o.h.l.p.e.i.LoadQueryJoinAndFetchProcessor - processing queryspace <gen:0>
10:18:09.256 [main] DEBUG o.h.l.p.b.spi.LoadPlanTreePrinter - LoadPlan(entity=hello.pojo.Comment)
    - Returns
       - EntityReturnImpl(entity=hello.pojo.Comment, querySpaceUid=<gen:0>, path=hello.pojo.Comment)
    - QuerySpaces
       - EntityQuerySpaceImpl(uid=<gen:0>, entity=hello.pojo.Comment)
          - SQL table alias mapping - comment0_
          - alias suffix - 0_
          - suffixed key columns - {id1_2_0_}

10:18:09.257 [main] DEBUG o.h.loader.entity.plan.EntityLoader - Static select for entity hello.pojo.Comment [UPGRADE_NOWAIT]: select comment0_.id as id1_2_0_, comment0_.details as details2_2_0_ from comment comment0_ where comment0_.id=? for update
10:18:09.257 [main] DEBUG o.h.l.p.b.i.spaces.QuerySpacesImpl - Adding QuerySpace : uid = <gen:0> -> org.hibernate.loader.plan.build.internal.spaces.EntityQuerySpaceImpl@181b8c4b]
10:18:09.257 [main] DEBUG o.h.p.w.spi.MetamodelGraphWalker - Visiting attribute path : details
10:18:09.257 [main] DEBUG o.h.l.p.b.i.FetchStyleLoadPlanBuildingAssociationVisitationStrategy - Building LoadPlan...
10:18:09.257 [main] DEBUG o.h.l.p.e.i.LoadQueryJoinAndFetchProcessor - processing queryspace <gen:0>
10:18:09.257 [main] DEBUG o.h.l.p.b.spi.LoadPlanTreePrinter - LoadPlan(entity=hello.pojo.Comment)
    - Returns
       - EntityReturnImpl(entity=hello.pojo.Comment, querySpaceUid=<gen:0>, path=hello.pojo.Comment)
    - QuerySpaces
       - EntityQuerySpaceImpl(uid=<gen:0>, entity=hello.pojo.Comment)
          - SQL table alias mapping - comment0_
          - alias suffix - 0_
          - suffixed key columns - {id1_2_0_}

10:18:09.257 [main] DEBUG o.h.loader.entity.plan.EntityLoader - Static select for entity hello.pojo.Comment [UPGRADE_SKIPLOCKED]: select comment0_.id as id1_2_0_, comment0_.details as details2_2_0_ from comment comment0_ where comment0_.id=? for update
10:18:09.257 [main] DEBUG o.h.l.p.b.i.spaces.QuerySpacesImpl - Adding QuerySpace : uid = <gen:0> -> org.hibernate.loader.plan.build.internal.spaces.EntityQuerySpaceImpl@437486cd]
10:18:09.257 [main] DEBUG o.h.p.w.spi.MetamodelGraphWalker - Visiting attribute path : details
10:18:09.257 [main] DEBUG o.h.l.p.b.i.FetchStyleLoadPlanBuildingAssociationVisitationStrategy - Building LoadPlan...
10:18:09.257 [main] DEBUG o.h.l.p.e.i.LoadQueryJoinAndFetchProcessor - processing queryspace <gen:0>
10:18:09.258 [main] DEBUG o.h.l.p.b.spi.LoadPlanTreePrinter - LoadPlan(entity=hello.pojo.Comment)
    - Returns
       - EntityReturnImpl(entity=hello.pojo.Comment, querySpaceUid=<gen:0>, path=hello.pojo.Comment)
    - QuerySpaces
       - EntityQuerySpaceImpl(uid=<gen:0>, entity=hello.pojo.Comment)
          - SQL table alias mapping - comment0_
          - alias suffix - 0_
          - suffixed key columns - {id1_2_0_}

10:18:09.258 [main] DEBUG o.h.loader.entity.plan.EntityLoader - Static select for entity hello.pojo.Comment [FORCE]: select comment0_.id as id1_2_0_, comment0_.details as details2_2_0_ from comment comment0_ where comment0_.id=? for update
10:18:09.258 [main] DEBUG o.h.l.p.b.i.spaces.QuerySpacesImpl - Adding QuerySpace : uid = <gen:0> -> org.hibernate.loader.plan.build.internal.spaces.EntityQuerySpaceImpl@518bfd90]
10:18:09.258 [main] DEBUG o.h.p.w.spi.MetamodelGraphWalker - Visiting attribute path : details
10:18:09.258 [main] DEBUG o.h.l.p.b.i.FetchStyleLoadPlanBuildingAssociationVisitationStrategy - Building LoadPlan...
10:18:09.258 [main] DEBUG o.h.l.p.e.i.LoadQueryJoinAndFetchProcessor - processing queryspace <gen:0>
10:18:09.258 [main] DEBUG o.h.l.p.b.spi.LoadPlanTreePrinter - LoadPlan(entity=hello.pojo.Comment)
    - Returns
       - EntityReturnImpl(entity=hello.pojo.Comment, querySpaceUid=<gen:0>, path=hello.pojo.Comment)
    - QuerySpaces
       - EntityQuerySpaceImpl(uid=<gen:0>, entity=hello.pojo.Comment)
          - SQL table alias mapping - comment0_
          - alias suffix - 0_
          - suffixed key columns - {id1_2_0_}

10:18:09.258 [main] DEBUG o.h.loader.entity.plan.EntityLoader - Static select for entity hello.pojo.Comment [PESSIMISTIC_READ]: select comment0_.id as id1_2_0_, comment0_.details as details2_2_0_ from comment comment0_ where comment0_.id=? for update
10:18:09.258 [main] DEBUG o.h.l.p.b.i.spaces.QuerySpacesImpl - Adding QuerySpace : uid = <gen:0> -> org.hibernate.loader.plan.build.internal.spaces.EntityQuerySpaceImpl@56dfab87]
10:18:09.258 [main] DEBUG o.h.p.w.spi.MetamodelGraphWalker - Visiting attribute path : details
10:18:09.258 [main] DEBUG o.h.l.p.b.i.FetchStyleLoadPlanBuildingAssociationVisitationStrategy - Building LoadPlan...
10:18:09.259 [main] DEBUG o.h.l.p.e.i.LoadQueryJoinAndFetchProcessor - processing queryspace <gen:0>
10:18:09.259 [main] DEBUG o.h.l.p.b.spi.LoadPlanTreePrinter - LoadPlan(entity=hello.pojo.Comment)
    - Returns
       - EntityReturnImpl(entity=hello.pojo.Comment, querySpaceUid=<gen:0>, path=hello.pojo.Comment)
    - QuerySpaces
       - EntityQuerySpaceImpl(uid=<gen:0>, entity=hello.pojo.Comment)
          - SQL table alias mapping - comment0_
          - alias suffix - 0_
          - suffixed key columns - {id1_2_0_}

10:18:09.259 [main] DEBUG o.h.loader.entity.plan.EntityLoader - Static select for entity hello.pojo.Comment [PESSIMISTIC_WRITE]: select comment0_.id as id1_2_0_, comment0_.details as details2_2_0_ from comment comment0_ where comment0_.id=? for update
10:18:09.259 [main] DEBUG o.h.l.p.b.i.spaces.QuerySpacesImpl - Adding QuerySpace : uid = <gen:0> -> org.hibernate.loader.plan.build.internal.spaces.EntityQuerySpaceImpl@7fb29ca9]
10:18:09.259 [main] DEBUG o.h.p.w.spi.MetamodelGraphWalker - Visiting attribute path : details
10:18:09.259 [main] DEBUG o.h.l.p.b.i.FetchStyleLoadPlanBuildingAssociationVisitationStrategy - Building LoadPlan...
10:18:09.259 [main] DEBUG o.h.l.p.e.i.LoadQueryJoinAndFetchProcessor - processing queryspace <gen:0>
10:18:09.259 [main] DEBUG o.h.l.p.b.spi.LoadPlanTreePrinter - LoadPlan(entity=hello.pojo.Comment)
    - Returns
       - EntityReturnImpl(entity=hello.pojo.Comment, querySpaceUid=<gen:0>, path=hello.pojo.Comment)
    - QuerySpaces
       - EntityQuerySpaceImpl(uid=<gen:0>, entity=hello.pojo.Comment)
          - SQL table alias mapping - comment0_
          - alias suffix - 0_
          - suffixed key columns - {id1_2_0_}

10:18:09.259 [main] DEBUG o.h.loader.entity.plan.EntityLoader - Static select for entity hello.pojo.Comment [PESSIMISTIC_FORCE_INCREMENT]: select comment0_.id as id1_2_0_, comment0_.details as details2_2_0_ from comment comment0_ where comment0_.id=? for update
10:18:09.259 [main] DEBUG o.h.l.p.b.i.spaces.QuerySpacesImpl - Adding QuerySpace : uid = <gen:0> -> org.hibernate.loader.plan.build.internal.spaces.EntityQuerySpaceImpl@350d3f4d]
10:18:09.259 [main] DEBUG o.h.p.w.spi.MetamodelGraphWalker - Visiting attribute path : details
10:18:09.260 [main] DEBUG o.h.l.p.b.i.FetchStyleLoadPlanBuildingAssociationVisitationStrategy - Building LoadPlan...
10:18:09.260 [main] DEBUG o.h.l.p.e.i.LoadQueryJoinAndFetchProcessor - processing queryspace <gen:0>
10:18:09.260 [main] DEBUG o.h.l.p.b.spi.LoadPlanTreePrinter - LoadPlan(entity=hello.pojo.Comment)
    - Returns
       - EntityReturnImpl(entity=hello.pojo.Comment, querySpaceUid=<gen:0>, path=hello.pojo.Comment)
    - QuerySpaces
       - EntityQuerySpaceImpl(uid=<gen:0>, entity=hello.pojo.Comment)
          - SQL table alias mapping - comment0_
          - alias suffix - 0_
          - suffixed key columns - {id1_2_0_}

10:18:09.260 [main] DEBUG o.h.loader.entity.plan.EntityLoader - Static select for entity hello.pojo.Comment [OPTIMISTIC]: select comment0_.id as id1_2_0_, comment0_.details as details2_2_0_ from comment comment0_ where comment0_.id=?
10:18:09.260 [main] DEBUG o.h.l.p.b.i.spaces.QuerySpacesImpl - Adding QuerySpace : uid = <gen:0> -> org.hibernate.loader.plan.build.internal.spaces.EntityQuerySpaceImpl@73844119]
10:18:09.260 [main] DEBUG o.h.p.w.spi.MetamodelGraphWalker - Visiting attribute path : details
10:18:09.260 [main] DEBUG o.h.l.p.b.i.FetchStyleLoadPlanBuildingAssociationVisitationStrategy - Building LoadPlan...
10:18:09.261 [main] DEBUG o.h.l.p.e.i.LoadQueryJoinAndFetchProcessor - processing queryspace <gen:0>
10:18:09.261 [main] DEBUG o.h.l.p.b.spi.LoadPlanTreePrinter - LoadPlan(entity=hello.pojo.Comment)
    - Returns
       - EntityReturnImpl(entity=hello.pojo.Comment, querySpaceUid=<gen:0>, path=hello.pojo.Comment)
    - QuerySpaces
       - EntityQuerySpaceImpl(uid=<gen:0>, entity=hello.pojo.Comment)
          - SQL table alias mapping - comment0_
          - alias suffix - 0_
          - suffixed key columns - {id1_2_0_}

10:18:09.261 [main] DEBUG o.h.loader.entity.plan.EntityLoader - Static select for entity hello.pojo.Comment [OPTIMISTIC_FORCE_INCREMENT]: select comment0_.id as id1_2_0_, comment0_.details as details2_2_0_ from comment comment0_ where comment0_.id=?
10:18:09.275 [main] DEBUG org.hibernate.loader.Loader - Static select for action ACTION_MERGE on entity hello.pojo.Comment: select comment0_.id as id1_2_0_, comment0_.details as details2_2_0_ from comment comment0_ where comment0_.id=?
10:18:09.275 [main] DEBUG org.hibernate.loader.Loader - Static select for action ACTION_REFRESH on entity hello.pojo.Comment: select comment0_.id as id1_2_0_, comment0_.details as details2_2_0_ from comment comment0_ where comment0_.id=?
10:18:09.275 [main] DEBUG o.h.p.entity.AbstractEntityPersister - Static SQL for entity: hello.pojo.Payment
10:18:09.275 [main] DEBUG o.h.p.entity.AbstractEntityPersister -  Version select: select id from payment where id =?
10:18:09.275 [main] DEBUG o.h.p.entity.AbstractEntityPersister -  Snapshot select: select payment_.id, payment_.payment_type as payment_2_9_ from payment payment_ where payment_.id=?
10:18:09.275 [main] DEBUG o.h.p.entity.AbstractEntityPersister -  Insert 0: insert into payment (payment_type, id) values (?, ?)
10:18:09.275 [main] DEBUG o.h.p.entity.AbstractEntityPersister -  Update 0: update payment set payment_type=? where id=?
10:18:09.275 [main] DEBUG o.h.p.entity.AbstractEntityPersister -  Delete 0: delete from payment where id=?
10:18:09.275 [main] DEBUG o.h.p.entity.AbstractEntityPersister -  Identity insert: insert into payment (id, payment_type) values (null, ?)
10:18:09.276 [main] DEBUG o.h.l.p.b.i.spaces.QuerySpacesImpl - Adding QuerySpace : uid = <gen:0> -> org.hibernate.loader.plan.build.internal.spaces.EntityQuerySpaceImpl@a5272be]
10:18:09.276 [main] DEBUG o.h.p.w.spi.MetamodelGraphWalker - Visiting attribute path : paymentType
10:18:09.276 [main] DEBUG o.h.l.p.b.i.FetchStyleLoadPlanBuildingAssociationVisitationStrategy - Building LoadPlan...
10:18:09.276 [main] DEBUG o.h.l.p.e.i.LoadQueryJoinAndFetchProcessor - processing queryspace <gen:0>
10:18:09.276 [main] DEBUG o.h.l.p.b.spi.LoadPlanTreePrinter - LoadPlan(entity=hello.pojo.Payment)
    - Returns
       - EntityReturnImpl(entity=hello.pojo.Payment, querySpaceUid=<gen:0>, path=hello.pojo.Payment)
    - QuerySpaces
       - EntityQuerySpaceImpl(uid=<gen:0>, entity=hello.pojo.Payment)
          - SQL table alias mapping - payment0_
          - alias suffix - 0_
          - suffixed key columns - {id1_9_0_}

10:18:09.276 [main] DEBUG o.h.loader.entity.plan.EntityLoader - Static select for entity hello.pojo.Payment [NONE]: select payment0_.id as id1_9_0_, payment0_.payment_type as payment_2_9_0_ from payment payment0_ where payment0_.id=?
10:18:09.276 [main] DEBUG o.h.l.p.b.i.spaces.QuerySpacesImpl - Adding QuerySpace : uid = <gen:0> -> org.hibernate.loader.plan.build.internal.spaces.EntityQuerySpaceImpl@4dba773d]
10:18:09.276 [main] DEBUG o.h.p.w.spi.MetamodelGraphWalker - Visiting attribute path : paymentType
10:18:09.276 [main] DEBUG o.h.l.p.b.i.FetchStyleLoadPlanBuildingAssociationVisitationStrategy - Building LoadPlan...
10:18:09.276 [main] DEBUG o.h.l.p.e.i.LoadQueryJoinAndFetchProcessor - processing queryspace <gen:0>
10:18:09.277 [main] DEBUG o.h.l.p.b.spi.LoadPlanTreePrinter - LoadPlan(entity=hello.pojo.Payment)
    - Returns
       - EntityReturnImpl(entity=hello.pojo.Payment, querySpaceUid=<gen:0>, path=hello.pojo.Payment)
    - QuerySpaces
       - EntityQuerySpaceImpl(uid=<gen:0>, entity=hello.pojo.Payment)
          - SQL table alias mapping - payment0_
          - alias suffix - 0_
          - suffixed key columns - {id1_9_0_}

10:18:09.277 [main] DEBUG o.h.loader.entity.plan.EntityLoader - Static select for entity hello.pojo.Payment [READ]: select payment0_.id as id1_9_0_, payment0_.payment_type as payment_2_9_0_ from payment payment0_ where payment0_.id=?
10:18:09.277 [main] DEBUG o.h.l.p.b.i.spaces.QuerySpacesImpl - Adding QuerySpace : uid = <gen:0> -> org.hibernate.loader.plan.build.internal.spaces.EntityQuerySpaceImpl@4c58255]
10:18:09.277 [main] DEBUG o.h.p.w.spi.MetamodelGraphWalker - Visiting attribute path : paymentType
10:18:09.277 [main] DEBUG o.h.l.p.b.i.FetchStyleLoadPlanBuildingAssociationVisitationStrategy - Building LoadPlan...
10:18:09.277 [main] DEBUG o.h.l.p.e.i.LoadQueryJoinAndFetchProcessor - processing queryspace <gen:0>
10:18:09.277 [main] DEBUG o.h.l.p.b.spi.LoadPlanTreePrinter - LoadPlan(entity=hello.pojo.Payment)
    - Returns
       - EntityReturnImpl(entity=hello.pojo.Payment, querySpaceUid=<gen:0>, path=hello.pojo.Payment)
    - QuerySpaces
       - EntityQuerySpaceImpl(uid=<gen:0>, entity=hello.pojo.Payment)
          - SQL table alias mapping - payment0_
          - alias suffix - 0_
          - suffixed key columns - {id1_9_0_}

10:18:09.277 [main] DEBUG o.h.loader.entity.plan.EntityLoader - Static select for entity hello.pojo.Payment [UPGRADE]: select payment0_.id as id1_9_0_, payment0_.payment_type as payment_2_9_0_ from payment payment0_ where payment0_.id=? for update
10:18:09.277 [main] DEBUG o.h.l.p.b.i.spaces.QuerySpacesImpl - Adding QuerySpace : uid = <gen:0> -> org.hibernate.loader.plan.build.internal.spaces.EntityQuerySpaceImpl@10b1a751]
10:18:09.277 [main] DEBUG o.h.p.w.spi.MetamodelGraphWalker - Visiting attribute path : paymentType
10:18:09.277 [main] DEBUG o.h.l.p.b.i.FetchStyleLoadPlanBuildingAssociationVisitationStrategy - Building LoadPlan...
10:18:09.277 [main] DEBUG o.h.l.p.e.i.LoadQueryJoinAndFetchProcessor - processing queryspace <gen:0>
10:18:09.278 [main] DEBUG o.h.l.p.b.spi.LoadPlanTreePrinter - LoadPlan(entity=hello.pojo.Payment)
    - Returns
       - EntityReturnImpl(entity=hello.pojo.Payment, querySpaceUid=<gen:0>, path=hello.pojo.Payment)
    - QuerySpaces
       - EntityQuerySpaceImpl(uid=<gen:0>, entity=hello.pojo.Payment)
          - SQL table alias mapping - payment0_
          - alias suffix - 0_
          - suffixed key columns - {id1_9_0_}

10:18:09.278 [main] DEBUG o.h.loader.entity.plan.EntityLoader - Static select for entity hello.pojo.Payment [UPGRADE_NOWAIT]: select payment0_.id as id1_9_0_, payment0_.payment_type as payment_2_9_0_ from payment payment0_ where payment0_.id=? for update
10:18:09.278 [main] DEBUG o.h.l.p.b.i.spaces.QuerySpacesImpl - Adding QuerySpace : uid = <gen:0> -> org.hibernate.loader.plan.build.internal.spaces.EntityQuerySpaceImpl@7b306b9f]
10:18:09.278 [main] DEBUG o.h.p.w.spi.MetamodelGraphWalker - Visiting attribute path : paymentType
10:18:09.278 [main] DEBUG o.h.l.p.b.i.FetchStyleLoadPlanBuildingAssociationVisitationStrategy - Building LoadPlan...
10:18:09.278 [main] DEBUG o.h.l.p.e.i.LoadQueryJoinAndFetchProcessor - processing queryspace <gen:0>
10:18:09.278 [main] DEBUG o.h.l.p.b.spi.LoadPlanTreePrinter - LoadPlan(entity=hello.pojo.Payment)
    - Returns
       - EntityReturnImpl(entity=hello.pojo.Payment, querySpaceUid=<gen:0>, path=hello.pojo.Payment)
    - QuerySpaces
       - EntityQuerySpaceImpl(uid=<gen:0>, entity=hello.pojo.Payment)
          - SQL table alias mapping - payment0_
          - alias suffix - 0_
          - suffixed key columns - {id1_9_0_}

10:18:09.278 [main] DEBUG o.h.loader.entity.plan.EntityLoader - Static select for entity hello.pojo.Payment [UPGRADE_SKIPLOCKED]: select payment0_.id as id1_9_0_, payment0_.payment_type as payment_2_9_0_ from payment payment0_ where payment0_.id=? for update
10:18:09.278 [main] DEBUG o.h.l.p.b.i.spaces.QuerySpacesImpl - Adding QuerySpace : uid = <gen:0> -> org.hibernate.loader.plan.build.internal.spaces.EntityQuerySpaceImpl@934b52f]
10:18:09.278 [main] DEBUG o.h.p.w.spi.MetamodelGraphWalker - Visiting attribute path : paymentType
10:18:09.279 [main] DEBUG o.h.l.p.b.i.FetchStyleLoadPlanBuildingAssociationVisitationStrategy - Building LoadPlan...
10:18:09.279 [main] DEBUG o.h.l.p.e.i.LoadQueryJoinAndFetchProcessor - processing queryspace <gen:0>
10:18:09.279 [main] DEBUG o.h.l.p.b.spi.LoadPlanTreePrinter - LoadPlan(entity=hello.pojo.Payment)
    - Returns
       - EntityReturnImpl(entity=hello.pojo.Payment, querySpaceUid=<gen:0>, path=hello.pojo.Payment)
    - QuerySpaces
       - EntityQuerySpaceImpl(uid=<gen:0>, entity=hello.pojo.Payment)
          - SQL table alias mapping - payment0_
          - alias suffix - 0_
          - suffixed key columns - {id1_9_0_}

10:18:09.279 [main] DEBUG o.h.loader.entity.plan.EntityLoader - Static select for entity hello.pojo.Payment [FORCE]: select payment0_.id as id1_9_0_, payment0_.payment_type as payment_2_9_0_ from payment payment0_ where payment0_.id=? for update
10:18:09.279 [main] DEBUG o.h.l.p.b.i.spaces.QuerySpacesImpl - Adding QuerySpace : uid = <gen:0> -> org.hibernate.loader.plan.build.internal.spaces.EntityQuerySpaceImpl@5ea4300e]
10:18:09.279 [main] DEBUG o.h.p.w.spi.MetamodelGraphWalker - Visiting attribute path : paymentType
10:18:09.279 [main] DEBUG o.h.l.p.b.i.FetchStyleLoadPlanBuildingAssociationVisitationStrategy - Building LoadPlan...
10:18:09.280 [main] DEBUG o.h.l.p.e.i.LoadQueryJoinAndFetchProcessor - processing queryspace <gen:0>
10:18:09.280 [main] DEBUG o.h.l.p.b.spi.LoadPlanTreePrinter - LoadPlan(entity=hello.pojo.Payment)
    - Returns
       - EntityReturnImpl(entity=hello.pojo.Payment, querySpaceUid=<gen:0>, path=hello.pojo.Payment)
    - QuerySpaces
       - EntityQuerySpaceImpl(uid=<gen:0>, entity=hello.pojo.Payment)
          - SQL table alias mapping - payment0_
          - alias suffix - 0_
          - suffixed key columns - {id1_9_0_}

10:18:09.280 [main] DEBUG o.h.loader.entity.plan.EntityLoader - Static select for entity hello.pojo.Payment [PESSIMISTIC_READ]: select payment0_.id as id1_9_0_, payment0_.payment_type as payment_2_9_0_ from payment payment0_ where payment0_.id=? for update
10:18:09.280 [main] DEBUG o.h.l.p.b.i.spaces.QuerySpacesImpl - Adding QuerySpace : uid = <gen:0> -> org.hibernate.loader.plan.build.internal.spaces.EntityQuerySpaceImpl@76ad6715]
10:18:09.280 [main] DEBUG o.h.p.w.spi.MetamodelGraphWalker - Visiting attribute path : paymentType
10:18:09.280 [main] DEBUG o.h.l.p.b.i.FetchStyleLoadPlanBuildingAssociationVisitationStrategy - Building LoadPlan...
10:18:09.280 [main] DEBUG o.h.l.p.e.i.LoadQueryJoinAndFetchProcessor - processing queryspace <gen:0>
10:18:09.280 [main] DEBUG o.h.l.p.b.spi.LoadPlanTreePrinter - LoadPlan(entity=hello.pojo.Payment)
    - Returns
       - EntityReturnImpl(entity=hello.pojo.Payment, querySpaceUid=<gen:0>, path=hello.pojo.Payment)
    - QuerySpaces
       - EntityQuerySpaceImpl(uid=<gen:0>, entity=hello.pojo.Payment)
          - SQL table alias mapping - payment0_
          - alias suffix - 0_
          - suffixed key columns - {id1_9_0_}

10:18:09.280 [main] DEBUG o.h.loader.entity.plan.EntityLoader - Static select for entity hello.pojo.Payment [PESSIMISTIC_WRITE]: select payment0_.id as id1_9_0_, payment0_.payment_type as payment_2_9_0_ from payment payment0_ where payment0_.id=? for update
10:18:09.280 [main] DEBUG o.h.l.p.b.i.spaces.QuerySpacesImpl - Adding QuerySpace : uid = <gen:0> -> org.hibernate.loader.plan.build.internal.spaces.EntityQuerySpaceImpl@2938127d]
10:18:09.280 [main] DEBUG o.h.p.w.spi.MetamodelGraphWalker - Visiting attribute path : paymentType
10:18:09.281 [main] DEBUG o.h.l.p.b.i.FetchStyleLoadPlanBuildingAssociationVisitationStrategy - Building LoadPlan...
10:18:09.281 [main] DEBUG o.h.l.p.e.i.LoadQueryJoinAndFetchProcessor - processing queryspace <gen:0>
10:18:09.281 [main] DEBUG o.h.l.p.b.spi.LoadPlanTreePrinter - LoadPlan(entity=hello.pojo.Payment)
    - Returns
       - EntityReturnImpl(entity=hello.pojo.Payment, querySpaceUid=<gen:0>, path=hello.pojo.Payment)
    - QuerySpaces
       - EntityQuerySpaceImpl(uid=<gen:0>, entity=hello.pojo.Payment)
          - SQL table alias mapping - payment0_
          - alias suffix - 0_
          - suffixed key columns - {id1_9_0_}

10:18:09.281 [main] DEBUG o.h.loader.entity.plan.EntityLoader - Static select for entity hello.pojo.Payment [PESSIMISTIC_FORCE_INCREMENT]: select payment0_.id as id1_9_0_, payment0_.payment_type as payment_2_9_0_ from payment payment0_ where payment0_.id=? for update
10:18:09.281 [main] DEBUG o.h.l.p.b.i.spaces.QuerySpacesImpl - Adding QuerySpace : uid = <gen:0> -> org.hibernate.loader.plan.build.internal.spaces.EntityQuerySpaceImpl@ff23ae7]
10:18:09.281 [main] DEBUG o.h.p.w.spi.MetamodelGraphWalker - Visiting attribute path : paymentType
10:18:09.281 [main] DEBUG o.h.l.p.b.i.FetchStyleLoadPlanBuildingAssociationVisitationStrategy - Building LoadPlan...
10:18:09.281 [main] DEBUG o.h.l.p.e.i.LoadQueryJoinAndFetchProcessor - processing queryspace <gen:0>
10:18:09.281 [main] DEBUG o.h.l.p.b.spi.LoadPlanTreePrinter - LoadPlan(entity=hello.pojo.Payment)
    - Returns
       - EntityReturnImpl(entity=hello.pojo.Payment, querySpaceUid=<gen:0>, path=hello.pojo.Payment)
    - QuerySpaces
       - EntityQuerySpaceImpl(uid=<gen:0>, entity=hello.pojo.Payment)
          - SQL table alias mapping - payment0_
          - alias suffix - 0_
          - suffixed key columns - {id1_9_0_}

10:18:09.281 [main] DEBUG o.h.loader.entity.plan.EntityLoader - Static select for entity hello.pojo.Payment [OPTIMISTIC]: select payment0_.id as id1_9_0_, payment0_.payment_type as payment_2_9_0_ from payment payment0_ where payment0_.id=?
10:18:09.281 [main] DEBUG o.h.l.p.b.i.spaces.QuerySpacesImpl - Adding QuerySpace : uid = <gen:0> -> org.hibernate.loader.plan.build.internal.spaces.EntityQuerySpaceImpl@2b7962a2]
10:18:09.282 [main] DEBUG o.h.p.w.spi.MetamodelGraphWalker - Visiting attribute path : paymentType
10:18:09.282 [main] DEBUG o.h.l.p.b.i.FetchStyleLoadPlanBuildingAssociationVisitationStrategy - Building LoadPlan...
10:18:09.282 [main] DEBUG o.h.l.p.e.i.LoadQueryJoinAndFetchProcessor - processing queryspace <gen:0>
10:18:09.282 [main] DEBUG o.h.l.p.b.spi.LoadPlanTreePrinter - LoadPlan(entity=hello.pojo.Payment)
    - Returns
       - EntityReturnImpl(entity=hello.pojo.Payment, querySpaceUid=<gen:0>, path=hello.pojo.Payment)
    - QuerySpaces
       - EntityQuerySpaceImpl(uid=<gen:0>, entity=hello.pojo.Payment)
          - SQL table alias mapping - payment0_
          - alias suffix - 0_
          - suffixed key columns - {id1_9_0_}

10:18:09.282 [main] DEBUG o.h.loader.entity.plan.EntityLoader - Static select for entity hello.pojo.Payment [OPTIMISTIC_FORCE_INCREMENT]: select payment0_.id as id1_9_0_, payment0_.payment_type as payment_2_9_0_ from payment payment0_ where payment0_.id=?
10:18:09.282 [main] DEBUG org.hibernate.loader.Loader - Static select for action ACTION_MERGE on entity hello.pojo.Payment: select payment0_.id as id1_9_0_, payment0_.payment_type as payment_2_9_0_ from payment payment0_ where payment0_.id=?
10:18:09.282 [main] DEBUG org.hibernate.loader.Loader - Static select for action ACTION_REFRESH on entity hello.pojo.Payment: select payment0_.id as id1_9_0_, payment0_.payment_type as payment_2_9_0_ from payment payment0_ where payment0_.id=?
10:18:09.282 [main] DEBUG o.h.p.entity.AbstractEntityPersister - Static SQL for entity: hello.pojo.Address
10:18:09.282 [main] DEBUG o.h.p.entity.AbstractEntityPersister -  Version select: select id from address where id =?
10:18:09.283 [main] DEBUG o.h.p.entity.AbstractEntityPersister -  Snapshot select: select address_.id, address_.country as country2_0_, address_.postalcode as postalco3_0_, address_.state as state4_0_, address_.street as street5_0_ from address address_ where address_.id=?
10:18:09.283 [main] DEBUG o.h.p.entity.AbstractEntityPersister -  Insert 0: insert into address (country, postalcode, state, street, id) values (?, ?, ?, ?, ?)
10:18:09.283 [main] DEBUG o.h.p.entity.AbstractEntityPersister -  Update 0: update address set country=?, postalcode=?, state=?, street=? where id=?
10:18:09.283 [main] DEBUG o.h.p.entity.AbstractEntityPersister -  Delete 0: delete from address where id=?
10:18:09.283 [main] DEBUG o.h.p.entity.AbstractEntityPersister -  Identity insert: insert into address (id, country, postalcode, state, street) values (null, ?, ?, ?, ?)
10:18:09.283 [main] DEBUG o.h.l.p.b.i.spaces.QuerySpacesImpl - Adding QuerySpace : uid = <gen:0> -> org.hibernate.loader.plan.build.internal.spaces.EntityQuerySpaceImpl@74ea46e2]
10:18:09.283 [main] DEBUG o.h.p.w.spi.MetamodelGraphWalker - Visiting attribute path : country
10:18:09.283 [main] DEBUG o.h.p.w.spi.MetamodelGraphWalker - Visiting attribute path : postalcode
10:18:09.283 [main] DEBUG o.h.p.w.spi.MetamodelGraphWalker - Visiting attribute path : state
10:18:09.283 [main] DEBUG o.h.p.w.spi.MetamodelGraphWalker - Visiting attribute path : street
10:18:09.283 [main] DEBUG o.h.l.p.b.i.FetchStyleLoadPlanBuildingAssociationVisitationStrategy - Building LoadPlan...
10:18:09.283 [main] DEBUG o.h.l.p.e.i.LoadQueryJoinAndFetchProcessor - processing queryspace <gen:0>
10:18:09.283 [main] DEBUG o.h.l.p.b.spi.LoadPlanTreePrinter - LoadPlan(entity=hello.pojo.Address)
    - Returns
       - EntityReturnImpl(entity=hello.pojo.Address, querySpaceUid=<gen:0>, path=hello.pojo.Address)
    - QuerySpaces
       - EntityQuerySpaceImpl(uid=<gen:0>, entity=hello.pojo.Address)
          - SQL table alias mapping - address0_
          - alias suffix - 0_
          - suffixed key columns - {id1_0_0_}

10:18:09.283 [main] DEBUG o.h.loader.entity.plan.EntityLoader - Static select for entity hello.pojo.Address [NONE]: select address0_.id as id1_0_0_, address0_.country as country2_0_0_, address0_.postalcode as postalco3_0_0_, address0_.state as state4_0_0_, address0_.street as street5_0_0_ from address address0_ where address0_.id=?
10:18:09.284 [main] DEBUG o.h.l.p.b.i.spaces.QuerySpacesImpl - Adding QuerySpace : uid = <gen:0> -> org.hibernate.loader.plan.build.internal.spaces.EntityQuerySpaceImpl@f1d0004]
10:18:09.284 [main] DEBUG o.h.p.w.spi.MetamodelGraphWalker - Visiting attribute path : country
10:18:09.284 [main] DEBUG o.h.p.w.spi.MetamodelGraphWalker - Visiting attribute path : postalcode
10:18:09.284 [main] DEBUG o.h.p.w.spi.MetamodelGraphWalker - Visiting attribute path : state
10:18:09.284 [main] DEBUG o.h.p.w.spi.MetamodelGraphWalker - Visiting attribute path : street
10:18:09.284 [main] DEBUG o.h.l.p.b.i.FetchStyleLoadPlanBuildingAssociationVisitationStrategy - Building LoadPlan...
10:18:09.284 [main] DEBUG o.h.l.p.e.i.LoadQueryJoinAndFetchProcessor - processing queryspace <gen:0>
10:18:09.284 [main] DEBUG o.h.l.p.b.spi.LoadPlanTreePrinter - LoadPlan(entity=hello.pojo.Address)
    - Returns
       - EntityReturnImpl(entity=hello.pojo.Address, querySpaceUid=<gen:0>, path=hello.pojo.Address)
    - QuerySpaces
       - EntityQuerySpaceImpl(uid=<gen:0>, entity=hello.pojo.Address)
          - SQL table alias mapping - address0_
          - alias suffix - 0_
          - suffixed key columns - {id1_0_0_}

10:18:09.284 [main] DEBUG o.h.loader.entity.plan.EntityLoader - Static select for entity hello.pojo.Address [READ]: select address0_.id as id1_0_0_, address0_.country as country2_0_0_, address0_.postalcode as postalco3_0_0_, address0_.state as state4_0_0_, address0_.street as street5_0_0_ from address address0_ where address0_.id=?
10:18:09.284 [main] DEBUG o.h.l.p.b.i.spaces.QuerySpacesImpl - Adding QuerySpace : uid = <gen:0> -> org.hibernate.loader.plan.build.internal.spaces.EntityQuerySpaceImpl@48b4a043]
10:18:09.284 [main] DEBUG o.h.p.w.spi.MetamodelGraphWalker - Visiting attribute path : country
10:18:09.284 [main] DEBUG o.h.p.w.spi.MetamodelGraphWalker - Visiting attribute path : postalcode
10:18:09.284 [main] DEBUG o.h.p.w.spi.MetamodelGraphWalker - Visiting attribute path : state
10:18:09.284 [main] DEBUG o.h.p.w.spi.MetamodelGraphWalker - Visiting attribute path : street
10:18:09.284 [main] DEBUG o.h.l.p.b.i.FetchStyleLoadPlanBuildingAssociationVisitationStrategy - Building LoadPlan...
10:18:09.285 [main] DEBUG o.h.l.p.e.i.LoadQueryJoinAndFetchProcessor - processing queryspace <gen:0>
10:18:09.285 [main] DEBUG o.h.l.p.b.spi.LoadPlanTreePrinter - LoadPlan(entity=hello.pojo.Address)
    - Returns
       - EntityReturnImpl(entity=hello.pojo.Address, querySpaceUid=<gen:0>, path=hello.pojo.Address)
    - QuerySpaces
       - EntityQuerySpaceImpl(uid=<gen:0>, entity=hello.pojo.Address)
          - SQL table alias mapping - address0_
          - alias suffix - 0_
          - suffixed key columns - {id1_0_0_}

10:18:09.285 [main] DEBUG o.h.loader.entity.plan.EntityLoader - Static select for entity hello.pojo.Address [UPGRADE]: select address0_.id as id1_0_0_, address0_.country as country2_0_0_, address0_.postalcode as postalco3_0_0_, address0_.state as state4_0_0_, address0_.street as street5_0_0_ from address address0_ where address0_.id=? for update
10:18:09.285 [main] DEBUG o.h.l.p.b.i.spaces.QuerySpacesImpl - Adding QuerySpace : uid = <gen:0> -> org.hibernate.loader.plan.build.internal.spaces.EntityQuerySpaceImpl@4821aa9f]
10:18:09.285 [main] DEBUG o.h.p.w.spi.MetamodelGraphWalker - Visiting attribute path : country
10:18:09.285 [main] DEBUG o.h.p.w.spi.MetamodelGraphWalker - Visiting attribute path : postalcode
10:18:09.285 [main] DEBUG o.h.p.w.spi.MetamodelGraphWalker - Visiting attribute path : state
10:18:09.285 [main] DEBUG o.h.p.w.spi.MetamodelGraphWalker - Visiting attribute path : street
10:18:09.285 [main] DEBUG o.h.l.p.b.i.FetchStyleLoadPlanBuildingAssociationVisitationStrategy - Building LoadPlan...
10:18:09.285 [main] DEBUG o.h.l.p.e.i.LoadQueryJoinAndFetchProcessor - processing queryspace <gen:0>
10:18:09.286 [main] DEBUG o.h.l.p.b.spi.LoadPlanTreePrinter - LoadPlan(entity=hello.pojo.Address)
    - Returns
       - EntityReturnImpl(entity=hello.pojo.Address, querySpaceUid=<gen:0>, path=hello.pojo.Address)
    - QuerySpaces
       - EntityQuerySpaceImpl(uid=<gen:0>, entity=hello.pojo.Address)
          - SQL table alias mapping - address0_
          - alias suffix - 0_
          - suffixed key columns - {id1_0_0_}

10:18:09.286 [main] DEBUG o.h.loader.entity.plan.EntityLoader - Static select for entity hello.pojo.Address [UPGRADE_NOWAIT]: select address0_.id as id1_0_0_, address0_.country as country2_0_0_, address0_.postalcode as postalco3_0_0_, address0_.state as state4_0_0_, address0_.street as street5_0_0_ from address address0_ where address0_.id=? for update
10:18:09.286 [main] DEBUG o.h.l.p.b.i.spaces.QuerySpacesImpl - Adding QuerySpace : uid = <gen:0> -> org.hibernate.loader.plan.build.internal.spaces.EntityQuerySpaceImpl@32130e61]
10:18:09.286 [main] DEBUG o.h.p.w.spi.MetamodelGraphWalker - Visiting attribute path : country
10:18:09.286 [main] DEBUG o.h.p.w.spi.MetamodelGraphWalker - Visiting attribute path : postalcode
10:18:09.286 [main] DEBUG o.h.p.w.spi.MetamodelGraphWalker - Visiting attribute path : state
10:18:09.286 [main] DEBUG o.h.p.w.spi.MetamodelGraphWalker - Visiting attribute path : street
10:18:09.286 [main] DEBUG o.h.l.p.b.i.FetchStyleLoadPlanBuildingAssociationVisitationStrategy - Building LoadPlan...
10:18:09.286 [main] DEBUG o.h.l.p.e.i.LoadQueryJoinAndFetchProcessor - processing queryspace <gen:0>
10:18:09.286 [main] DEBUG o.h.l.p.b.spi.LoadPlanTreePrinter - LoadPlan(entity=hello.pojo.Address)
    - Returns
       - EntityReturnImpl(entity=hello.pojo.Address, querySpaceUid=<gen:0>, path=hello.pojo.Address)
    - QuerySpaces
       - EntityQuerySpaceImpl(uid=<gen:0>, entity=hello.pojo.Address)
          - SQL table alias mapping - address0_
          - alias suffix - 0_
          - suffixed key columns - {id1_0_0_}

10:18:09.286 [main] DEBUG o.h.loader.entity.plan.EntityLoader - Static select for entity hello.pojo.Address [UPGRADE_SKIPLOCKED]: select address0_.id as id1_0_0_, address0_.country as country2_0_0_, address0_.postalcode as postalco3_0_0_, address0_.state as state4_0_0_, address0_.street as street5_0_0_ from address address0_ where address0_.id=? for update
10:18:09.287 [main] DEBUG o.h.l.p.b.i.spaces.QuerySpacesImpl - Adding QuerySpace : uid = <gen:0> -> org.hibernate.loader.plan.build.internal.spaces.EntityQuerySpaceImpl@4996c99]
10:18:09.287 [main] DEBUG o.h.p.w.spi.MetamodelGraphWalker - Visiting attribute path : country
10:18:09.287 [main] DEBUG o.h.p.w.spi.MetamodelGraphWalker - Visiting attribute path : postalcode
10:18:09.287 [main] DEBUG o.h.p.w.spi.MetamodelGraphWalker - Visiting attribute path : state
10:18:09.287 [main] DEBUG o.h.p.w.spi.MetamodelGraphWalker - Visiting attribute path : street
10:18:09.287 [main] DEBUG o.h.l.p.b.i.FetchStyleLoadPlanBuildingAssociationVisitationStrategy - Building LoadPlan...
10:18:09.287 [main] DEBUG o.h.l.p.e.i.LoadQueryJoinAndFetchProcessor - processing queryspace <gen:0>
10:18:09.287 [main] DEBUG o.h.l.p.b.spi.LoadPlanTreePrinter - LoadPlan(entity=hello.pojo.Address)
    - Returns
       - EntityReturnImpl(entity=hello.pojo.Address, querySpaceUid=<gen:0>, path=hello.pojo.Address)
    - QuerySpaces
       - EntityQuerySpaceImpl(uid=<gen:0>, entity=hello.pojo.Address)
          - SQL table alias mapping - address0_
          - alias suffix - 0_
          - suffixed key columns - {id1_0_0_}

10:18:09.287 [main] DEBUG o.h.loader.entity.plan.EntityLoader - Static select for entity hello.pojo.Address [FORCE]: select address0_.id as id1_0_0_, address0_.country as country2_0_0_, address0_.postalcode as postalco3_0_0_, address0_.state as state4_0_0_, address0_.street as street5_0_0_ from address address0_ where address0_.id=? for update
10:18:09.287 [main] DEBUG o.h.l.p.b.i.spaces.QuerySpacesImpl - Adding QuerySpace : uid = <gen:0> -> org.hibernate.loader.plan.build.internal.spaces.EntityQuerySpaceImpl@315f09ef]
10:18:09.287 [main] DEBUG o.h.p.w.spi.MetamodelGraphWalker - Visiting attribute path : country
10:18:09.287 [main] DEBUG o.h.p.w.spi.MetamodelGraphWalker - Visiting attribute path : postalcode
10:18:09.287 [main] DEBUG o.h.p.w.spi.MetamodelGraphWalker - Visiting attribute path : state
10:18:09.287 [main] DEBUG o.h.p.w.spi.MetamodelGraphWalker - Visiting attribute path : street
10:18:09.287 [main] DEBUG o.h.l.p.b.i.FetchStyleLoadPlanBuildingAssociationVisitationStrategy - Building LoadPlan...
10:18:09.288 [main] DEBUG o.h.l.p.e.i.LoadQueryJoinAndFetchProcessor - processing queryspace <gen:0>
10:18:09.288 [main] DEBUG o.h.l.p.b.spi.LoadPlanTreePrinter - LoadPlan(entity=hello.pojo.Address)
    - Returns
       - EntityReturnImpl(entity=hello.pojo.Address, querySpaceUid=<gen:0>, path=hello.pojo.Address)
    - QuerySpaces
       - EntityQuerySpaceImpl(uid=<gen:0>, entity=hello.pojo.Address)
          - SQL table alias mapping - address0_
          - alias suffix - 0_
          - suffixed key columns - {id1_0_0_}

10:18:09.288 [main] DEBUG o.h.loader.entity.plan.EntityLoader - Static select for entity hello.pojo.Address [PESSIMISTIC_READ]: select address0_.id as id1_0_0_, address0_.country as country2_0_0_, address0_.postalcode as postalco3_0_0_, address0_.state as state4_0_0_, address0_.street as street5_0_0_ from address address0_ where address0_.id=? for update
10:18:09.288 [main] DEBUG o.h.l.p.b.i.spaces.QuerySpacesImpl - Adding QuerySpace : uid = <gen:0> -> org.hibernate.loader.plan.build.internal.spaces.EntityQuerySpaceImpl@75d4a80f]
10:18:09.288 [main] DEBUG o.h.p.w.spi.MetamodelGraphWalker - Visiting attribute path : country
10:18:09.288 [main] DEBUG o.h.p.w.spi.MetamodelGraphWalker - Visiting attribute path : postalcode
10:18:09.288 [main] DEBUG o.h.p.w.spi.MetamodelGraphWalker - Visiting attribute path : state
10:18:09.288 [main] DEBUG o.h.p.w.spi.MetamodelGraphWalker - Visiting attribute path : street
10:18:09.288 [main] DEBUG o.h.l.p.b.i.FetchStyleLoadPlanBuildingAssociationVisitationStrategy - Building LoadPlan...
10:18:09.288 [main] DEBUG o.h.l.p.e.i.LoadQueryJoinAndFetchProcessor - processing queryspace <gen:0>
10:18:09.288 [main] DEBUG o.h.l.p.b.spi.LoadPlanTreePrinter - LoadPlan(entity=hello.pojo.Address)
    - Returns
       - EntityReturnImpl(entity=hello.pojo.Address, querySpaceUid=<gen:0>, path=hello.pojo.Address)
    - QuerySpaces
       - EntityQuerySpaceImpl(uid=<gen:0>, entity=hello.pojo.Address)
          - SQL table alias mapping - address0_
          - alias suffix - 0_
          - suffixed key columns - {id1_0_0_}

10:18:09.288 [main] DEBUG o.h.loader.entity.plan.EntityLoader - Static select for entity hello.pojo.Address [PESSIMISTIC_WRITE]: select address0_.id as id1_0_0_, address0_.country as country2_0_0_, address0_.postalcode as postalco3_0_0_, address0_.state as state4_0_0_, address0_.street as street5_0_0_ from address address0_ where address0_.id=? for update
10:18:09.288 [main] DEBUG o.h.l.p.b.i.spaces.QuerySpacesImpl - Adding QuerySpace : uid = <gen:0> -> org.hibernate.loader.plan.build.internal.spaces.EntityQuerySpaceImpl@ccf91df]
10:18:09.289 [main] DEBUG o.h.p.w.spi.MetamodelGraphWalker - Visiting attribute path : country
10:18:09.289 [main] DEBUG o.h.p.w.spi.MetamodelGraphWalker - Visiting attribute path : postalcode
10:18:09.289 [main] DEBUG o.h.p.w.spi.MetamodelGraphWalker - Visiting attribute path : state
10:18:09.289 [main] DEBUG o.h.p.w.spi.MetamodelGraphWalker - Visiting attribute path : street
10:18:09.289 [main] DEBUG o.h.l.p.b.i.FetchStyleLoadPlanBuildingAssociationVisitationStrategy - Building LoadPlan...
10:18:09.289 [main] DEBUG o.h.l.p.e.i.LoadQueryJoinAndFetchProcessor - processing queryspace <gen:0>
10:18:09.289 [main] DEBUG o.h.l.p.b.spi.LoadPlanTreePrinter - LoadPlan(entity=hello.pojo.Address)
    - Returns
       - EntityReturnImpl(entity=hello.pojo.Address, querySpaceUid=<gen:0>, path=hello.pojo.Address)
    - QuerySpaces
       - EntityQuerySpaceImpl(uid=<gen:0>, entity=hello.pojo.Address)
          - SQL table alias mapping - address0_
          - alias suffix - 0_
          - suffixed key columns - {id1_0_0_}

10:18:09.289 [main] DEBUG o.h.loader.entity.plan.EntityLoader - Static select for entity hello.pojo.Address [PESSIMISTIC_FORCE_INCREMENT]: select address0_.id as id1_0_0_, address0_.country as country2_0_0_, address0_.postalcode as postalco3_0_0_, address0_.state as state4_0_0_, address0_.street as street5_0_0_ from address address0_ where address0_.id=? for update
10:18:09.289 [main] DEBUG o.h.l.p.b.i.spaces.QuerySpacesImpl - Adding QuerySpace : uid = <gen:0> -> org.hibernate.loader.plan.build.internal.spaces.EntityQuerySpaceImpl@51d387d3]
10:18:09.289 [main] DEBUG o.h.p.w.spi.MetamodelGraphWalker - Visiting attribute path : country
10:18:09.289 [main] DEBUG o.h.p.w.spi.MetamodelGraphWalker - Visiting attribute path : postalcode
10:18:09.289 [main] DEBUG o.h.p.w.spi.MetamodelGraphWalker - Visiting attribute path : state
10:18:09.289 [main] DEBUG o.h.p.w.spi.MetamodelGraphWalker - Visiting attribute path : street
10:18:09.289 [main] DEBUG o.h.l.p.b.i.FetchStyleLoadPlanBuildingAssociationVisitationStrategy - Building LoadPlan...
10:18:09.290 [main] DEBUG o.h.l.p.e.i.LoadQueryJoinAndFetchProcessor - processing queryspace <gen:0>
10:18:09.290 [main] DEBUG o.h.l.p.b.spi.LoadPlanTreePrinter - LoadPlan(entity=hello.pojo.Address)
    - Returns
       - EntityReturnImpl(entity=hello.pojo.Address, querySpaceUid=<gen:0>, path=hello.pojo.Address)
    - QuerySpaces
       - EntityQuerySpaceImpl(uid=<gen:0>, entity=hello.pojo.Address)
          - SQL table alias mapping - address0_
          - alias suffix - 0_
          - suffixed key columns - {id1_0_0_}

10:18:09.290 [main] DEBUG o.h.loader.entity.plan.EntityLoader - Static select for entity hello.pojo.Address [OPTIMISTIC]: select address0_.id as id1_0_0_, address0_.country as country2_0_0_, address0_.postalcode as postalco3_0_0_, address0_.state as state4_0_0_, address0_.street as street5_0_0_ from address address0_ where address0_.id=?
10:18:09.290 [main] DEBUG o.h.l.p.b.i.spaces.QuerySpacesImpl - Adding QuerySpace : uid = <gen:0> -> org.hibernate.loader.plan.build.internal.spaces.EntityQuerySpaceImpl@534180a2]
10:18:09.290 [main] DEBUG o.h.p.w.spi.MetamodelGraphWalker - Visiting attribute path : country
10:18:09.290 [main] DEBUG o.h.p.w.spi.MetamodelGraphWalker - Visiting attribute path : postalcode
10:18:09.290 [main] DEBUG o.h.p.w.spi.MetamodelGraphWalker - Visiting attribute path : state
10:18:09.290 [main] DEBUG o.h.p.w.spi.MetamodelGraphWalker - Visiting attribute path : street
10:18:09.290 [main] DEBUG o.h.l.p.b.i.FetchStyleLoadPlanBuildingAssociationVisitationStrategy - Building LoadPlan...
10:18:09.290 [main] DEBUG o.h.l.p.e.i.LoadQueryJoinAndFetchProcessor - processing queryspace <gen:0>
10:18:09.290 [main] DEBUG o.h.l.p.b.spi.LoadPlanTreePrinter - LoadPlan(entity=hello.pojo.Address)
    - Returns
       - EntityReturnImpl(entity=hello.pojo.Address, querySpaceUid=<gen:0>, path=hello.pojo.Address)
    - QuerySpaces
       - EntityQuerySpaceImpl(uid=<gen:0>, entity=hello.pojo.Address)
          - SQL table alias mapping - address0_
          - alias suffix - 0_
          - suffixed key columns - {id1_0_0_}

10:18:09.290 [main] DEBUG o.h.loader.entity.plan.EntityLoader - Static select for entity hello.pojo.Address [OPTIMISTIC_FORCE_INCREMENT]: select address0_.id as id1_0_0_, address0_.country as country2_0_0_, address0_.postalcode as postalco3_0_0_, address0_.state as state4_0_0_, address0_.street as street5_0_0_ from address address0_ where address0_.id=?
10:18:09.291 [main] DEBUG org.hibernate.loader.Loader - Static select for action ACTION_MERGE on entity hello.pojo.Address: select address0_.id as id1_0_0_, address0_.country as country2_0_0_, address0_.postalcode as postalco3_0_0_, address0_.state as state4_0_0_, address0_.street as street5_0_0_ from address address0_ where address0_.id=?
10:18:09.291 [main] DEBUG org.hibernate.loader.Loader - Static select for action ACTION_REFRESH on entity hello.pojo.Address: select address0_.id as id1_0_0_, address0_.country as country2_0_0_, address0_.postalcode as postalco3_0_0_, address0_.state as state4_0_0_, address0_.street as street5_0_0_ from address address0_ where address0_.id=?
10:18:09.291 [main] DEBUG o.h.p.entity.AbstractEntityPersister - Static SQL for entity: hello.pojo.Order
10:18:09.291 [main] DEBUG o.h.p.entity.AbstractEntityPersister -  Version select: select id from order where id =?
10:18:09.291 [main] DEBUG o.h.p.entity.AbstractEntityPersister -  Snapshot select: select order_.id, order_.billing_id as billing_4_6_, order_.comment_id as comment_5_6_, order_.customer_id as customer6_6_, order_.order_date as order_da2_6_, order_.shipping_info_id as shipping7_6_, order_.total as total3_6_ from order order_ where order_.id=?
10:18:09.291 [main] DEBUG o.h.p.entity.AbstractEntityPersister -  Insert 0: insert into order (billing_id, comment_id, customer_id, order_date, shipping_info_id, total, id) values (?, ?, ?, ?, ?, ?, ?)
10:18:09.291 [main] DEBUG o.h.p.entity.AbstractEntityPersister -  Update 0: update order set billing_id=?, comment_id=?, customer_id=?, order_date=?, shipping_info_id=?, total=? where id=?
10:18:09.291 [main] DEBUG o.h.p.entity.AbstractEntityPersister -  Delete 0: delete from order where id=?
10:18:09.291 [main] DEBUG o.h.p.entity.AbstractEntityPersister -  Identity insert: insert into order (id, billing_id, comment_id, customer_id, order_date, shipping_info_id, total) values (null, ?, ?, ?, ?, ?, ?)
10:18:09.291 [main] DEBUG o.h.l.p.b.i.spaces.QuerySpacesImpl - Adding QuerySpace : uid = <gen:0> -> org.hibernate.loader.plan.build.internal.spaces.EntityQuerySpaceImpl@21505815]
10:18:09.291 [main] DEBUG o.h.p.w.spi.MetamodelGraphWalker - Visiting attribute path : billing
10:18:09.295 [main] DEBUG o.h.l.p.b.i.spaces.QuerySpacesImpl - Adding QuerySpace : uid = <gen:1> -> org.hibernate.loader.plan.build.internal.spaces.EntityQuerySpaceImpl@74fab04a]
10:18:09.296 [main] DEBUG o.h.p.w.spi.MetamodelGraphWalker - Visiting attribute path : billing.address
10:18:09.296 [main] DEBUG o.h.l.p.b.i.spaces.QuerySpacesImpl - Adding QuerySpace : uid = <gen:2> -> org.hibernate.loader.plan.build.internal.spaces.EntityQuerySpaceImpl@2bc378f7]
10:18:09.296 [main] DEBUG o.h.p.w.spi.MetamodelGraphWalker - Visiting attribute path : billing.address.country
10:18:09.296 [main] DEBUG o.h.p.w.spi.MetamodelGraphWalker - Visiting attribute path : billing.address.postalcode
10:18:09.296 [main] DEBUG o.h.p.w.spi.MetamodelGraphWalker - Visiting attribute path : billing.address.state
10:18:09.296 [main] DEBUG o.h.p.w.spi.MetamodelGraphWalker - Visiting attribute path : billing.address.street
10:18:09.296 [main] DEBUG o.h.p.w.spi.MetamodelGraphWalker - Visiting attribute path : billing.payment
10:18:09.296 [main] DEBUG o.h.l.p.b.i.spaces.QuerySpacesImpl - Adding QuerySpace : uid = <gen:3> -> org.hibernate.loader.plan.build.internal.spaces.EntityQuerySpaceImpl@10f7918f]
10:18:09.297 [main] DEBUG o.h.p.w.spi.MetamodelGraphWalker - Visiting attribute path : billing.payment.paymentType
10:18:09.297 [main] DEBUG o.h.p.w.spi.MetamodelGraphWalker - Visiting attribute path : comment
10:18:09.297 [main] DEBUG o.h.l.p.b.i.spaces.QuerySpacesImpl - Adding QuerySpace : uid = <gen:4> -> org.hibernate.loader.plan.build.internal.spaces.EntityQuerySpaceImpl@54e02f6a]
10:18:09.297 [main] DEBUG o.h.p.w.spi.MetamodelGraphWalker - Visiting attribute path : comment.details
10:18:09.297 [main] DEBUG o.h.p.w.spi.MetamodelGraphWalker - Visiting attribute path : customer
10:18:09.297 [main] DEBUG o.h.l.p.b.i.spaces.QuerySpacesImpl - Adding QuerySpace : uid = <gen:5> -> org.hibernate.loader.plan.build.internal.spaces.EntityQuerySpaceImpl@3ba46e63]
10:18:09.297 [main] DEBUG o.h.p.w.spi.MetamodelGraphWalker - Visiting attribute path : customer.billingInfos
10:18:09.297 [main] DEBUG o.h.p.w.spi.MetamodelGraphWalker - Visiting attribute path : customer.deliveryAddresses
10:18:09.297 [main] DEBUG o.h.p.w.spi.MetamodelGraphWalker - Visiting attribute path : customer.firstName
10:18:09.297 [main] DEBUG o.h.p.w.spi.MetamodelGraphWalker - Visiting attribute path : customer.lastName
10:18:09.298 [main] DEBUG o.h.p.w.spi.MetamodelGraphWalker - Visiting attribute path : customer.mail
10:18:09.298 [main] DEBUG o.h.p.w.spi.MetamodelGraphWalker - Visiting attribute path : customer.title
10:18:09.298 [main] DEBUG o.h.p.w.spi.MetamodelGraphWalker - Visiting attribute path : orderDate
10:18:09.298 [main] DEBUG o.h.p.w.spi.MetamodelGraphWalker - Visiting attribute path : orderProduct
10:18:09.298 [main] DEBUG o.h.p.w.spi.MetamodelGraphWalker - Visiting attribute path : shippingInfo
10:18:09.298 [main] DEBUG o.h.l.p.b.i.spaces.QuerySpacesImpl - Adding QuerySpace : uid = <gen:6> -> org.hibernate.loader.plan.build.internal.spaces.EntityQuerySpaceImpl@2dc3271b]
10:18:09.298 [main] DEBUG o.h.p.w.spi.MetamodelGraphWalker - Visiting attribute path : shippingInfo.country
10:18:09.298 [main] DEBUG o.h.p.w.spi.MetamodelGraphWalker - Visiting attribute path : shippingInfo.postalcode
10:18:09.298 [main] DEBUG o.h.p.w.spi.MetamodelGraphWalker - Visiting attribute path : shippingInfo.state
10:18:09.298 [main] DEBUG o.h.p.w.spi.MetamodelGraphWalker - Visiting attribute path : shippingInfo.street
10:18:09.298 [main] DEBUG o.h.p.w.spi.MetamodelGraphWalker - Visiting attribute path : total
10:18:09.298 [main] DEBUG o.h.l.p.b.i.FetchStyleLoadPlanBuildingAssociationVisitationStrategy - Building LoadPlan...
10:18:09.298 [main] DEBUG o.h.l.p.e.i.LoadQueryJoinAndFetchProcessor - processing queryspace <gen:0>
10:18:09.300 [main] DEBUG o.h.l.p.b.spi.LoadPlanTreePrinter - LoadPlan(entity=hello.pojo.Order)
    - Returns
       - EntityReturnImpl(entity=hello.pojo.Order, querySpaceUid=<gen:0>, path=hello.pojo.Order)
          - EntityAttributeFetchImpl(entity=hello.pojo.Billing, querySpaceUid=<gen:1>, path=hello.pojo.Order.billing)
             - EntityAttributeFetchImpl(entity=hello.pojo.Address, querySpaceUid=<gen:2>, path=hello.pojo.Order.billing.address)
             - EntityAttributeFetchImpl(entity=hello.pojo.Payment, querySpaceUid=<gen:3>, path=hello.pojo.Order.billing.payment)
          - EntityAttributeFetchImpl(entity=hello.pojo.Comment, querySpaceUid=<gen:4>, path=hello.pojo.Order.comment)
          - EntityAttributeFetchImpl(entity=hello.pojo.Customer, querySpaceUid=<gen:5>, path=hello.pojo.Order.customer)
          - EntityAttributeFetchImpl(entity=hello.pojo.Address, querySpaceUid=<gen:6>, path=hello.pojo.Order.shippingInfo)
    - QuerySpaces
       - EntityQuerySpaceImpl(uid=<gen:0>, entity=hello.pojo.Order)
          - SQL table alias mapping - order0_
          - alias suffix - 0_
          - suffixed key columns - {id1_6_0_}
          - JOIN (JoinDefinedByMetadata(billing)) : <gen:0> -> <gen:1>
             - EntityQuerySpaceImpl(uid=<gen:1>, entity=hello.pojo.Billing)
                - SQL table alias mapping - billing1_
                - alias suffix - 1_
                - suffixed key columns - {id1_1_1_}
                - JOIN (JoinDefinedByMetadata(address)) : <gen:1> -> <gen:2>
                   - EntityQuerySpaceImpl(uid=<gen:2>, entity=hello.pojo.Address)
                      - SQL table alias mapping - address2_
                      - alias suffix - 2_
                      - suffixed key columns - {id1_0_2_}
                - JOIN (JoinDefinedByMetadata(payment)) : <gen:1> -> <gen:3>
                   - EntityQuerySpaceImpl(uid=<gen:3>, entity=hello.pojo.Payment)
                      - SQL table alias mapping - payment3_
                      - alias suffix - 3_
                      - suffixed key columns - {id1_9_3_}
          - JOIN (JoinDefinedByMetadata(comment)) : <gen:0> -> <gen:4>
             - EntityQuerySpaceImpl(uid=<gen:4>, entity=hello.pojo.Comment)
                - SQL table alias mapping - comment4_
                - alias suffix - 4_
                - suffixed key columns - {id1_2_4_}
          - JOIN (JoinDefinedByMetadata(customer)) : <gen:0> -> <gen:5>
             - EntityQuerySpaceImpl(uid=<gen:5>, entity=hello.pojo.Customer)
                - SQL table alias mapping - customer5_
                - alias suffix - 5_
                - suffixed key columns - {id1_3_5_}
          - JOIN (JoinDefinedByMetadata(shippingInfo)) : <gen:0> -> <gen:6>
             - EntityQuerySpaceImpl(uid=<gen:6>, entity=hello.pojo.Address)
                - SQL table alias mapping - address6_
                - alias suffix - 6_
                - suffixed key columns - {id1_0_6_}

10:18:09.300 [main] DEBUG o.h.loader.entity.plan.EntityLoader - Static select for entity hello.pojo.Order [NONE]: select order0_.id as id1_6_0_, order0_.billing_id as billing_4_6_0_, order0_.comment_id as comment_5_6_0_, order0_.customer_id as customer6_6_0_, order0_.order_date as order_da2_6_0_, order0_.shipping_info_id as shipping7_6_0_, order0_.total as total3_6_0_, billing1_.id as id1_1_1_, billing1_.address_id as address_2_1_1_, billing1_.payment_id as payment_3_1_1_, address2_.id as id1_0_2_, address2_.country as country2_0_2_, address2_.postalcode as postalco3_0_2_, address2_.state as state4_0_2_, address2_.street as street5_0_2_, payment3_.id as id1_9_3_, payment3_.payment_type as payment_2_9_3_, comment4_.id as id1_2_4_, comment4_.details as details2_2_4_, customer5_.id as id1_3_5_, customer5_.first_name as first_na2_3_5_, customer5_.last_name as last_nam3_3_5_, customer5_.mail as mail4_3_5_, customer5_.title as title5_3_5_, address6_.id as id1_0_6_, address6_.country as country2_0_6_, address6_.postalcode as postalco3_0_6_, address6_.state as state4_0_6_, address6_.street as street5_0_6_ from order order0_ left outer join billing billing1_ on order0_.billing_id=billing1_.id left outer join address address2_ on billing1_.address_id=address2_.id left outer join payment payment3_ on billing1_.payment_id=payment3_.id left outer join comment comment4_ on order0_.comment_id=comment4_.id left outer join customer customer5_ on order0_.customer_id=customer5_.id left outer join address address6_ on order0_.shipping_info_id=address6_.id where order0_.id=?
10:18:09.300 [main] DEBUG o.h.l.p.b.i.spaces.QuerySpacesImpl - Adding QuerySpace : uid = <gen:0> -> org.hibernate.loader.plan.build.internal.spaces.EntityQuerySpaceImpl@1f346ad2]
10:18:09.300 [main] DEBUG o.h.p.w.spi.MetamodelGraphWalker - Visiting attribute path : billing
10:18:09.300 [main] DEBUG o.h.l.p.b.i.spaces.QuerySpacesImpl - Adding QuerySpace : uid = <gen:1> -> org.hibernate.loader.plan.build.internal.spaces.EntityQuerySpaceImpl@7ab34619]
10:18:09.300 [main] DEBUG o.h.p.w.spi.MetamodelGraphWalker - Visiting attribute path : billing.address
10:18:09.300 [main] DEBUG o.h.l.p.b.i.spaces.QuerySpacesImpl - Adding QuerySpace : uid = <gen:2> -> org.hibernate.loader.plan.build.internal.spaces.EntityQuerySpaceImpl@363c4251]
10:18:09.300 [main] DEBUG o.h.p.w.spi.MetamodelGraphWalker - Visiting attribute path : billing.address.country
10:18:09.300 [main] DEBUG o.h.p.w.spi.MetamodelGraphWalker - Visiting attribute path : billing.address.postalcode
10:18:09.301 [main] DEBUG o.h.p.w.spi.MetamodelGraphWalker - Visiting attribute path : billing.address.state
10:18:09.301 [main] DEBUG o.h.p.w.spi.MetamodelGraphWalker - Visiting attribute path : billing.address.street
10:18:09.301 [main] DEBUG o.h.p.w.spi.MetamodelGraphWalker - Visiting attribute path : billing.payment
10:18:09.301 [main] DEBUG o.h.l.p.b.i.spaces.QuerySpacesImpl - Adding QuerySpace : uid = <gen:3> -> org.hibernate.loader.plan.build.internal.spaces.EntityQuerySpaceImpl@1a1f5f71]
10:18:09.301 [main] DEBUG o.h.p.w.spi.MetamodelGraphWalker - Visiting attribute path : billing.payment.paymentType
10:18:09.301 [main] DEBUG o.h.p.w.spi.MetamodelGraphWalker - Visiting attribute path : comment
10:18:09.301 [main] DEBUG o.h.l.p.b.i.spaces.QuerySpacesImpl - Adding QuerySpace : uid = <gen:4> -> org.hibernate.loader.plan.build.internal.spaces.EntityQuerySpaceImpl@524270b8]
10:18:09.301 [main] DEBUG o.h.p.w.spi.MetamodelGraphWalker - Visiting attribute path : comment.details
10:18:09.301 [main] DEBUG o.h.p.w.spi.MetamodelGraphWalker - Visiting attribute path : customer
10:18:09.301 [main] DEBUG o.h.l.p.b.i.spaces.QuerySpacesImpl - Adding QuerySpace : uid = <gen:5> -> org.hibernate.loader.plan.build.internal.spaces.EntityQuerySpaceImpl@2a4f5433]
10:18:09.301 [main] DEBUG o.h.p.w.spi.MetamodelGraphWalker - Visiting attribute path : customer.billingInfos
10:18:09.301 [main] DEBUG o.h.p.w.spi.MetamodelGraphWalker - Visiting attribute path : customer.deliveryAddresses
10:18:09.301 [main] DEBUG o.h.p.w.spi.MetamodelGraphWalker - Visiting attribute path : customer.firstName
10:18:09.301 [main] DEBUG o.h.p.w.spi.MetamodelGraphWalker - Visiting attribute path : customer.lastName
10:18:09.301 [main] DEBUG o.h.p.w.spi.MetamodelGraphWalker - Visiting attribute path : customer.mail
10:18:09.301 [main] DEBUG o.h.p.w.spi.MetamodelGraphWalker - Visiting attribute path : customer.title
10:18:09.302 [main] DEBUG o.h.p.w.spi.MetamodelGraphWalker - Visiting attribute path : orderDate
10:18:09.302 [main] DEBUG o.h.p.w.spi.MetamodelGraphWalker - Visiting attribute path : orderProduct
10:18:09.302 [main] DEBUG o.h.p.w.spi.MetamodelGraphWalker - Visiting attribute path : shippingInfo
10:18:09.302 [main] DEBUG o.h.l.p.b.i.spaces.QuerySpacesImpl - Adding QuerySpace : uid = <gen:6> -> org.hibernate.loader.plan.build.internal.spaces.EntityQuerySpaceImpl@29149030]
10:18:09.302 [main] DEBUG o.h.p.w.spi.MetamodelGraphWalker - Visiting attribute path : shippingInfo.country
10:18:09.302 [main] DEBUG o.h.p.w.spi.MetamodelGraphWalker - Visiting attribute path : shippingInfo.postalcode
10:18:09.302 [main] DEBUG o.h.p.w.spi.MetamodelGraphWalker - Visiting attribute path : shippingInfo.state
10:18:09.302 [main] DEBUG o.h.p.w.spi.MetamodelGraphWalker - Visiting attribute path : shippingInfo.street
10:18:09.302 [main] DEBUG o.h.p.w.spi.MetamodelGraphWalker - Visiting attribute path : total
10:18:09.302 [main] DEBUG o.h.l.p.b.i.FetchStyleLoadPlanBuildingAssociationVisitationStrategy - Building LoadPlan...
10:18:09.302 [main] DEBUG o.h.l.p.e.i.LoadQueryJoinAndFetchProcessor - processing queryspace <gen:0>
10:18:09.303 [main] DEBUG o.h.l.p.b.spi.LoadPlanTreePrinter - LoadPlan(entity=hello.pojo.Order)
    - Returns
       - EntityReturnImpl(entity=hello.pojo.Order, querySpaceUid=<gen:0>, path=hello.pojo.Order)
          - EntityAttributeFetchImpl(entity=hello.pojo.Billing, querySpaceUid=<gen:1>, path=hello.pojo.Order.billing)
             - EntityAttributeFetchImpl(entity=hello.pojo.Address, querySpaceUid=<gen:2>, path=hello.pojo.Order.billing.address)
             - EntityAttributeFetchImpl(entity=hello.pojo.Payment, querySpaceUid=<gen:3>, path=hello.pojo.Order.billing.payment)
          - EntityAttributeFetchImpl(entity=hello.pojo.Comment, querySpaceUid=<gen:4>, path=hello.pojo.Order.comment)
          - EntityAttributeFetchImpl(entity=hello.pojo.Customer, querySpaceUid=<gen:5>, path=hello.pojo.Order.customer)
          - EntityAttributeFetchImpl(entity=hello.pojo.Address, querySpaceUid=<gen:6>, path=hello.pojo.Order.shippingInfo)
    - QuerySpaces
       - EntityQuerySpaceImpl(uid=<gen:0>, entity=hello.pojo.Order)
          - SQL table alias mapping - order0_
          - alias suffix - 0_
          - suffixed key columns - {id1_6_0_}
          - JOIN (JoinDefinedByMetadata(billing)) : <gen:0> -> <gen:1>
             - EntityQuerySpaceImpl(uid=<gen:1>, entity=hello.pojo.Billing)
                - SQL table alias mapping - billing1_
                - alias suffix - 1_
                - suffixed key columns - {id1_1_1_}
                - JOIN (JoinDefinedByMetadata(address)) : <gen:1> -> <gen:2>
                   - EntityQuerySpaceImpl(uid=<gen:2>, entity=hello.pojo.Address)
                      - SQL table alias mapping - address2_
                      - alias suffix - 2_
                      - suffixed key columns - {id1_0_2_}
                - JOIN (JoinDefinedByMetadata(payment)) : <gen:1> -> <gen:3>
                   - EntityQuerySpaceImpl(uid=<gen:3>, entity=hello.pojo.Payment)
                      - SQL table alias mapping - payment3_
                      - alias suffix - 3_
                      - suffixed key columns - {id1_9_3_}
          - JOIN (JoinDefinedByMetadata(comment)) : <gen:0> -> <gen:4>
             - EntityQuerySpaceImpl(uid=<gen:4>, entity=hello.pojo.Comment)
                - SQL table alias mapping - comment4_
                - alias suffix - 4_
                - suffixed key columns - {id1_2_4_}
          - JOIN (JoinDefinedByMetadata(customer)) : <gen:0> -> <gen:5>
             - EntityQuerySpaceImpl(uid=<gen:5>, entity=hello.pojo.Customer)
                - SQL table alias mapping - customer5_
                - alias suffix - 5_
                - suffixed key columns - {id1_3_5_}
          - JOIN (JoinDefinedByMetadata(shippingInfo)) : <gen:0> -> <gen:6>
             - EntityQuerySpaceImpl(uid=<gen:6>, entity=hello.pojo.Address)
                - SQL table alias mapping - address6_
                - alias suffix - 6_
                - suffixed key columns - {id1_0_6_}

10:18:09.303 [main] DEBUG o.h.loader.entity.plan.EntityLoader - Static select for entity hello.pojo.Order [READ]: select order0_.id as id1_6_0_, order0_.billing_id as billing_4_6_0_, order0_.comment_id as comment_5_6_0_, order0_.customer_id as customer6_6_0_, order0_.order_date as order_da2_6_0_, order0_.shipping_info_id as shipping7_6_0_, order0_.total as total3_6_0_, billing1_.id as id1_1_1_, billing1_.address_id as address_2_1_1_, billing1_.payment_id as payment_3_1_1_, address2_.id as id1_0_2_, address2_.country as country2_0_2_, address2_.postalcode as postalco3_0_2_, address2_.state as state4_0_2_, address2_.street as street5_0_2_, payment3_.id as id1_9_3_, payment3_.payment_type as payment_2_9_3_, comment4_.id as id1_2_4_, comment4_.details as details2_2_4_, customer5_.id as id1_3_5_, customer5_.first_name as first_na2_3_5_, customer5_.last_name as last_nam3_3_5_, customer5_.mail as mail4_3_5_, customer5_.title as title5_3_5_, address6_.id as id1_0_6_, address6_.country as country2_0_6_, address6_.postalcode as postalco3_0_6_, address6_.state as state4_0_6_, address6_.street as street5_0_6_ from order order0_ left outer join billing billing1_ on order0_.billing_id=billing1_.id left outer join address address2_ on billing1_.address_id=address2_.id left outer join payment payment3_ on billing1_.payment_id=payment3_.id left outer join comment comment4_ on order0_.comment_id=comment4_.id left outer join customer customer5_ on order0_.customer_id=customer5_.id left outer join address address6_ on order0_.shipping_info_id=address6_.id where order0_.id=?
10:18:09.303 [main] DEBUG o.h.l.p.b.i.spaces.QuerySpacesImpl - Adding QuerySpace : uid = <gen:0> -> org.hibernate.loader.plan.build.internal.spaces.EntityQuerySpaceImpl@68868328]
10:18:09.303 [main] DEBUG o.h.p.w.spi.MetamodelGraphWalker - Visiting attribute path : billing
10:18:09.303 [main] DEBUG o.h.l.p.b.i.spaces.QuerySpacesImpl - Adding QuerySpace : uid = <gen:1> -> org.hibernate.loader.plan.build.internal.spaces.EntityQuerySpaceImpl@1a22e0ef]
10:18:09.303 [main] DEBUG o.h.p.w.spi.MetamodelGraphWalker - Visiting attribute path : comment
10:18:09.304 [main] DEBUG o.h.l.p.b.i.spaces.QuerySpacesImpl - Adding QuerySpace : uid = <gen:2> -> org.hibernate.loader.plan.build.internal.spaces.EntityQuerySpaceImpl@67514bdd]
10:18:09.304 [main] DEBUG o.h.p.w.spi.MetamodelGraphWalker - Visiting attribute path : customer
10:18:09.304 [main] DEBUG o.h.l.p.b.i.spaces.QuerySpacesImpl - Adding QuerySpace : uid = <gen:3> -> org.hibernate.loader.plan.build.internal.spaces.EntityQuerySpaceImpl@3b920bdc]
10:18:09.304 [main] DEBUG o.h.p.w.spi.MetamodelGraphWalker - Visiting attribute path : orderDate
10:18:09.304 [main] DEBUG o.h.p.w.spi.MetamodelGraphWalker - Visiting attribute path : orderProduct
10:18:09.304 [main] DEBUG o.h.p.w.spi.MetamodelGraphWalker - Visiting attribute path : shippingInfo
10:18:09.304 [main] DEBUG o.h.l.p.b.i.spaces.QuerySpacesImpl - Adding QuerySpace : uid = <gen:4> -> org.hibernate.loader.plan.build.internal.spaces.EntityQuerySpaceImpl@7f5538a1]
10:18:09.304 [main] DEBUG o.h.p.w.spi.MetamodelGraphWalker - Visiting attribute path : total
10:18:09.304 [main] DEBUG o.h.l.p.b.i.FetchStyleLoadPlanBuildingAssociationVisitationStrategy - Building LoadPlan...
10:18:09.304 [main] DEBUG o.h.l.p.e.i.LoadQueryJoinAndFetchProcessor - processing queryspace <gen:0>
10:18:09.304 [main] DEBUG o.h.l.p.b.spi.LoadPlanTreePrinter - LoadPlan(entity=hello.pojo.Order)
    - Returns
       - EntityReturnImpl(entity=hello.pojo.Order, querySpaceUid=<gen:0>, path=hello.pojo.Order)
          - EntityAttributeFetchImpl(entity=hello.pojo.Billing, querySpaceUid=<gen:1>, path=hello.pojo.Order.billing)
          - EntityAttributeFetchImpl(entity=hello.pojo.Comment, querySpaceUid=<gen:2>, path=hello.pojo.Order.comment)
          - EntityAttributeFetchImpl(entity=hello.pojo.Customer, querySpaceUid=<gen:3>, path=hello.pojo.Order.customer)
          - EntityAttributeFetchImpl(entity=hello.pojo.Address, querySpaceUid=<gen:4>, path=hello.pojo.Order.shippingInfo)
    - QuerySpaces
       - EntityQuerySpaceImpl(uid=<gen:0>, entity=hello.pojo.Order)
          - SQL table alias mapping - order0_
          - alias suffix - 0_
          - suffixed key columns - {id1_6_0_}

10:18:09.304 [main] DEBUG o.h.loader.entity.plan.EntityLoader - Static select for entity hello.pojo.Order [UPGRADE]: select order0_.id as id1_6_0_, order0_.billing_id as billing_4_6_0_, order0_.comment_id as comment_5_6_0_, order0_.customer_id as customer6_6_0_, order0_.order_date as order_da2_6_0_, order0_.shipping_info_id as shipping7_6_0_, order0_.total as total3_6_0_ from order order0_ where order0_.id=? for update
10:18:09.304 [main] DEBUG o.h.l.p.b.i.spaces.QuerySpacesImpl - Adding QuerySpace : uid = <gen:0> -> org.hibernate.loader.plan.build.internal.spaces.EntityQuerySpaceImpl@72fd8a3c]
10:18:09.305 [main] DEBUG o.h.p.w.spi.MetamodelGraphWalker - Visiting attribute path : billing
10:18:09.305 [main] DEBUG o.h.l.p.b.i.spaces.QuerySpacesImpl - Adding QuerySpace : uid = <gen:1> -> org.hibernate.loader.plan.build.internal.spaces.EntityQuerySpaceImpl@34780cd9]
10:18:09.305 [main] DEBUG o.h.p.w.spi.MetamodelGraphWalker - Visiting attribute path : comment
10:18:09.305 [main] DEBUG o.h.l.p.b.i.spaces.QuerySpacesImpl - Adding QuerySpace : uid = <gen:2> -> org.hibernate.loader.plan.build.internal.spaces.EntityQuerySpaceImpl@623ebac7]
10:18:09.305 [main] DEBUG o.h.p.w.spi.MetamodelGraphWalker - Visiting attribute path : customer
10:18:09.305 [main] DEBUG o.h.l.p.b.i.spaces.QuerySpacesImpl - Adding QuerySpace : uid = <gen:3> -> org.hibernate.loader.plan.build.internal.spaces.EntityQuerySpaceImpl@7c8c70d6]
10:18:09.305 [main] DEBUG o.h.p.w.spi.MetamodelGraphWalker - Visiting attribute path : orderDate
10:18:09.305 [main] DEBUG o.h.p.w.spi.MetamodelGraphWalker - Visiting attribute path : orderProduct
10:18:09.305 [main] DEBUG o.h.p.w.spi.MetamodelGraphWalker - Visiting attribute path : shippingInfo
10:18:09.305 [main] DEBUG o.h.l.p.b.i.spaces.QuerySpacesImpl - Adding QuerySpace : uid = <gen:4> -> org.hibernate.loader.plan.build.internal.spaces.EntityQuerySpaceImpl@1ab5f08a]
10:18:09.305 [main] DEBUG o.h.p.w.spi.MetamodelGraphWalker - Visiting attribute path : total
10:18:09.305 [main] DEBUG o.h.l.p.b.i.FetchStyleLoadPlanBuildingAssociationVisitationStrategy - Building LoadPlan...
10:18:09.305 [main] DEBUG o.h.l.p.e.i.LoadQueryJoinAndFetchProcessor - processing queryspace <gen:0>
10:18:09.306 [main] DEBUG o.h.l.p.b.spi.LoadPlanTreePrinter - LoadPlan(entity=hello.pojo.Order)
    - Returns
       - EntityReturnImpl(entity=hello.pojo.Order, querySpaceUid=<gen:0>, path=hello.pojo.Order)
          - EntityAttributeFetchImpl(entity=hello.pojo.Billing, querySpaceUid=<gen:1>, path=hello.pojo.Order.billing)
          - EntityAttributeFetchImpl(entity=hello.pojo.Comment, querySpaceUid=<gen:2>, path=hello.pojo.Order.comment)
          - EntityAttributeFetchImpl(entity=hello.pojo.Customer, querySpaceUid=<gen:3>, path=hello.pojo.Order.customer)
          - EntityAttributeFetchImpl(entity=hello.pojo.Address, querySpaceUid=<gen:4>, path=hello.pojo.Order.shippingInfo)
    - QuerySpaces
       - EntityQuerySpaceImpl(uid=<gen:0>, entity=hello.pojo.Order)
          - SQL table alias mapping - order0_
          - alias suffix - 0_
          - suffixed key columns - {id1_6_0_}

10:18:09.306 [main] DEBUG o.h.loader.entity.plan.EntityLoader - Static select for entity hello.pojo.Order [UPGRADE_NOWAIT]: select order0_.id as id1_6_0_, order0_.billing_id as billing_4_6_0_, order0_.comment_id as comment_5_6_0_, order0_.customer_id as customer6_6_0_, order0_.order_date as order_da2_6_0_, order0_.shipping_info_id as shipping7_6_0_, order0_.total as total3_6_0_ from order order0_ where order0_.id=? for update
10:18:09.306 [main] DEBUG o.h.l.p.b.i.spaces.QuerySpacesImpl - Adding QuerySpace : uid = <gen:0> -> org.hibernate.loader.plan.build.internal.spaces.EntityQuerySpaceImpl@6edf29c1]
10:18:09.306 [main] DEBUG o.h.p.w.spi.MetamodelGraphWalker - Visiting attribute path : billing
10:18:09.306 [main] DEBUG o.h.l.p.b.i.spaces.QuerySpacesImpl - Adding QuerySpace : uid = <gen:1> -> org.hibernate.loader.plan.build.internal.spaces.EntityQuerySpaceImpl@66b59b7d]
10:18:09.306 [main] DEBUG o.h.p.w.spi.MetamodelGraphWalker - Visiting attribute path : comment
10:18:09.306 [main] DEBUG o.h.l.p.b.i.spaces.QuerySpacesImpl - Adding QuerySpace : uid = <gen:2> -> org.hibernate.loader.plan.build.internal.spaces.EntityQuerySpaceImpl@53311681]
10:18:09.306 [main] DEBUG o.h.p.w.spi.MetamodelGraphWalker - Visiting attribute path : customer
10:18:09.306 [main] DEBUG o.h.l.p.b.i.spaces.QuerySpacesImpl - Adding QuerySpace : uid = <gen:3> -> org.hibernate.loader.plan.build.internal.spaces.EntityQuerySpaceImpl@4437ac07]
10:18:09.306 [main] DEBUG o.h.p.w.spi.MetamodelGraphWalker - Visiting attribute path : orderDate
10:18:09.306 [main] DEBUG o.h.p.w.spi.MetamodelGraphWalker - Visiting attribute path : orderProduct
10:18:09.306 [main] DEBUG o.h.p.w.spi.MetamodelGraphWalker - Visiting attribute path : shippingInfo
10:18:09.306 [main] DEBUG o.h.l.p.b.i.spaces.QuerySpacesImpl - Adding QuerySpace : uid = <gen:4> -> org.hibernate.loader.plan.build.internal.spaces.EntityQuerySpaceImpl@3f1ed068]
10:18:09.306 [main] DEBUG o.h.p.w.spi.MetamodelGraphWalker - Visiting attribute path : total
10:18:09.306 [main] DEBUG o.h.l.p.b.i.FetchStyleLoadPlanBuildingAssociationVisitationStrategy - Building LoadPlan...
10:18:09.307 [main] DEBUG o.h.l.p.e.i.LoadQueryJoinAndFetchProcessor - processing queryspace <gen:0>
10:18:09.307 [main] DEBUG o.h.l.p.b.spi.LoadPlanTreePrinter - LoadPlan(entity=hello.pojo.Order)
    - Returns
       - EntityReturnImpl(entity=hello.pojo.Order, querySpaceUid=<gen:0>, path=hello.pojo.Order)
          - EntityAttributeFetchImpl(entity=hello.pojo.Billing, querySpaceUid=<gen:1>, path=hello.pojo.Order.billing)
          - EntityAttributeFetchImpl(entity=hello.pojo.Comment, querySpaceUid=<gen:2>, path=hello.pojo.Order.comment)
          - EntityAttributeFetchImpl(entity=hello.pojo.Customer, querySpaceUid=<gen:3>, path=hello.pojo.Order.customer)
          - EntityAttributeFetchImpl(entity=hello.pojo.Address, querySpaceUid=<gen:4>, path=hello.pojo.Order.shippingInfo)
    - QuerySpaces
       - EntityQuerySpaceImpl(uid=<gen:0>, entity=hello.pojo.Order)
          - SQL table alias mapping - order0_
          - alias suffix - 0_
          - suffixed key columns - {id1_6_0_}

10:18:09.307 [main] DEBUG o.h.loader.entity.plan.EntityLoader - Static select for entity hello.pojo.Order [UPGRADE_SKIPLOCKED]: select order0_.id as id1_6_0_, order0_.billing_id as billing_4_6_0_, order0_.comment_id as comment_5_6_0_, order0_.customer_id as customer6_6_0_, order0_.order_date as order_da2_6_0_, order0_.shipping_info_id as shipping7_6_0_, order0_.total as total3_6_0_ from order order0_ where order0_.id=? for update
10:18:09.307 [main] DEBUG o.h.l.p.b.i.spaces.QuerySpacesImpl - Adding QuerySpace : uid = <gen:0> -> org.hibernate.loader.plan.build.internal.spaces.EntityQuerySpaceImpl@753aca85]
10:18:09.307 [main] DEBUG o.h.p.w.spi.MetamodelGraphWalker - Visiting attribute path : billing
10:18:09.307 [main] DEBUG o.h.l.p.b.i.spaces.QuerySpacesImpl - Adding QuerySpace : uid = <gen:1> -> org.hibernate.loader.plan.build.internal.spaces.EntityQuerySpaceImpl@574a89e2]
10:18:09.307 [main] DEBUG o.h.p.w.spi.MetamodelGraphWalker - Visiting attribute path : comment
10:18:09.307 [main] DEBUG o.h.l.p.b.i.spaces.QuerySpacesImpl - Adding QuerySpace : uid = <gen:2> -> org.hibernate.loader.plan.build.internal.spaces.EntityQuerySpaceImpl@1e1e9ef3]
10:18:09.307 [main] DEBUG o.h.p.w.spi.MetamodelGraphWalker - Visiting attribute path : customer
10:18:09.307 [main] DEBUG o.h.l.p.b.i.spaces.QuerySpacesImpl - Adding QuerySpace : uid = <gen:3> -> org.hibernate.loader.plan.build.internal.spaces.EntityQuerySpaceImpl@3dd31157]
10:18:09.307 [main] DEBUG o.h.p.w.spi.MetamodelGraphWalker - Visiting attribute path : orderDate
10:18:09.307 [main] DEBUG o.h.p.w.spi.MetamodelGraphWalker - Visiting attribute path : orderProduct
10:18:09.307 [main] DEBUG o.h.p.w.spi.MetamodelGraphWalker - Visiting attribute path : shippingInfo
10:18:09.308 [main] DEBUG o.h.l.p.b.i.spaces.QuerySpacesImpl - Adding QuerySpace : uid = <gen:4> -> org.hibernate.loader.plan.build.internal.spaces.EntityQuerySpaceImpl@31c628e7]
10:18:09.308 [main] DEBUG o.h.p.w.spi.MetamodelGraphWalker - Visiting attribute path : total
10:18:09.308 [main] DEBUG o.h.l.p.b.i.FetchStyleLoadPlanBuildingAssociationVisitationStrategy - Building LoadPlan...
10:18:09.308 [main] DEBUG o.h.l.p.e.i.LoadQueryJoinAndFetchProcessor - processing queryspace <gen:0>
10:18:09.308 [main] DEBUG o.h.l.p.b.spi.LoadPlanTreePrinter - LoadPlan(entity=hello.pojo.Order)
    - Returns
       - EntityReturnImpl(entity=hello.pojo.Order, querySpaceUid=<gen:0>, path=hello.pojo.Order)
          - EntityAttributeFetchImpl(entity=hello.pojo.Billing, querySpaceUid=<gen:1>, path=hello.pojo.Order.billing)
          - EntityAttributeFetchImpl(entity=hello.pojo.Comment, querySpaceUid=<gen:2>, path=hello.pojo.Order.comment)
          - EntityAttributeFetchImpl(entity=hello.pojo.Customer, querySpaceUid=<gen:3>, path=hello.pojo.Order.customer)
          - EntityAttributeFetchImpl(entity=hello.pojo.Address, querySpaceUid=<gen:4>, path=hello.pojo.Order.shippingInfo)
    - QuerySpaces
       - EntityQuerySpaceImpl(uid=<gen:0>, entity=hello.pojo.Order)
          - SQL table alias mapping - order0_
          - alias suffix - 0_
          - suffixed key columns - {id1_6_0_}

10:18:09.308 [main] DEBUG o.h.loader.entity.plan.EntityLoader - Static select for entity hello.pojo.Order [FORCE]: select order0_.id as id1_6_0_, order0_.billing_id as billing_4_6_0_, order0_.comment_id as comment_5_6_0_, order0_.customer_id as customer6_6_0_, order0_.order_date as order_da2_6_0_, order0_.shipping_info_id as shipping7_6_0_, order0_.total as total3_6_0_ from order order0_ where order0_.id=? for update
10:18:09.308 [main] DEBUG o.h.l.p.b.i.spaces.QuerySpacesImpl - Adding QuerySpace : uid = <gen:0> -> org.hibernate.loader.plan.build.internal.spaces.EntityQuerySpaceImpl@3240b2a4]
10:18:09.308 [main] DEBUG o.h.p.w.spi.MetamodelGraphWalker - Visiting attribute path : billing
10:18:09.308 [main] DEBUG o.h.l.p.b.i.spaces.QuerySpacesImpl - Adding QuerySpace : uid = <gen:1> -> org.hibernate.loader.plan.build.internal.spaces.EntityQuerySpaceImpl@7d3fb0ef]
10:18:09.308 [main] DEBUG o.h.p.w.spi.MetamodelGraphWalker - Visiting attribute path : comment
10:18:09.308 [main] DEBUG o.h.l.p.b.i.spaces.QuerySpacesImpl - Adding QuerySpace : uid = <gen:2> -> org.hibernate.loader.plan.build.internal.spaces.EntityQuerySpaceImpl@7dbe2ebf]
10:18:09.308 [main] DEBUG o.h.p.w.spi.MetamodelGraphWalker - Visiting attribute path : customer
10:18:09.309 [main] DEBUG o.h.l.p.b.i.spaces.QuerySpacesImpl - Adding QuerySpace : uid = <gen:3> -> org.hibernate.loader.plan.build.internal.spaces.EntityQuerySpaceImpl@4adc663e]
10:18:09.309 [main] DEBUG o.h.p.w.spi.MetamodelGraphWalker - Visiting attribute path : orderDate
10:18:09.309 [main] DEBUG o.h.p.w.spi.MetamodelGraphWalker - Visiting attribute path : orderProduct
10:18:09.309 [main] DEBUG o.h.p.w.spi.MetamodelGraphWalker - Visiting attribute path : shippingInfo
10:18:09.309 [main] DEBUG o.h.l.p.b.i.spaces.QuerySpacesImpl - Adding QuerySpace : uid = <gen:4> -> org.hibernate.loader.plan.build.internal.spaces.EntityQuerySpaceImpl@885e7ff]
10:18:09.309 [main] DEBUG o.h.p.w.spi.MetamodelGraphWalker - Visiting attribute path : total
10:18:09.309 [main] DEBUG o.h.l.p.b.i.FetchStyleLoadPlanBuildingAssociationVisitationStrategy - Building LoadPlan...
10:18:09.309 [main] DEBUG o.h.l.p.e.i.LoadQueryJoinAndFetchProcessor - processing queryspace <gen:0>
10:18:09.309 [main] DEBUG o.h.l.p.b.spi.LoadPlanTreePrinter - LoadPlan(entity=hello.pojo.Order)
    - Returns
       - EntityReturnImpl(entity=hello.pojo.Order, querySpaceUid=<gen:0>, path=hello.pojo.Order)
          - EntityAttributeFetchImpl(entity=hello.pojo.Billing, querySpaceUid=<gen:1>, path=hello.pojo.Order.billing)
          - EntityAttributeFetchImpl(entity=hello.pojo.Comment, querySpaceUid=<gen:2>, path=hello.pojo.Order.comment)
          - EntityAttributeFetchImpl(entity=hello.pojo.Customer, querySpaceUid=<gen:3>, path=hello.pojo.Order.customer)
          - EntityAttributeFetchImpl(entity=hello.pojo.Address, querySpaceUid=<gen:4>, path=hello.pojo.Order.shippingInfo)
    - QuerySpaces
       - EntityQuerySpaceImpl(uid=<gen:0>, entity=hello.pojo.Order)
          - SQL table alias mapping - order0_
          - alias suffix - 0_
          - suffixed key columns - {id1_6_0_}

10:18:09.309 [main] DEBUG o.h.loader.entity.plan.EntityLoader - Static select for entity hello.pojo.Order [PESSIMISTIC_READ]: select order0_.id as id1_6_0_, order0_.billing_id as billing_4_6_0_, order0_.comment_id as comment_5_6_0_, order0_.customer_id as customer6_6_0_, order0_.order_date as order_da2_6_0_, order0_.shipping_info_id as shipping7_6_0_, order0_.total as total3_6_0_ from order order0_ where order0_.id=? for update
10:18:09.309 [main] DEBUG o.h.l.p.b.i.spaces.QuerySpacesImpl - Adding QuerySpace : uid = <gen:0> -> org.hibernate.loader.plan.build.internal.spaces.EntityQuerySpaceImpl@8bd86c8]
10:18:09.309 [main] DEBUG o.h.p.w.spi.MetamodelGraphWalker - Visiting attribute path : billing
10:18:09.309 [main] DEBUG o.h.l.p.b.i.spaces.QuerySpacesImpl - Adding QuerySpace : uid = <gen:1> -> org.hibernate.loader.plan.build.internal.spaces.EntityQuerySpaceImpl@2d3ef181]
10:18:09.310 [main] DEBUG o.h.p.w.spi.MetamodelGraphWalker - Visiting attribute path : comment
10:18:09.310 [main] DEBUG o.h.l.p.b.i.spaces.QuerySpacesImpl - Adding QuerySpace : uid = <gen:2> -> org.hibernate.loader.plan.build.internal.spaces.EntityQuerySpaceImpl@a2341c6]
10:18:09.310 [main] DEBUG o.h.p.w.spi.MetamodelGraphWalker - Visiting attribute path : customer
10:18:09.310 [main] DEBUG o.h.l.p.b.i.spaces.QuerySpacesImpl - Adding QuerySpace : uid = <gen:3> -> org.hibernate.loader.plan.build.internal.spaces.EntityQuerySpaceImpl@6e4c0d8c]
10:18:09.310 [main] DEBUG o.h.p.w.spi.MetamodelGraphWalker - Visiting attribute path : orderDate
10:18:09.310 [main] DEBUG o.h.p.w.spi.MetamodelGraphWalker - Visiting attribute path : orderProduct
10:18:09.310 [main] DEBUG o.h.p.w.spi.MetamodelGraphWalker - Visiting attribute path : shippingInfo
10:18:09.310 [main] DEBUG o.h.l.p.b.i.spaces.QuerySpacesImpl - Adding QuerySpace : uid = <gen:4> -> org.hibernate.loader.plan.build.internal.spaces.EntityQuerySpaceImpl@3e3315d9]
10:18:09.310 [main] DEBUG o.h.p.w.spi.MetamodelGraphWalker - Visiting attribute path : total
10:18:09.310 [main] DEBUG o.h.l.p.b.i.FetchStyleLoadPlanBuildingAssociationVisitationStrategy - Building LoadPlan...
10:18:09.310 [main] DEBUG o.h.l.p.e.i.LoadQueryJoinAndFetchProcessor - processing queryspace <gen:0>
10:18:09.310 [main] DEBUG o.h.l.p.b.spi.LoadPlanTreePrinter - LoadPlan(entity=hello.pojo.Order)
    - Returns
       - EntityReturnImpl(entity=hello.pojo.Order, querySpaceUid=<gen:0>, path=hello.pojo.Order)
          - EntityAttributeFetchImpl(entity=hello.pojo.Billing, querySpaceUid=<gen:1>, path=hello.pojo.Order.billing)
          - EntityAttributeFetchImpl(entity=hello.pojo.Comment, querySpaceUid=<gen:2>, path=hello.pojo.Order.comment)
          - EntityAttributeFetchImpl(entity=hello.pojo.Customer, querySpaceUid=<gen:3>, path=hello.pojo.Order.customer)
          - EntityAttributeFetchImpl(entity=hello.pojo.Address, querySpaceUid=<gen:4>, path=hello.pojo.Order.shippingInfo)
    - QuerySpaces
       - EntityQuerySpaceImpl(uid=<gen:0>, entity=hello.pojo.Order)
          - SQL table alias mapping - order0_
          - alias suffix - 0_
          - suffixed key columns - {id1_6_0_}

10:18:09.310 [main] DEBUG o.h.loader.entity.plan.EntityLoader - Static select for entity hello.pojo.Order [PESSIMISTIC_WRITE]: select order0_.id as id1_6_0_, order0_.billing_id as billing_4_6_0_, order0_.comment_id as comment_5_6_0_, order0_.customer_id as customer6_6_0_, order0_.order_date as order_da2_6_0_, order0_.shipping_info_id as shipping7_6_0_, order0_.total as total3_6_0_ from order order0_ where order0_.id=? for update
10:18:09.310 [main] DEBUG o.h.l.p.b.i.spaces.QuerySpacesImpl - Adding QuerySpace : uid = <gen:0> -> org.hibernate.loader.plan.build.internal.spaces.EntityQuerySpaceImpl@64db4967]
10:18:09.311 [main] DEBUG o.h.p.w.spi.MetamodelGraphWalker - Visiting attribute path : billing
10:18:09.311 [main] DEBUG o.h.l.p.b.i.spaces.QuerySpacesImpl - Adding QuerySpace : uid = <gen:1> -> org.hibernate.loader.plan.build.internal.spaces.EntityQuerySpaceImpl@7a485a36]
10:18:09.311 [main] DEBUG o.h.p.w.spi.MetamodelGraphWalker - Visiting attribute path : comment
10:18:09.311 [main] DEBUG o.h.l.p.b.i.spaces.QuerySpacesImpl - Adding QuerySpace : uid = <gen:2> -> org.hibernate.loader.plan.build.internal.spaces.EntityQuerySpaceImpl@5cf3157b]
10:18:09.311 [main] DEBUG o.h.p.w.spi.MetamodelGraphWalker - Visiting attribute path : customer
10:18:09.311 [main] DEBUG o.h.l.p.b.i.spaces.QuerySpacesImpl - Adding QuerySpace : uid = <gen:3> -> org.hibernate.loader.plan.build.internal.spaces.EntityQuerySpaceImpl@625dfff3]
10:18:09.311 [main] DEBUG o.h.p.w.spi.MetamodelGraphWalker - Visiting attribute path : orderDate
10:18:09.311 [main] DEBUG o.h.p.w.spi.MetamodelGraphWalker - Visiting attribute path : orderProduct
10:18:09.311 [main] DEBUG o.h.p.w.spi.MetamodelGraphWalker - Visiting attribute path : shippingInfo
10:18:09.311 [main] DEBUG o.h.l.p.b.i.spaces.QuerySpacesImpl - Adding QuerySpace : uid = <gen:4> -> org.hibernate.loader.plan.build.internal.spaces.EntityQuerySpaceImpl@26350ea2]
10:18:09.311 [main] DEBUG o.h.p.w.spi.MetamodelGraphWalker - Visiting attribute path : total
10:18:09.311 [main] DEBUG o.h.l.p.b.i.FetchStyleLoadPlanBuildingAssociationVisitationStrategy - Building LoadPlan...
10:18:09.311 [main] DEBUG o.h.l.p.e.i.LoadQueryJoinAndFetchProcessor - processing queryspace <gen:0>
10:18:09.311 [main] DEBUG o.h.l.p.b.spi.LoadPlanTreePrinter - LoadPlan(entity=hello.pojo.Order)
    - Returns
       - EntityReturnImpl(entity=hello.pojo.Order, querySpaceUid=<gen:0>, path=hello.pojo.Order)
          - EntityAttributeFetchImpl(entity=hello.pojo.Billing, querySpaceUid=<gen:1>, path=hello.pojo.Order.billing)
          - EntityAttributeFetchImpl(entity=hello.pojo.Comment, querySpaceUid=<gen:2>, path=hello.pojo.Order.comment)
          - EntityAttributeFetchImpl(entity=hello.pojo.Customer, querySpaceUid=<gen:3>, path=hello.pojo.Order.customer)
          - EntityAttributeFetchImpl(entity=hello.pojo.Address, querySpaceUid=<gen:4>, path=hello.pojo.Order.shippingInfo)
    - QuerySpaces
       - EntityQuerySpaceImpl(uid=<gen:0>, entity=hello.pojo.Order)
          - SQL table alias mapping - order0_
          - alias suffix - 0_
          - suffixed key columns - {id1_6_0_}

10:18:09.312 [main] DEBUG o.h.loader.entity.plan.EntityLoader - Static select for entity hello.pojo.Order [PESSIMISTIC_FORCE_INCREMENT]: select order0_.id as id1_6_0_, order0_.billing_id as billing_4_6_0_, order0_.comment_id as comment_5_6_0_, order0_.customer_id as customer6_6_0_, order0_.order_date as order_da2_6_0_, order0_.shipping_info_id as shipping7_6_0_, order0_.total as total3_6_0_ from order order0_ where order0_.id=? for update
10:18:09.312 [main] DEBUG o.h.l.p.b.i.spaces.QuerySpacesImpl - Adding QuerySpace : uid = <gen:0> -> org.hibernate.loader.plan.build.internal.spaces.EntityQuerySpaceImpl@1e9469b8]
10:18:09.312 [main] DEBUG o.h.p.w.spi.MetamodelGraphWalker - Visiting attribute path : billing
10:18:09.312 [main] DEBUG o.h.l.p.b.i.spaces.QuerySpacesImpl - Adding QuerySpace : uid = <gen:1> -> org.hibernate.loader.plan.build.internal.spaces.EntityQuerySpaceImpl@57272109]
10:18:09.312 [main] DEBUG o.h.p.w.spi.MetamodelGraphWalker - Visiting attribute path : comment
10:18:09.312 [main] DEBUG o.h.l.p.b.i.spaces.QuerySpacesImpl - Adding QuerySpace : uid = <gen:2> -> org.hibernate.loader.plan.build.internal.spaces.EntityQuerySpaceImpl@59696551]
10:18:09.312 [main] DEBUG o.h.p.w.spi.MetamodelGraphWalker - Visiting attribute path : customer
10:18:09.312 [main] DEBUG o.h.l.p.b.i.spaces.QuerySpacesImpl - Adding QuerySpace : uid = <gen:3> -> org.hibernate.loader.plan.build.internal.spaces.EntityQuerySpaceImpl@648d0e6d]
10:18:09.312 [main] DEBUG o.h.p.w.spi.MetamodelGraphWalker - Visiting attribute path : orderDate
10:18:09.312 [main] DEBUG o.h.p.w.spi.MetamodelGraphWalker - Visiting attribute path : orderProduct
10:18:09.312 [main] DEBUG o.h.p.w.spi.MetamodelGraphWalker - Visiting attribute path : shippingInfo
10:18:09.312 [main] DEBUG o.h.l.p.b.i.spaces.QuerySpacesImpl - Adding QuerySpace : uid = <gen:4> -> org.hibernate.loader.plan.build.internal.spaces.EntityQuerySpaceImpl@79e66b2f]
10:18:09.312 [main] DEBUG o.h.p.w.spi.MetamodelGraphWalker - Visiting attribute path : total
10:18:09.312 [main] DEBUG o.h.l.p.b.i.FetchStyleLoadPlanBuildingAssociationVisitationStrategy - Building LoadPlan...
10:18:09.312 [main] DEBUG o.h.l.p.e.i.LoadQueryJoinAndFetchProcessor - processing queryspace <gen:0>
10:18:09.313 [main] DEBUG o.h.l.p.b.spi.LoadPlanTreePrinter - LoadPlan(entity=hello.pojo.Order)
    - Returns
       - EntityReturnImpl(entity=hello.pojo.Order, querySpaceUid=<gen:0>, path=hello.pojo.Order)
          - EntityAttributeFetchImpl(entity=hello.pojo.Billing, querySpaceUid=<gen:1>, path=hello.pojo.Order.billing)
          - EntityAttributeFetchImpl(entity=hello.pojo.Comment, querySpaceUid=<gen:2>, path=hello.pojo.Order.comment)
          - EntityAttributeFetchImpl(entity=hello.pojo.Customer, querySpaceUid=<gen:3>, path=hello.pojo.Order.customer)
          - EntityAttributeFetchImpl(entity=hello.pojo.Address, querySpaceUid=<gen:4>, path=hello.pojo.Order.shippingInfo)
    - QuerySpaces
       - EntityQuerySpaceImpl(uid=<gen:0>, entity=hello.pojo.Order)
          - SQL table alias mapping - order0_
          - alias suffix - 0_
          - suffixed key columns - {id1_6_0_}

10:18:09.313 [main] DEBUG o.h.loader.entity.plan.EntityLoader - Static select for entity hello.pojo.Order [OPTIMISTIC]: select order0_.id as id1_6_0_, order0_.billing_id as billing_4_6_0_, order0_.comment_id as comment_5_6_0_, order0_.customer_id as customer6_6_0_, order0_.order_date as order_da2_6_0_, order0_.shipping_info_id as shipping7_6_0_, order0_.total as total3_6_0_ from order order0_ where order0_.id=?
10:18:09.313 [main] DEBUG o.h.l.p.b.i.spaces.QuerySpacesImpl - Adding QuerySpace : uid = <gen:0> -> org.hibernate.loader.plan.build.internal.spaces.EntityQuerySpaceImpl@17273273]
10:18:09.313 [main] DEBUG o.h.p.w.spi.MetamodelGraphWalker - Visiting attribute path : billing
10:18:09.313 [main] DEBUG o.h.l.p.b.i.spaces.QuerySpacesImpl - Adding QuerySpace : uid = <gen:1> -> org.hibernate.loader.plan.build.internal.spaces.EntityQuerySpaceImpl@984169e]
10:18:09.313 [main] DEBUG o.h.p.w.spi.MetamodelGraphWalker - Visiting attribute path : comment
10:18:09.313 [main] DEBUG o.h.l.p.b.i.spaces.QuerySpacesImpl - Adding QuerySpace : uid = <gen:2> -> org.hibernate.loader.plan.build.internal.spaces.EntityQuerySpaceImpl@43f1bb92]
10:18:09.313 [main] DEBUG o.h.p.w.spi.MetamodelGraphWalker - Visiting attribute path : customer
10:18:09.313 [main] DEBUG o.h.l.p.b.i.spaces.QuerySpacesImpl - Adding QuerySpace : uid = <gen:3> -> org.hibernate.loader.plan.build.internal.spaces.EntityQuerySpaceImpl@6d6bbd35]
10:18:09.313 [main] DEBUG o.h.p.w.spi.MetamodelGraphWalker - Visiting attribute path : orderDate
10:18:09.313 [main] DEBUG o.h.p.w.spi.MetamodelGraphWalker - Visiting attribute path : orderProduct
10:18:09.313 [main] DEBUG o.h.p.w.spi.MetamodelGraphWalker - Visiting attribute path : shippingInfo
10:18:09.313 [main] DEBUG o.h.l.p.b.i.spaces.QuerySpacesImpl - Adding QuerySpace : uid = <gen:4> -> org.hibernate.loader.plan.build.internal.spaces.EntityQuerySpaceImpl@5c5d6175]
10:18:09.313 [main] DEBUG o.h.p.w.spi.MetamodelGraphWalker - Visiting attribute path : total
10:18:09.313 [main] DEBUG o.h.l.p.b.i.FetchStyleLoadPlanBuildingAssociationVisitationStrategy - Building LoadPlan...
10:18:09.314 [main] DEBUG o.h.l.p.e.i.LoadQueryJoinAndFetchProcessor - processing queryspace <gen:0>
10:18:09.314 [main] DEBUG o.h.l.p.b.spi.LoadPlanTreePrinter - LoadPlan(entity=hello.pojo.Order)
    - Returns
       - EntityReturnImpl(entity=hello.pojo.Order, querySpaceUid=<gen:0>, path=hello.pojo.Order)
          - EntityAttributeFetchImpl(entity=hello.pojo.Billing, querySpaceUid=<gen:1>, path=hello.pojo.Order.billing)
          - EntityAttributeFetchImpl(entity=hello.pojo.Comment, querySpaceUid=<gen:2>, path=hello.pojo.Order.comment)
          - EntityAttributeFetchImpl(entity=hello.pojo.Customer, querySpaceUid=<gen:3>, path=hello.pojo.Order.customer)
          - EntityAttributeFetchImpl(entity=hello.pojo.Address, querySpaceUid=<gen:4>, path=hello.pojo.Order.shippingInfo)
    - QuerySpaces
       - EntityQuerySpaceImpl(uid=<gen:0>, entity=hello.pojo.Order)
          - SQL table alias mapping - order0_
          - alias suffix - 0_
          - suffixed key columns - {id1_6_0_}

10:18:09.314 [main] DEBUG o.h.loader.entity.plan.EntityLoader - Static select for entity hello.pojo.Order [OPTIMISTIC_FORCE_INCREMENT]: select order0_.id as id1_6_0_, order0_.billing_id as billing_4_6_0_, order0_.comment_id as comment_5_6_0_, order0_.customer_id as customer6_6_0_, order0_.order_date as order_da2_6_0_, order0_.shipping_info_id as shipping7_6_0_, order0_.total as total3_6_0_ from order order0_ where order0_.id=?
10:18:09.316 [main] DEBUG org.hibernate.loader.Loader - Static select for action ACTION_MERGE on entity hello.pojo.Order: select order0_.id as id1_6_4_, order0_.billing_id as billing_4_6_4_, order0_.comment_id as comment_5_6_4_, order0_.customer_id as customer6_6_4_, order0_.order_date as order_da2_6_4_, order0_.shipping_info_id as shipping7_6_4_, order0_.total as total3_6_4_, billing1_.id as id1_1_0_, billing1_.address_id as address_2_1_0_, billing1_.payment_id as payment_3_1_0_, comment2_.id as id1_2_1_, comment2_.details as details2_2_1_, orderprodu3_.order_id as order_id1_6_6_, orderprodu4_.id as order_pr2_7_6_, orderprodu4_.id as id1_8_2_, orderprodu4_.comment_id as comment_4_8_2_, orderprodu4_.order_id as order_id5_8_2_, orderprodu4_.product_id as product_6_8_2_, orderprodu4_.qty as qty2_8_2_, orderprodu4_.total as total3_8_2_, address5_.id as id1_0_3_, address5_.country as country2_0_3_, address5_.postalcode as postalco3_0_3_, address5_.state as state4_0_3_, address5_.street as street5_0_3_ from order order0_ left outer join billing billing1_ on order0_.billing_id=billing1_.id left outer join comment comment2_ on order0_.comment_id=comment2_.id left outer join order_order_product orderprodu3_ on order0_.id=orderprodu3_.order_id left outer join order_product orderprodu4_ on orderprodu3_.order_product_id=orderprodu4_.id left outer join address address5_ on order0_.shipping_info_id=address5_.id where order0_.id=?
10:18:09.317 [main] DEBUG org.hibernate.loader.Loader - Static select for action ACTION_REFRESH on entity hello.pojo.Order: select order0_.id as id1_6_4_, order0_.billing_id as billing_4_6_4_, order0_.comment_id as comment_5_6_4_, order0_.customer_id as customer6_6_4_, order0_.order_date as order_da2_6_4_, order0_.shipping_info_id as shipping7_6_4_, order0_.total as total3_6_4_, billing1_.id as id1_1_0_, billing1_.address_id as address_2_1_0_, billing1_.payment_id as payment_3_1_0_, comment2_.id as id1_2_1_, comment2_.details as details2_2_1_, orderprodu3_.order_id as order_id1_6_6_, orderprodu4_.id as order_pr2_7_6_, orderprodu4_.id as id1_8_2_, orderprodu4_.comment_id as comment_4_8_2_, orderprodu4_.order_id as order_id5_8_2_, orderprodu4_.product_id as product_6_8_2_, orderprodu4_.qty as qty2_8_2_, orderprodu4_.total as total3_8_2_, address5_.id as id1_0_3_, address5_.country as country2_0_3_, address5_.postalcode as postalco3_0_3_, address5_.state as state4_0_3_, address5_.street as street5_0_3_ from order order0_ left outer join billing billing1_ on order0_.billing_id=billing1_.id left outer join comment comment2_ on order0_.comment_id=comment2_.id left outer join order_order_product orderprodu3_ on order0_.id=orderprodu3_.order_id left outer join order_product orderprodu4_ on orderprodu3_.order_product_id=orderprodu4_.id left outer join address address5_ on order0_.shipping_info_id=address5_.id where order0_.id=?
10:18:09.317 [main] DEBUG o.h.p.entity.AbstractEntityPersister - Static SQL for entity: hello.pojo.Product
10:18:09.317 [main] DEBUG o.h.p.entity.AbstractEntityPersister -  Version select: select id from product where id =?
10:18:09.317 [main] DEBUG o.h.p.entity.AbstractEntityPersister -  Snapshot select: select product_.id, product_.code as code2_10_, product_.comment_id as comment_6_10_, product_.description as descript3_10_, product_.name as name4_10_, product_.unit_price as unit_pri5_10_ from product product_ where product_.id=?
10:18:09.317 [main] DEBUG o.h.p.entity.AbstractEntityPersister -  Insert 0: insert into product (code, comment_id, description, name, unit_price, id) values (?, ?, ?, ?, ?, ?)
10:18:09.317 [main] DEBUG o.h.p.entity.AbstractEntityPersister -  Update 0: update product set code=?, comment_id=?, description=?, name=?, unit_price=? where id=?
10:18:09.317 [main] DEBUG o.h.p.entity.AbstractEntityPersister -  Delete 0: delete from product where id=?
10:18:09.317 [main] DEBUG o.h.p.entity.AbstractEntityPersister -  Identity insert: insert into product (id, code, comment_id, description, name, unit_price) values (null, ?, ?, ?, ?, ?)
10:18:09.318 [main] DEBUG o.h.l.p.b.i.spaces.QuerySpacesImpl - Adding QuerySpace : uid = <gen:0> -> org.hibernate.loader.plan.build.internal.spaces.EntityQuerySpaceImpl@489091bd]
10:18:09.318 [main] DEBUG o.h.p.w.spi.MetamodelGraphWalker - Visiting attribute path : code
10:18:09.318 [main] DEBUG o.h.p.w.spi.MetamodelGraphWalker - Visiting attribute path : comment
10:18:09.318 [main] DEBUG o.h.l.p.b.i.spaces.QuerySpacesImpl - Adding QuerySpace : uid = <gen:1> -> org.hibernate.loader.plan.build.internal.spaces.EntityQuerySpaceImpl@1de9b505]
10:18:09.318 [main] DEBUG o.h.p.w.spi.MetamodelGraphWalker - Visiting attribute path : comment.details
10:18:09.318 [main] DEBUG o.h.p.w.spi.MetamodelGraphWalker - Visiting attribute path : description
10:18:09.318 [main] DEBUG o.h.p.w.spi.MetamodelGraphWalker - Visiting attribute path : name
10:18:09.318 [main] DEBUG o.h.p.w.spi.MetamodelGraphWalker - Visiting attribute path : unitPrice
10:18:09.318 [main] DEBUG o.h.l.p.b.i.FetchStyleLoadPlanBuildingAssociationVisitationStrategy - Building LoadPlan...
10:18:09.318 [main] DEBUG o.h.l.p.e.i.LoadQueryJoinAndFetchProcessor - processing queryspace <gen:0>
10:18:09.319 [main] DEBUG o.h.l.p.b.spi.LoadPlanTreePrinter - LoadPlan(entity=hello.pojo.Product)
    - Returns
       - EntityReturnImpl(entity=hello.pojo.Product, querySpaceUid=<gen:0>, path=hello.pojo.Product)
          - EntityAttributeFetchImpl(entity=hello.pojo.Comment, querySpaceUid=<gen:1>, path=hello.pojo.Product.comment)
    - QuerySpaces
       - EntityQuerySpaceImpl(uid=<gen:0>, entity=hello.pojo.Product)
          - SQL table alias mapping - product0_
          - alias suffix - 0_
          - suffixed key columns - {id1_10_0_}
          - JOIN (JoinDefinedByMetadata(comment)) : <gen:0> -> <gen:1>
             - EntityQuerySpaceImpl(uid=<gen:1>, entity=hello.pojo.Comment)
                - SQL table alias mapping - comment1_
                - alias suffix - 1_
                - suffixed key columns - {id1_2_1_}

10:18:09.319 [main] DEBUG o.h.loader.entity.plan.EntityLoader - Static select for entity hello.pojo.Product [NONE]: select product0_.id as id1_10_0_, product0_.code as code2_10_0_, product0_.comment_id as comment_6_10_0_, product0_.description as descript3_10_0_, product0_.name as name4_10_0_, product0_.unit_price as unit_pri5_10_0_, comment1_.id as id1_2_1_, comment1_.details as details2_2_1_ from product product0_ left outer join comment comment1_ on product0_.comment_id=comment1_.id where product0_.id=?
10:18:09.319 [main] DEBUG o.h.l.p.b.i.spaces.QuerySpacesImpl - Adding QuerySpace : uid = <gen:0> -> org.hibernate.loader.plan.build.internal.spaces.EntityQuerySpaceImpl@3743539f]
10:18:09.319 [main] DEBUG o.h.p.w.spi.MetamodelGraphWalker - Visiting attribute path : code
10:18:09.319 [main] DEBUG o.h.p.w.spi.MetamodelGraphWalker - Visiting attribute path : comment
10:18:09.319 [main] DEBUG o.h.l.p.b.i.spaces.QuerySpacesImpl - Adding QuerySpace : uid = <gen:1> -> org.hibernate.loader.plan.build.internal.spaces.EntityQuerySpaceImpl@5db6b845]
10:18:09.319 [main] DEBUG o.h.p.w.spi.MetamodelGraphWalker - Visiting attribute path : comment.details
10:18:09.319 [main] DEBUG o.h.p.w.spi.MetamodelGraphWalker - Visiting attribute path : description
10:18:09.319 [main] DEBUG o.h.p.w.spi.MetamodelGraphWalker - Visiting attribute path : name
10:18:09.319 [main] DEBUG o.h.p.w.spi.MetamodelGraphWalker - Visiting attribute path : unitPrice
10:18:09.319 [main] DEBUG o.h.l.p.b.i.FetchStyleLoadPlanBuildingAssociationVisitationStrategy - Building LoadPlan...
10:18:09.320 [main] DEBUG o.h.l.p.e.i.LoadQueryJoinAndFetchProcessor - processing queryspace <gen:0>
10:18:09.320 [main] DEBUG o.h.l.p.b.spi.LoadPlanTreePrinter - LoadPlan(entity=hello.pojo.Product)
    - Returns
       - EntityReturnImpl(entity=hello.pojo.Product, querySpaceUid=<gen:0>, path=hello.pojo.Product)
          - EntityAttributeFetchImpl(entity=hello.pojo.Comment, querySpaceUid=<gen:1>, path=hello.pojo.Product.comment)
    - QuerySpaces
       - EntityQuerySpaceImpl(uid=<gen:0>, entity=hello.pojo.Product)
          - SQL table alias mapping - product0_
          - alias suffix - 0_
          - suffixed key columns - {id1_10_0_}
          - JOIN (JoinDefinedByMetadata(comment)) : <gen:0> -> <gen:1>
             - EntityQuerySpaceImpl(uid=<gen:1>, entity=hello.pojo.Comment)
                - SQL table alias mapping - comment1_
                - alias suffix - 1_
                - suffixed key columns - {id1_2_1_}

10:18:09.320 [main] DEBUG o.h.loader.entity.plan.EntityLoader - Static select for entity hello.pojo.Product [READ]: select product0_.id as id1_10_0_, product0_.code as code2_10_0_, product0_.comment_id as comment_6_10_0_, product0_.description as descript3_10_0_, product0_.name as name4_10_0_, product0_.unit_price as unit_pri5_10_0_, comment1_.id as id1_2_1_, comment1_.details as details2_2_1_ from product product0_ left outer join comment comment1_ on product0_.comment_id=comment1_.id where product0_.id=?
10:18:09.320 [main] DEBUG o.h.l.p.b.i.spaces.QuerySpacesImpl - Adding QuerySpace : uid = <gen:0> -> org.hibernate.loader.plan.build.internal.spaces.EntityQuerySpaceImpl@1afd72ef]
10:18:09.320 [main] DEBUG o.h.p.w.spi.MetamodelGraphWalker - Visiting attribute path : code
10:18:09.320 [main] DEBUG o.h.p.w.spi.MetamodelGraphWalker - Visiting attribute path : comment
10:18:09.320 [main] DEBUG o.h.l.p.b.i.spaces.QuerySpacesImpl - Adding QuerySpace : uid = <gen:1> -> org.hibernate.loader.plan.build.internal.spaces.EntityQuerySpaceImpl@445bb139]
10:18:09.320 [main] DEBUG o.h.p.w.spi.MetamodelGraphWalker - Visiting attribute path : description
10:18:09.320 [main] DEBUG o.h.p.w.spi.MetamodelGraphWalker - Visiting attribute path : name
10:18:09.320 [main] DEBUG o.h.p.w.spi.MetamodelGraphWalker - Visiting attribute path : unitPrice
10:18:09.320 [main] DEBUG o.h.l.p.b.i.FetchStyleLoadPlanBuildingAssociationVisitationStrategy - Building LoadPlan...
10:18:09.321 [main] DEBUG o.h.l.p.e.i.LoadQueryJoinAndFetchProcessor - processing queryspace <gen:0>
10:18:09.321 [main] DEBUG o.h.l.p.b.spi.LoadPlanTreePrinter - LoadPlan(entity=hello.pojo.Product)
    - Returns
       - EntityReturnImpl(entity=hello.pojo.Product, querySpaceUid=<gen:0>, path=hello.pojo.Product)
          - EntityAttributeFetchImpl(entity=hello.pojo.Comment, querySpaceUid=<gen:1>, path=hello.pojo.Product.comment)
    - QuerySpaces
       - EntityQuerySpaceImpl(uid=<gen:0>, entity=hello.pojo.Product)
          - SQL table alias mapping - product0_
          - alias suffix - 0_
          - suffixed key columns - {id1_10_0_}

10:18:09.321 [main] DEBUG o.h.loader.entity.plan.EntityLoader - Static select for entity hello.pojo.Product [UPGRADE]: select product0_.id as id1_10_0_, product0_.code as code2_10_0_, product0_.comment_id as comment_6_10_0_, product0_.description as descript3_10_0_, product0_.name as name4_10_0_, product0_.unit_price as unit_pri5_10_0_ from product product0_ where product0_.id=? for update
10:18:09.321 [main] DEBUG o.h.l.p.b.i.spaces.QuerySpacesImpl - Adding QuerySpace : uid = <gen:0> -> org.hibernate.loader.plan.build.internal.spaces.EntityQuerySpaceImpl@b9a77c8]
10:18:09.321 [main] DEBUG o.h.p.w.spi.MetamodelGraphWalker - Visiting attribute path : code
10:18:09.321 [main] DEBUG o.h.p.w.spi.MetamodelGraphWalker - Visiting attribute path : comment
10:18:09.321 [main] DEBUG o.h.l.p.b.i.spaces.QuerySpacesImpl - Adding QuerySpace : uid = <gen:1> -> org.hibernate.loader.plan.build.internal.spaces.EntityQuerySpaceImpl@6cd3ad8a]
10:18:09.321 [main] DEBUG o.h.p.w.spi.MetamodelGraphWalker - Visiting attribute path : description
10:18:09.321 [main] DEBUG o.h.p.w.spi.MetamodelGraphWalker - Visiting attribute path : name
10:18:09.321 [main] DEBUG o.h.p.w.spi.MetamodelGraphWalker - Visiting attribute path : unitPrice
10:18:09.321 [main] DEBUG o.h.l.p.b.i.FetchStyleLoadPlanBuildingAssociationVisitationStrategy - Building LoadPlan...
10:18:09.321 [main] DEBUG o.h.l.p.e.i.LoadQueryJoinAndFetchProcessor - processing queryspace <gen:0>
10:18:09.321 [main] DEBUG o.h.l.p.b.spi.LoadPlanTreePrinter - LoadPlan(entity=hello.pojo.Product)
    - Returns
       - EntityReturnImpl(entity=hello.pojo.Product, querySpaceUid=<gen:0>, path=hello.pojo.Product)
          - EntityAttributeFetchImpl(entity=hello.pojo.Comment, querySpaceUid=<gen:1>, path=hello.pojo.Product.comment)
    - QuerySpaces
       - EntityQuerySpaceImpl(uid=<gen:0>, entity=hello.pojo.Product)
          - SQL table alias mapping - product0_
          - alias suffix - 0_
          - suffixed key columns - {id1_10_0_}

10:18:09.321 [main] DEBUG o.h.loader.entity.plan.EntityLoader - Static select for entity hello.pojo.Product [UPGRADE_NOWAIT]: select product0_.id as id1_10_0_, product0_.code as code2_10_0_, product0_.comment_id as comment_6_10_0_, product0_.description as descript3_10_0_, product0_.name as name4_10_0_, product0_.unit_price as unit_pri5_10_0_ from product product0_ where product0_.id=? for update
10:18:09.321 [main] DEBUG o.h.l.p.b.i.spaces.QuerySpacesImpl - Adding QuerySpace : uid = <gen:0> -> org.hibernate.loader.plan.build.internal.spaces.EntityQuerySpaceImpl@75181b50]
10:18:09.321 [main] DEBUG o.h.p.w.spi.MetamodelGraphWalker - Visiting attribute path : code
10:18:09.321 [main] DEBUG o.h.p.w.spi.MetamodelGraphWalker - Visiting attribute path : comment
10:18:09.321 [main] DEBUG o.h.l.p.b.i.spaces.QuerySpacesImpl - Adding QuerySpace : uid = <gen:1> -> org.hibernate.loader.plan.build.internal.spaces.EntityQuerySpaceImpl@5f254608]
10:18:09.321 [main] DEBUG o.h.p.w.spi.MetamodelGraphWalker - Visiting attribute path : description
10:18:09.321 [main] DEBUG o.h.p.w.spi.MetamodelGraphWalker - Visiting attribute path : name
10:18:09.321 [main] DEBUG o.h.p.w.spi.MetamodelGraphWalker - Visiting attribute path : unitPrice
10:18:09.321 [main] DEBUG o.h.l.p.b.i.FetchStyleLoadPlanBuildingAssociationVisitationStrategy - Building LoadPlan...
10:18:09.322 [main] DEBUG o.h.l.p.e.i.LoadQueryJoinAndFetchProcessor - processing queryspace <gen:0>
10:18:09.322 [main] DEBUG o.h.l.p.b.spi.LoadPlanTreePrinter - LoadPlan(entity=hello.pojo.Product)
    - Returns
       - EntityReturnImpl(entity=hello.pojo.Product, querySpaceUid=<gen:0>, path=hello.pojo.Product)
          - EntityAttributeFetchImpl(entity=hello.pojo.Comment, querySpaceUid=<gen:1>, path=hello.pojo.Product.comment)
    - QuerySpaces
       - EntityQuerySpaceImpl(uid=<gen:0>, entity=hello.pojo.Product)
          - SQL table alias mapping - product0_
          - alias suffix - 0_
          - suffixed key columns - {id1_10_0_}

10:18:09.322 [main] DEBUG o.h.loader.entity.plan.EntityLoader - Static select for entity hello.pojo.Product [UPGRADE_SKIPLOCKED]: select product0_.id as id1_10_0_, product0_.code as code2_10_0_, product0_.comment_id as comment_6_10_0_, product0_.description as descript3_10_0_, product0_.name as name4_10_0_, product0_.unit_price as unit_pri5_10_0_ from product product0_ where product0_.id=? for update
10:18:09.322 [main] DEBUG o.h.l.p.b.i.spaces.QuerySpacesImpl - Adding QuerySpace : uid = <gen:0> -> org.hibernate.loader.plan.build.internal.spaces.EntityQuerySpaceImpl@2eeb0f9b]
10:18:09.322 [main] DEBUG o.h.p.w.spi.MetamodelGraphWalker - Visiting attribute path : code
10:18:09.322 [main] DEBUG o.h.p.w.spi.MetamodelGraphWalker - Visiting attribute path : comment
10:18:09.322 [main] DEBUG o.h.l.p.b.i.spaces.QuerySpacesImpl - Adding QuerySpace : uid = <gen:1> -> org.hibernate.loader.plan.build.internal.spaces.EntityQuerySpaceImpl@1645f294]
10:18:09.322 [main] DEBUG o.h.p.w.spi.MetamodelGraphWalker - Visiting attribute path : description
10:18:09.322 [main] DEBUG o.h.p.w.spi.MetamodelGraphWalker - Visiting attribute path : name
10:18:09.322 [main] DEBUG o.h.p.w.spi.MetamodelGraphWalker - Visiting attribute path : unitPrice
10:18:09.322 [main] DEBUG o.h.l.p.b.i.FetchStyleLoadPlanBuildingAssociationVisitationStrategy - Building LoadPlan...
10:18:09.322 [main] DEBUG o.h.l.p.e.i.LoadQueryJoinAndFetchProcessor - processing queryspace <gen:0>
10:18:09.322 [main] DEBUG o.h.l.p.b.spi.LoadPlanTreePrinter - LoadPlan(entity=hello.pojo.Product)
    - Returns
       - EntityReturnImpl(entity=hello.pojo.Product, querySpaceUid=<gen:0>, path=hello.pojo.Product)
          - EntityAttributeFetchImpl(entity=hello.pojo.Comment, querySpaceUid=<gen:1>, path=hello.pojo.Product.comment)
    - QuerySpaces
       - EntityQuerySpaceImpl(uid=<gen:0>, entity=hello.pojo.Product)
          - SQL table alias mapping - product0_
          - alias suffix - 0_
          - suffixed key columns - {id1_10_0_}

10:18:09.322 [main] DEBUG o.h.loader.entity.plan.EntityLoader - Static select for entity hello.pojo.Product [FORCE]: select product0_.id as id1_10_0_, product0_.code as code2_10_0_, product0_.comment_id as comment_6_10_0_, product0_.description as descript3_10_0_, product0_.name as name4_10_0_, product0_.unit_price as unit_pri5_10_0_ from product product0_ where product0_.id=? for update
10:18:09.322 [main] DEBUG o.h.l.p.b.i.spaces.QuerySpacesImpl - Adding QuerySpace : uid = <gen:0> -> org.hibernate.loader.plan.build.internal.spaces.EntityQuerySpaceImpl@6325f352]
10:18:09.322 [main] DEBUG o.h.p.w.spi.MetamodelGraphWalker - Visiting attribute path : code
10:18:09.322 [main] DEBUG o.h.p.w.spi.MetamodelGraphWalker - Visiting attribute path : comment
10:18:09.326 [main] DEBUG o.h.l.p.b.i.spaces.QuerySpacesImpl - Adding QuerySpace : uid = <gen:1> -> org.hibernate.loader.plan.build.internal.spaces.EntityQuerySpaceImpl@6cbd0674]
10:18:09.327 [main] DEBUG o.h.p.w.spi.MetamodelGraphWalker - Visiting attribute path : description
10:18:09.327 [main] DEBUG o.h.p.w.spi.MetamodelGraphWalker - Visiting attribute path : name
10:18:09.327 [main] DEBUG o.h.p.w.spi.MetamodelGraphWalker - Visiting attribute path : unitPrice
10:18:09.327 [main] DEBUG o.h.l.p.b.i.FetchStyleLoadPlanBuildingAssociationVisitationStrategy - Building LoadPlan...
10:18:09.327 [main] DEBUG o.h.l.p.e.i.LoadQueryJoinAndFetchProcessor - processing queryspace <gen:0>
10:18:09.327 [main] DEBUG o.h.l.p.b.spi.LoadPlanTreePrinter - LoadPlan(entity=hello.pojo.Product)
    - Returns
       - EntityReturnImpl(entity=hello.pojo.Product, querySpaceUid=<gen:0>, path=hello.pojo.Product)
          - EntityAttributeFetchImpl(entity=hello.pojo.Comment, querySpaceUid=<gen:1>, path=hello.pojo.Product.comment)
    - QuerySpaces
       - EntityQuerySpaceImpl(uid=<gen:0>, entity=hello.pojo.Product)
          - SQL table alias mapping - product0_
          - alias suffix - 0_
          - suffixed key columns - {id1_10_0_}

10:18:09.327 [main] DEBUG o.h.loader.entity.plan.EntityLoader - Static select for entity hello.pojo.Product [PESSIMISTIC_READ]: select product0_.id as id1_10_0_, product0_.code as code2_10_0_, product0_.comment_id as comment_6_10_0_, product0_.description as descript3_10_0_, product0_.name as name4_10_0_, product0_.unit_price as unit_pri5_10_0_ from product product0_ where product0_.id=? for update
10:18:09.327 [main] DEBUG o.h.l.p.b.i.spaces.QuerySpacesImpl - Adding QuerySpace : uid = <gen:0> -> org.hibernate.loader.plan.build.internal.spaces.EntityQuerySpaceImpl@55d58825]
10:18:09.327 [main] DEBUG o.h.p.w.spi.MetamodelGraphWalker - Visiting attribute path : code
10:18:09.327 [main] DEBUG o.h.p.w.spi.MetamodelGraphWalker - Visiting attribute path : comment
10:18:09.327 [main] DEBUG o.h.l.p.b.i.spaces.QuerySpacesImpl - Adding QuerySpace : uid = <gen:1> -> org.hibernate.loader.plan.build.internal.spaces.EntityQuerySpaceImpl@29a98d9f]
10:18:09.328 [main] DEBUG o.h.p.w.spi.MetamodelGraphWalker - Visiting attribute path : description
10:18:09.328 [main] DEBUG o.h.p.w.spi.MetamodelGraphWalker - Visiting attribute path : name
10:18:09.328 [main] DEBUG o.h.p.w.spi.MetamodelGraphWalker - Visiting attribute path : unitPrice
10:18:09.328 [main] DEBUG o.h.l.p.b.i.FetchStyleLoadPlanBuildingAssociationVisitationStrategy - Building LoadPlan...
10:18:09.328 [main] DEBUG o.h.l.p.e.i.LoadQueryJoinAndFetchProcessor - processing queryspace <gen:0>
10:18:09.328 [main] DEBUG o.h.l.p.b.spi.LoadPlanTreePrinter - LoadPlan(entity=hello.pojo.Product)
    - Returns
       - EntityReturnImpl(entity=hello.pojo.Product, querySpaceUid=<gen:0>, path=hello.pojo.Product)
          - EntityAttributeFetchImpl(entity=hello.pojo.Comment, querySpaceUid=<gen:1>, path=hello.pojo.Product.comment)
    - QuerySpaces
       - EntityQuerySpaceImpl(uid=<gen:0>, entity=hello.pojo.Product)
          - SQL table alias mapping - product0_
          - alias suffix - 0_
          - suffixed key columns - {id1_10_0_}

10:18:09.328 [main] DEBUG o.h.loader.entity.plan.EntityLoader - Static select for entity hello.pojo.Product [PESSIMISTIC_WRITE]: select product0_.id as id1_10_0_, product0_.code as code2_10_0_, product0_.comment_id as comment_6_10_0_, product0_.description as descript3_10_0_, product0_.name as name4_10_0_, product0_.unit_price as unit_pri5_10_0_ from product product0_ where product0_.id=? for update
10:18:09.328 [main] DEBUG o.h.l.p.b.i.spaces.QuerySpacesImpl - Adding QuerySpace : uid = <gen:0> -> org.hibernate.loader.plan.build.internal.spaces.EntityQuerySpaceImpl@2da3b078]
10:18:09.328 [main] DEBUG o.h.p.w.spi.MetamodelGraphWalker - Visiting attribute path : code
10:18:09.328 [main] DEBUG o.h.p.w.spi.MetamodelGraphWalker - Visiting attribute path : comment
10:18:09.328 [main] DEBUG o.h.l.p.b.i.spaces.QuerySpacesImpl - Adding QuerySpace : uid = <gen:1> -> org.hibernate.loader.plan.build.internal.spaces.EntityQuerySpaceImpl@7fb66650]
10:18:09.328 [main] DEBUG o.h.p.w.spi.MetamodelGraphWalker - Visiting attribute path : description
10:18:09.328 [main] DEBUG o.h.p.w.spi.MetamodelGraphWalker - Visiting attribute path : name
10:18:09.328 [main] DEBUG o.h.p.w.spi.MetamodelGraphWalker - Visiting attribute path : unitPrice
10:18:09.328 [main] DEBUG o.h.l.p.b.i.FetchStyleLoadPlanBuildingAssociationVisitationStrategy - Building LoadPlan...
10:18:09.329 [main] DEBUG o.h.l.p.e.i.LoadQueryJoinAndFetchProcessor - processing queryspace <gen:0>
10:18:09.329 [main] DEBUG o.h.l.p.b.spi.LoadPlanTreePrinter - LoadPlan(entity=hello.pojo.Product)
    - Returns
       - EntityReturnImpl(entity=hello.pojo.Product, querySpaceUid=<gen:0>, path=hello.pojo.Product)
          - EntityAttributeFetchImpl(entity=hello.pojo.Comment, querySpaceUid=<gen:1>, path=hello.pojo.Product.comment)
    - QuerySpaces
       - EntityQuerySpaceImpl(uid=<gen:0>, entity=hello.pojo.Product)
          - SQL table alias mapping - product0_
          - alias suffix - 0_
          - suffixed key columns - {id1_10_0_}

10:18:09.329 [main] DEBUG o.h.loader.entity.plan.EntityLoader - Static select for entity hello.pojo.Product [PESSIMISTIC_FORCE_INCREMENT]: select product0_.id as id1_10_0_, product0_.code as code2_10_0_, product0_.comment_id as comment_6_10_0_, product0_.description as descript3_10_0_, product0_.name as name4_10_0_, product0_.unit_price as unit_pri5_10_0_ from product product0_ where product0_.id=? for update
10:18:09.329 [main] DEBUG o.h.l.p.b.i.spaces.QuerySpacesImpl - Adding QuerySpace : uid = <gen:0> -> org.hibernate.loader.plan.build.internal.spaces.EntityQuerySpaceImpl@1a96d94c]
10:18:09.329 [main] DEBUG o.h.p.w.spi.MetamodelGraphWalker - Visiting attribute path : code
10:18:09.329 [main] DEBUG o.h.p.w.spi.MetamodelGraphWalker - Visiting attribute path : comment
10:18:09.329 [main] DEBUG o.h.l.p.b.i.spaces.QuerySpacesImpl - Adding QuerySpace : uid = <gen:1> -> org.hibernate.loader.plan.build.internal.spaces.EntityQuerySpaceImpl@ae202c6]
10:18:09.329 [main] DEBUG o.h.p.w.spi.MetamodelGraphWalker - Visiting attribute path : description
10:18:09.329 [main] DEBUG o.h.p.w.spi.MetamodelGraphWalker - Visiting attribute path : name
10:18:09.329 [main] DEBUG o.h.p.w.spi.MetamodelGraphWalker - Visiting attribute path : unitPrice
10:18:09.329 [main] DEBUG o.h.l.p.b.i.FetchStyleLoadPlanBuildingAssociationVisitationStrategy - Building LoadPlan...
10:18:09.330 [main] DEBUG o.h.l.p.e.i.LoadQueryJoinAndFetchProcessor - processing queryspace <gen:0>
10:18:09.330 [main] DEBUG o.h.l.p.b.spi.LoadPlanTreePrinter - LoadPlan(entity=hello.pojo.Product)
    - Returns
       - EntityReturnImpl(entity=hello.pojo.Product, querySpaceUid=<gen:0>, path=hello.pojo.Product)
          - EntityAttributeFetchImpl(entity=hello.pojo.Comment, querySpaceUid=<gen:1>, path=hello.pojo.Product.comment)
    - QuerySpaces
       - EntityQuerySpaceImpl(uid=<gen:0>, entity=hello.pojo.Product)
          - SQL table alias mapping - product0_
          - alias suffix - 0_
          - suffixed key columns - {id1_10_0_}

10:18:09.330 [main] DEBUG o.h.loader.entity.plan.EntityLoader - Static select for entity hello.pojo.Product [OPTIMISTIC]: select product0_.id as id1_10_0_, product0_.code as code2_10_0_, product0_.comment_id as comment_6_10_0_, product0_.description as descript3_10_0_, product0_.name as name4_10_0_, product0_.unit_price as unit_pri5_10_0_ from product product0_ where product0_.id=?
10:18:09.330 [main] DEBUG o.h.l.p.b.i.spaces.QuerySpacesImpl - Adding QuerySpace : uid = <gen:0> -> org.hibernate.loader.plan.build.internal.spaces.EntityQuerySpaceImpl@46aa712c]
10:18:09.330 [main] DEBUG o.h.p.w.spi.MetamodelGraphWalker - Visiting attribute path : code
10:18:09.330 [main] DEBUG o.h.p.w.spi.MetamodelGraphWalker - Visiting attribute path : comment
10:18:09.330 [main] DEBUG o.h.l.p.b.i.spaces.QuerySpacesImpl - Adding QuerySpace : uid = <gen:1> -> org.hibernate.loader.plan.build.internal.spaces.EntityQuerySpaceImpl@7412ed6b]
10:18:09.330 [main] DEBUG o.h.p.w.spi.MetamodelGraphWalker - Visiting attribute path : description
10:18:09.330 [main] DEBUG o.h.p.w.spi.MetamodelGraphWalker - Visiting attribute path : name
10:18:09.330 [main] DEBUG o.h.p.w.spi.MetamodelGraphWalker - Visiting attribute path : unitPrice
10:18:09.330 [main] DEBUG o.h.l.p.b.i.FetchStyleLoadPlanBuildingAssociationVisitationStrategy - Building LoadPlan...
10:18:09.330 [main] DEBUG o.h.l.p.e.i.LoadQueryJoinAndFetchProcessor - processing queryspace <gen:0>
10:18:09.330 [main] DEBUG o.h.l.p.b.spi.LoadPlanTreePrinter - LoadPlan(entity=hello.pojo.Product)
    - Returns
       - EntityReturnImpl(entity=hello.pojo.Product, querySpaceUid=<gen:0>, path=hello.pojo.Product)
          - EntityAttributeFetchImpl(entity=hello.pojo.Comment, querySpaceUid=<gen:1>, path=hello.pojo.Product.comment)
    - QuerySpaces
       - EntityQuerySpaceImpl(uid=<gen:0>, entity=hello.pojo.Product)
          - SQL table alias mapping - product0_
          - alias suffix - 0_
          - suffixed key columns - {id1_10_0_}

10:18:09.330 [main] DEBUG o.h.loader.entity.plan.EntityLoader - Static select for entity hello.pojo.Product [OPTIMISTIC_FORCE_INCREMENT]: select product0_.id as id1_10_0_, product0_.code as code2_10_0_, product0_.comment_id as comment_6_10_0_, product0_.description as descript3_10_0_, product0_.name as name4_10_0_, product0_.unit_price as unit_pri5_10_0_ from product product0_ where product0_.id=?
10:18:09.330 [main] DEBUG org.hibernate.loader.Loader - Static select for action ACTION_MERGE on entity hello.pojo.Product: select product0_.id as id1_10_1_, product0_.code as code2_10_1_, product0_.comment_id as comment_6_10_1_, product0_.description as descript3_10_1_, product0_.name as name4_10_1_, product0_.unit_price as unit_pri5_10_1_, comment1_.id as id1_2_0_, comment1_.details as details2_2_0_ from product product0_ left outer join comment comment1_ on product0_.comment_id=comment1_.id where product0_.id=?
10:18:09.331 [main] DEBUG org.hibernate.loader.Loader - Static select for action ACTION_REFRESH on entity hello.pojo.Product: select product0_.id as id1_10_1_, product0_.code as code2_10_1_, product0_.comment_id as comment_6_10_1_, product0_.description as descript3_10_1_, product0_.name as name4_10_1_, product0_.unit_price as unit_pri5_10_1_, comment1_.id as id1_2_0_, comment1_.details as details2_2_0_ from product product0_ left outer join comment comment1_ on product0_.comment_id=comment1_.id where product0_.id=?
10:18:09.331 [main] DEBUG o.h.p.entity.AbstractEntityPersister - Static SQL for entity: hello.pojo.OrderProduct
10:18:09.331 [main] DEBUG o.h.p.entity.AbstractEntityPersister -  Version select: select id from order_product where id =?
10:18:09.331 [main] DEBUG o.h.p.entity.AbstractEntityPersister -  Snapshot select: select orderprodu_.id, orderprodu_.comment_id as comment_4_8_, orderprodu_.order_id as order_id5_8_, orderprodu_.product_id as product_6_8_, orderprodu_.qty as qty2_8_, orderprodu_.total as total3_8_ from order_product orderprodu_ where orderprodu_.id=?
10:18:09.331 [main] DEBUG o.h.p.entity.AbstractEntityPersister -  Insert 0: insert into order_product (comment_id, order_id, product_id, qty, total, id) values (?, ?, ?, ?, ?, ?)
10:18:09.331 [main] DEBUG o.h.p.entity.AbstractEntityPersister -  Update 0: update order_product set comment_id=?, order_id=?, product_id=?, qty=?, total=? where id=?
10:18:09.331 [main] DEBUG o.h.p.entity.AbstractEntityPersister -  Delete 0: delete from order_product where id=?
10:18:09.331 [main] DEBUG o.h.p.entity.AbstractEntityPersister -  Identity insert: insert into order_product (id, comment_id, order_id, product_id, qty, total) values (null, ?, ?, ?, ?, ?)
10:18:09.331 [main] DEBUG o.h.l.p.b.i.spaces.QuerySpacesImpl - Adding QuerySpace : uid = <gen:0> -> org.hibernate.loader.plan.build.internal.spaces.EntityQuerySpaceImpl@6e7c351d]
10:18:09.331 [main] DEBUG o.h.p.w.spi.MetamodelGraphWalker - Visiting attribute path : comment
10:18:09.331 [main] DEBUG o.h.l.p.b.i.spaces.QuerySpacesImpl - Adding QuerySpace : uid = <gen:1> -> org.hibernate.loader.plan.build.internal.spaces.EntityQuerySpaceImpl@45cec376]
10:18:09.331 [main] DEBUG o.h.p.w.spi.MetamodelGraphWalker - Visiting attribute path : comment.details
10:18:09.331 [main] DEBUG o.h.p.w.spi.MetamodelGraphWalker - Visiting attribute path : order
10:18:09.331 [main] DEBUG o.h.l.p.b.i.spaces.QuerySpacesImpl - Adding QuerySpace : uid = <gen:2> -> org.hibernate.loader.plan.build.internal.spaces.EntityQuerySpaceImpl@298f0a0b]
10:18:09.331 [main] DEBUG o.h.p.w.spi.MetamodelGraphWalker - Visiting attribute path : order.billing
10:18:09.331 [main] DEBUG o.h.l.p.b.i.spaces.QuerySpacesImpl - Adding QuerySpace : uid = <gen:3> -> org.hibernate.loader.plan.build.internal.spaces.EntityQuerySpaceImpl@31dfc6f5]
10:18:09.331 [main] DEBUG o.h.p.w.spi.MetamodelGraphWalker - Visiting attribute path : order.billing.address
10:18:09.331 [main] DEBUG o.h.l.p.b.i.spaces.QuerySpacesImpl - Adding QuerySpace : uid = <gen:4> -> org.hibernate.loader.plan.build.internal.spaces.EntityQuerySpaceImpl@663bb8ef]
10:18:09.331 [main] DEBUG o.h.p.w.spi.MetamodelGraphWalker - Visiting attribute path : order.billing.address.country
10:18:09.331 [main] DEBUG o.h.p.w.spi.MetamodelGraphWalker - Visiting attribute path : order.billing.address.postalcode
10:18:09.331 [main] DEBUG o.h.p.w.spi.MetamodelGraphWalker - Visiting attribute path : order.billing.address.state
10:18:09.331 [main] DEBUG o.h.p.w.spi.MetamodelGraphWalker - Visiting attribute path : order.billing.address.street
10:18:09.332 [main] DEBUG o.h.p.w.spi.MetamodelGraphWalker - Visiting attribute path : order.billing.payment
10:18:09.332 [main] DEBUG o.h.l.p.b.i.spaces.QuerySpacesImpl - Adding QuerySpace : uid = <gen:5> -> org.hibernate.loader.plan.build.internal.spaces.EntityQuerySpaceImpl@60e9c3a5]
10:18:09.332 [main] DEBUG o.h.p.w.spi.MetamodelGraphWalker - Visiting attribute path : order.billing.payment.paymentType
10:18:09.332 [main] DEBUG o.h.p.w.spi.MetamodelGraphWalker - Visiting attribute path : order.comment
10:18:09.332 [main] DEBUG o.h.l.p.b.i.spaces.QuerySpacesImpl - Adding QuerySpace : uid = <gen:6> -> org.hibernate.loader.plan.build.internal.spaces.EntityQuerySpaceImpl@459f703f]
10:18:09.332 [main] DEBUG o.h.p.w.spi.MetamodelGraphWalker - Visiting attribute path : order.comment.details
10:18:09.332 [main] DEBUG o.h.p.w.spi.MetamodelGraphWalker - Visiting attribute path : order.customer
10:18:09.332 [main] DEBUG o.h.l.p.b.i.spaces.QuerySpacesImpl - Adding QuerySpace : uid = <gen:7> -> org.hibernate.loader.plan.build.internal.spaces.EntityQuerySpaceImpl@3650d4fc]
10:18:09.332 [main] DEBUG o.h.p.w.spi.MetamodelGraphWalker - Visiting attribute path : order.customer.billingInfos
10:18:09.332 [main] DEBUG o.h.p.w.spi.MetamodelGraphWalker - Visiting attribute path : order.customer.deliveryAddresses
10:18:09.332 [main] DEBUG o.h.p.w.spi.MetamodelGraphWalker - Visiting attribute path : order.customer.firstName
10:18:09.332 [main] DEBUG o.h.p.w.spi.MetamodelGraphWalker - Visiting attribute path : order.customer.lastName
10:18:09.332 [main] DEBUG o.h.p.w.spi.MetamodelGraphWalker - Visiting attribute path : order.customer.mail
10:18:09.332 [main] DEBUG o.h.p.w.spi.MetamodelGraphWalker - Visiting attribute path : order.customer.title
10:18:09.332 [main] DEBUG o.h.p.w.spi.MetamodelGraphWalker - Visiting attribute path : order.orderDate
10:18:09.332 [main] DEBUG o.h.p.w.spi.MetamodelGraphWalker - Visiting attribute path : order.orderProduct
10:18:09.332 [main] DEBUG o.h.p.w.spi.MetamodelGraphWalker - Visiting attribute path : order.shippingInfo
10:18:09.332 [main] DEBUG o.h.l.p.b.i.spaces.QuerySpacesImpl - Adding QuerySpace : uid = <gen:8> -> org.hibernate.loader.plan.build.internal.spaces.EntityQuerySpaceImpl@340a8894]
10:18:09.332 [main] DEBUG o.h.p.w.spi.MetamodelGraphWalker - Visiting attribute path : order.shippingInfo.country
10:18:09.332 [main] DEBUG o.h.p.w.spi.MetamodelGraphWalker - Visiting attribute path : order.shippingInfo.postalcode
10:18:09.332 [main] DEBUG o.h.p.w.spi.MetamodelGraphWalker - Visiting attribute path : order.shippingInfo.state
10:18:09.332 [main] DEBUG o.h.p.w.spi.MetamodelGraphWalker - Visiting attribute path : order.shippingInfo.street
10:18:09.332 [main] DEBUG o.h.p.w.spi.MetamodelGraphWalker - Visiting attribute path : order.total
10:18:09.333 [main] DEBUG o.h.p.w.spi.MetamodelGraphWalker - Visiting attribute path : product
10:18:09.333 [main] DEBUG o.h.l.p.b.i.spaces.QuerySpacesImpl - Adding QuerySpace : uid = <gen:9> -> org.hibernate.loader.plan.build.internal.spaces.EntityQuerySpaceImpl@4acc5dff]
10:18:09.333 [main] DEBUG o.h.p.w.spi.MetamodelGraphWalker - Visiting attribute path : product.code
10:18:09.333 [main] DEBUG o.h.p.w.spi.MetamodelGraphWalker - Visiting attribute path : product.comment
10:18:09.333 [main] DEBUG o.h.l.p.b.i.spaces.QuerySpacesImpl - Adding QuerySpace : uid = <gen:10> -> org.hibernate.loader.plan.build.internal.spaces.EntityQuerySpaceImpl@70e94ecb]
10:18:09.333 [main] DEBUG o.h.p.w.spi.MetamodelGraphWalker - Visiting attribute path : product.comment.details
10:18:09.333 [main] DEBUG o.h.p.w.spi.MetamodelGraphWalker - Visiting attribute path : product.description
10:18:09.333 [main] DEBUG o.h.p.w.spi.MetamodelGraphWalker - Visiting attribute path : product.name
10:18:09.333 [main] DEBUG o.h.p.w.spi.MetamodelGraphWalker - Visiting attribute path : product.unitPrice
10:18:09.333 [main] DEBUG o.h.p.w.spi.MetamodelGraphWalker - Visiting attribute path : qty
10:18:09.333 [main] DEBUG o.h.p.w.spi.MetamodelGraphWalker - Visiting attribute path : total
10:18:09.333 [main] DEBUG o.h.l.p.b.i.FetchStyleLoadPlanBuildingAssociationVisitationStrategy - Building LoadPlan...
10:18:09.333 [main] DEBUG o.h.l.p.e.i.LoadQueryJoinAndFetchProcessor - processing queryspace <gen:0>
10:18:09.334 [main] DEBUG o.h.l.p.b.spi.LoadPlanTreePrinter - LoadPlan(entity=hello.pojo.OrderProduct)
    - Returns
       - EntityReturnImpl(entity=hello.pojo.OrderProduct, querySpaceUid=<gen:0>, path=hello.pojo.OrderProduct)
          - EntityAttributeFetchImpl(entity=hello.pojo.Comment, querySpaceUid=<gen:1>, path=hello.pojo.OrderProduct.comment)
          - EntityAttributeFetchImpl(entity=hello.pojo.Order, querySpaceUid=<gen:2>, path=hello.pojo.OrderProduct.order)
             - EntityAttributeFetchImpl(entity=hello.pojo.Billing, querySpaceUid=<gen:3>, path=hello.pojo.OrderProduct.order.billing)
                - EntityAttributeFetchImpl(entity=hello.pojo.Address, querySpaceUid=<gen:4>, path=hello.pojo.OrderProduct.order.billing.address)
                - EntityAttributeFetchImpl(entity=hello.pojo.Payment, querySpaceUid=<gen:5>, path=hello.pojo.OrderProduct.order.billing.payment)
             - EntityAttributeFetchImpl(entity=hello.pojo.Comment, querySpaceUid=<gen:6>, path=hello.pojo.OrderProduct.order.comment)
             - EntityAttributeFetchImpl(entity=hello.pojo.Customer, querySpaceUid=<gen:7>, path=hello.pojo.OrderProduct.order.customer)
             - EntityAttributeFetchImpl(entity=hello.pojo.Address, querySpaceUid=<gen:8>, path=hello.pojo.OrderProduct.order.shippingInfo)
          - EntityAttributeFetchImpl(entity=hello.pojo.Product, querySpaceUid=<gen:9>, path=hello.pojo.OrderProduct.product)
             - EntityAttributeFetchImpl(entity=hello.pojo.Comment, querySpaceUid=<gen:10>, path=hello.pojo.OrderProduct.product.comment)
    - QuerySpaces
       - EntityQuerySpaceImpl(uid=<gen:0>, entity=hello.pojo.OrderProduct)
          - SQL table alias mapping - orderprodu0_
          - alias suffix - 0_
          - suffixed key columns - {id1_8_0_}
          - JOIN (JoinDefinedByMetadata(comment)) : <gen:0> -> <gen:1>
             - EntityQuerySpaceImpl(uid=<gen:1>, entity=hello.pojo.Comment)
                - SQL table alias mapping - comment1_
                - alias suffix - 1_
                - suffixed key columns - {id1_2_1_}
          - JOIN (JoinDefinedByMetadata(order)) : <gen:0> -> <gen:2>
             - EntityQuerySpaceImpl(uid=<gen:2>, entity=hello.pojo.Order)
                - SQL table alias mapping - order2_
                - alias suffix - 2_
                - suffixed key columns - {id1_6_2_}
                - JOIN (JoinDefinedByMetadata(billing)) : <gen:2> -> <gen:3>
                   - EntityQuerySpaceImpl(uid=<gen:3>, entity=hello.pojo.Billing)
                      - SQL table alias mapping - billing3_
                      - alias suffix - 3_
                      - suffixed key columns - {id1_1_3_}
                      - JOIN (JoinDefinedByMetadata(address)) : <gen:3> -> <gen:4>
                         - EntityQuerySpaceImpl(uid=<gen:4>, entity=hello.pojo.Address)
                            - SQL table alias mapping - address4_
                            - alias suffix - 4_
                            - suffixed key columns - {id1_0_4_}
                      - JOIN (JoinDefinedByMetadata(payment)) : <gen:3> -> <gen:5>
                         - EntityQuerySpaceImpl(uid=<gen:5>, entity=hello.pojo.Payment)
                            - SQL table alias mapping - payment5_
                            - alias suffix - 5_
                            - suffixed key columns - {id1_9_5_}
                - JOIN (JoinDefinedByMetadata(comment)) : <gen:2> -> <gen:6>
                   - EntityQuerySpaceImpl(uid=<gen:6>, entity=hello.pojo.Comment)
                      - SQL table alias mapping - comment6_
                      - alias suffix - 6_
                      - suffixed key columns - {id1_2_6_}
                - JOIN (JoinDefinedByMetadata(customer)) : <gen:2> -> <gen:7>
                   - EntityQuerySpaceImpl(uid=<gen:7>, entity=hello.pojo.Customer)
                      - SQL table alias mapping - customer7_
                      - alias suffix - 7_
                      - suffixed key columns - {id1_3_7_}
                - JOIN (JoinDefinedByMetadata(shippingInfo)) : <gen:2> -> <gen:8>
                   - EntityQuerySpaceImpl(uid=<gen:8>, entity=hello.pojo.Address)
                      - SQL table alias mapping - address8_
                      - alias suffix - 8_
                      - suffixed key columns - {id1_0_8_}
          - JOIN (JoinDefinedByMetadata(product)) : <gen:0> -> <gen:9>
             - EntityQuerySpaceImpl(uid=<gen:9>, entity=hello.pojo.Product)
                - SQL table alias mapping - product9_
                - alias suffix - 9_
                - suffixed key columns - {id1_10_9_}
                - JOIN (JoinDefinedByMetadata(comment)) : <gen:9> -> <gen:10>
                   - EntityQuerySpaceImpl(uid=<gen:10>, entity=hello.pojo.Comment)
                      - SQL table alias mapping - comment10_
                      - alias suffix - 10_
                      - suffixed key columns - {id1_2_10_}

10:18:09.334 [main] DEBUG o.h.loader.entity.plan.EntityLoader - Static select for entity hello.pojo.OrderProduct [NONE]: select orderprodu0_.id as id1_8_0_, orderprodu0_.comment_id as comment_4_8_0_, orderprodu0_.order_id as order_id5_8_0_, orderprodu0_.product_id as product_6_8_0_, orderprodu0_.qty as qty2_8_0_, orderprodu0_.total as total3_8_0_, comment1_.id as id1_2_1_, comment1_.details as details2_2_1_, order2_.id as id1_6_2_, order2_.billing_id as billing_4_6_2_, order2_.comment_id as comment_5_6_2_, order2_.customer_id as customer6_6_2_, order2_.order_date as order_da2_6_2_, order2_.shipping_info_id as shipping7_6_2_, order2_.total as total3_6_2_, billing3_.id as id1_1_3_, billing3_.address_id as address_2_1_3_, billing3_.payment_id as payment_3_1_3_, address4_.id as id1_0_4_, address4_.country as country2_0_4_, address4_.postalcode as postalco3_0_4_, address4_.state as state4_0_4_, address4_.street as street5_0_4_, payment5_.id as id1_9_5_, payment5_.payment_type as payment_2_9_5_, comment6_.id as id1_2_6_, comment6_.details as details2_2_6_, customer7_.id as id1_3_7_, customer7_.first_name as first_na2_3_7_, customer7_.last_name as last_nam3_3_7_, customer7_.mail as mail4_3_7_, customer7_.title as title5_3_7_, address8_.id as id1_0_8_, address8_.country as country2_0_8_, address8_.postalcode as postalco3_0_8_, address8_.state as state4_0_8_, address8_.street as street5_0_8_, product9_.id as id1_10_9_, product9_.code as code2_10_9_, product9_.comment_id as comment_6_10_9_, product9_.description as descript3_10_9_, product9_.name as name4_10_9_, product9_.unit_price as unit_pri5_10_9_, comment10_.id as id1_2_10_, comment10_.details as details2_2_10_ from order_product orderprodu0_ left outer join comment comment1_ on orderprodu0_.comment_id=comment1_.id left outer join order order2_ on orderprodu0_.order_id=order2_.id left outer join billing billing3_ on order2_.billing_id=billing3_.id left outer join address address4_ on billing3_.address_id=address4_.id left outer join payment payment5_ on billing3_.payment_id=payment5_.id left outer join comment comment6_ on order2_.comment_id=comment6_.id left outer join customer customer7_ on order2_.customer_id=customer7_.id left outer join address address8_ on order2_.shipping_info_id=address8_.id left outer join product product9_ on orderprodu0_.product_id=product9_.id left outer join comment comment10_ on product9_.comment_id=comment10_.id where orderprodu0_.id=?
10:18:09.334 [main] DEBUG o.h.l.p.b.i.spaces.QuerySpacesImpl - Adding QuerySpace : uid = <gen:0> -> org.hibernate.loader.plan.build.internal.spaces.EntityQuerySpaceImpl@7e446d92]
10:18:09.334 [main] DEBUG o.h.p.w.spi.MetamodelGraphWalker - Visiting attribute path : comment
10:18:09.334 [main] DEBUG o.h.l.p.b.i.spaces.QuerySpacesImpl - Adding QuerySpace : uid = <gen:1> -> org.hibernate.loader.plan.build.internal.spaces.EntityQuerySpaceImpl@6d5c2745]
10:18:09.334 [main] DEBUG o.h.p.w.spi.MetamodelGraphWalker - Visiting attribute path : comment.details
10:18:09.334 [main] DEBUG o.h.p.w.spi.MetamodelGraphWalker - Visiting attribute path : order
10:18:09.335 [main] DEBUG o.h.l.p.b.i.spaces.QuerySpacesImpl - Adding QuerySpace : uid = <gen:2> -> org.hibernate.loader.plan.build.internal.spaces.EntityQuerySpaceImpl@1947596f]
10:18:09.335 [main] DEBUG o.h.p.w.spi.MetamodelGraphWalker - Visiting attribute path : order.billing
10:18:09.335 [main] DEBUG o.h.l.p.b.i.spaces.QuerySpacesImpl - Adding QuerySpace : uid = <gen:3> -> org.hibernate.loader.plan.build.internal.spaces.EntityQuerySpaceImpl@f6de586]
10:18:09.335 [main] DEBUG o.h.p.w.spi.MetamodelGraphWalker - Visiting attribute path : order.billing.address
10:18:09.335 [main] DEBUG o.h.l.p.b.i.spaces.QuerySpacesImpl - Adding QuerySpace : uid = <gen:4> -> org.hibernate.loader.plan.build.internal.spaces.EntityQuerySpaceImpl@7c847072]
10:18:09.335 [main] DEBUG o.h.p.w.spi.MetamodelGraphWalker - Visiting attribute path : order.billing.address.country
10:18:09.335 [main] DEBUG o.h.p.w.spi.MetamodelGraphWalker - Visiting attribute path : order.billing.address.postalcode
10:18:09.335 [main] DEBUG o.h.p.w.spi.MetamodelGraphWalker - Visiting attribute path : order.billing.address.state
10:18:09.335 [main] DEBUG o.h.p.w.spi.MetamodelGraphWalker - Visiting attribute path : order.billing.address.street
10:18:09.335 [main] DEBUG o.h.p.w.spi.MetamodelGraphWalker - Visiting attribute path : order.billing.payment
10:18:09.335 [main] DEBUG o.h.l.p.b.i.spaces.QuerySpacesImpl - Adding QuerySpace : uid = <gen:5> -> org.hibernate.loader.plan.build.internal.spaces.EntityQuerySpaceImpl@23f86d8a]
10:18:09.335 [main] DEBUG o.h.p.w.spi.MetamodelGraphWalker - Visiting attribute path : order.billing.payment.paymentType
10:18:09.335 [main] DEBUG o.h.p.w.spi.MetamodelGraphWalker - Visiting attribute path : order.comment
10:18:09.335 [main] DEBUG o.h.l.p.b.i.spaces.QuerySpacesImpl - Adding QuerySpace : uid = <gen:6> -> org.hibernate.loader.plan.build.internal.spaces.EntityQuerySpaceImpl@7d3c09ec]
10:18:09.335 [main] DEBUG o.h.p.w.spi.MetamodelGraphWalker - Visiting attribute path : order.comment.details
10:18:09.335 [main] DEBUG o.h.p.w.spi.MetamodelGraphWalker - Visiting attribute path : order.customer
10:18:09.335 [main] DEBUG o.h.l.p.b.i.spaces.QuerySpacesImpl - Adding QuerySpace : uid = <gen:7> -> org.hibernate.loader.plan.build.internal.spaces.EntityQuerySpaceImpl@11900483]
10:18:09.335 [main] DEBUG o.h.p.w.spi.MetamodelGraphWalker - Visiting attribute path : order.customer.billingInfos
10:18:09.335 [main] DEBUG o.h.p.w.spi.MetamodelGraphWalker - Visiting attribute path : order.customer.deliveryAddresses
10:18:09.335 [main] DEBUG o.h.p.w.spi.MetamodelGraphWalker - Visiting attribute path : order.customer.firstName
10:18:09.335 [main] DEBUG o.h.p.w.spi.MetamodelGraphWalker - Visiting attribute path : order.customer.lastName
10:18:09.335 [main] DEBUG o.h.p.w.spi.MetamodelGraphWalker - Visiting attribute path : order.customer.mail
10:18:09.335 [main] DEBUG o.h.p.w.spi.MetamodelGraphWalker - Visiting attribute path : order.customer.title
10:18:09.335 [main] DEBUG o.h.p.w.spi.MetamodelGraphWalker - Visiting attribute path : order.orderDate
10:18:09.335 [main] DEBUG o.h.p.w.spi.MetamodelGraphWalker - Visiting attribute path : order.orderProduct
10:18:09.336 [main] DEBUG o.h.p.w.spi.MetamodelGraphWalker - Visiting attribute path : order.shippingInfo
10:18:09.336 [main] DEBUG o.h.l.p.b.i.spaces.QuerySpacesImpl - Adding QuerySpace : uid = <gen:8> -> org.hibernate.loader.plan.build.internal.spaces.EntityQuerySpaceImpl@94e51e8]
10:18:09.336 [main] DEBUG o.h.p.w.spi.MetamodelGraphWalker - Visiting attribute path : order.shippingInfo.country
10:18:09.336 [main] DEBUG o.h.p.w.spi.MetamodelGraphWalker - Visiting attribute path : order.shippingInfo.postalcode
10:18:09.336 [main] DEBUG o.h.p.w.spi.MetamodelGraphWalker - Visiting attribute path : order.shippingInfo.state
10:18:09.336 [main] DEBUG o.h.p.w.spi.MetamodelGraphWalker - Visiting attribute path : order.shippingInfo.street
10:18:09.337 [main] DEBUG o.h.p.w.spi.MetamodelGraphWalker - Visiting attribute path : order.total
10:18:09.337 [main] DEBUG o.h.p.w.spi.MetamodelGraphWalker - Visiting attribute path : product
10:18:09.337 [main] DEBUG o.h.l.p.b.i.spaces.QuerySpacesImpl - Adding QuerySpace : uid = <gen:9> -> org.hibernate.loader.plan.build.internal.spaces.EntityQuerySpaceImpl@4cc36c19]
10:18:09.337 [main] DEBUG o.h.p.w.spi.MetamodelGraphWalker - Visiting attribute path : product.code
10:18:09.337 [main] DEBUG o.h.p.w.spi.MetamodelGraphWalker - Visiting attribute path : product.comment
10:18:09.337 [main] DEBUG o.h.l.p.b.i.spaces.QuerySpacesImpl - Adding QuerySpace : uid = <gen:10> -> org.hibernate.loader.plan.build.internal.spaces.EntityQuerySpaceImpl@2100d047]
10:18:09.337 [main] DEBUG o.h.p.w.spi.MetamodelGraphWalker - Visiting attribute path : product.comment.details
10:18:09.337 [main] DEBUG o.h.p.w.spi.MetamodelGraphWalker - Visiting attribute path : product.description
10:18:09.337 [main] DEBUG o.h.p.w.spi.MetamodelGraphWalker - Visiting attribute path : product.name
10:18:09.337 [main] DEBUG o.h.p.w.spi.MetamodelGraphWalker - Visiting attribute path : product.unitPrice
10:18:09.338 [main] DEBUG o.h.p.w.spi.MetamodelGraphWalker - Visiting attribute path : qty
10:18:09.338 [main] DEBUG o.h.p.w.spi.MetamodelGraphWalker - Visiting attribute path : total
10:18:09.338 [main] DEBUG o.h.l.p.b.i.FetchStyleLoadPlanBuildingAssociationVisitationStrategy - Building LoadPlan...
10:18:09.338 [main] DEBUG o.h.l.p.e.i.LoadQueryJoinAndFetchProcessor - processing queryspace <gen:0>
10:18:09.340 [main] DEBUG o.h.l.p.b.spi.LoadPlanTreePrinter - LoadPlan(entity=hello.pojo.OrderProduct)
    - Returns
       - EntityReturnImpl(entity=hello.pojo.OrderProduct, querySpaceUid=<gen:0>, path=hello.pojo.OrderProduct)
          - EntityAttributeFetchImpl(entity=hello.pojo.Comment, querySpaceUid=<gen:1>, path=hello.pojo.OrderProduct.comment)
          - EntityAttributeFetchImpl(entity=hello.pojo.Order, querySpaceUid=<gen:2>, path=hello.pojo.OrderProduct.order)
             - EntityAttributeFetchImpl(entity=hello.pojo.Billing, querySpaceUid=<gen:3>, path=hello.pojo.OrderProduct.order.billing)
                - EntityAttributeFetchImpl(entity=hello.pojo.Address, querySpaceUid=<gen:4>, path=hello.pojo.OrderProduct.order.billing.address)
                - EntityAttributeFetchImpl(entity=hello.pojo.Payment, querySpaceUid=<gen:5>, path=hello.pojo.OrderProduct.order.billing.payment)
             - EntityAttributeFetchImpl(entity=hello.pojo.Comment, querySpaceUid=<gen:6>, path=hello.pojo.OrderProduct.order.comment)
             - EntityAttributeFetchImpl(entity=hello.pojo.Customer, querySpaceUid=<gen:7>, path=hello.pojo.OrderProduct.order.customer)
             - EntityAttributeFetchImpl(entity=hello.pojo.Address, querySpaceUid=<gen:8>, path=hello.pojo.OrderProduct.order.shippingInfo)
          - EntityAttributeFetchImpl(entity=hello.pojo.Product, querySpaceUid=<gen:9>, path=hello.pojo.OrderProduct.product)
             - EntityAttributeFetchImpl(entity=hello.pojo.Comment, querySpaceUid=<gen:10>, path=hello.pojo.OrderProduct.product.comment)
    - QuerySpaces
       - EntityQuerySpaceImpl(uid=<gen:0>, entity=hello.pojo.OrderProduct)
          - SQL table alias mapping - orderprodu0_
          - alias suffix - 0_
          - suffixed key columns - {id1_8_0_}
          - JOIN (JoinDefinedByMetadata(comment)) : <gen:0> -> <gen:1>
             - EntityQuerySpaceImpl(uid=<gen:1>, entity=hello.pojo.Comment)
                - SQL table alias mapping - comment1_
                - alias suffix - 1_
                - suffixed key columns - {id1_2_1_}
          - JOIN (JoinDefinedByMetadata(order)) : <gen:0> -> <gen:2>
             - EntityQuerySpaceImpl(uid=<gen:2>, entity=hello.pojo.Order)
                - SQL table alias mapping - order2_
                - alias suffix - 2_
                - suffixed key columns - {id1_6_2_}
                - JOIN (JoinDefinedByMetadata(billing)) : <gen:2> -> <gen:3>
                   - EntityQuerySpaceImpl(uid=<gen:3>, entity=hello.pojo.Billing)
                      - SQL table alias mapping - billing3_
                      - alias suffix - 3_
                      - suffixed key columns - {id1_1_3_}
                      - JOIN (JoinDefinedByMetadata(address)) : <gen:3> -> <gen:4>
                         - EntityQuerySpaceImpl(uid=<gen:4>, entity=hello.pojo.Address)
                            - SQL table alias mapping - address4_
                            - alias suffix - 4_
                            - suffixed key columns - {id1_0_4_}
                      - JOIN (JoinDefinedByMetadata(payment)) : <gen:3> -> <gen:5>
                         - EntityQuerySpaceImpl(uid=<gen:5>, entity=hello.pojo.Payment)
                            - SQL table alias mapping - payment5_
                            - alias suffix - 5_
                            - suffixed key columns - {id1_9_5_}
                - JOIN (JoinDefinedByMetadata(comment)) : <gen:2> -> <gen:6>
                   - EntityQuerySpaceImpl(uid=<gen:6>, entity=hello.pojo.Comment)
                      - SQL table alias mapping - comment6_
                      - alias suffix - 6_
                      - suffixed key columns - {id1_2_6_}
                - JOIN (JoinDefinedByMetadata(customer)) : <gen:2> -> <gen:7>
                   - EntityQuerySpaceImpl(uid=<gen:7>, entity=hello.pojo.Customer)
                      - SQL table alias mapping - customer7_
                      - alias suffix - 7_
                      - suffixed key columns - {id1_3_7_}
                - JOIN (JoinDefinedByMetadata(shippingInfo)) : <gen:2> -> <gen:8>
                   - EntityQuerySpaceImpl(uid=<gen:8>, entity=hello.pojo.Address)
                      - SQL table alias mapping - address8_
                      - alias suffix - 8_
                      - suffixed key columns - {id1_0_8_}
          - JOIN (JoinDefinedByMetadata(product)) : <gen:0> -> <gen:9>
             - EntityQuerySpaceImpl(uid=<gen:9>, entity=hello.pojo.Product)
                - SQL table alias mapping - product9_
                - alias suffix - 9_
                - suffixed key columns - {id1_10_9_}
                - JOIN (JoinDefinedByMetadata(comment)) : <gen:9> -> <gen:10>
                   - EntityQuerySpaceImpl(uid=<gen:10>, entity=hello.pojo.Comment)
                      - SQL table alias mapping - comment10_
                      - alias suffix - 10_
                      - suffixed key columns - {id1_2_10_}

10:18:09.340 [main] DEBUG o.h.loader.entity.plan.EntityLoader - Static select for entity hello.pojo.OrderProduct [READ]: select orderprodu0_.id as id1_8_0_, orderprodu0_.comment_id as comment_4_8_0_, orderprodu0_.order_id as order_id5_8_0_, orderprodu0_.product_id as product_6_8_0_, orderprodu0_.qty as qty2_8_0_, orderprodu0_.total as total3_8_0_, comment1_.id as id1_2_1_, comment1_.details as details2_2_1_, order2_.id as id1_6_2_, order2_.billing_id as billing_4_6_2_, order2_.comment_id as comment_5_6_2_, order2_.customer_id as customer6_6_2_, order2_.order_date as order_da2_6_2_, order2_.shipping_info_id as shipping7_6_2_, order2_.total as total3_6_2_, billing3_.id as id1_1_3_, billing3_.address_id as address_2_1_3_, billing3_.payment_id as payment_3_1_3_, address4_.id as id1_0_4_, address4_.country as country2_0_4_, address4_.postalcode as postalco3_0_4_, address4_.state as state4_0_4_, address4_.street as street5_0_4_, payment5_.id as id1_9_5_, payment5_.payment_type as payment_2_9_5_, comment6_.id as id1_2_6_, comment6_.details as details2_2_6_, customer7_.id as id1_3_7_, customer7_.first_name as first_na2_3_7_, customer7_.last_name as last_nam3_3_7_, customer7_.mail as mail4_3_7_, customer7_.title as title5_3_7_, address8_.id as id1_0_8_, address8_.country as country2_0_8_, address8_.postalcode as postalco3_0_8_, address8_.state as state4_0_8_, address8_.street as street5_0_8_, product9_.id as id1_10_9_, product9_.code as code2_10_9_, product9_.comment_id as comment_6_10_9_, product9_.description as descript3_10_9_, product9_.name as name4_10_9_, product9_.unit_price as unit_pri5_10_9_, comment10_.id as id1_2_10_, comment10_.details as details2_2_10_ from order_product orderprodu0_ left outer join comment comment1_ on orderprodu0_.comment_id=comment1_.id left outer join order order2_ on orderprodu0_.order_id=order2_.id left outer join billing billing3_ on order2_.billing_id=billing3_.id left outer join address address4_ on billing3_.address_id=address4_.id left outer join payment payment5_ on billing3_.payment_id=payment5_.id left outer join comment comment6_ on order2_.comment_id=comment6_.id left outer join customer customer7_ on order2_.customer_id=customer7_.id left outer join address address8_ on order2_.shipping_info_id=address8_.id left outer join product product9_ on orderprodu0_.product_id=product9_.id left outer join comment comment10_ on product9_.comment_id=comment10_.id where orderprodu0_.id=?
10:18:09.340 [main] DEBUG o.h.l.p.b.i.spaces.QuerySpacesImpl - Adding QuerySpace : uid = <gen:0> -> org.hibernate.loader.plan.build.internal.spaces.EntityQuerySpaceImpl@1d805aa1]
10:18:09.340 [main] DEBUG o.h.p.w.spi.MetamodelGraphWalker - Visiting attribute path : comment
10:18:09.340 [main] DEBUG o.h.l.p.b.i.spaces.QuerySpacesImpl - Adding QuerySpace : uid = <gen:1> -> org.hibernate.loader.plan.build.internal.spaces.EntityQuerySpaceImpl@30ca0779]
10:18:09.340 [main] DEBUG o.h.p.w.spi.MetamodelGraphWalker - Visiting attribute path : order
10:18:09.340 [main] DEBUG o.h.l.p.b.i.spaces.QuerySpacesImpl - Adding QuerySpace : uid = <gen:2> -> org.hibernate.loader.plan.build.internal.spaces.EntityQuerySpaceImpl@58740366]
10:18:09.340 [main] DEBUG o.h.p.w.spi.MetamodelGraphWalker - Visiting attribute path : product
10:18:09.340 [main] DEBUG o.h.l.p.b.i.spaces.QuerySpacesImpl - Adding QuerySpace : uid = <gen:3> -> org.hibernate.loader.plan.build.internal.spaces.EntityQuerySpaceImpl@47be0f9b]
10:18:09.340 [main] DEBUG o.h.p.w.spi.MetamodelGraphWalker - Visiting attribute path : qty
10:18:09.340 [main] DEBUG o.h.p.w.spi.MetamodelGraphWalker - Visiting attribute path : total
10:18:09.340 [main] DEBUG o.h.l.p.b.i.FetchStyleLoadPlanBuildingAssociationVisitationStrategy - Building LoadPlan...
10:18:09.341 [main] DEBUG o.h.l.p.e.i.LoadQueryJoinAndFetchProcessor - processing queryspace <gen:0>
10:18:09.341 [main] DEBUG o.h.l.p.b.spi.LoadPlanTreePrinter - LoadPlan(entity=hello.pojo.OrderProduct)
    - Returns
       - EntityReturnImpl(entity=hello.pojo.OrderProduct, querySpaceUid=<gen:0>, path=hello.pojo.OrderProduct)
          - EntityAttributeFetchImpl(entity=hello.pojo.Comment, querySpaceUid=<gen:1>, path=hello.pojo.OrderProduct.comment)
          - EntityAttributeFetchImpl(entity=hello.pojo.Order, querySpaceUid=<gen:2>, path=hello.pojo.OrderProduct.order)
          - EntityAttributeFetchImpl(entity=hello.pojo.Product, querySpaceUid=<gen:3>, path=hello.pojo.OrderProduct.product)
    - QuerySpaces
       - EntityQuerySpaceImpl(uid=<gen:0>, entity=hello.pojo.OrderProduct)
          - SQL table alias mapping - orderprodu0_
          - alias suffix - 0_
          - suffixed key columns - {id1_8_0_}

10:18:09.341 [main] DEBUG o.h.loader.entity.plan.EntityLoader - Static select for entity hello.pojo.OrderProduct [UPGRADE]: select orderprodu0_.id as id1_8_0_, orderprodu0_.comment_id as comment_4_8_0_, orderprodu0_.order_id as order_id5_8_0_, orderprodu0_.product_id as product_6_8_0_, orderprodu0_.qty as qty2_8_0_, orderprodu0_.total as total3_8_0_ from order_product orderprodu0_ where orderprodu0_.id=? for update
10:18:09.341 [main] DEBUG o.h.l.p.b.i.spaces.QuerySpacesImpl - Adding QuerySpace : uid = <gen:0> -> org.hibernate.loader.plan.build.internal.spaces.EntityQuerySpaceImpl@2bc426f0]
10:18:09.341 [main] DEBUG o.h.p.w.spi.MetamodelGraphWalker - Visiting attribute path : comment
10:18:09.341 [main] DEBUG o.h.l.p.b.i.spaces.QuerySpacesImpl - Adding QuerySpace : uid = <gen:1> -> org.hibernate.loader.plan.build.internal.spaces.EntityQuerySpaceImpl@33425811]
10:18:09.341 [main] DEBUG o.h.p.w.spi.MetamodelGraphWalker - Visiting attribute path : order
10:18:09.341 [main] DEBUG o.h.l.p.b.i.spaces.QuerySpacesImpl - Adding QuerySpace : uid = <gen:2> -> org.hibernate.loader.plan.build.internal.spaces.EntityQuerySpaceImpl@4b74b35]
10:18:09.341 [main] DEBUG o.h.p.w.spi.MetamodelGraphWalker - Visiting attribute path : product
10:18:09.341 [main] DEBUG o.h.l.p.b.i.spaces.QuerySpacesImpl - Adding QuerySpace : uid = <gen:3> -> org.hibernate.loader.plan.build.internal.spaces.EntityQuerySpaceImpl@e4e1ef5]
10:18:09.341 [main] DEBUG o.h.p.w.spi.MetamodelGraphWalker - Visiting attribute path : qty
10:18:09.341 [main] DEBUG o.h.p.w.spi.MetamodelGraphWalker - Visiting attribute path : total
10:18:09.341 [main] DEBUG o.h.l.p.b.i.FetchStyleLoadPlanBuildingAssociationVisitationStrategy - Building LoadPlan...
10:18:09.342 [main] DEBUG o.h.l.p.e.i.LoadQueryJoinAndFetchProcessor - processing queryspace <gen:0>
10:18:09.342 [main] DEBUG o.h.l.p.b.spi.LoadPlanTreePrinter - LoadPlan(entity=hello.pojo.OrderProduct)
    - Returns
       - EntityReturnImpl(entity=hello.pojo.OrderProduct, querySpaceUid=<gen:0>, path=hello.pojo.OrderProduct)
          - EntityAttributeFetchImpl(entity=hello.pojo.Comment, querySpaceUid=<gen:1>, path=hello.pojo.OrderProduct.comment)
          - EntityAttributeFetchImpl(entity=hello.pojo.Order, querySpaceUid=<gen:2>, path=hello.pojo.OrderProduct.order)
          - EntityAttributeFetchImpl(entity=hello.pojo.Product, querySpaceUid=<gen:3>, path=hello.pojo.OrderProduct.product)
    - QuerySpaces
       - EntityQuerySpaceImpl(uid=<gen:0>, entity=hello.pojo.OrderProduct)
          - SQL table alias mapping - orderprodu0_
          - alias suffix - 0_
          - suffixed key columns - {id1_8_0_}

10:18:09.342 [main] DEBUG o.h.loader.entity.plan.EntityLoader - Static select for entity hello.pojo.OrderProduct [UPGRADE_NOWAIT]: select orderprodu0_.id as id1_8_0_, orderprodu0_.comment_id as comment_4_8_0_, orderprodu0_.order_id as order_id5_8_0_, orderprodu0_.product_id as product_6_8_0_, orderprodu0_.qty as qty2_8_0_, orderprodu0_.total as total3_8_0_ from order_product orderprodu0_ where orderprodu0_.id=? for update
10:18:09.342 [main] DEBUG o.h.l.p.b.i.spaces.QuerySpacesImpl - Adding QuerySpace : uid = <gen:0> -> org.hibernate.loader.plan.build.internal.spaces.EntityQuerySpaceImpl@6d11ceef]
10:18:09.342 [main] DEBUG o.h.p.w.spi.MetamodelGraphWalker - Visiting attribute path : comment
10:18:09.343 [main] DEBUG o.h.l.p.b.i.spaces.QuerySpacesImpl - Adding QuerySpace : uid = <gen:1> -> org.hibernate.loader.plan.build.internal.spaces.EntityQuerySpaceImpl@72e295cc]
10:18:09.343 [main] DEBUG o.h.p.w.spi.MetamodelGraphWalker - Visiting attribute path : order
10:18:09.343 [main] DEBUG o.h.l.p.b.i.spaces.QuerySpacesImpl - Adding QuerySpace : uid = <gen:2> -> org.hibernate.loader.plan.build.internal.spaces.EntityQuerySpaceImpl@c2584d3]
10:18:09.343 [main] DEBUG o.h.p.w.spi.MetamodelGraphWalker - Visiting attribute path : product
10:18:09.343 [main] DEBUG o.h.l.p.b.i.spaces.QuerySpacesImpl - Adding QuerySpace : uid = <gen:3> -> org.hibernate.loader.plan.build.internal.spaces.EntityQuerySpaceImpl@6fa0450e]
10:18:09.343 [main] DEBUG o.h.p.w.spi.MetamodelGraphWalker - Visiting attribute path : qty
10:18:09.343 [main] DEBUG o.h.p.w.spi.MetamodelGraphWalker - Visiting attribute path : total
10:18:09.343 [main] DEBUG o.h.l.p.b.i.FetchStyleLoadPlanBuildingAssociationVisitationStrategy - Building LoadPlan...
10:18:09.343 [main] DEBUG o.h.l.p.e.i.LoadQueryJoinAndFetchProcessor - processing queryspace <gen:0>
10:18:09.343 [main] DEBUG o.h.l.p.b.spi.LoadPlanTreePrinter - LoadPlan(entity=hello.pojo.OrderProduct)
    - Returns
       - EntityReturnImpl(entity=hello.pojo.OrderProduct, querySpaceUid=<gen:0>, path=hello.pojo.OrderProduct)
          - EntityAttributeFetchImpl(entity=hello.pojo.Comment, querySpaceUid=<gen:1>, path=hello.pojo.OrderProduct.comment)
          - EntityAttributeFetchImpl(entity=hello.pojo.Order, querySpaceUid=<gen:2>, path=hello.pojo.OrderProduct.order)
          - EntityAttributeFetchImpl(entity=hello.pojo.Product, querySpaceUid=<gen:3>, path=hello.pojo.OrderProduct.product)
    - QuerySpaces
       - EntityQuerySpaceImpl(uid=<gen:0>, entity=hello.pojo.OrderProduct)
          - SQL table alias mapping - orderprodu0_
          - alias suffix - 0_
          - suffixed key columns - {id1_8_0_}

10:18:09.343 [main] DEBUG o.h.loader.entity.plan.EntityLoader - Static select for entity hello.pojo.OrderProduct [UPGRADE_SKIPLOCKED]: select orderprodu0_.id as id1_8_0_, orderprodu0_.comment_id as comment_4_8_0_, orderprodu0_.order_id as order_id5_8_0_, orderprodu0_.product_id as product_6_8_0_, orderprodu0_.qty as qty2_8_0_, orderprodu0_.total as total3_8_0_ from order_product orderprodu0_ where orderprodu0_.id=? for update
10:18:09.343 [main] DEBUG o.h.l.p.b.i.spaces.QuerySpacesImpl - Adding QuerySpace : uid = <gen:0> -> org.hibernate.loader.plan.build.internal.spaces.EntityQuerySpaceImpl@37468787]
10:18:09.344 [main] DEBUG o.h.p.w.spi.MetamodelGraphWalker - Visiting attribute path : comment
10:18:09.344 [main] DEBUG o.h.l.p.b.i.spaces.QuerySpacesImpl - Adding QuerySpace : uid = <gen:1> -> org.hibernate.loader.plan.build.internal.spaces.EntityQuerySpaceImpl@714f3da4]
10:18:09.344 [main] DEBUG o.h.p.w.spi.MetamodelGraphWalker - Visiting attribute path : order
10:18:09.344 [main] DEBUG o.h.l.p.b.i.spaces.QuerySpacesImpl - Adding QuerySpace : uid = <gen:2> -> org.hibernate.loader.plan.build.internal.spaces.EntityQuerySpaceImpl@1caa9eb6]
10:18:09.344 [main] DEBUG o.h.p.w.spi.MetamodelGraphWalker - Visiting attribute path : product
10:18:09.344 [main] DEBUG o.h.l.p.b.i.spaces.QuerySpacesImpl - Adding QuerySpace : uid = <gen:3> -> org.hibernate.loader.plan.build.internal.spaces.EntityQuerySpaceImpl@1f53481b]
10:18:09.344 [main] DEBUG o.h.p.w.spi.MetamodelGraphWalker - Visiting attribute path : qty
10:18:09.344 [main] DEBUG o.h.p.w.spi.MetamodelGraphWalker - Visiting attribute path : total
10:18:09.344 [main] DEBUG o.h.l.p.b.i.FetchStyleLoadPlanBuildingAssociationVisitationStrategy - Building LoadPlan...
10:18:09.344 [main] DEBUG o.h.l.p.e.i.LoadQueryJoinAndFetchProcessor - processing queryspace <gen:0>
10:18:09.344 [main] DEBUG o.h.l.p.b.spi.LoadPlanTreePrinter - LoadPlan(entity=hello.pojo.OrderProduct)
    - Returns
       - EntityReturnImpl(entity=hello.pojo.OrderProduct, querySpaceUid=<gen:0>, path=hello.pojo.OrderProduct)
          - EntityAttributeFetchImpl(entity=hello.pojo.Comment, querySpaceUid=<gen:1>, path=hello.pojo.OrderProduct.comment)
          - EntityAttributeFetchImpl(entity=hello.pojo.Order, querySpaceUid=<gen:2>, path=hello.pojo.OrderProduct.order)
          - EntityAttributeFetchImpl(entity=hello.pojo.Product, querySpaceUid=<gen:3>, path=hello.pojo.OrderProduct.product)
    - QuerySpaces
       - EntityQuerySpaceImpl(uid=<gen:0>, entity=hello.pojo.OrderProduct)
          - SQL table alias mapping - orderprodu0_
          - alias suffix - 0_
          - suffixed key columns - {id1_8_0_}

10:18:09.345 [main] DEBUG o.h.loader.entity.plan.EntityLoader - Static select for entity hello.pojo.OrderProduct [FORCE]: select orderprodu0_.id as id1_8_0_, orderprodu0_.comment_id as comment_4_8_0_, orderprodu0_.order_id as order_id5_8_0_, orderprodu0_.product_id as product_6_8_0_, orderprodu0_.qty as qty2_8_0_, orderprodu0_.total as total3_8_0_ from order_product orderprodu0_ where orderprodu0_.id=? for update
10:18:09.345 [main] DEBUG o.h.l.p.b.i.spaces.QuerySpacesImpl - Adding QuerySpace : uid = <gen:0> -> org.hibernate.loader.plan.build.internal.spaces.EntityQuerySpaceImpl@2fcd7d3f]
10:18:09.345 [main] DEBUG o.h.p.w.spi.MetamodelGraphWalker - Visiting attribute path : comment
10:18:09.345 [main] DEBUG o.h.l.p.b.i.spaces.QuerySpacesImpl - Adding QuerySpace : uid = <gen:1> -> org.hibernate.loader.plan.build.internal.spaces.EntityQuerySpaceImpl@6f70a21b]
10:18:09.345 [main] DEBUG o.h.p.w.spi.MetamodelGraphWalker - Visiting attribute path : order
10:18:09.345 [main] DEBUG o.h.l.p.b.i.spaces.QuerySpacesImpl - Adding QuerySpace : uid = <gen:2> -> org.hibernate.loader.plan.build.internal.spaces.EntityQuerySpaceImpl@6ae62c7e]
10:18:09.345 [main] DEBUG o.h.p.w.spi.MetamodelGraphWalker - Visiting attribute path : product
10:18:09.345 [main] DEBUG o.h.l.p.b.i.spaces.QuerySpacesImpl - Adding QuerySpace : uid = <gen:3> -> org.hibernate.loader.plan.build.internal.spaces.EntityQuerySpaceImpl@2e869098]
10:18:09.345 [main] DEBUG o.h.p.w.spi.MetamodelGraphWalker - Visiting attribute path : qty
10:18:09.345 [main] DEBUG o.h.p.w.spi.MetamodelGraphWalker - Visiting attribute path : total
10:18:09.345 [main] DEBUG o.h.l.p.b.i.FetchStyleLoadPlanBuildingAssociationVisitationStrategy - Building LoadPlan...
10:18:09.345 [main] DEBUG o.h.l.p.e.i.LoadQueryJoinAndFetchProcessor - processing queryspace <gen:0>
10:18:09.345 [main] DEBUG o.h.l.p.b.spi.LoadPlanTreePrinter - LoadPlan(entity=hello.pojo.OrderProduct)
    - Returns
       - EntityReturnImpl(entity=hello.pojo.OrderProduct, querySpaceUid=<gen:0>, path=hello.pojo.OrderProduct)
          - EntityAttributeFetchImpl(entity=hello.pojo.Comment, querySpaceUid=<gen:1>, path=hello.pojo.OrderProduct.comment)
          - EntityAttributeFetchImpl(entity=hello.pojo.Order, querySpaceUid=<gen:2>, path=hello.pojo.OrderProduct.order)
          - EntityAttributeFetchImpl(entity=hello.pojo.Product, querySpaceUid=<gen:3>, path=hello.pojo.OrderProduct.product)
    - QuerySpaces
       - EntityQuerySpaceImpl(uid=<gen:0>, entity=hello.pojo.OrderProduct)
          - SQL table alias mapping - orderprodu0_
          - alias suffix - 0_
          - suffixed key columns - {id1_8_0_}

10:18:09.345 [main] DEBUG o.h.loader.entity.plan.EntityLoader - Static select for entity hello.pojo.OrderProduct [PESSIMISTIC_READ]: select orderprodu0_.id as id1_8_0_, orderprodu0_.comment_id as comment_4_8_0_, orderprodu0_.order_id as order_id5_8_0_, orderprodu0_.product_id as product_6_8_0_, orderprodu0_.qty as qty2_8_0_, orderprodu0_.total as total3_8_0_ from order_product orderprodu0_ where orderprodu0_.id=? for update
10:18:09.345 [main] DEBUG o.h.l.p.b.i.spaces.QuerySpacesImpl - Adding QuerySpace : uid = <gen:0> -> org.hibernate.loader.plan.build.internal.spaces.EntityQuerySpaceImpl@37c36608]
10:18:09.345 [main] DEBUG o.h.p.w.spi.MetamodelGraphWalker - Visiting attribute path : comment
10:18:09.346 [main] DEBUG o.h.l.p.b.i.spaces.QuerySpacesImpl - Adding QuerySpace : uid = <gen:1> -> org.hibernate.loader.plan.build.internal.spaces.EntityQuerySpaceImpl@617389a]
10:18:09.346 [main] DEBUG o.h.p.w.spi.MetamodelGraphWalker - Visiting attribute path : order
10:18:09.346 [main] DEBUG o.h.l.p.b.i.spaces.QuerySpacesImpl - Adding QuerySpace : uid = <gen:2> -> org.hibernate.loader.plan.build.internal.spaces.EntityQuerySpaceImpl@1c8f6a90]
10:18:09.346 [main] DEBUG o.h.p.w.spi.MetamodelGraphWalker - Visiting attribute path : product
10:18:09.346 [main] DEBUG o.h.l.p.b.i.spaces.QuerySpacesImpl - Adding QuerySpace : uid = <gen:3> -> org.hibernate.loader.plan.build.internal.spaces.EntityQuerySpaceImpl@3050ac2f]
10:18:09.346 [main] DEBUG o.h.p.w.spi.MetamodelGraphWalker - Visiting attribute path : qty
10:18:09.346 [main] DEBUG o.h.p.w.spi.MetamodelGraphWalker - Visiting attribute path : total
10:18:09.346 [main] DEBUG o.h.l.p.b.i.FetchStyleLoadPlanBuildingAssociationVisitationStrategy - Building LoadPlan...
10:18:09.346 [main] DEBUG o.h.l.p.e.i.LoadQueryJoinAndFetchProcessor - processing queryspace <gen:0>
10:18:09.346 [main] DEBUG o.h.l.p.b.spi.LoadPlanTreePrinter - LoadPlan(entity=hello.pojo.OrderProduct)
    - Returns
       - EntityReturnImpl(entity=hello.pojo.OrderProduct, querySpaceUid=<gen:0>, path=hello.pojo.OrderProduct)
          - EntityAttributeFetchImpl(entity=hello.pojo.Comment, querySpaceUid=<gen:1>, path=hello.pojo.OrderProduct.comment)
          - EntityAttributeFetchImpl(entity=hello.pojo.Order, querySpaceUid=<gen:2>, path=hello.pojo.OrderProduct.order)
          - EntityAttributeFetchImpl(entity=hello.pojo.Product, querySpaceUid=<gen:3>, path=hello.pojo.OrderProduct.product)
    - QuerySpaces
       - EntityQuerySpaceImpl(uid=<gen:0>, entity=hello.pojo.OrderProduct)
          - SQL table alias mapping - orderprodu0_
          - alias suffix - 0_
          - suffixed key columns - {id1_8_0_}

10:18:09.346 [main] DEBUG o.h.loader.entity.plan.EntityLoader - Static select for entity hello.pojo.OrderProduct [PESSIMISTIC_WRITE]: select orderprodu0_.id as id1_8_0_, orderprodu0_.comment_id as comment_4_8_0_, orderprodu0_.order_id as order_id5_8_0_, orderprodu0_.product_id as product_6_8_0_, orderprodu0_.qty as qty2_8_0_, orderprodu0_.total as total3_8_0_ from order_product orderprodu0_ where orderprodu0_.id=? for update
10:18:09.347 [main] DEBUG o.h.l.p.b.i.spaces.QuerySpacesImpl - Adding QuerySpace : uid = <gen:0> -> org.hibernate.loader.plan.build.internal.spaces.EntityQuerySpaceImpl@265bd546]
10:18:09.347 [main] DEBUG o.h.p.w.spi.MetamodelGraphWalker - Visiting attribute path : comment
10:18:09.347 [main] DEBUG o.h.l.p.b.i.spaces.QuerySpacesImpl - Adding QuerySpace : uid = <gen:1> -> org.hibernate.loader.plan.build.internal.spaces.EntityQuerySpaceImpl@7e0bc8a3]
10:18:09.347 [main] DEBUG o.h.p.w.spi.MetamodelGraphWalker - Visiting attribute path : order
10:18:09.347 [main] DEBUG o.h.l.p.b.i.spaces.QuerySpacesImpl - Adding QuerySpace : uid = <gen:2> -> org.hibernate.loader.plan.build.internal.spaces.EntityQuerySpaceImpl@4b0f2299]
10:18:09.347 [main] DEBUG o.h.p.w.spi.MetamodelGraphWalker - Visiting attribute path : product
10:18:09.347 [main] DEBUG o.h.l.p.b.i.spaces.QuerySpacesImpl - Adding QuerySpace : uid = <gen:3> -> org.hibernate.loader.plan.build.internal.spaces.EntityQuerySpaceImpl@33063f5b]
10:18:09.347 [main] DEBUG o.h.p.w.spi.MetamodelGraphWalker - Visiting attribute path : qty
10:18:09.347 [main] DEBUG o.h.p.w.spi.MetamodelGraphWalker - Visiting attribute path : total
10:18:09.347 [main] DEBUG o.h.l.p.b.i.FetchStyleLoadPlanBuildingAssociationVisitationStrategy - Building LoadPlan...
10:18:09.347 [main] DEBUG o.h.l.p.e.i.LoadQueryJoinAndFetchProcessor - processing queryspace <gen:0>
10:18:09.347 [main] DEBUG o.h.l.p.b.spi.LoadPlanTreePrinter - LoadPlan(entity=hello.pojo.OrderProduct)
    - Returns
       - EntityReturnImpl(entity=hello.pojo.OrderProduct, querySpaceUid=<gen:0>, path=hello.pojo.OrderProduct)
          - EntityAttributeFetchImpl(entity=hello.pojo.Comment, querySpaceUid=<gen:1>, path=hello.pojo.OrderProduct.comment)
          - EntityAttributeFetchImpl(entity=hello.pojo.Order, querySpaceUid=<gen:2>, path=hello.pojo.OrderProduct.order)
          - EntityAttributeFetchImpl(entity=hello.pojo.Product, querySpaceUid=<gen:3>, path=hello.pojo.OrderProduct.product)
    - QuerySpaces
       - EntityQuerySpaceImpl(uid=<gen:0>, entity=hello.pojo.OrderProduct)
          - SQL table alias mapping - orderprodu0_
          - alias suffix - 0_
          - suffixed key columns - {id1_8_0_}

10:18:09.347 [main] DEBUG o.h.loader.entity.plan.EntityLoader - Static select for entity hello.pojo.OrderProduct [PESSIMISTIC_FORCE_INCREMENT]: select orderprodu0_.id as id1_8_0_, orderprodu0_.comment_id as comment_4_8_0_, orderprodu0_.order_id as order_id5_8_0_, orderprodu0_.product_id as product_6_8_0_, orderprodu0_.qty as qty2_8_0_, orderprodu0_.total as total3_8_0_ from order_product orderprodu0_ where orderprodu0_.id=? for update
10:18:09.348 [main] DEBUG o.h.l.p.b.i.spaces.QuerySpacesImpl - Adding QuerySpace : uid = <gen:0> -> org.hibernate.loader.plan.build.internal.spaces.EntityQuerySpaceImpl@15405bd6]
10:18:09.348 [main] DEBUG o.h.p.w.spi.MetamodelGraphWalker - Visiting attribute path : comment
10:18:09.348 [main] DEBUG o.h.l.p.b.i.spaces.QuerySpacesImpl - Adding QuerySpace : uid = <gen:1> -> org.hibernate.loader.plan.build.internal.spaces.EntityQuerySpaceImpl@70730db]
10:18:09.348 [main] DEBUG o.h.p.w.spi.MetamodelGraphWalker - Visiting attribute path : order
10:18:09.348 [main] DEBUG o.h.l.p.b.i.spaces.QuerySpacesImpl - Adding QuerySpace : uid = <gen:2> -> org.hibernate.loader.plan.build.internal.spaces.EntityQuerySpaceImpl@5793b87]
10:18:09.348 [main] DEBUG o.h.p.w.spi.MetamodelGraphWalker - Visiting attribute path : product
10:18:09.348 [main] DEBUG o.h.l.p.b.i.spaces.QuerySpacesImpl - Adding QuerySpace : uid = <gen:3> -> org.hibernate.loader.plan.build.internal.spaces.EntityQuerySpaceImpl@12704e15]
10:18:09.348 [main] DEBUG o.h.p.w.spi.MetamodelGraphWalker - Visiting attribute path : qty
10:18:09.348 [main] DEBUG o.h.p.w.spi.MetamodelGraphWalker - Visiting attribute path : total
10:18:09.348 [main] DEBUG o.h.l.p.b.i.FetchStyleLoadPlanBuildingAssociationVisitationStrategy - Building LoadPlan...
10:18:09.348 [main] DEBUG o.h.l.p.e.i.LoadQueryJoinAndFetchProcessor - processing queryspace <gen:0>
10:18:09.348 [main] DEBUG o.h.l.p.b.spi.LoadPlanTreePrinter - LoadPlan(entity=hello.pojo.OrderProduct)
    - Returns
       - EntityReturnImpl(entity=hello.pojo.OrderProduct, querySpaceUid=<gen:0>, path=hello.pojo.OrderProduct)
          - EntityAttributeFetchImpl(entity=hello.pojo.Comment, querySpaceUid=<gen:1>, path=hello.pojo.OrderProduct.comment)
          - EntityAttributeFetchImpl(entity=hello.pojo.Order, querySpaceUid=<gen:2>, path=hello.pojo.OrderProduct.order)
          - EntityAttributeFetchImpl(entity=hello.pojo.Product, querySpaceUid=<gen:3>, path=hello.pojo.OrderProduct.product)
    - QuerySpaces
       - EntityQuerySpaceImpl(uid=<gen:0>, entity=hello.pojo.OrderProduct)
          - SQL table alias mapping - orderprodu0_
          - alias suffix - 0_
          - suffixed key columns - {id1_8_0_}

10:18:09.348 [main] DEBUG o.h.loader.entity.plan.EntityLoader - Static select for entity hello.pojo.OrderProduct [OPTIMISTIC]: select orderprodu0_.id as id1_8_0_, orderprodu0_.comment_id as comment_4_8_0_, orderprodu0_.order_id as order_id5_8_0_, orderprodu0_.product_id as product_6_8_0_, orderprodu0_.qty as qty2_8_0_, orderprodu0_.total as total3_8_0_ from order_product orderprodu0_ where orderprodu0_.id=?
10:18:09.348 [main] DEBUG o.h.l.p.b.i.spaces.QuerySpacesImpl - Adding QuerySpace : uid = <gen:0> -> org.hibernate.loader.plan.build.internal.spaces.EntityQuerySpaceImpl@512575e9]
10:18:09.348 [main] DEBUG o.h.p.w.spi.MetamodelGraphWalker - Visiting attribute path : comment
10:18:09.348 [main] DEBUG o.h.l.p.b.i.spaces.QuerySpacesImpl - Adding QuerySpace : uid = <gen:1> -> org.hibernate.loader.plan.build.internal.spaces.EntityQuerySpaceImpl@2373ad99]
10:18:09.349 [main] DEBUG o.h.p.w.spi.MetamodelGraphWalker - Visiting attribute path : order
10:18:09.349 [main] DEBUG o.h.l.p.b.i.spaces.QuerySpacesImpl - Adding QuerySpace : uid = <gen:2> -> org.hibernate.loader.plan.build.internal.spaces.EntityQuerySpaceImpl@33634f04]
10:18:09.349 [main] DEBUG o.h.p.w.spi.MetamodelGraphWalker - Visiting attribute path : product
10:18:09.349 [main] DEBUG o.h.l.p.b.i.spaces.QuerySpacesImpl - Adding QuerySpace : uid = <gen:3> -> org.hibernate.loader.plan.build.internal.spaces.EntityQuerySpaceImpl@4993febc]
10:18:09.349 [main] DEBUG o.h.p.w.spi.MetamodelGraphWalker - Visiting attribute path : qty
10:18:09.349 [main] DEBUG o.h.p.w.spi.MetamodelGraphWalker - Visiting attribute path : total
10:18:09.349 [main] DEBUG o.h.l.p.b.i.FetchStyleLoadPlanBuildingAssociationVisitationStrategy - Building LoadPlan...
10:18:09.349 [main] DEBUG o.h.l.p.e.i.LoadQueryJoinAndFetchProcessor - processing queryspace <gen:0>
10:18:09.349 [main] DEBUG o.h.l.p.b.spi.LoadPlanTreePrinter - LoadPlan(entity=hello.pojo.OrderProduct)
    - Returns
       - EntityReturnImpl(entity=hello.pojo.OrderProduct, querySpaceUid=<gen:0>, path=hello.pojo.OrderProduct)
          - EntityAttributeFetchImpl(entity=hello.pojo.Comment, querySpaceUid=<gen:1>, path=hello.pojo.OrderProduct.comment)
          - EntityAttributeFetchImpl(entity=hello.pojo.Order, querySpaceUid=<gen:2>, path=hello.pojo.OrderProduct.order)
          - EntityAttributeFetchImpl(entity=hello.pojo.Product, querySpaceUid=<gen:3>, path=hello.pojo.OrderProduct.product)
    - QuerySpaces
       - EntityQuerySpaceImpl(uid=<gen:0>, entity=hello.pojo.OrderProduct)
          - SQL table alias mapping - orderprodu0_
          - alias suffix - 0_
          - suffixed key columns - {id1_8_0_}

10:18:09.349 [main] DEBUG o.h.loader.entity.plan.EntityLoader - Static select for entity hello.pojo.OrderProduct [OPTIMISTIC_FORCE_INCREMENT]: select orderprodu0_.id as id1_8_0_, orderprodu0_.comment_id as comment_4_8_0_, orderprodu0_.order_id as order_id5_8_0_, orderprodu0_.product_id as product_6_8_0_, orderprodu0_.qty as qty2_8_0_, orderprodu0_.total as total3_8_0_ from order_product orderprodu0_ where orderprodu0_.id=?
10:18:09.349 [main] DEBUG org.hibernate.loader.Loader - Static select for action ACTION_MERGE on entity hello.pojo.OrderProduct: select orderprodu0_.id as id1_8_0_, orderprodu0_.comment_id as comment_4_8_0_, orderprodu0_.order_id as order_id5_8_0_, orderprodu0_.product_id as product_6_8_0_, orderprodu0_.qty as qty2_8_0_, orderprodu0_.total as total3_8_0_ from order_product orderprodu0_ where orderprodu0_.id=?
10:18:09.349 [main] DEBUG org.hibernate.loader.Loader - Static select for action ACTION_REFRESH on entity hello.pojo.OrderProduct: select orderprodu0_.id as id1_8_0_, orderprodu0_.comment_id as comment_4_8_0_, orderprodu0_.order_id as order_id5_8_0_, orderprodu0_.product_id as product_6_8_0_, orderprodu0_.qty as qty2_8_0_, orderprodu0_.total as total3_8_0_ from order_product orderprodu0_ where orderprodu0_.id=?
10:18:09.349 [main] DEBUG o.h.p.entity.AbstractEntityPersister - Static SQL for entity: hello.pojo.Customer
10:18:09.349 [main] DEBUG o.h.p.entity.AbstractEntityPersister -  Version select: select id from customer where id =?
10:18:09.349 [main] DEBUG o.h.p.entity.AbstractEntityPersister -  Snapshot select: select customer_.id, customer_.first_name as first_na2_3_, customer_.last_name as last_nam3_3_, customer_.mail as mail4_3_, customer_.title as title5_3_ from customer customer_ where customer_.id=?
10:18:09.350 [main] DEBUG o.h.p.entity.AbstractEntityPersister -  Insert 0: insert into customer (first_name, last_name, mail, title, id) values (?, ?, ?, ?, ?)
10:18:09.350 [main] DEBUG o.h.p.entity.AbstractEntityPersister -  Update 0: update customer set first_name=?, last_name=?, mail=?, title=? where id=?
10:18:09.350 [main] DEBUG o.h.p.entity.AbstractEntityPersister -  Delete 0: delete from customer where id=?
10:18:09.350 [main] DEBUG o.h.p.entity.AbstractEntityPersister -  Identity insert: insert into customer (id, first_name, last_name, mail, title) values (null, ?, ?, ?, ?)
10:18:09.350 [main] DEBUG o.h.l.p.b.i.spaces.QuerySpacesImpl - Adding QuerySpace : uid = <gen:0> -> org.hibernate.loader.plan.build.internal.spaces.EntityQuerySpaceImpl@7601bc96]
10:18:09.350 [main] DEBUG o.h.p.w.spi.MetamodelGraphWalker - Visiting attribute path : billingInfos
10:18:09.350 [main] DEBUG o.h.p.w.spi.MetamodelGraphWalker - Visiting attribute path : deliveryAddresses
10:18:09.350 [main] DEBUG o.h.p.w.spi.MetamodelGraphWalker - Visiting attribute path : firstName
10:18:09.350 [main] DEBUG o.h.p.w.spi.MetamodelGraphWalker - Visiting attribute path : lastName
10:18:09.350 [main] DEBUG o.h.p.w.spi.MetamodelGraphWalker - Visiting attribute path : mail
10:18:09.350 [main] DEBUG o.h.p.w.spi.MetamodelGraphWalker - Visiting attribute path : title
10:18:09.350 [main] DEBUG o.h.l.p.b.i.FetchStyleLoadPlanBuildingAssociationVisitationStrategy - Building LoadPlan...
10:18:09.350 [main] DEBUG o.h.l.p.e.i.LoadQueryJoinAndFetchProcessor - processing queryspace <gen:0>
10:18:09.350 [main] DEBUG o.h.l.p.b.spi.LoadPlanTreePrinter - LoadPlan(entity=hello.pojo.Customer)
    - Returns
       - EntityReturnImpl(entity=hello.pojo.Customer, querySpaceUid=<gen:0>, path=hello.pojo.Customer)
    - QuerySpaces
       - EntityQuerySpaceImpl(uid=<gen:0>, entity=hello.pojo.Customer)
          - SQL table alias mapping - customer0_
          - alias suffix - 0_
          - suffixed key columns - {id1_3_0_}

10:18:09.350 [main] DEBUG o.h.loader.entity.plan.EntityLoader - Static select for entity hello.pojo.Customer [NONE]: select customer0_.id as id1_3_0_, customer0_.first_name as first_na2_3_0_, customer0_.last_name as last_nam3_3_0_, customer0_.mail as mail4_3_0_, customer0_.title as title5_3_0_ from customer customer0_ where customer0_.id=?
10:18:09.351 [main] DEBUG o.h.l.p.b.i.spaces.QuerySpacesImpl - Adding QuerySpace : uid = <gen:0> -> org.hibernate.loader.plan.build.internal.spaces.EntityQuerySpaceImpl@6192a5d5]
10:18:09.351 [main] DEBUG o.h.p.w.spi.MetamodelGraphWalker - Visiting attribute path : billingInfos
10:18:09.351 [main] DEBUG o.h.p.w.spi.MetamodelGraphWalker - Visiting attribute path : deliveryAddresses
10:18:09.351 [main] DEBUG o.h.p.w.spi.MetamodelGraphWalker - Visiting attribute path : firstName
10:18:09.351 [main] DEBUG o.h.p.w.spi.MetamodelGraphWalker - Visiting attribute path : lastName
10:18:09.351 [main] DEBUG o.h.p.w.spi.MetamodelGraphWalker - Visiting attribute path : mail
10:18:09.351 [main] DEBUG o.h.p.w.spi.MetamodelGraphWalker - Visiting attribute path : title
10:18:09.351 [main] DEBUG o.h.l.p.b.i.FetchStyleLoadPlanBuildingAssociationVisitationStrategy - Building LoadPlan...
10:18:09.351 [main] DEBUG o.h.l.p.e.i.LoadQueryJoinAndFetchProcessor - processing queryspace <gen:0>
10:18:09.351 [main] DEBUG o.h.l.p.b.spi.LoadPlanTreePrinter - LoadPlan(entity=hello.pojo.Customer)
    - Returns
       - EntityReturnImpl(entity=hello.pojo.Customer, querySpaceUid=<gen:0>, path=hello.pojo.Customer)
    - QuerySpaces
       - EntityQuerySpaceImpl(uid=<gen:0>, entity=hello.pojo.Customer)
          - SQL table alias mapping - customer0_
          - alias suffix - 0_
          - suffixed key columns - {id1_3_0_}

10:18:09.351 [main] DEBUG o.h.loader.entity.plan.EntityLoader - Static select for entity hello.pojo.Customer [READ]: select customer0_.id as id1_3_0_, customer0_.first_name as first_na2_3_0_, customer0_.last_name as last_nam3_3_0_, customer0_.mail as mail4_3_0_, customer0_.title as title5_3_0_ from customer customer0_ where customer0_.id=?
10:18:09.351 [main] DEBUG o.h.l.p.b.i.spaces.QuerySpacesImpl - Adding QuerySpace : uid = <gen:0> -> org.hibernate.loader.plan.build.internal.spaces.EntityQuerySpaceImpl@4cbc2e3b]
10:18:09.351 [main] DEBUG o.h.p.w.spi.MetamodelGraphWalker - Visiting attribute path : billingInfos
10:18:09.351 [main] DEBUG o.h.p.w.spi.MetamodelGraphWalker - Visiting attribute path : deliveryAddresses
10:18:09.351 [main] DEBUG o.h.p.w.spi.MetamodelGraphWalker - Visiting attribute path : firstName
10:18:09.351 [main] DEBUG o.h.p.w.spi.MetamodelGraphWalker - Visiting attribute path : lastName
10:18:09.351 [main] DEBUG o.h.p.w.spi.MetamodelGraphWalker - Visiting attribute path : mail
10:18:09.351 [main] DEBUG o.h.p.w.spi.MetamodelGraphWalker - Visiting attribute path : title
10:18:09.351 [main] DEBUG o.h.l.p.b.i.FetchStyleLoadPlanBuildingAssociationVisitationStrategy - Building LoadPlan...
10:18:09.351 [main] DEBUG o.h.l.p.e.i.LoadQueryJoinAndFetchProcessor - processing queryspace <gen:0>
10:18:09.352 [main] DEBUG o.h.l.p.b.spi.LoadPlanTreePrinter - LoadPlan(entity=hello.pojo.Customer)
    - Returns
       - EntityReturnImpl(entity=hello.pojo.Customer, querySpaceUid=<gen:0>, path=hello.pojo.Customer)
    - QuerySpaces
       - EntityQuerySpaceImpl(uid=<gen:0>, entity=hello.pojo.Customer)
          - SQL table alias mapping - customer0_
          - alias suffix - 0_
          - suffixed key columns - {id1_3_0_}

10:18:09.352 [main] DEBUG o.h.loader.entity.plan.EntityLoader - Static select for entity hello.pojo.Customer [UPGRADE]: select customer0_.id as id1_3_0_, customer0_.first_name as first_na2_3_0_, customer0_.last_name as last_nam3_3_0_, customer0_.mail as mail4_3_0_, customer0_.title as title5_3_0_ from customer customer0_ where customer0_.id=? for update
10:18:09.352 [main] DEBUG o.h.l.p.b.i.spaces.QuerySpacesImpl - Adding QuerySpace : uid = <gen:0> -> org.hibernate.loader.plan.build.internal.spaces.EntityQuerySpaceImpl@765ffb14]
10:18:09.352 [main] DEBUG o.h.p.w.spi.MetamodelGraphWalker - Visiting attribute path : billingInfos
10:18:09.352 [main] DEBUG o.h.p.w.spi.MetamodelGraphWalker - Visiting attribute path : deliveryAddresses
10:18:09.352 [main] DEBUG o.h.p.w.spi.MetamodelGraphWalker - Visiting attribute path : firstName
10:18:09.352 [main] DEBUG o.h.p.w.spi.MetamodelGraphWalker - Visiting attribute path : lastName
10:18:09.352 [main] DEBUG o.h.p.w.spi.MetamodelGraphWalker - Visiting attribute path : mail
10:18:09.352 [main] DEBUG o.h.p.w.spi.MetamodelGraphWalker - Visiting attribute path : title
10:18:09.352 [main] DEBUG o.h.l.p.b.i.FetchStyleLoadPlanBuildingAssociationVisitationStrategy - Building LoadPlan...
10:18:09.352 [main] DEBUG o.h.l.p.e.i.LoadQueryJoinAndFetchProcessor - processing queryspace <gen:0>
10:18:09.352 [main] DEBUG o.h.l.p.b.spi.LoadPlanTreePrinter - LoadPlan(entity=hello.pojo.Customer)
    - Returns
       - EntityReturnImpl(entity=hello.pojo.Customer, querySpaceUid=<gen:0>, path=hello.pojo.Customer)
    - QuerySpaces
       - EntityQuerySpaceImpl(uid=<gen:0>, entity=hello.pojo.Customer)
          - SQL table alias mapping - customer0_
          - alias suffix - 0_
          - suffixed key columns - {id1_3_0_}

10:18:09.352 [main] DEBUG o.h.loader.entity.plan.EntityLoader - Static select for entity hello.pojo.Customer [UPGRADE_NOWAIT]: select customer0_.id as id1_3_0_, customer0_.first_name as first_na2_3_0_, customer0_.last_name as last_nam3_3_0_, customer0_.mail as mail4_3_0_, customer0_.title as title5_3_0_ from customer customer0_ where customer0_.id=? for update
10:18:09.352 [main] DEBUG o.h.l.p.b.i.spaces.QuerySpacesImpl - Adding QuerySpace : uid = <gen:0> -> org.hibernate.loader.plan.build.internal.spaces.EntityQuerySpaceImpl@7a360554]
10:18:09.352 [main] DEBUG o.h.p.w.spi.MetamodelGraphWalker - Visiting attribute path : billingInfos
10:18:09.352 [main] DEBUG o.h.p.w.spi.MetamodelGraphWalker - Visiting attribute path : deliveryAddresses
10:18:09.352 [main] DEBUG o.h.p.w.spi.MetamodelGraphWalker - Visiting attribute path : firstName
10:18:09.352 [main] DEBUG o.h.p.w.spi.MetamodelGraphWalker - Visiting attribute path : lastName
10:18:09.352 [main] DEBUG o.h.p.w.spi.MetamodelGraphWalker - Visiting attribute path : mail
10:18:09.352 [main] DEBUG o.h.p.w.spi.MetamodelGraphWalker - Visiting attribute path : title
10:18:09.352 [main] DEBUG o.h.l.p.b.i.FetchStyleLoadPlanBuildingAssociationVisitationStrategy - Building LoadPlan...
10:18:09.352 [main] DEBUG o.h.l.p.e.i.LoadQueryJoinAndFetchProcessor - processing queryspace <gen:0>
10:18:09.353 [main] DEBUG o.h.l.p.b.spi.LoadPlanTreePrinter - LoadPlan(entity=hello.pojo.Customer)
    - Returns
       - EntityReturnImpl(entity=hello.pojo.Customer, querySpaceUid=<gen:0>, path=hello.pojo.Customer)
    - QuerySpaces
       - EntityQuerySpaceImpl(uid=<gen:0>, entity=hello.pojo.Customer)
          - SQL table alias mapping - customer0_
          - alias suffix - 0_
          - suffixed key columns - {id1_3_0_}

10:18:09.353 [main] DEBUG o.h.loader.entity.plan.EntityLoader - Static select for entity hello.pojo.Customer [UPGRADE_SKIPLOCKED]: select customer0_.id as id1_3_0_, customer0_.first_name as first_na2_3_0_, customer0_.last_name as last_nam3_3_0_, customer0_.mail as mail4_3_0_, customer0_.title as title5_3_0_ from customer customer0_ where customer0_.id=? for update
10:18:09.353 [main] DEBUG o.h.l.p.b.i.spaces.QuerySpacesImpl - Adding QuerySpace : uid = <gen:0> -> org.hibernate.loader.plan.build.internal.spaces.EntityQuerySpaceImpl@4bc33720]
10:18:09.353 [main] DEBUG o.h.p.w.spi.MetamodelGraphWalker - Visiting attribute path : billingInfos
10:18:09.353 [main] DEBUG o.h.p.w.spi.MetamodelGraphWalker - Visiting attribute path : deliveryAddresses
10:18:09.353 [main] DEBUG o.h.p.w.spi.MetamodelGraphWalker - Visiting attribute path : firstName
10:18:09.353 [main] DEBUG o.h.p.w.spi.MetamodelGraphWalker - Visiting attribute path : lastName
10:18:09.353 [main] DEBUG o.h.p.w.spi.MetamodelGraphWalker - Visiting attribute path : mail
10:18:09.353 [main] DEBUG o.h.p.w.spi.MetamodelGraphWalker - Visiting attribute path : title
10:18:09.353 [main] DEBUG o.h.l.p.b.i.FetchStyleLoadPlanBuildingAssociationVisitationStrategy - Building LoadPlan...
10:18:09.353 [main] DEBUG o.h.l.p.e.i.LoadQueryJoinAndFetchProcessor - processing queryspace <gen:0>
10:18:09.353 [main] DEBUG o.h.l.p.b.spi.LoadPlanTreePrinter - LoadPlan(entity=hello.pojo.Customer)
    - Returns
       - EntityReturnImpl(entity=hello.pojo.Customer, querySpaceUid=<gen:0>, path=hello.pojo.Customer)
    - QuerySpaces
       - EntityQuerySpaceImpl(uid=<gen:0>, entity=hello.pojo.Customer)
          - SQL table alias mapping - customer0_
          - alias suffix - 0_
          - suffixed key columns - {id1_3_0_}

10:18:09.353 [main] DEBUG o.h.loader.entity.plan.EntityLoader - Static select for entity hello.pojo.Customer [FORCE]: select customer0_.id as id1_3_0_, customer0_.first_name as first_na2_3_0_, customer0_.last_name as last_nam3_3_0_, customer0_.mail as mail4_3_0_, customer0_.title as title5_3_0_ from customer customer0_ where customer0_.id=? for update
10:18:09.353 [main] DEBUG o.h.l.p.b.i.spaces.QuerySpacesImpl - Adding QuerySpace : uid = <gen:0> -> org.hibernate.loader.plan.build.internal.spaces.EntityQuerySpaceImpl@67064bdc]
10:18:09.353 [main] DEBUG o.h.p.w.spi.MetamodelGraphWalker - Visiting attribute path : billingInfos
10:18:09.353 [main] DEBUG o.h.p.w.spi.MetamodelGraphWalker - Visiting attribute path : deliveryAddresses
10:18:09.353 [main] DEBUG o.h.p.w.spi.MetamodelGraphWalker - Visiting attribute path : firstName
10:18:09.353 [main] DEBUG o.h.p.w.spi.MetamodelGraphWalker - Visiting attribute path : lastName
10:18:09.353 [main] DEBUG o.h.p.w.spi.MetamodelGraphWalker - Visiting attribute path : mail
10:18:09.353 [main] DEBUG o.h.p.w.spi.MetamodelGraphWalker - Visiting attribute path : title
10:18:09.353 [main] DEBUG o.h.l.p.b.i.FetchStyleLoadPlanBuildingAssociationVisitationStrategy - Building LoadPlan...
10:18:09.354 [main] DEBUG o.h.l.p.e.i.LoadQueryJoinAndFetchProcessor - processing queryspace <gen:0>
10:18:09.354 [main] DEBUG o.h.l.p.b.spi.LoadPlanTreePrinter - LoadPlan(entity=hello.pojo.Customer)
    - Returns
       - EntityReturnImpl(entity=hello.pojo.Customer, querySpaceUid=<gen:0>, path=hello.pojo.Customer)
    - QuerySpaces
       - EntityQuerySpaceImpl(uid=<gen:0>, entity=hello.pojo.Customer)
          - SQL table alias mapping - customer0_
          - alias suffix - 0_
          - suffixed key columns - {id1_3_0_}

10:18:09.354 [main] DEBUG o.h.loader.entity.plan.EntityLoader - Static select for entity hello.pojo.Customer [PESSIMISTIC_READ]: select customer0_.id as id1_3_0_, customer0_.first_name as first_na2_3_0_, customer0_.last_name as last_nam3_3_0_, customer0_.mail as mail4_3_0_, customer0_.title as title5_3_0_ from customer customer0_ where customer0_.id=? for update
10:18:09.354 [main] DEBUG o.h.l.p.b.i.spaces.QuerySpacesImpl - Adding QuerySpace : uid = <gen:0> -> org.hibernate.loader.plan.build.internal.spaces.EntityQuerySpaceImpl@18578491]
10:18:09.354 [main] DEBUG o.h.p.w.spi.MetamodelGraphWalker - Visiting attribute path : billingInfos
10:18:09.354 [main] DEBUG o.h.p.w.spi.MetamodelGraphWalker - Visiting attribute path : deliveryAddresses
10:18:09.354 [main] DEBUG o.h.p.w.spi.MetamodelGraphWalker - Visiting attribute path : firstName
10:18:09.354 [main] DEBUG o.h.p.w.spi.MetamodelGraphWalker - Visiting attribute path : lastName
10:18:09.354 [main] DEBUG o.h.p.w.spi.MetamodelGraphWalker - Visiting attribute path : mail
10:18:09.354 [main] DEBUG o.h.p.w.spi.MetamodelGraphWalker - Visiting attribute path : title
10:18:09.354 [main] DEBUG o.h.l.p.b.i.FetchStyleLoadPlanBuildingAssociationVisitationStrategy - Building LoadPlan...
10:18:09.354 [main] DEBUG o.h.l.p.e.i.LoadQueryJoinAndFetchProcessor - processing queryspace <gen:0>
10:18:09.354 [main] DEBUG o.h.l.p.b.spi.LoadPlanTreePrinter - LoadPlan(entity=hello.pojo.Customer)
    - Returns
       - EntityReturnImpl(entity=hello.pojo.Customer, querySpaceUid=<gen:0>, path=hello.pojo.Customer)
    - QuerySpaces
       - EntityQuerySpaceImpl(uid=<gen:0>, entity=hello.pojo.Customer)
          - SQL table alias mapping - customer0_
          - alias suffix - 0_
          - suffixed key columns - {id1_3_0_}

10:18:09.354 [main] DEBUG o.h.loader.entity.plan.EntityLoader - Static select for entity hello.pojo.Customer [PESSIMISTIC_WRITE]: select customer0_.id as id1_3_0_, customer0_.first_name as first_na2_3_0_, customer0_.last_name as last_nam3_3_0_, customer0_.mail as mail4_3_0_, customer0_.title as title5_3_0_ from customer customer0_ where customer0_.id=? for update
10:18:09.354 [main] DEBUG o.h.l.p.b.i.spaces.QuerySpacesImpl - Adding QuerySpace : uid = <gen:0> -> org.hibernate.loader.plan.build.internal.spaces.EntityQuerySpaceImpl@671c4166]
10:18:09.354 [main] DEBUG o.h.p.w.spi.MetamodelGraphWalker - Visiting attribute path : billingInfos
10:18:09.354 [main] DEBUG o.h.p.w.spi.MetamodelGraphWalker - Visiting attribute path : deliveryAddresses
10:18:09.354 [main] DEBUG o.h.p.w.spi.MetamodelGraphWalker - Visiting attribute path : firstName
10:18:09.354 [main] DEBUG o.h.p.w.spi.MetamodelGraphWalker - Visiting attribute path : lastName
10:18:09.354 [main] DEBUG o.h.p.w.spi.MetamodelGraphWalker - Visiting attribute path : mail
10:18:09.354 [main] DEBUG o.h.p.w.spi.MetamodelGraphWalker - Visiting attribute path : title
10:18:09.354 [main] DEBUG o.h.l.p.b.i.FetchStyleLoadPlanBuildingAssociationVisitationStrategy - Building LoadPlan...
10:18:09.355 [main] DEBUG o.h.l.p.e.i.LoadQueryJoinAndFetchProcessor - processing queryspace <gen:0>
10:18:09.355 [main] DEBUG o.h.l.p.b.spi.LoadPlanTreePrinter - LoadPlan(entity=hello.pojo.Customer)
    - Returns
       - EntityReturnImpl(entity=hello.pojo.Customer, querySpaceUid=<gen:0>, path=hello.pojo.Customer)
    - QuerySpaces
       - EntityQuerySpaceImpl(uid=<gen:0>, entity=hello.pojo.Customer)
          - SQL table alias mapping - customer0_
          - alias suffix - 0_
          - suffixed key columns - {id1_3_0_}

10:18:09.355 [main] DEBUG o.h.loader.entity.plan.EntityLoader - Static select for entity hello.pojo.Customer [PESSIMISTIC_FORCE_INCREMENT]: select customer0_.id as id1_3_0_, customer0_.first_name as first_na2_3_0_, customer0_.last_name as last_nam3_3_0_, customer0_.mail as mail4_3_0_, customer0_.title as title5_3_0_ from customer customer0_ where customer0_.id=? for update
10:18:09.355 [main] DEBUG o.h.l.p.b.i.spaces.QuerySpacesImpl - Adding QuerySpace : uid = <gen:0> -> org.hibernate.loader.plan.build.internal.spaces.EntityQuerySpaceImpl@77865933]
10:18:09.355 [main] DEBUG o.h.p.w.spi.MetamodelGraphWalker - Visiting attribute path : billingInfos
10:18:09.355 [main] DEBUG o.h.p.w.spi.MetamodelGraphWalker - Visiting attribute path : deliveryAddresses
10:18:09.355 [main] DEBUG o.h.p.w.spi.MetamodelGraphWalker - Visiting attribute path : firstName
10:18:09.355 [main] DEBUG o.h.p.w.spi.MetamodelGraphWalker - Visiting attribute path : lastName
10:18:09.355 [main] DEBUG o.h.p.w.spi.MetamodelGraphWalker - Visiting attribute path : mail
10:18:09.355 [main] DEBUG o.h.p.w.spi.MetamodelGraphWalker - Visiting attribute path : title
10:18:09.355 [main] DEBUG o.h.l.p.b.i.FetchStyleLoadPlanBuildingAssociationVisitationStrategy - Building LoadPlan...
10:18:09.355 [main] DEBUG o.h.l.p.e.i.LoadQueryJoinAndFetchProcessor - processing queryspace <gen:0>
10:18:09.355 [main] DEBUG o.h.l.p.b.spi.LoadPlanTreePrinter - LoadPlan(entity=hello.pojo.Customer)
    - Returns
       - EntityReturnImpl(entity=hello.pojo.Customer, querySpaceUid=<gen:0>, path=hello.pojo.Customer)
    - QuerySpaces
       - EntityQuerySpaceImpl(uid=<gen:0>, entity=hello.pojo.Customer)
          - SQL table alias mapping - customer0_
          - alias suffix - 0_
          - suffixed key columns - {id1_3_0_}

10:18:09.355 [main] DEBUG o.h.loader.entity.plan.EntityLoader - Static select for entity hello.pojo.Customer [OPTIMISTIC]: select customer0_.id as id1_3_0_, customer0_.first_name as first_na2_3_0_, customer0_.last_name as last_nam3_3_0_, customer0_.mail as mail4_3_0_, customer0_.title as title5_3_0_ from customer customer0_ where customer0_.id=?
10:18:09.355 [main] DEBUG o.h.l.p.b.i.spaces.QuerySpacesImpl - Adding QuerySpace : uid = <gen:0> -> org.hibernate.loader.plan.build.internal.spaces.EntityQuerySpaceImpl@4d18b73a]
10:18:09.355 [main] DEBUG o.h.p.w.spi.MetamodelGraphWalker - Visiting attribute path : billingInfos
10:18:09.355 [main] DEBUG o.h.p.w.spi.MetamodelGraphWalker - Visiting attribute path : deliveryAddresses
10:18:09.355 [main] DEBUG o.h.p.w.spi.MetamodelGraphWalker - Visiting attribute path : firstName
10:18:09.355 [main] DEBUG o.h.p.w.spi.MetamodelGraphWalker - Visiting attribute path : lastName
10:18:09.355 [main] DEBUG o.h.p.w.spi.MetamodelGraphWalker - Visiting attribute path : mail
10:18:09.355 [main] DEBUG o.h.p.w.spi.MetamodelGraphWalker - Visiting attribute path : title
10:18:09.355 [main] DEBUG o.h.l.p.b.i.FetchStyleLoadPlanBuildingAssociationVisitationStrategy - Building LoadPlan...
10:18:09.356 [main] DEBUG o.h.l.p.e.i.LoadQueryJoinAndFetchProcessor - processing queryspace <gen:0>
10:18:09.356 [main] DEBUG o.h.l.p.b.spi.LoadPlanTreePrinter - LoadPlan(entity=hello.pojo.Customer)
    - Returns
       - EntityReturnImpl(entity=hello.pojo.Customer, querySpaceUid=<gen:0>, path=hello.pojo.Customer)
    - QuerySpaces
       - EntityQuerySpaceImpl(uid=<gen:0>, entity=hello.pojo.Customer)
          - SQL table alias mapping - customer0_
          - alias suffix - 0_
          - suffixed key columns - {id1_3_0_}

10:18:09.356 [main] DEBUG o.h.loader.entity.plan.EntityLoader - Static select for entity hello.pojo.Customer [OPTIMISTIC_FORCE_INCREMENT]: select customer0_.id as id1_3_0_, customer0_.first_name as first_na2_3_0_, customer0_.last_name as last_nam3_3_0_, customer0_.mail as mail4_3_0_, customer0_.title as title5_3_0_ from customer customer0_ where customer0_.id=?
10:18:09.356 [main] DEBUG org.hibernate.loader.Loader - Static select for action ACTION_MERGE on entity hello.pojo.Customer: select customer0_.id as id1_3_0_, customer0_.first_name as first_na2_3_0_, customer0_.last_name as last_nam3_3_0_, customer0_.mail as mail4_3_0_, customer0_.title as title5_3_0_ from customer customer0_ where customer0_.id=?
10:18:09.356 [main] DEBUG org.hibernate.loader.Loader - Static select for action ACTION_REFRESH on entity hello.pojo.Customer: select customer0_.id as id1_3_0_, customer0_.first_name as first_na2_3_0_, customer0_.last_name as last_nam3_3_0_, customer0_.mail as mail4_3_0_, customer0_.title as title5_3_0_ from customer customer0_ where customer0_.id=?
10:18:09.356 [main] DEBUG o.h.p.entity.AbstractEntityPersister - Static SQL for entity: hello.pojo.Billing
10:18:09.356 [main] DEBUG o.h.p.entity.AbstractEntityPersister -  Version select: select id from billing where id =?
10:18:09.356 [main] DEBUG o.h.p.entity.AbstractEntityPersister -  Snapshot select: select billing_.id, billing_.address_id as address_2_1_, billing_.payment_id as payment_3_1_ from billing billing_ where billing_.id=?
10:18:09.356 [main] DEBUG o.h.p.entity.AbstractEntityPersister -  Insert 0: insert into billing (address_id, payment_id, id) values (?, ?, ?)
10:18:09.356 [main] DEBUG o.h.p.entity.AbstractEntityPersister -  Update 0: update billing set address_id=?, payment_id=? where id=?
10:18:09.356 [main] DEBUG o.h.p.entity.AbstractEntityPersister -  Delete 0: delete from billing where id=?
10:18:09.356 [main] DEBUG o.h.p.entity.AbstractEntityPersister -  Identity insert: insert into billing (id, address_id, payment_id) values (null, ?, ?)
10:18:09.356 [main] DEBUG o.h.l.p.b.i.spaces.QuerySpacesImpl - Adding QuerySpace : uid = <gen:0> -> org.hibernate.loader.plan.build.internal.spaces.EntityQuerySpaceImpl@52ff99cd]
10:18:09.356 [main] DEBUG o.h.p.w.spi.MetamodelGraphWalker - Visiting attribute path : address
10:18:09.356 [main] DEBUG o.h.l.p.b.i.spaces.QuerySpacesImpl - Adding QuerySpace : uid = <gen:1> -> org.hibernate.loader.plan.build.internal.spaces.EntityQuerySpaceImpl@44032fde]
10:18:09.356 [main] DEBUG o.h.p.w.spi.MetamodelGraphWalker - Visiting attribute path : address.country
10:18:09.356 [main] DEBUG o.h.p.w.spi.MetamodelGraphWalker - Visiting attribute path : address.postalcode
10:18:09.356 [main] DEBUG o.h.p.w.spi.MetamodelGraphWalker - Visiting attribute path : address.state
10:18:09.356 [main] DEBUG o.h.p.w.spi.MetamodelGraphWalker - Visiting attribute path : address.street
10:18:09.357 [main] DEBUG o.h.p.w.spi.MetamodelGraphWalker - Visiting attribute path : payment
10:18:09.357 [main] DEBUG o.h.l.p.b.i.spaces.QuerySpacesImpl - Adding QuerySpace : uid = <gen:2> -> org.hibernate.loader.plan.build.internal.spaces.EntityQuerySpaceImpl@5578be42]
10:18:09.357 [main] DEBUG o.h.p.w.spi.MetamodelGraphWalker - Visiting attribute path : payment.paymentType
10:18:09.357 [main] DEBUG o.h.l.p.b.i.FetchStyleLoadPlanBuildingAssociationVisitationStrategy - Building LoadPlan...
10:18:09.357 [main] DEBUG o.h.l.p.e.i.LoadQueryJoinAndFetchProcessor - processing queryspace <gen:0>
10:18:09.357 [main] DEBUG o.h.l.p.b.spi.LoadPlanTreePrinter - LoadPlan(entity=hello.pojo.Billing)
    - Returns
       - EntityReturnImpl(entity=hello.pojo.Billing, querySpaceUid=<gen:0>, path=hello.pojo.Billing)
          - EntityAttributeFetchImpl(entity=hello.pojo.Address, querySpaceUid=<gen:1>, path=hello.pojo.Billing.address)
          - EntityAttributeFetchImpl(entity=hello.pojo.Payment, querySpaceUid=<gen:2>, path=hello.pojo.Billing.payment)
    - QuerySpaces
       - EntityQuerySpaceImpl(uid=<gen:0>, entity=hello.pojo.Billing)
          - SQL table alias mapping - billing0_
          - alias suffix - 0_
          - suffixed key columns - {id1_1_0_}
          - JOIN (JoinDefinedByMetadata(address)) : <gen:0> -> <gen:1>
             - EntityQuerySpaceImpl(uid=<gen:1>, entity=hello.pojo.Address)
                - SQL table alias mapping - address1_
                - alias suffix - 1_
                - suffixed key columns - {id1_0_1_}
          - JOIN (JoinDefinedByMetadata(payment)) : <gen:0> -> <gen:2>
             - EntityQuerySpaceImpl(uid=<gen:2>, entity=hello.pojo.Payment)
                - SQL table alias mapping - payment2_
                - alias suffix - 2_
                - suffixed key columns - {id1_9_2_}

10:18:09.357 [main] DEBUG o.h.loader.entity.plan.EntityLoader - Static select for entity hello.pojo.Billing [NONE]: select billing0_.id as id1_1_0_, billing0_.address_id as address_2_1_0_, billing0_.payment_id as payment_3_1_0_, address1_.id as id1_0_1_, address1_.country as country2_0_1_, address1_.postalcode as postalco3_0_1_, address1_.state as state4_0_1_, address1_.street as street5_0_1_, payment2_.id as id1_9_2_, payment2_.payment_type as payment_2_9_2_ from billing billing0_ left outer join address address1_ on billing0_.address_id=address1_.id left outer join payment payment2_ on billing0_.payment_id=payment2_.id where billing0_.id=?
10:18:09.357 [main] DEBUG o.h.l.p.b.i.spaces.QuerySpacesImpl - Adding QuerySpace : uid = <gen:0> -> org.hibernate.loader.plan.build.internal.spaces.EntityQuerySpaceImpl@136965e3]
10:18:09.357 [main] DEBUG o.h.p.w.spi.MetamodelGraphWalker - Visiting attribute path : address
10:18:09.357 [main] DEBUG o.h.l.p.b.i.spaces.QuerySpacesImpl - Adding QuerySpace : uid = <gen:1> -> org.hibernate.loader.plan.build.internal.spaces.EntityQuerySpaceImpl@435cc7f9]
10:18:09.357 [main] DEBUG o.h.p.w.spi.MetamodelGraphWalker - Visiting attribute path : address.country
10:18:09.357 [main] DEBUG o.h.p.w.spi.MetamodelGraphWalker - Visiting attribute path : address.postalcode
10:18:09.357 [main] DEBUG o.h.p.w.spi.MetamodelGraphWalker - Visiting attribute path : address.state
10:18:09.357 [main] DEBUG o.h.p.w.spi.MetamodelGraphWalker - Visiting attribute path : address.street
10:18:09.357 [main] DEBUG o.h.p.w.spi.MetamodelGraphWalker - Visiting attribute path : payment
10:18:09.357 [main] DEBUG o.h.l.p.b.i.spaces.QuerySpacesImpl - Adding QuerySpace : uid = <gen:2> -> org.hibernate.loader.plan.build.internal.spaces.EntityQuerySpaceImpl@1b7a52dd]
10:18:09.357 [main] DEBUG o.h.p.w.spi.MetamodelGraphWalker - Visiting attribute path : payment.paymentType
10:18:09.358 [main] DEBUG o.h.l.p.b.i.FetchStyleLoadPlanBuildingAssociationVisitationStrategy - Building LoadPlan...
10:18:09.358 [main] DEBUG o.h.l.p.e.i.LoadQueryJoinAndFetchProcessor - processing queryspace <gen:0>
10:18:09.358 [main] DEBUG o.h.l.p.b.spi.LoadPlanTreePrinter - LoadPlan(entity=hello.pojo.Billing)
    - Returns
       - EntityReturnImpl(entity=hello.pojo.Billing, querySpaceUid=<gen:0>, path=hello.pojo.Billing)
          - EntityAttributeFetchImpl(entity=hello.pojo.Address, querySpaceUid=<gen:1>, path=hello.pojo.Billing.address)
          - EntityAttributeFetchImpl(entity=hello.pojo.Payment, querySpaceUid=<gen:2>, path=hello.pojo.Billing.payment)
    - QuerySpaces
       - EntityQuerySpaceImpl(uid=<gen:0>, entity=hello.pojo.Billing)
          - SQL table alias mapping - billing0_
          - alias suffix - 0_
          - suffixed key columns - {id1_1_0_}
          - JOIN (JoinDefinedByMetadata(address)) : <gen:0> -> <gen:1>
             - EntityQuerySpaceImpl(uid=<gen:1>, entity=hello.pojo.Address)
                - SQL table alias mapping - address1_
                - alias suffix - 1_
                - suffixed key columns - {id1_0_1_}
          - JOIN (JoinDefinedByMetadata(payment)) : <gen:0> -> <gen:2>
             - EntityQuerySpaceImpl(uid=<gen:2>, entity=hello.pojo.Payment)
                - SQL table alias mapping - payment2_
                - alias suffix - 2_
                - suffixed key columns - {id1_9_2_}

10:18:09.358 [main] DEBUG o.h.loader.entity.plan.EntityLoader - Static select for entity hello.pojo.Billing [READ]: select billing0_.id as id1_1_0_, billing0_.address_id as address_2_1_0_, billing0_.payment_id as payment_3_1_0_, address1_.id as id1_0_1_, address1_.country as country2_0_1_, address1_.postalcode as postalco3_0_1_, address1_.state as state4_0_1_, address1_.street as street5_0_1_, payment2_.id as id1_9_2_, payment2_.payment_type as payment_2_9_2_ from billing billing0_ left outer join address address1_ on billing0_.address_id=address1_.id left outer join payment payment2_ on billing0_.payment_id=payment2_.id where billing0_.id=?
10:18:09.358 [main] DEBUG o.h.l.p.b.i.spaces.QuerySpacesImpl - Adding QuerySpace : uid = <gen:0> -> org.hibernate.loader.plan.build.internal.spaces.EntityQuerySpaceImpl@5ad5be4a]
10:18:09.358 [main] DEBUG o.h.p.w.spi.MetamodelGraphWalker - Visiting attribute path : address
10:18:09.358 [main] DEBUG o.h.l.p.b.i.spaces.QuerySpacesImpl - Adding QuerySpace : uid = <gen:1> -> org.hibernate.loader.plan.build.internal.spaces.EntityQuerySpaceImpl@737d100a]
10:18:09.358 [main] DEBUG o.h.p.w.spi.MetamodelGraphWalker - Visiting attribute path : payment
10:18:09.358 [main] DEBUG o.h.l.p.b.i.spaces.QuerySpacesImpl - Adding QuerySpace : uid = <gen:2> -> org.hibernate.loader.plan.build.internal.spaces.EntityQuerySpaceImpl@12e5da86]
10:18:09.358 [main] DEBUG o.h.l.p.b.i.FetchStyleLoadPlanBuildingAssociationVisitationStrategy - Building LoadPlan...
10:18:09.358 [main] DEBUG o.h.l.p.e.i.LoadQueryJoinAndFetchProcessor - processing queryspace <gen:0>
10:18:09.358 [main] DEBUG o.h.l.p.b.spi.LoadPlanTreePrinter - LoadPlan(entity=hello.pojo.Billing)
    - Returns
       - EntityReturnImpl(entity=hello.pojo.Billing, querySpaceUid=<gen:0>, path=hello.pojo.Billing)
          - EntityAttributeFetchImpl(entity=hello.pojo.Address, querySpaceUid=<gen:1>, path=hello.pojo.Billing.address)
          - EntityAttributeFetchImpl(entity=hello.pojo.Payment, querySpaceUid=<gen:2>, path=hello.pojo.Billing.payment)
    - QuerySpaces
       - EntityQuerySpaceImpl(uid=<gen:0>, entity=hello.pojo.Billing)
          - SQL table alias mapping - billing0_
          - alias suffix - 0_
          - suffixed key columns - {id1_1_0_}

10:18:09.358 [main] DEBUG o.h.loader.entity.plan.EntityLoader - Static select for entity hello.pojo.Billing [UPGRADE]: select billing0_.id as id1_1_0_, billing0_.address_id as address_2_1_0_, billing0_.payment_id as payment_3_1_0_ from billing billing0_ where billing0_.id=? for update
10:18:09.363 [main] DEBUG o.h.l.p.b.i.spaces.QuerySpacesImpl - Adding QuerySpace : uid = <gen:0> -> org.hibernate.loader.plan.build.internal.spaces.EntityQuerySpaceImpl@6535117e]
10:18:09.363 [main] DEBUG o.h.p.w.spi.MetamodelGraphWalker - Visiting attribute path : address
10:18:09.363 [main] DEBUG o.h.l.p.b.i.spaces.QuerySpacesImpl - Adding QuerySpace : uid = <gen:1> -> org.hibernate.loader.plan.build.internal.spaces.EntityQuerySpaceImpl@6fa13e6]
10:18:09.363 [main] DEBUG o.h.p.w.spi.MetamodelGraphWalker - Visiting attribute path : payment
10:18:09.363 [main] DEBUG o.h.l.p.b.i.spaces.QuerySpacesImpl - Adding QuerySpace : uid = <gen:2> -> org.hibernate.loader.plan.build.internal.spaces.EntityQuerySpaceImpl@3af7d855]
10:18:09.363 [main] DEBUG o.h.l.p.b.i.FetchStyleLoadPlanBuildingAssociationVisitationStrategy - Building LoadPlan...
10:18:09.364 [main] DEBUG o.h.l.p.e.i.LoadQueryJoinAndFetchProcessor - processing queryspace <gen:0>
10:18:09.364 [main] DEBUG o.h.l.p.b.spi.LoadPlanTreePrinter - LoadPlan(entity=hello.pojo.Billing)
    - Returns
       - EntityReturnImpl(entity=hello.pojo.Billing, querySpaceUid=<gen:0>, path=hello.pojo.Billing)
          - EntityAttributeFetchImpl(entity=hello.pojo.Address, querySpaceUid=<gen:1>, path=hello.pojo.Billing.address)
          - EntityAttributeFetchImpl(entity=hello.pojo.Payment, querySpaceUid=<gen:2>, path=hello.pojo.Billing.payment)
    - QuerySpaces
       - EntityQuerySpaceImpl(uid=<gen:0>, entity=hello.pojo.Billing)
          - SQL table alias mapping - billing0_
          - alias suffix - 0_
          - suffixed key columns - {id1_1_0_}

10:18:09.364 [main] DEBUG o.h.loader.entity.plan.EntityLoader - Static select for entity hello.pojo.Billing [UPGRADE_NOWAIT]: select billing0_.id as id1_1_0_, billing0_.address_id as address_2_1_0_, billing0_.payment_id as payment_3_1_0_ from billing billing0_ where billing0_.id=? for update
10:18:09.364 [main] DEBUG o.h.l.p.b.i.spaces.QuerySpacesImpl - Adding QuerySpace : uid = <gen:0> -> org.hibernate.loader.plan.build.internal.spaces.EntityQuerySpaceImpl@77049094]
10:18:09.365 [main] DEBUG o.h.p.w.spi.MetamodelGraphWalker - Visiting attribute path : address
10:18:09.365 [main] DEBUG o.h.l.p.b.i.spaces.QuerySpacesImpl - Adding QuerySpace : uid = <gen:1> -> org.hibernate.loader.plan.build.internal.spaces.EntityQuerySpaceImpl@59bbe88a]
10:18:09.365 [main] DEBUG o.h.p.w.spi.MetamodelGraphWalker - Visiting attribute path : payment
10:18:09.365 [main] DEBUG o.h.l.p.b.i.spaces.QuerySpacesImpl - Adding QuerySpace : uid = <gen:2> -> org.hibernate.loader.plan.build.internal.spaces.EntityQuerySpaceImpl@5d8ab698]
10:18:09.365 [main] DEBUG o.h.l.p.b.i.FetchStyleLoadPlanBuildingAssociationVisitationStrategy - Building LoadPlan...
10:18:09.365 [main] DEBUG o.h.l.p.e.i.LoadQueryJoinAndFetchProcessor - processing queryspace <gen:0>
10:18:09.365 [main] DEBUG o.h.l.p.b.spi.LoadPlanTreePrinter - LoadPlan(entity=hello.pojo.Billing)
    - Returns
       - EntityReturnImpl(entity=hello.pojo.Billing, querySpaceUid=<gen:0>, path=hello.pojo.Billing)
          - EntityAttributeFetchImpl(entity=hello.pojo.Address, querySpaceUid=<gen:1>, path=hello.pojo.Billing.address)
          - EntityAttributeFetchImpl(entity=hello.pojo.Payment, querySpaceUid=<gen:2>, path=hello.pojo.Billing.payment)
    - QuerySpaces
       - EntityQuerySpaceImpl(uid=<gen:0>, entity=hello.pojo.Billing)
          - SQL table alias mapping - billing0_
          - alias suffix - 0_
          - suffixed key columns - {id1_1_0_}

10:18:09.367 [main] DEBUG o.h.loader.entity.plan.EntityLoader - Static select for entity hello.pojo.Billing [UPGRADE_SKIPLOCKED]: select billing0_.id as id1_1_0_, billing0_.address_id as address_2_1_0_, billing0_.payment_id as payment_3_1_0_ from billing billing0_ where billing0_.id=? for update
10:18:09.367 [main] DEBUG o.h.l.p.b.i.spaces.QuerySpacesImpl - Adding QuerySpace : uid = <gen:0> -> org.hibernate.loader.plan.build.internal.spaces.EntityQuerySpaceImpl@ed91d8d]
10:18:09.367 [main] DEBUG o.h.p.w.spi.MetamodelGraphWalker - Visiting attribute path : address
10:18:09.367 [main] DEBUG o.h.l.p.b.i.spaces.QuerySpacesImpl - Adding QuerySpace : uid = <gen:1> -> org.hibernate.loader.plan.build.internal.spaces.EntityQuerySpaceImpl@429f7919]
10:18:09.368 [main] DEBUG o.h.p.w.spi.MetamodelGraphWalker - Visiting attribute path : payment
10:18:09.368 [main] DEBUG o.h.l.p.b.i.spaces.QuerySpacesImpl - Adding QuerySpace : uid = <gen:2> -> org.hibernate.loader.plan.build.internal.spaces.EntityQuerySpaceImpl@4a2929a4]
10:18:09.368 [main] DEBUG o.h.l.p.b.i.FetchStyleLoadPlanBuildingAssociationVisitationStrategy - Building LoadPlan...
10:18:09.368 [main] DEBUG o.h.l.p.e.i.LoadQueryJoinAndFetchProcessor - processing queryspace <gen:0>
10:18:09.368 [main] DEBUG o.h.l.p.b.spi.LoadPlanTreePrinter - LoadPlan(entity=hello.pojo.Billing)
    - Returns
       - EntityReturnImpl(entity=hello.pojo.Billing, querySpaceUid=<gen:0>, path=hello.pojo.Billing)
          - EntityAttributeFetchImpl(entity=hello.pojo.Address, querySpaceUid=<gen:1>, path=hello.pojo.Billing.address)
          - EntityAttributeFetchImpl(entity=hello.pojo.Payment, querySpaceUid=<gen:2>, path=hello.pojo.Billing.payment)
    - QuerySpaces
       - EntityQuerySpaceImpl(uid=<gen:0>, entity=hello.pojo.Billing)
          - SQL table alias mapping - billing0_
          - alias suffix - 0_
          - suffixed key columns - {id1_1_0_}

10:18:09.368 [main] DEBUG o.h.loader.entity.plan.EntityLoader - Static select for entity hello.pojo.Billing [FORCE]: select billing0_.id as id1_1_0_, billing0_.address_id as address_2_1_0_, billing0_.payment_id as payment_3_1_0_ from billing billing0_ where billing0_.id=? for update
10:18:09.368 [main] DEBUG o.h.l.p.b.i.spaces.QuerySpacesImpl - Adding QuerySpace : uid = <gen:0> -> org.hibernate.loader.plan.build.internal.spaces.EntityQuerySpaceImpl@cda6019]
10:18:09.368 [main] DEBUG o.h.p.w.spi.MetamodelGraphWalker - Visiting attribute path : address
10:18:09.369 [main] DEBUG o.h.l.p.b.i.spaces.QuerySpacesImpl - Adding QuerySpace : uid = <gen:1> -> org.hibernate.loader.plan.build.internal.spaces.EntityQuerySpaceImpl@4012d5bc]
10:18:09.369 [main] DEBUG o.h.p.w.spi.MetamodelGraphWalker - Visiting attribute path : payment
10:18:09.369 [main] DEBUG o.h.l.p.b.i.spaces.QuerySpacesImpl - Adding QuerySpace : uid = <gen:2> -> org.hibernate.loader.plan.build.internal.spaces.EntityQuerySpaceImpl@4375b013]
10:18:09.369 [main] DEBUG o.h.l.p.b.i.FetchStyleLoadPlanBuildingAssociationVisitationStrategy - Building LoadPlan...
10:18:09.369 [main] DEBUG o.h.l.p.e.i.LoadQueryJoinAndFetchProcessor - processing queryspace <gen:0>
10:18:09.369 [main] DEBUG o.h.l.p.b.spi.LoadPlanTreePrinter - LoadPlan(entity=hello.pojo.Billing)
    - Returns
       - EntityReturnImpl(entity=hello.pojo.Billing, querySpaceUid=<gen:0>, path=hello.pojo.Billing)
          - EntityAttributeFetchImpl(entity=hello.pojo.Address, querySpaceUid=<gen:1>, path=hello.pojo.Billing.address)
          - EntityAttributeFetchImpl(entity=hello.pojo.Payment, querySpaceUid=<gen:2>, path=hello.pojo.Billing.payment)
    - QuerySpaces
       - EntityQuerySpaceImpl(uid=<gen:0>, entity=hello.pojo.Billing)
          - SQL table alias mapping - billing0_
          - alias suffix - 0_
          - suffixed key columns - {id1_1_0_}

10:18:09.369 [main] DEBUG o.h.loader.entity.plan.EntityLoader - Static select for entity hello.pojo.Billing [PESSIMISTIC_READ]: select billing0_.id as id1_1_0_, billing0_.address_id as address_2_1_0_, billing0_.payment_id as payment_3_1_0_ from billing billing0_ where billing0_.id=? for update
10:18:09.369 [main] DEBUG o.h.l.p.b.i.spaces.QuerySpacesImpl - Adding QuerySpace : uid = <gen:0> -> org.hibernate.loader.plan.build.internal.spaces.EntityQuerySpaceImpl@1cf0cacc]
10:18:09.369 [main] DEBUG o.h.p.w.spi.MetamodelGraphWalker - Visiting attribute path : address
10:18:09.370 [main] DEBUG o.h.l.p.b.i.spaces.QuerySpacesImpl - Adding QuerySpace : uid = <gen:1> -> org.hibernate.loader.plan.build.internal.spaces.EntityQuerySpaceImpl@529c2a9a]
10:18:09.370 [main] DEBUG o.h.p.w.spi.MetamodelGraphWalker - Visiting attribute path : payment
10:18:09.370 [main] DEBUG o.h.l.p.b.i.spaces.QuerySpacesImpl - Adding QuerySpace : uid = <gen:2> -> org.hibernate.loader.plan.build.internal.spaces.EntityQuerySpaceImpl@3c87fdf2]
10:18:09.370 [main] DEBUG o.h.l.p.b.i.FetchStyleLoadPlanBuildingAssociationVisitationStrategy - Building LoadPlan...
10:18:09.370 [main] DEBUG o.h.l.p.e.i.LoadQueryJoinAndFetchProcessor - processing queryspace <gen:0>
10:18:09.370 [main] DEBUG o.h.l.p.b.spi.LoadPlanTreePrinter - LoadPlan(entity=hello.pojo.Billing)
    - Returns
       - EntityReturnImpl(entity=hello.pojo.Billing, querySpaceUid=<gen:0>, path=hello.pojo.Billing)
          - EntityAttributeFetchImpl(entity=hello.pojo.Address, querySpaceUid=<gen:1>, path=hello.pojo.Billing.address)
          - EntityAttributeFetchImpl(entity=hello.pojo.Payment, querySpaceUid=<gen:2>, path=hello.pojo.Billing.payment)
    - QuerySpaces
       - EntityQuerySpaceImpl(uid=<gen:0>, entity=hello.pojo.Billing)
          - SQL table alias mapping - billing0_
          - alias suffix - 0_
          - suffixed key columns - {id1_1_0_}

10:18:09.370 [main] DEBUG o.h.loader.entity.plan.EntityLoader - Static select for entity hello.pojo.Billing [PESSIMISTIC_WRITE]: select billing0_.id as id1_1_0_, billing0_.address_id as address_2_1_0_, billing0_.payment_id as payment_3_1_0_ from billing billing0_ where billing0_.id=? for update
10:18:09.370 [main] DEBUG o.h.l.p.b.i.spaces.QuerySpacesImpl - Adding QuerySpace : uid = <gen:0> -> org.hibernate.loader.plan.build.internal.spaces.EntityQuerySpaceImpl@26bbe604]
10:18:09.370 [main] DEBUG o.h.p.w.spi.MetamodelGraphWalker - Visiting attribute path : address
10:18:09.370 [main] DEBUG o.h.l.p.b.i.spaces.QuerySpacesImpl - Adding QuerySpace : uid = <gen:1> -> org.hibernate.loader.plan.build.internal.spaces.EntityQuerySpaceImpl@3c98781a]
10:18:09.370 [main] DEBUG o.h.p.w.spi.MetamodelGraphWalker - Visiting attribute path : payment
10:18:09.370 [main] DEBUG o.h.l.p.b.i.spaces.QuerySpacesImpl - Adding QuerySpace : uid = <gen:2> -> org.hibernate.loader.plan.build.internal.spaces.EntityQuerySpaceImpl@3f736a16]
10:18:09.370 [main] DEBUG o.h.l.p.b.i.FetchStyleLoadPlanBuildingAssociationVisitationStrategy - Building LoadPlan...
10:18:09.371 [main] DEBUG o.h.l.p.e.i.LoadQueryJoinAndFetchProcessor - processing queryspace <gen:0>
10:18:09.371 [main] DEBUG o.h.l.p.b.spi.LoadPlanTreePrinter - LoadPlan(entity=hello.pojo.Billing)
    - Returns
       - EntityReturnImpl(entity=hello.pojo.Billing, querySpaceUid=<gen:0>, path=hello.pojo.Billing)
          - EntityAttributeFetchImpl(entity=hello.pojo.Address, querySpaceUid=<gen:1>, path=hello.pojo.Billing.address)
          - EntityAttributeFetchImpl(entity=hello.pojo.Payment, querySpaceUid=<gen:2>, path=hello.pojo.Billing.payment)
    - QuerySpaces
       - EntityQuerySpaceImpl(uid=<gen:0>, entity=hello.pojo.Billing)
          - SQL table alias mapping - billing0_
          - alias suffix - 0_
          - suffixed key columns - {id1_1_0_}

10:18:09.371 [main] DEBUG o.h.loader.entity.plan.EntityLoader - Static select for entity hello.pojo.Billing [PESSIMISTIC_FORCE_INCREMENT]: select billing0_.id as id1_1_0_, billing0_.address_id as address_2_1_0_, billing0_.payment_id as payment_3_1_0_ from billing billing0_ where billing0_.id=? for update
10:18:09.371 [main] DEBUG o.h.l.p.b.i.spaces.QuerySpacesImpl - Adding QuerySpace : uid = <gen:0> -> org.hibernate.loader.plan.build.internal.spaces.EntityQuerySpaceImpl@4601203a]
10:18:09.371 [main] DEBUG o.h.p.w.spi.MetamodelGraphWalker - Visiting attribute path : address
10:18:09.371 [main] DEBUG o.h.l.p.b.i.spaces.QuerySpacesImpl - Adding QuerySpace : uid = <gen:1> -> org.hibernate.loader.plan.build.internal.spaces.EntityQuerySpaceImpl@2c8c16c0]
10:18:09.371 [main] DEBUG o.h.p.w.spi.MetamodelGraphWalker - Visiting attribute path : payment
10:18:09.371 [main] DEBUG o.h.l.p.b.i.spaces.QuerySpacesImpl - Adding QuerySpace : uid = <gen:2> -> org.hibernate.loader.plan.build.internal.spaces.EntityQuerySpaceImpl@80bfa9d]
10:18:09.371 [main] DEBUG o.h.l.p.b.i.FetchStyleLoadPlanBuildingAssociationVisitationStrategy - Building LoadPlan...
10:18:09.371 [main] DEBUG o.h.l.p.e.i.LoadQueryJoinAndFetchProcessor - processing queryspace <gen:0>
10:18:09.371 [main] DEBUG o.h.l.p.b.spi.LoadPlanTreePrinter - LoadPlan(entity=hello.pojo.Billing)
    - Returns
       - EntityReturnImpl(entity=hello.pojo.Billing, querySpaceUid=<gen:0>, path=hello.pojo.Billing)
          - EntityAttributeFetchImpl(entity=hello.pojo.Address, querySpaceUid=<gen:1>, path=hello.pojo.Billing.address)
          - EntityAttributeFetchImpl(entity=hello.pojo.Payment, querySpaceUid=<gen:2>, path=hello.pojo.Billing.payment)
    - QuerySpaces
       - EntityQuerySpaceImpl(uid=<gen:0>, entity=hello.pojo.Billing)
          - SQL table alias mapping - billing0_
          - alias suffix - 0_
          - suffixed key columns - {id1_1_0_}

10:18:09.371 [main] DEBUG o.h.loader.entity.plan.EntityLoader - Static select for entity hello.pojo.Billing [OPTIMISTIC]: select billing0_.id as id1_1_0_, billing0_.address_id as address_2_1_0_, billing0_.payment_id as payment_3_1_0_ from billing billing0_ where billing0_.id=?
10:18:09.372 [main] DEBUG o.h.l.p.b.i.spaces.QuerySpacesImpl - Adding QuerySpace : uid = <gen:0> -> org.hibernate.loader.plan.build.internal.spaces.EntityQuerySpaceImpl@47c40b56]
10:18:09.372 [main] DEBUG o.h.p.w.spi.MetamodelGraphWalker - Visiting attribute path : address
10:18:09.372 [main] DEBUG o.h.l.p.b.i.spaces.QuerySpacesImpl - Adding QuerySpace : uid = <gen:1> -> org.hibernate.loader.plan.build.internal.spaces.EntityQuerySpaceImpl@7f5b9db]
10:18:09.372 [main] DEBUG o.h.p.w.spi.MetamodelGraphWalker - Visiting attribute path : payment
10:18:09.372 [main] DEBUG o.h.l.p.b.i.spaces.QuerySpacesImpl - Adding QuerySpace : uid = <gen:2> -> org.hibernate.loader.plan.build.internal.spaces.EntityQuerySpaceImpl@507d64aa]
10:18:09.372 [main] DEBUG o.h.l.p.b.i.FetchStyleLoadPlanBuildingAssociationVisitationStrategy - Building LoadPlan...
10:18:09.372 [main] DEBUG o.h.l.p.e.i.LoadQueryJoinAndFetchProcessor - processing queryspace <gen:0>
10:18:09.372 [main] DEBUG o.h.l.p.b.spi.LoadPlanTreePrinter - LoadPlan(entity=hello.pojo.Billing)
    - Returns
       - EntityReturnImpl(entity=hello.pojo.Billing, querySpaceUid=<gen:0>, path=hello.pojo.Billing)
          - EntityAttributeFetchImpl(entity=hello.pojo.Address, querySpaceUid=<gen:1>, path=hello.pojo.Billing.address)
          - EntityAttributeFetchImpl(entity=hello.pojo.Payment, querySpaceUid=<gen:2>, path=hello.pojo.Billing.payment)
    - QuerySpaces
       - EntityQuerySpaceImpl(uid=<gen:0>, entity=hello.pojo.Billing)
          - SQL table alias mapping - billing0_
          - alias suffix - 0_
          - suffixed key columns - {id1_1_0_}

10:18:09.372 [main] DEBUG o.h.loader.entity.plan.EntityLoader - Static select for entity hello.pojo.Billing [OPTIMISTIC_FORCE_INCREMENT]: select billing0_.id as id1_1_0_, billing0_.address_id as address_2_1_0_, billing0_.payment_id as payment_3_1_0_ from billing billing0_ where billing0_.id=?
10:18:09.373 [main] DEBUG org.hibernate.loader.Loader - Static select for action ACTION_MERGE on entity hello.pojo.Billing: select billing0_.id as id1_1_0_, billing0_.address_id as address_2_1_0_, billing0_.payment_id as payment_3_1_0_ from billing billing0_ where billing0_.id=?
10:18:09.373 [main] DEBUG org.hibernate.loader.Loader - Static select for action ACTION_REFRESH on entity hello.pojo.Billing: select billing0_.id as id1_1_0_, billing0_.address_id as address_2_1_0_, billing0_.payment_id as payment_3_1_0_ from billing billing0_ where billing0_.id=?
10:18:09.379 [main] DEBUG o.h.l.p.b.i.spaces.QuerySpacesImpl - Adding QuerySpace : uid = <gen:0> -> org.hibernate.loader.plan.build.internal.spaces.CollectionQuerySpaceImpl@2c88a3e8]
10:18:09.379 [main] DEBUG o.h.l.p.b.i.spaces.QuerySpacesImpl - Adding QuerySpace : uid = <gen:1> -> org.hibernate.loader.plan.build.internal.spaces.EntityQuerySpaceImpl@68ac9ec5]
10:18:09.380 [main] DEBUG o.h.p.w.spi.MetamodelGraphWalker - Visiting attribute path : address
10:18:09.380 [main] DEBUG o.h.l.p.b.i.spaces.QuerySpacesImpl - Adding QuerySpace : uid = <gen:2> -> org.hibernate.loader.plan.build.internal.spaces.EntityQuerySpaceImpl@5c441290]
10:18:09.380 [main] DEBUG o.h.p.w.spi.MetamodelGraphWalker - Visiting attribute path : address.country
10:18:09.380 [main] DEBUG o.h.p.w.spi.MetamodelGraphWalker - Visiting attribute path : address.postalcode
10:18:09.380 [main] DEBUG o.h.p.w.spi.MetamodelGraphWalker - Visiting attribute path : address.state
10:18:09.380 [main] DEBUG o.h.p.w.spi.MetamodelGraphWalker - Visiting attribute path : address.street
10:18:09.380 [main] DEBUG o.h.p.w.spi.MetamodelGraphWalker - Visiting attribute path : payment
10:18:09.380 [main] DEBUG o.h.l.p.b.i.spaces.QuerySpacesImpl - Adding QuerySpace : uid = <gen:3> -> org.hibernate.loader.plan.build.internal.spaces.EntityQuerySpaceImpl@7f1ef916]
10:18:09.380 [main] DEBUG o.h.p.w.spi.MetamodelGraphWalker - Visiting attribute path : payment.paymentType
10:18:09.380 [main] DEBUG o.h.l.p.b.i.FetchStyleLoadPlanBuildingAssociationVisitationStrategy - Building LoadPlan...
10:18:09.382 [main] DEBUG o.h.l.p.e.i.LoadQueryJoinAndFetchProcessor - processing queryspace <gen:0>
10:18:09.383 [main] DEBUG o.h.l.p.b.spi.LoadPlanTreePrinter - LoadPlan(collection=hello.pojo.Customer.billingInfos)
    - Returns
       - CollectionReturnImpl(collection=hello.pojo.Customer.billingInfos, querySpaceUid=<gen:0>, path=[hello.pojo.Customer.billingInfos])
          - (collection element) CollectionFetchableElementEntityGraph(entity=hello.pojo.Billing, querySpaceUid=<gen:1>, path=[hello.pojo.Customer.billingInfos].<elements>)
             - EntityAttributeFetchImpl(entity=hello.pojo.Address, querySpaceUid=<gen:2>, path=[hello.pojo.Customer.billingInfos].<elements>.address)
             - EntityAttributeFetchImpl(entity=hello.pojo.Payment, querySpaceUid=<gen:3>, path=[hello.pojo.Customer.billingInfos].<elements>.payment)
    - QuerySpaces
       - CollectionQuerySpaceImpl(uid=<gen:0>, collection=hello.pojo.Customer.billingInfos)
          - SQL table alias mapping - billinginf0_
          - alias suffix - 0_
          - suffixed key columns - {customer1_3_0_}
          - entity-element alias suffix - 1_
          - 1_entity-element suffixed key columns - id1_1_1_
          - JOIN (JoinDefinedByMetadata(elements)) : <gen:0> -> <gen:1>
             - EntityQuerySpaceImpl(uid=<gen:1>, entity=hello.pojo.Billing)
                - SQL table alias mapping - billing1_
                - alias suffix - 1_
                - suffixed key columns - {id1_1_1_}
                - JOIN (JoinDefinedByMetadata(address)) : <gen:1> -> <gen:2>
                   - EntityQuerySpaceImpl(uid=<gen:2>, entity=hello.pojo.Address)
                      - SQL table alias mapping - address2_
                      - alias suffix - 2_
                      - suffixed key columns - {id1_0_2_}
                - JOIN (JoinDefinedByMetadata(payment)) : <gen:1> -> <gen:3>
                   - EntityQuerySpaceImpl(uid=<gen:3>, entity=hello.pojo.Payment)
                      - SQL table alias mapping - payment3_
                      - alias suffix - 3_
                      - suffixed key columns - {id1_9_3_}

10:18:09.384 [main] DEBUG o.h.l.c.plan.CollectionLoader - Static select for collection hello.pojo.Customer.billingInfos: select billinginf0_.customer_id as customer1_3_0_, billinginf0_.billing_infos_id as billing_2_4_0_, billing1_.id as id1_1_1_, billing1_.address_id as address_2_1_1_, billing1_.payment_id as payment_3_1_1_, address2_.id as id1_0_2_, address2_.country as country2_0_2_, address2_.postalcode as postalco3_0_2_, address2_.state as state4_0_2_, address2_.street as street5_0_2_, payment3_.id as id1_9_3_, payment3_.payment_type as payment_2_9_3_ from customer_billing_infos billinginf0_ inner join billing billing1_ on billinginf0_.billing_infos_id=billing1_.id left outer join address address2_ on billing1_.address_id=address2_.id left outer join payment payment3_ on billing1_.payment_id=payment3_.id where billinginf0_.customer_id=?
10:18:09.384 [main] DEBUG o.h.l.p.b.i.spaces.QuerySpacesImpl - Adding QuerySpace : uid = <gen:0> -> org.hibernate.loader.plan.build.internal.spaces.CollectionQuerySpaceImpl@3791f50e]
10:18:09.384 [main] DEBUG o.h.l.p.b.i.spaces.QuerySpacesImpl - Adding QuerySpace : uid = <gen:1> -> org.hibernate.loader.plan.build.internal.spaces.EntityQuerySpaceImpl@574b7f4a]
10:18:09.384 [main] DEBUG o.h.p.w.spi.MetamodelGraphWalker - Visiting attribute path : comment
10:18:09.384 [main] DEBUG o.h.l.p.b.i.spaces.QuerySpacesImpl - Adding QuerySpace : uid = <gen:2> -> org.hibernate.loader.plan.build.internal.spaces.EntityQuerySpaceImpl@a96d56c]
10:18:09.384 [main] DEBUG o.h.p.w.spi.MetamodelGraphWalker - Visiting attribute path : comment.details
10:18:09.384 [main] DEBUG o.h.p.w.spi.MetamodelGraphWalker - Visiting attribute path : order
10:18:09.384 [main] DEBUG o.h.l.p.b.i.spaces.QuerySpacesImpl - Adding QuerySpace : uid = <gen:3> -> org.hibernate.loader.plan.build.internal.spaces.EntityQuerySpaceImpl@2abe9173]
10:18:09.384 [main] DEBUG o.h.p.w.spi.MetamodelGraphWalker - Visiting attribute path : order.billing
10:18:09.384 [main] DEBUG o.h.l.p.b.i.spaces.QuerySpacesImpl - Adding QuerySpace : uid = <gen:4> -> org.hibernate.loader.plan.build.internal.spaces.EntityQuerySpaceImpl@1fdca564]
10:18:09.384 [main] DEBUG o.h.p.w.spi.MetamodelGraphWalker - Visiting attribute path : order.billing.address
10:18:09.384 [main] DEBUG o.h.l.p.b.i.spaces.QuerySpacesImpl - Adding QuerySpace : uid = <gen:5> -> org.hibernate.loader.plan.build.internal.spaces.EntityQuerySpaceImpl@1d12e953]
10:18:09.384 [main] DEBUG o.h.p.w.spi.MetamodelGraphWalker - Visiting attribute path : order.billing.address.country
10:18:09.384 [main] DEBUG o.h.p.w.spi.MetamodelGraphWalker - Visiting attribute path : order.billing.address.postalcode
10:18:09.385 [main] DEBUG o.h.p.w.spi.MetamodelGraphWalker - Visiting attribute path : order.billing.address.state
10:18:09.385 [main] DEBUG o.h.p.w.spi.MetamodelGraphWalker - Visiting attribute path : order.billing.address.street
10:18:09.385 [main] DEBUG o.h.p.w.spi.MetamodelGraphWalker - Visiting attribute path : order.billing.payment
10:18:09.385 [main] DEBUG o.h.l.p.b.i.spaces.QuerySpacesImpl - Adding QuerySpace : uid = <gen:6> -> org.hibernate.loader.plan.build.internal.spaces.EntityQuerySpaceImpl@2d4608a6]
10:18:09.385 [main] DEBUG o.h.p.w.spi.MetamodelGraphWalker - Visiting attribute path : order.billing.payment.paymentType
10:18:09.385 [main] DEBUG o.h.p.w.spi.MetamodelGraphWalker - Visiting attribute path : order.comment
10:18:09.385 [main] DEBUG o.h.l.p.b.i.spaces.QuerySpacesImpl - Adding QuerySpace : uid = <gen:7> -> org.hibernate.loader.plan.build.internal.spaces.EntityQuerySpaceImpl@2a8a4e0c]
10:18:09.385 [main] DEBUG o.h.p.w.spi.MetamodelGraphWalker - Visiting attribute path : order.comment.details
10:18:09.385 [main] DEBUG o.h.p.w.spi.MetamodelGraphWalker - Visiting attribute path : order.customer
10:18:09.385 [main] DEBUG o.h.l.p.b.i.spaces.QuerySpacesImpl - Adding QuerySpace : uid = <gen:8> -> org.hibernate.loader.plan.build.internal.spaces.EntityQuerySpaceImpl@3bd6ba24]
10:18:09.385 [main] DEBUG o.h.p.w.spi.MetamodelGraphWalker - Visiting attribute path : order.customer.billingInfos
10:18:09.385 [main] DEBUG o.h.p.w.spi.MetamodelGraphWalker - Visiting attribute path : order.customer.deliveryAddresses
10:18:09.385 [main] DEBUG o.h.p.w.spi.MetamodelGraphWalker - Visiting attribute path : order.customer.firstName
10:18:09.385 [main] DEBUG o.h.p.w.spi.MetamodelGraphWalker - Visiting attribute path : order.customer.lastName
10:18:09.385 [main] DEBUG o.h.p.w.spi.MetamodelGraphWalker - Visiting attribute path : order.customer.mail
10:18:09.385 [main] DEBUG o.h.p.w.spi.MetamodelGraphWalker - Visiting attribute path : order.customer.title
10:18:09.385 [main] DEBUG o.h.p.w.spi.MetamodelGraphWalker - Visiting attribute path : order.orderDate
10:18:09.386 [main] DEBUG o.h.p.w.spi.MetamodelGraphWalker - Visiting attribute path : order.orderProduct
10:18:09.386 [main] DEBUG o.h.p.w.spi.MetamodelGraphWalker - Property path deemed to be circular : order.orderProduct
10:18:09.386 [main] DEBUG o.h.p.w.spi.MetamodelGraphWalker - Visiting attribute path : order.shippingInfo
10:18:09.386 [main] DEBUG o.h.l.p.b.i.spaces.QuerySpacesImpl - Adding QuerySpace : uid = <gen:9> -> org.hibernate.loader.plan.build.internal.spaces.EntityQuerySpaceImpl@20f6f88c]
10:18:09.386 [main] DEBUG o.h.p.w.spi.MetamodelGraphWalker - Visiting attribute path : order.shippingInfo.country
10:18:09.386 [main] DEBUG o.h.p.w.spi.MetamodelGraphWalker - Visiting attribute path : order.shippingInfo.postalcode
10:18:09.386 [main] DEBUG o.h.p.w.spi.MetamodelGraphWalker - Visiting attribute path : order.shippingInfo.state
10:18:09.386 [main] DEBUG o.h.p.w.spi.MetamodelGraphWalker - Visiting attribute path : order.shippingInfo.street
10:18:09.386 [main] DEBUG o.h.p.w.spi.MetamodelGraphWalker - Visiting attribute path : order.total
10:18:09.386 [main] DEBUG o.h.p.w.spi.MetamodelGraphWalker - Visiting attribute path : product
10:18:09.386 [main] DEBUG o.h.l.p.b.i.spaces.QuerySpacesImpl - Adding QuerySpace : uid = <gen:10> -> org.hibernate.loader.plan.build.internal.spaces.EntityQuerySpaceImpl@4c7e978c]
10:18:09.386 [main] DEBUG o.h.p.w.spi.MetamodelGraphWalker - Visiting attribute path : product.code
10:18:09.386 [main] DEBUG o.h.p.w.spi.MetamodelGraphWalker - Visiting attribute path : product.comment
10:18:09.386 [main] DEBUG o.h.l.p.b.i.spaces.QuerySpacesImpl - Adding QuerySpace : uid = <gen:11> -> org.hibernate.loader.plan.build.internal.spaces.EntityQuerySpaceImpl@22ebccb9]
10:18:09.386 [main] DEBUG o.h.p.w.spi.MetamodelGraphWalker - Visiting attribute path : product.comment.details
10:18:09.386 [main] DEBUG o.h.p.w.spi.MetamodelGraphWalker - Visiting attribute path : product.description
10:18:09.386 [main] DEBUG o.h.p.w.spi.MetamodelGraphWalker - Visiting attribute path : product.name
10:18:09.386 [main] DEBUG o.h.p.w.spi.MetamodelGraphWalker - Visiting attribute path : product.unitPrice
10:18:09.387 [main] DEBUG o.h.p.w.spi.MetamodelGraphWalker - Visiting attribute path : qty
10:18:09.387 [main] DEBUG o.h.p.w.spi.MetamodelGraphWalker - Visiting attribute path : total
10:18:09.387 [main] DEBUG o.h.l.p.b.i.FetchStyleLoadPlanBuildingAssociationVisitationStrategy - Building LoadPlan...
10:18:09.387 [main] DEBUG o.h.l.p.e.i.LoadQueryJoinAndFetchProcessor - processing queryspace <gen:0>
10:18:09.388 [main] DEBUG o.h.l.p.b.spi.LoadPlanTreePrinter - LoadPlan(collection=hello.pojo.Order.orderProduct)
    - Returns
       - CollectionReturnImpl(collection=hello.pojo.Order.orderProduct, querySpaceUid=<gen:0>, path=[hello.pojo.Order.orderProduct])
          - (collection element) CollectionFetchableElementEntityGraph(entity=hello.pojo.OrderProduct, querySpaceUid=<gen:1>, path=[hello.pojo.Order.orderProduct].<elements>)
             - EntityAttributeFetchImpl(entity=hello.pojo.Comment, querySpaceUid=<gen:2>, path=[hello.pojo.Order.orderProduct].<elements>.comment)
             - EntityAttributeFetchImpl(entity=hello.pojo.Order, querySpaceUid=<gen:3>, path=[hello.pojo.Order.orderProduct].<elements>.order)
                - EntityAttributeFetchImpl(entity=hello.pojo.Billing, querySpaceUid=<gen:4>, path=[hello.pojo.Order.orderProduct].<elements>.order.billing)
                   - EntityAttributeFetchImpl(entity=hello.pojo.Address, querySpaceUid=<gen:5>, path=[hello.pojo.Order.orderProduct].<elements>.order.billing.address)
                   - EntityAttributeFetchImpl(entity=hello.pojo.Payment, querySpaceUid=<gen:6>, path=[hello.pojo.Order.orderProduct].<elements>.order.billing.payment)
                - EntityAttributeFetchImpl(entity=hello.pojo.Comment, querySpaceUid=<gen:7>, path=[hello.pojo.Order.orderProduct].<elements>.order.comment)
                - EntityAttributeFetchImpl(entity=hello.pojo.Customer, querySpaceUid=<gen:8>, path=[hello.pojo.Order.orderProduct].<elements>.order.customer)
                - EntityAttributeFetchImpl(entity=hello.pojo.Address, querySpaceUid=<gen:9>, path=[hello.pojo.Order.orderProduct].<elements>.order.shippingInfo)
             - EntityAttributeFetchImpl(entity=hello.pojo.Product, querySpaceUid=<gen:10>, path=[hello.pojo.Order.orderProduct].<elements>.product)
                - EntityAttributeFetchImpl(entity=hello.pojo.Comment, querySpaceUid=<gen:11>, path=[hello.pojo.Order.orderProduct].<elements>.product.comment)
    - QuerySpaces
       - CollectionQuerySpaceImpl(uid=<gen:0>, collection=hello.pojo.Order.orderProduct)
          - SQL table alias mapping - orderprodu0_
          - alias suffix - 0_
          - suffixed key columns - {order_id1_6_0_}
          - entity-element alias suffix - 1_
          - 1_entity-element suffixed key columns - id1_8_1_
          - JOIN (JoinDefinedByMetadata(elements)) : <gen:0> -> <gen:1>
             - EntityQuerySpaceImpl(uid=<gen:1>, entity=hello.pojo.OrderProduct)
                - SQL table alias mapping - orderprodu1_
                - alias suffix - 1_
                - suffixed key columns - {id1_8_1_}
                - JOIN (JoinDefinedByMetadata(comment)) : <gen:1> -> <gen:2>
                   - EntityQuerySpaceImpl(uid=<gen:2>, entity=hello.pojo.Comment)
                      - SQL table alias mapping - comment2_
                      - alias suffix - 2_
                      - suffixed key columns - {id1_2_2_}
                - JOIN (JoinDefinedByMetadata(order)) : <gen:1> -> <gen:3>
                   - EntityQuerySpaceImpl(uid=<gen:3>, entity=hello.pojo.Order)
                      - SQL table alias mapping - order3_
                      - alias suffix - 3_
                      - suffixed key columns - {id1_6_3_}
                      - JOIN (JoinDefinedByMetadata(billing)) : <gen:3> -> <gen:4>
                         - EntityQuerySpaceImpl(uid=<gen:4>, entity=hello.pojo.Billing)
                            - SQL table alias mapping - billing4_
                            - alias suffix - 4_
                            - suffixed key columns - {id1_1_4_}
                            - JOIN (JoinDefinedByMetadata(address)) : <gen:4> -> <gen:5>
                               - EntityQuerySpaceImpl(uid=<gen:5>, entity=hello.pojo.Address)
                                  - SQL table alias mapping - address5_
                                  - alias suffix - 5_
                                  - suffixed key columns - {id1_0_5_}
                            - JOIN (JoinDefinedByMetadata(payment)) : <gen:4> -> <gen:6>
                               - EntityQuerySpaceImpl(uid=<gen:6>, entity=hello.pojo.Payment)
                                  - SQL table alias mapping - payment6_
                                  - alias suffix - 6_
                                  - suffixed key columns - {id1_9_6_}
                      - JOIN (JoinDefinedByMetadata(comment)) : <gen:3> -> <gen:7>
                         - EntityQuerySpaceImpl(uid=<gen:7>, entity=hello.pojo.Comment)
                            - SQL table alias mapping - comment7_
                            - alias suffix - 7_
                            - suffixed key columns - {id1_2_7_}
                      - JOIN (JoinDefinedByMetadata(customer)) : <gen:3> -> <gen:8>
                         - EntityQuerySpaceImpl(uid=<gen:8>, entity=hello.pojo.Customer)
                            - SQL table alias mapping - customer8_
                            - alias suffix - 8_
                            - suffixed key columns - {id1_3_8_}
                      - JOIN (JoinDefinedByMetadata(shippingInfo)) : <gen:3> -> <gen:9>
                         - EntityQuerySpaceImpl(uid=<gen:9>, entity=hello.pojo.Address)
                            - SQL table alias mapping - address9_
                            - alias suffix - 9_
                            - suffixed key columns - {id1_0_9_}
                - JOIN (JoinDefinedByMetadata(product)) : <gen:1> -> <gen:10>
                   - EntityQuerySpaceImpl(uid=<gen:10>, entity=hello.pojo.Product)
                      - SQL table alias mapping - product10_
                      - alias suffix - 10_
                      - suffixed key columns - {id1_10_10_}
                      - JOIN (JoinDefinedByMetadata(comment)) : <gen:10> -> <gen:11>
                         - EntityQuerySpaceImpl(uid=<gen:11>, entity=hello.pojo.Comment)
                            - SQL table alias mapping - comment11_
                            - alias suffix - 11_
                            - suffixed key columns - {id1_2_11_}

10:18:09.388 [main] DEBUG o.h.l.c.plan.CollectionLoader - Static select for collection hello.pojo.Order.orderProduct: select orderprodu0_.order_id as order_id1_6_0_, orderprodu0_.order_product_id as order_pr2_7_0_, orderprodu1_.id as id1_8_1_, orderprodu1_.comment_id as comment_4_8_1_, orderprodu1_.order_id as order_id5_8_1_, orderprodu1_.product_id as product_6_8_1_, orderprodu1_.qty as qty2_8_1_, orderprodu1_.total as total3_8_1_, comment2_.id as id1_2_2_, comment2_.details as details2_2_2_, order3_.id as id1_6_3_, order3_.billing_id as billing_4_6_3_, order3_.comment_id as comment_5_6_3_, order3_.customer_id as customer6_6_3_, order3_.order_date as order_da2_6_3_, order3_.shipping_info_id as shipping7_6_3_, order3_.total as total3_6_3_, billing4_.id as id1_1_4_, billing4_.address_id as address_2_1_4_, billing4_.payment_id as payment_3_1_4_, address5_.id as id1_0_5_, address5_.country as country2_0_5_, address5_.postalcode as postalco3_0_5_, address5_.state as state4_0_5_, address5_.street as street5_0_5_, payment6_.id as id1_9_6_, payment6_.payment_type as payment_2_9_6_, comment7_.id as id1_2_7_, comment7_.details as details2_2_7_, customer8_.id as id1_3_8_, customer8_.first_name as first_na2_3_8_, customer8_.last_name as last_nam3_3_8_, customer8_.mail as mail4_3_8_, customer8_.title as title5_3_8_, address9_.id as id1_0_9_, address9_.country as country2_0_9_, address9_.postalcode as postalco3_0_9_, address9_.state as state4_0_9_, address9_.street as street5_0_9_, product10_.id as id1_10_10_, product10_.code as code2_10_10_, product10_.comment_id as comment_6_10_10_, product10_.description as descript3_10_10_, product10_.name as name4_10_10_, product10_.unit_price as unit_pri5_10_10_, comment11_.id as id1_2_11_, comment11_.details as details2_2_11_ from order_order_product orderprodu0_ inner join order_product orderprodu1_ on orderprodu0_.order_product_id=orderprodu1_.id left outer join comment comment2_ on orderprodu1_.comment_id=comment2_.id left outer join order order3_ on orderprodu1_.order_id=order3_.id left outer join billing billing4_ on order3_.billing_id=billing4_.id left outer join address address5_ on billing4_.address_id=address5_.id left outer join payment payment6_ on billing4_.payment_id=payment6_.id left outer join comment comment7_ on order3_.comment_id=comment7_.id left outer join customer customer8_ on order3_.customer_id=customer8_.id left outer join address address9_ on order3_.shipping_info_id=address9_.id left outer join product product10_ on orderprodu1_.product_id=product10_.id left outer join comment comment11_ on product10_.comment_id=comment11_.id where orderprodu0_.order_id=?
10:18:09.388 [main] DEBUG o.h.l.p.b.i.spaces.QuerySpacesImpl - Adding QuerySpace : uid = <gen:0> -> org.hibernate.loader.plan.build.internal.spaces.CollectionQuerySpaceImpl@608fe01f]
10:18:09.388 [main] DEBUG o.h.l.p.b.i.spaces.QuerySpacesImpl - Adding QuerySpace : uid = <gen:1> -> org.hibernate.loader.plan.build.internal.spaces.EntityQuerySpaceImpl@2687725a]
10:18:09.388 [main] DEBUG o.h.p.w.spi.MetamodelGraphWalker - Visiting attribute path : country
10:18:09.388 [main] DEBUG o.h.p.w.spi.MetamodelGraphWalker - Visiting attribute path : postalcode
10:18:09.388 [main] DEBUG o.h.p.w.spi.MetamodelGraphWalker - Visiting attribute path : state
10:18:09.388 [main] DEBUG o.h.p.w.spi.MetamodelGraphWalker - Visiting attribute path : street
10:18:09.388 [main] DEBUG o.h.l.p.b.i.FetchStyleLoadPlanBuildingAssociationVisitationStrategy - Building LoadPlan...
10:18:09.388 [main] DEBUG o.h.l.p.e.i.LoadQueryJoinAndFetchProcessor - processing queryspace <gen:0>
10:18:09.389 [main] DEBUG o.h.l.p.b.spi.LoadPlanTreePrinter - LoadPlan(collection=hello.pojo.Customer.deliveryAddresses)
    - Returns
       - CollectionReturnImpl(collection=hello.pojo.Customer.deliveryAddresses, querySpaceUid=<gen:0>, path=[hello.pojo.Customer.deliveryAddresses])
          - (collection element) CollectionFetchableElementEntityGraph(entity=hello.pojo.Address, querySpaceUid=<gen:1>, path=[hello.pojo.Customer.deliveryAddresses].<elements>)
    - QuerySpaces
       - CollectionQuerySpaceImpl(uid=<gen:0>, collection=hello.pojo.Customer.deliveryAddresses)
          - SQL table alias mapping - deliveryad0_
          - alias suffix - 0_
          - suffixed key columns - {customer1_3_0_}
          - entity-element alias suffix - 1_
          - 1_entity-element suffixed key columns - id1_0_1_
          - JOIN (JoinDefinedByMetadata(elements)) : <gen:0> -> <gen:1>
             - EntityQuerySpaceImpl(uid=<gen:1>, entity=hello.pojo.Address)
                - SQL table alias mapping - address1_
                - alias suffix - 1_
                - suffixed key columns - {id1_0_1_}

10:18:09.389 [main] DEBUG o.h.l.c.plan.CollectionLoader - Static select for collection hello.pojo.Customer.deliveryAddresses: select deliveryad0_.customer_id as customer1_3_0_, deliveryad0_.delivery_addresses_id as delivery2_5_0_, address1_.id as id1_0_1_, address1_.country as country2_0_1_, address1_.postalcode as postalco3_0_1_, address1_.state as state4_0_1_, address1_.street as street5_0_1_ from customer_delivery_addresses deliveryad0_ inner join address address1_ on deliveryad0_.delivery_addresses_id=address1_.id where deliveryad0_.customer_id=?
10:18:09.391 [main] DEBUG o.h.internal.SessionFactoryRegistry - Initializing SessionFactoryRegistry : org.hibernate.internal.SessionFactoryRegistry@69d23296
10:18:09.391 [main] DEBUG o.h.internal.SessionFactoryRegistry - Registering SessionFactory: 0db74e1f-f970-49c5-851c-4bbb8e52a779 (<unnamed>)
10:18:09.391 [main] DEBUG o.h.internal.SessionFactoryRegistry - Not binding SessionFactory to JNDI, no JNDI name configured
10:18:09.391 [main] DEBUG o.h.internal.SessionFactoryImpl - Instantiated session factory
10:18:09.395 [main] DEBUG org.hibernate.cfg.Configuration - Processing hbm.xml files
10:18:09.395 [main] DEBUG org.hibernate.cfg.Configuration - Process annotated classes
10:18:09.395 [main] DEBUG org.hibernate.cfg.Configuration - Processing fk mappings (*ToOne and JoinedSubclass)
10:18:09.395 [main] DEBUG org.hibernate.cfg.Configuration - Processing extends queue
10:18:09.395 [main] DEBUG org.hibernate.cfg.Configuration - Processing extends queue
10:18:09.395 [main] DEBUG org.hibernate.cfg.Configuration - Processing collection mappings
10:18:09.395 [main] DEBUG org.hibernate.cfg.Configuration - Processing native query and ResultSetMapping mappings
10:18:09.395 [main] DEBUG org.hibernate.cfg.Configuration - Processing association property references
10:18:09.395 [main] DEBUG org.hibernate.cfg.Configuration - Creating tables' unique integer identifiers
10:18:09.395 [main] DEBUG org.hibernate.cfg.Configuration - Processing foreign key constraints
10:18:09.395 [main] DEBUG org.hibernate.cfg.Configuration - Resolving reference to class: hello.pojo.Address
10:18:09.395 [main] DEBUG org.hibernate.cfg.Configuration - Resolving reference to class: hello.pojo.Payment
10:18:09.395 [main] DEBUG org.hibernate.cfg.Configuration - Resolving reference to class: hello.pojo.Billing
10:18:09.395 [main] DEBUG org.hibernate.cfg.Configuration - Resolving reference to class: hello.pojo.Customer
10:18:09.395 [main] DEBUG org.hibernate.cfg.Configuration - Resolving reference to class: hello.pojo.Address
10:18:09.395 [main] DEBUG org.hibernate.cfg.Configuration - Resolving reference to class: hello.pojo.Customer
10:18:09.395 [main] DEBUG org.hibernate.cfg.Configuration - Resolving reference to class: hello.pojo.Billing
10:18:09.395 [main] DEBUG org.hibernate.cfg.Configuration - Resolving reference to class: hello.pojo.Comment
10:18:09.395 [main] DEBUG org.hibernate.cfg.Configuration - Resolving reference to class: hello.pojo.Customer
10:18:09.395 [main] DEBUG org.hibernate.cfg.Configuration - Resolving reference to class: hello.pojo.Address
10:18:09.395 [main] DEBUG org.hibernate.cfg.Configuration - Resolving reference to class: hello.pojo.OrderProduct
10:18:09.395 [main] DEBUG org.hibernate.cfg.Configuration - Resolving reference to class: hello.pojo.Order
10:18:09.395 [main] DEBUG org.hibernate.cfg.Configuration - Resolving reference to class: hello.pojo.Comment
10:18:09.395 [main] DEBUG org.hibernate.cfg.Configuration - Resolving reference to class: hello.pojo.Order
10:18:09.395 [main] DEBUG org.hibernate.cfg.Configuration - Resolving reference to class: hello.pojo.Product
10:18:09.395 [main] DEBUG org.hibernate.cfg.Configuration - Resolving reference to class: hello.pojo.Comment
10:18:09.396 [main] DEBUG o.h.i.f.i.DefaultIdentifierGeneratorFactory - Setting dialect [org.hibernate.dialect.H2Dialect]
10:18:09.396 [main] DEBUG o.h.i.f.i.DefaultIdentifierGeneratorFactory - Setting dialect [org.hibernate.dialect.H2Dialect]
10:18:09.396 [main] DEBUG o.h.i.f.i.DefaultIdentifierGeneratorFactory - Setting dialect [org.hibernate.dialect.H2Dialect]
10:18:09.396 [main] DEBUG o.h.i.f.i.DefaultIdentifierGeneratorFactory - Setting dialect [org.hibernate.dialect.H2Dialect]
10:18:09.396 [main] DEBUG o.h.i.f.i.DefaultIdentifierGeneratorFactory - Setting dialect [org.hibernate.dialect.H2Dialect]
10:18:09.396 [main] DEBUG o.h.i.f.i.DefaultIdentifierGeneratorFactory - Setting dialect [org.hibernate.dialect.H2Dialect]
10:18:09.396 [main] DEBUG o.h.i.f.i.DefaultIdentifierGeneratorFactory - Setting dialect [org.hibernate.dialect.H2Dialect]
10:18:09.396 [main] DEBUG o.h.i.f.i.DefaultIdentifierGeneratorFactory - Setting dialect [org.hibernate.dialect.H2Dialect]
10:18:09.397 [main] DEBUG org.hibernate.cfg.Configuration - Processing hbm.xml files
10:18:09.397 [main] DEBUG org.hibernate.cfg.Configuration - Process annotated classes
10:18:09.397 [main] DEBUG org.hibernate.cfg.Configuration - Processing fk mappings (*ToOne and JoinedSubclass)
10:18:09.397 [main] DEBUG org.hibernate.cfg.Configuration - Processing extends queue
10:18:09.397 [main] DEBUG org.hibernate.cfg.Configuration - Processing extends queue
10:18:09.397 [main] DEBUG org.hibernate.cfg.Configuration - Processing collection mappings
10:18:09.397 [main] DEBUG org.hibernate.cfg.Configuration - Processing native query and ResultSetMapping mappings
10:18:09.397 [main] DEBUG org.hibernate.cfg.Configuration - Processing association property references
10:18:09.397 [main] DEBUG org.hibernate.cfg.Configuration - Creating tables' unique integer identifiers
10:18:09.397 [main] DEBUG org.hibernate.cfg.Configuration - Processing foreign key constraints
10:18:09.397 [main] DEBUG org.hibernate.cfg.Configuration - Resolving reference to class: hello.pojo.Address
10:18:09.397 [main] DEBUG org.hibernate.cfg.Configuration - Resolving reference to class: hello.pojo.Payment
10:18:09.397 [main] DEBUG org.hibernate.cfg.Configuration - Resolving reference to class: hello.pojo.Billing
10:18:09.397 [main] DEBUG org.hibernate.cfg.Configuration - Resolving reference to class: hello.pojo.Customer
10:18:09.397 [main] DEBUG org.hibernate.cfg.Configuration - Resolving reference to class: hello.pojo.Address
10:18:09.397 [main] DEBUG org.hibernate.cfg.Configuration - Resolving reference to class: hello.pojo.Customer
10:18:09.397 [main] DEBUG org.hibernate.cfg.Configuration - Resolving reference to class: hello.pojo.Billing
10:18:09.397 [main] DEBUG org.hibernate.cfg.Configuration - Resolving reference to class: hello.pojo.Comment
10:18:09.397 [main] DEBUG org.hibernate.cfg.Configuration - Resolving reference to class: hello.pojo.Customer
10:18:09.397 [main] DEBUG org.hibernate.cfg.Configuration - Resolving reference to class: hello.pojo.Address
10:18:09.397 [main] DEBUG org.hibernate.cfg.Configuration - Resolving reference to class: hello.pojo.OrderProduct
10:18:09.397 [main] DEBUG org.hibernate.cfg.Configuration - Resolving reference to class: hello.pojo.Order
10:18:09.397 [main] DEBUG org.hibernate.cfg.Configuration - Resolving reference to class: hello.pojo.Comment
10:18:09.397 [main] DEBUG org.hibernate.cfg.Configuration - Resolving reference to class: hello.pojo.Order
10:18:09.397 [main] DEBUG org.hibernate.cfg.Configuration - Resolving reference to class: hello.pojo.Product
10:18:09.397 [main] DEBUG org.hibernate.cfg.Configuration - Resolving reference to class: hello.pojo.Comment
10:18:09.397 [main] DEBUG o.h.i.f.i.DefaultIdentifierGeneratorFactory - Setting dialect [org.hibernate.dialect.H2Dialect]
10:18:09.398 [main] DEBUG o.h.i.f.i.DefaultIdentifierGeneratorFactory - Setting dialect [org.hibernate.dialect.H2Dialect]
10:18:09.398 [main] DEBUG o.h.i.f.i.DefaultIdentifierGeneratorFactory - Setting dialect [org.hibernate.dialect.H2Dialect]
10:18:09.398 [main] DEBUG o.h.i.f.i.DefaultIdentifierGeneratorFactory - Setting dialect [org.hibernate.dialect.H2Dialect]
10:18:09.398 [main] DEBUG o.h.i.f.i.DefaultIdentifierGeneratorFactory - Setting dialect [org.hibernate.dialect.H2Dialect]
10:18:09.398 [main] DEBUG o.h.i.f.i.DefaultIdentifierGeneratorFactory - Setting dialect [org.hibernate.dialect.H2Dialect]
10:18:09.398 [main] DEBUG o.h.i.f.i.DefaultIdentifierGeneratorFactory - Setting dialect [org.hibernate.dialect.H2Dialect]
10:18:09.398 [main] DEBUG o.h.i.f.i.DefaultIdentifierGeneratorFactory - Setting dialect [org.hibernate.dialect.H2Dialect]
10:18:09.399 [main] DEBUG o.h.i.f.i.DefaultIdentifierGeneratorFactory - Setting dialect [org.hibernate.dialect.H2Dialect]
10:18:09.399 [main] DEBUG o.h.i.f.i.DefaultIdentifierGeneratorFactory - Setting dialect [org.hibernate.dialect.H2Dialect]
10:18:09.399 [main] DEBUG o.h.i.f.i.DefaultIdentifierGeneratorFactory - Setting dialect [org.hibernate.dialect.H2Dialect]
10:18:09.399 [main] DEBUG o.h.i.f.i.DefaultIdentifierGeneratorFactory - Setting dialect [org.hibernate.dialect.H2Dialect]
10:18:09.399 [main] DEBUG o.h.i.f.i.DefaultIdentifierGeneratorFactory - Setting dialect [org.hibernate.dialect.H2Dialect]
10:18:09.399 [main] DEBUG o.h.i.f.i.DefaultIdentifierGeneratorFactory - Setting dialect [org.hibernate.dialect.H2Dialect]
10:18:09.399 [main] DEBUG o.h.i.f.i.DefaultIdentifierGeneratorFactory - Setting dialect [org.hibernate.dialect.H2Dialect]
10:18:09.399 [main] DEBUG o.h.i.f.i.DefaultIdentifierGeneratorFactory - Setting dialect [org.hibernate.dialect.H2Dialect]
10:18:09.400 [main] INFO  o.h.tool.hbm2ddl.SchemaExport - HHH000227: Running hbm2ddl schema export
10:18:09.400 [main] DEBUG o.h.tool.hbm2ddl.SchemaExport - Import file not found: /import.sql
10:18:09.401 [main] DEBUG org.hibernate.SQL - drop table address if exists
10:18:09.402 [main] DEBUG org.hibernate.SQL - drop table billing if exists
10:18:09.402 [main] DEBUG org.hibernate.SQL - drop table comment if exists
10:18:09.402 [main] DEBUG org.hibernate.SQL - drop table customer if exists
10:18:09.402 [main] DEBUG org.hibernate.SQL - drop table customer_billing_infos if exists
10:18:09.402 [main] DEBUG org.hibernate.SQL - drop table customer_delivery_addresses if exists
10:18:09.402 [main] DEBUG org.hibernate.SQL - drop table order if exists
10:18:09.403 [main] ERROR o.h.tool.hbm2ddl.SchemaExport - HHH000389: Unsuccessful: drop table order if exists
10:18:09.403 [main] ERROR o.h.tool.hbm2ddl.SchemaExport - Syntax error in SQL statement "DROP TABLE ORDER[*] IF EXISTS "; expected "identifier"; SQL statement:
drop table order if exists [42001-185]
10:18:09.403 [main] DEBUG org.hibernate.SQL - drop table order_order_product if exists
10:18:09.403 [main] DEBUG org.hibernate.SQL - drop table order_product if exists
10:18:09.403 [main] DEBUG org.hibernate.SQL - drop table payment if exists
10:18:09.403 [main] DEBUG org.hibernate.SQL - drop table product if exists
10:18:09.403 [main] DEBUG org.hibernate.SQL - create table address (id bigint generated by default as identity, country varchar(255), postalcode varchar(255), state varchar(255), street varchar(255), primary key (id))
10:18:09.411 [main] DEBUG org.hibernate.SQL - create table billing (id bigint generated by default as identity, address_id bigint, payment_id bigint, primary key (id))
10:18:09.412 [main] DEBUG org.hibernate.SQL - create table comment (id bigint generated by default as identity, details varchar(255), primary key (id))
10:18:09.416 [main] DEBUG org.hibernate.SQL - create table customer (id bigint generated by default as identity, first_name varchar(255), last_name varchar(255), mail varchar(255), title varchar(255), primary key (id))
10:18:09.417 [main] DEBUG org.hibernate.SQL - create table customer_billing_infos (customer_id bigint not null, billing_infos_id bigint not null)
10:18:09.418 [main] DEBUG org.hibernate.SQL - create table customer_delivery_addresses (customer_id bigint not null, delivery_addresses_id bigint not null)
10:18:09.418 [main] DEBUG org.hibernate.SQL - create table order (id bigint generated by default as identity, order_date timestamp, total decimal(19,2), billing_id bigint, comment_id bigint, customer_id bigint, shipping_info_id bigint, primary key (id))
10:18:09.419 [main] ERROR o.h.tool.hbm2ddl.SchemaExport - HHH000389: Unsuccessful: create table order (id bigint generated by default as identity, order_date timestamp, total decimal(19,2), billing_id bigint, comment_id bigint, customer_id bigint, shipping_info_id bigint, primary key (id))
10:18:09.419 [main] ERROR o.h.tool.hbm2ddl.SchemaExport - Syntax error in SQL statement "CREATE TABLE ORDER[*] (ID BIGINT GENERATED BY DEFAULT AS IDENTITY, ORDER_DATE TIMESTAMP, TOTAL DECIMAL(19,2), BILLING_ID BIGINT, COMMENT_ID BIGINT, CUSTOMER_ID BIGINT, SHIPPING_INFO_ID BIGINT, PRIMARY KEY (ID)) "; expected "identifier"; SQL statement:
create table order (id bigint generated by default as identity, order_date timestamp, total decimal(19,2), billing_id bigint, comment_id bigint, customer_id bigint, shipping_info_id bigint, primary key (id)) [42001-185]
10:18:09.419 [main] DEBUG org.hibernate.SQL - create table order_order_product (order_id bigint not null, order_product_id bigint not null)
10:18:09.419 [main] DEBUG org.hibernate.SQL - create table order_product (id bigint generated by default as identity, qty integer not null, total decimal(19,2), comment_id bigint, order_id bigint, product_id bigint, primary key (id))
10:18:09.420 [main] DEBUG org.hibernate.SQL - create table payment (id bigint generated by default as identity, payment_type varchar(255), primary key (id))
10:18:09.423 [main] DEBUG org.hibernate.SQL - create table product (id bigint generated by default as identity, code varchar(255), description varchar(255), name varchar(255), unit_price decimal(19,2), comment_id bigint, primary key (id))
10:18:09.424 [main] DEBUG org.hibernate.SQL - alter table customer_billing_infos add constraint UK_41d0ltk7340dmkre7ak6ynopm  unique (billing_infos_id)
10:18:09.429 [main] DEBUG org.hibernate.SQL - alter table customer_delivery_addresses add constraint UK_4e9hluy32o19emlvras8y4xb1  unique (delivery_addresses_id)
10:18:09.435 [main] DEBUG org.hibernate.SQL - alter table order_order_product add constraint UK_dchfhy4xnpgpm2p4ludc9nu3f  unique (order_product_id)
10:18:09.436 [main] DEBUG org.hibernate.SQL - alter table billing add constraint FK_qnvepla4nf96l8x417ojp9qgl foreign key (address_id) references address
10:18:09.446 [main] DEBUG org.hibernate.SQL - alter table billing add constraint FK_gujbr5yqmvf5co9v8lkey8fnl foreign key (payment_id) references payment
10:18:09.448 [main] DEBUG org.hibernate.SQL - alter table customer_billing_infos add constraint FK_41d0ltk7340dmkre7ak6ynopm foreign key (billing_infos_id) references billing
10:18:09.450 [main] DEBUG org.hibernate.SQL - alter table customer_billing_infos add constraint FK_r3q7tnyhvhc0dqg0ifhb3pqx6 foreign key (customer_id) references customer
10:18:09.451 [main] DEBUG org.hibernate.SQL - alter table customer_delivery_addresses add constraint FK_4e9hluy32o19emlvras8y4xb1 foreign key (delivery_addresses_id) references address
10:18:09.452 [main] DEBUG org.hibernate.SQL - alter table customer_delivery_addresses add constraint FK_d22lyl3v2q6397aj34a6ty3d foreign key (customer_id) references customer
10:18:09.453 [main] DEBUG org.hibernate.SQL - alter table order add constraint FK_nxnpetsa4u9gpr8c688saffha foreign key (billing_id) references billing
10:18:09.454 [main] ERROR o.h.tool.hbm2ddl.SchemaExport - HHH000389: Unsuccessful: alter table order add constraint FK_nxnpetsa4u9gpr8c688saffha foreign key (billing_id) references billing
10:18:09.454 [main] ERROR o.h.tool.hbm2ddl.SchemaExport - Syntax error in SQL statement "ALTER TABLE ORDER[*] ADD CONSTRAINT FK_NXNPETSA4U9GPR8C688SAFFHA FOREIGN KEY (BILLING_ID) REFERENCES BILLING "; expected "identifier"; SQL statement:
alter table order add constraint FK_nxnpetsa4u9gpr8c688saffha foreign key (billing_id) references billing [42001-185]
10:18:09.454 [main] DEBUG org.hibernate.SQL - alter table order add constraint FK_5pc1pu4cyb24788devifooixr foreign key (comment_id) references comment
10:18:09.454 [main] ERROR o.h.tool.hbm2ddl.SchemaExport - HHH000389: Unsuccessful: alter table order add constraint FK_5pc1pu4cyb24788devifooixr foreign key (comment_id) references comment
10:18:09.454 [main] ERROR o.h.tool.hbm2ddl.SchemaExport - Syntax error in SQL statement "ALTER TABLE ORDER[*] ADD CONSTRAINT FK_5PC1PU4CYB24788DEVIFOOIXR FOREIGN KEY (COMMENT_ID) REFERENCES COMMENT "; expected "identifier"; SQL statement:
alter table order add constraint FK_5pc1pu4cyb24788devifooixr foreign key (comment_id) references comment [42001-185]
10:18:09.454 [main] DEBUG org.hibernate.SQL - alter table order add constraint FK_m6q2ofkj1g5aobtb2p00ajpqg foreign key (customer_id) references customer
10:18:09.454 [main] ERROR o.h.tool.hbm2ddl.SchemaExport - HHH000389: Unsuccessful: alter table order add constraint FK_m6q2ofkj1g5aobtb2p00ajpqg foreign key (customer_id) references customer
10:18:09.454 [main] ERROR o.h.tool.hbm2ddl.SchemaExport - Syntax error in SQL statement "ALTER TABLE ORDER[*] ADD CONSTRAINT FK_M6Q2OFKJ1G5AOBTB2P00AJPQG FOREIGN KEY (CUSTOMER_ID) REFERENCES CUSTOMER "; expected "identifier"; SQL statement:
alter table order add constraint FK_m6q2ofkj1g5aobtb2p00ajpqg foreign key (customer_id) references customer [42001-185]
10:18:09.454 [main] DEBUG org.hibernate.SQL - alter table order add constraint FK_1e0v172xkocflutmxh0v3n6go foreign key (shipping_info_id) references address
10:18:09.454 [main] ERROR o.h.tool.hbm2ddl.SchemaExport - HHH000389: Unsuccessful: alter table order add constraint FK_1e0v172xkocflutmxh0v3n6go foreign key (shipping_info_id) references address
10:18:09.454 [main] ERROR o.h.tool.hbm2ddl.SchemaExport - Syntax error in SQL statement "ALTER TABLE ORDER[*] ADD CONSTRAINT FK_1E0V172XKOCFLUTMXH0V3N6GO FOREIGN KEY (SHIPPING_INFO_ID) REFERENCES ADDRESS "; expected "identifier"; SQL statement:
alter table order add constraint FK_1e0v172xkocflutmxh0v3n6go foreign key (shipping_info_id) references address [42001-185]
10:18:09.454 [main] DEBUG org.hibernate.SQL - alter table order_order_product add constraint FK_dchfhy4xnpgpm2p4ludc9nu3f foreign key (order_product_id) references order_product
10:18:09.455 [main] DEBUG org.hibernate.SQL - alter table order_order_product add constraint FK_bv6q2p7ym805sy73n3vrcgv8d foreign key (order_id) references order
10:18:09.455 [main] ERROR o.h.tool.hbm2ddl.SchemaExport - HHH000389: Unsuccessful: alter table order_order_product add constraint FK_bv6q2p7ym805sy73n3vrcgv8d foreign key (order_id) references order
10:18:09.455 [main] ERROR o.h.tool.hbm2ddl.SchemaExport - Syntax error in SQL statement "ALTER TABLE ORDER_ORDER_PRODUCT ADD CONSTRAINT FK_BV6Q2P7YM805SY73N3VRCGV8D FOREIGN KEY (ORDER_ID) REFERENCES ORDER[*] "; expected "identifier"; SQL statement:
alter table order_order_product add constraint FK_bv6q2p7ym805sy73n3vrcgv8d foreign key (order_id) references order [42001-185]
10:18:09.455 [main] DEBUG org.hibernate.SQL - alter table order_product add constraint FK_nx2sci7fqpa4yxow001xmxf23 foreign key (comment_id) references comment
10:18:09.456 [main] DEBUG org.hibernate.SQL - alter table order_product add constraint FK_tpt9pulqsn4ahvm8tcl8uyue4 foreign key (order_id) references order
10:18:09.456 [main] ERROR o.h.tool.hbm2ddl.SchemaExport - HHH000389: Unsuccessful: alter table order_product add constraint FK_tpt9pulqsn4ahvm8tcl8uyue4 foreign key (order_id) references order
10:18:09.456 [main] ERROR o.h.tool.hbm2ddl.SchemaExport - Syntax error in SQL statement "ALTER TABLE ORDER_PRODUCT ADD CONSTRAINT FK_TPT9PULQSN4AHVM8TCL8UYUE4 FOREIGN KEY (ORDER_ID) REFERENCES ORDER[*] "; expected "identifier"; SQL statement:
alter table order_product add constraint FK_tpt9pulqsn4ahvm8tcl8uyue4 foreign key (order_id) references order [42001-185]
10:18:09.456 [main] DEBUG org.hibernate.SQL - alter table order_product add constraint FK_729vil5pvmbprq6b1sf4en1ft foreign key (product_id) references product
10:18:09.458 [main] DEBUG org.hibernate.SQL - alter table product add constraint FK_o2tu1gyc8a1yurtju1v44ry8y foreign key (comment_id) references comment
10:18:09.459 [main] INFO  o.h.tool.hbm2ddl.SchemaExport - HHH000230: Schema export complete
10:18:09.459 [main] DEBUG org.hibernate.cfg.Configuration - Processing hbm.xml files
10:18:09.459 [main] DEBUG org.hibernate.cfg.Configuration - Process annotated classes
10:18:09.459 [main] DEBUG org.hibernate.cfg.Configuration - Processing fk mappings (*ToOne and JoinedSubclass)
10:18:09.459 [main] DEBUG org.hibernate.cfg.Configuration - Processing extends queue
10:18:09.459 [main] DEBUG org.hibernate.cfg.Configuration - Processing extends queue
10:18:09.459 [main] DEBUG org.hibernate.cfg.Configuration - Processing collection mappings
10:18:09.459 [main] DEBUG org.hibernate.cfg.Configuration - Processing native query and ResultSetMapping mappings
10:18:09.459 [main] DEBUG org.hibernate.cfg.Configuration - Processing association property references
10:18:09.459 [main] DEBUG org.hibernate.cfg.Configuration - Creating tables' unique integer identifiers
10:18:09.459 [main] DEBUG org.hibernate.cfg.Configuration - Processing foreign key constraints
10:18:09.460 [main] DEBUG org.hibernate.cfg.Configuration - Resolving reference to class: hello.pojo.Address
10:18:09.460 [main] DEBUG org.hibernate.cfg.Configuration - Resolving reference to class: hello.pojo.Payment
10:18:09.460 [main] DEBUG org.hibernate.cfg.Configuration - Resolving reference to class: hello.pojo.Billing
10:18:09.460 [main] DEBUG org.hibernate.cfg.Configuration - Resolving reference to class: hello.pojo.Customer
10:18:09.460 [main] DEBUG org.hibernate.cfg.Configuration - Resolving reference to class: hello.pojo.Address
10:18:09.460 [main] DEBUG org.hibernate.cfg.Configuration - Resolving reference to class: hello.pojo.Customer
10:18:09.460 [main] DEBUG org.hibernate.cfg.Configuration - Resolving reference to class: hello.pojo.Billing
10:18:09.460 [main] DEBUG org.hibernate.cfg.Configuration - Resolving reference to class: hello.pojo.Comment
10:18:09.460 [main] DEBUG org.hibernate.cfg.Configuration - Resolving reference to class: hello.pojo.Customer
10:18:09.460 [main] DEBUG org.hibernate.cfg.Configuration - Resolving reference to class: hello.pojo.Address
10:18:09.460 [main] DEBUG org.hibernate.cfg.Configuration - Resolving reference to class: hello.pojo.OrderProduct
10:18:09.460 [main] DEBUG org.hibernate.cfg.Configuration - Resolving reference to class: hello.pojo.Order
10:18:09.460 [main] DEBUG org.hibernate.cfg.Configuration - Resolving reference to class: hello.pojo.Comment
10:18:09.460 [main] DEBUG org.hibernate.cfg.Configuration - Resolving reference to class: hello.pojo.Order
10:18:09.460 [main] DEBUG org.hibernate.cfg.Configuration - Resolving reference to class: hello.pojo.Product
10:18:09.460 [main] DEBUG org.hibernate.cfg.Configuration - Resolving reference to class: hello.pojo.Comment
10:18:09.460 [main] DEBUG o.h.i.f.i.DefaultIdentifierGeneratorFactory - Setting dialect [org.hibernate.dialect.H2Dialect]
10:18:09.460 [main] DEBUG o.h.i.f.i.DefaultIdentifierGeneratorFactory - Setting dialect [org.hibernate.dialect.H2Dialect]
10:18:09.460 [main] DEBUG o.h.i.f.i.DefaultIdentifierGeneratorFactory - Setting dialect [org.hibernate.dialect.H2Dialect]
10:18:09.460 [main] DEBUG o.h.i.f.i.DefaultIdentifierGeneratorFactory - Setting dialect [org.hibernate.dialect.H2Dialect]
10:18:09.460 [main] DEBUG o.h.i.f.i.DefaultIdentifierGeneratorFactory - Setting dialect [org.hibernate.dialect.H2Dialect]
10:18:09.460 [main] DEBUG o.h.i.f.i.DefaultIdentifierGeneratorFactory - Setting dialect [org.hibernate.dialect.H2Dialect]
10:18:09.461 [main] DEBUG o.h.i.f.i.DefaultIdentifierGeneratorFactory - Setting dialect [org.hibernate.dialect.H2Dialect]
10:18:09.461 [main] DEBUG o.h.i.f.i.DefaultIdentifierGeneratorFactory - Setting dialect [org.hibernate.dialect.H2Dialect]
10:18:09.461 [main] DEBUG org.hibernate.cfg.Configuration - Processing hbm.xml files
10:18:09.461 [main] DEBUG org.hibernate.cfg.Configuration - Process annotated classes
10:18:09.461 [main] DEBUG org.hibernate.cfg.Configuration - Processing fk mappings (*ToOne and JoinedSubclass)
10:18:09.461 [main] DEBUG org.hibernate.cfg.Configuration - Processing extends queue
10:18:09.461 [main] DEBUG org.hibernate.cfg.Configuration - Processing extends queue
10:18:09.461 [main] DEBUG org.hibernate.cfg.Configuration - Processing collection mappings
10:18:09.461 [main] DEBUG org.hibernate.cfg.Configuration - Processing native query and ResultSetMapping mappings
10:18:09.461 [main] DEBUG org.hibernate.cfg.Configuration - Processing association property references
10:18:09.461 [main] DEBUG org.hibernate.cfg.Configuration - Creating tables' unique integer identifiers
10:18:09.461 [main] DEBUG org.hibernate.cfg.Configuration - Processing foreign key constraints
10:18:09.461 [main] DEBUG org.hibernate.cfg.Configuration - Resolving reference to class: hello.pojo.Address
10:18:09.461 [main] DEBUG org.hibernate.cfg.Configuration - Resolving reference to class: hello.pojo.Payment
10:18:09.461 [main] DEBUG org.hibernate.cfg.Configuration - Resolving reference to class: hello.pojo.Billing
10:18:09.461 [main] DEBUG org.hibernate.cfg.Configuration - Resolving reference to class: hello.pojo.Customer
10:18:09.461 [main] DEBUG org.hibernate.cfg.Configuration - Resolving reference to class: hello.pojo.Address
10:18:09.461 [main] DEBUG org.hibernate.cfg.Configuration - Resolving reference to class: hello.pojo.Customer
10:18:09.461 [main] DEBUG org.hibernate.cfg.Configuration - Resolving reference to class: hello.pojo.Billing
10:18:09.461 [main] DEBUG org.hibernate.cfg.Configuration - Resolving reference to class: hello.pojo.Comment
10:18:09.461 [main] DEBUG org.hibernate.cfg.Configuration - Resolving reference to class: hello.pojo.Customer
10:18:09.461 [main] DEBUG org.hibernate.cfg.Configuration - Resolving reference to class: hello.pojo.Address
10:18:09.461 [main] DEBUG org.hibernate.cfg.Configuration - Resolving reference to class: hello.pojo.OrderProduct
10:18:09.461 [main] DEBUG org.hibernate.cfg.Configuration - Resolving reference to class: hello.pojo.Order
10:18:09.461 [main] DEBUG org.hibernate.cfg.Configuration - Resolving reference to class: hello.pojo.Comment
10:18:09.462 [main] DEBUG org.hibernate.cfg.Configuration - Resolving reference to class: hello.pojo.Order
10:18:09.462 [main] DEBUG org.hibernate.cfg.Configuration - Resolving reference to class: hello.pojo.Product
10:18:09.462 [main] DEBUG org.hibernate.cfg.Configuration - Resolving reference to class: hello.pojo.Comment
10:18:09.462 [main] DEBUG o.h.i.f.i.DefaultIdentifierGeneratorFactory - Setting dialect [org.hibernate.dialect.H2Dialect]
10:18:09.462 [main] DEBUG o.h.i.f.i.DefaultIdentifierGeneratorFactory - Setting dialect [org.hibernate.dialect.H2Dialect]
10:18:09.462 [main] DEBUG o.h.i.f.i.DefaultIdentifierGeneratorFactory - Setting dialect [org.hibernate.dialect.H2Dialect]
10:18:09.462 [main] DEBUG o.h.i.f.i.DefaultIdentifierGeneratorFactory - Setting dialect [org.hibernate.dialect.H2Dialect]
10:18:09.462 [main] DEBUG o.h.i.f.i.DefaultIdentifierGeneratorFactory - Setting dialect [org.hibernate.dialect.H2Dialect]
10:18:09.462 [main] DEBUG o.h.i.f.i.DefaultIdentifierGeneratorFactory - Setting dialect [org.hibernate.dialect.H2Dialect]
10:18:09.462 [main] DEBUG o.h.i.f.i.DefaultIdentifierGeneratorFactory - Setting dialect [org.hibernate.dialect.H2Dialect]
10:18:09.462 [main] DEBUG o.h.i.f.i.DefaultIdentifierGeneratorFactory - Setting dialect [org.hibernate.dialect.H2Dialect]
10:18:09.462 [main] DEBUG o.h.i.f.i.DefaultIdentifierGeneratorFactory - Setting dialect [org.hibernate.dialect.H2Dialect]
10:18:09.462 [main] DEBUG o.h.i.f.i.DefaultIdentifierGeneratorFactory - Setting dialect [org.hibernate.dialect.H2Dialect]
10:18:09.463 [main] DEBUG o.h.i.f.i.DefaultIdentifierGeneratorFactory - Setting dialect [org.hibernate.dialect.H2Dialect]
10:18:09.463 [main] DEBUG o.h.i.f.i.DefaultIdentifierGeneratorFactory - Setting dialect [org.hibernate.dialect.H2Dialect]
10:18:09.463 [main] DEBUG o.h.i.f.i.DefaultIdentifierGeneratorFactory - Setting dialect [org.hibernate.dialect.H2Dialect]
10:18:09.463 [main] DEBUG o.h.i.f.i.DefaultIdentifierGeneratorFactory - Setting dialect [org.hibernate.dialect.H2Dialect]
10:18:09.463 [main] DEBUG o.h.i.f.i.DefaultIdentifierGeneratorFactory - Setting dialect [org.hibernate.dialect.H2Dialect]
10:18:09.463 [main] DEBUG o.h.i.f.i.DefaultIdentifierGeneratorFactory - Setting dialect [org.hibernate.dialect.H2Dialect]
10:18:09.463 [main] DEBUG o.h.internal.NamedQueryRepository - Checking 0 named HQL queries
10:18:09.467 [main] DEBUG o.h.internal.NamedQueryRepository - Checking 0 named SQL queries
10:18:09.471 [main] DEBUG o.h.s.internal.StatisticsInitiator - Statistics initialized [enabled=false]
10:18:09.475 [main] DEBUG o.h.j.i.schemagen.JpaSchemaGenerator - No actions specified; doing nothing
10:18:09.511 [main] DEBUG o.h.j.i.EntityManagerFactoryRegistry - Initializing EntityManagerFactoryRegistry : org.hibernate.jpa.internal.EntityManagerFactoryRegistry@338b49d3
10:18:09.511 [main] DEBUG o.h.j.i.EntityManagerFactoryRegistry - Registering EntityManagerFactory: default 
10:18:09.514 [main] DEBUG o.s.b.f.s.DefaultListableBeanFactory - Returning cached instance of singleton bean 'org.springframework.transaction.config.internalTransactionAdvisor'
10:18:09.514 [main] DEBUG o.s.b.f.s.DefaultListableBeanFactory - Returning cached instance of singleton bean 'org.springframework.transaction.config.internalTransactionAdvisor'
10:18:09.515 [main] DEBUG o.s.b.f.s.DefaultListableBeanFactory - Finished creating instance of bean 'entityManagerFactory'
10:18:09.515 [main] DEBUG o.s.b.f.s.DefaultListableBeanFactory - Pre-instantiating singletons in org.springframework.beans.factory.support.DefaultListableBeanFactory@2cbb3d47: defining beans [org.springframework.context.annotation.internalConfigurationAnnotationProcessor,org.springframework.context.annotation.internalAutowiredAnnotationProcessor,org.springframework.context.annotation.internalRequiredAnnotationProcessor,org.springframework.context.annotation.internalCommonAnnotationProcessor,org.springframework.context.annotation.internalPersistenceAnnotationProcessor,application,org.springframework.context.annotation.ConfigurationClassPostProcessor.importAwareProcessor,org.springframework.context.annotation.ConfigurationClassPostProcessor.enhancedConfigurationProcessor,org.springframework.boot.autoconfigure.AutoConfigurationPackages,org.springframework.data.jpa.repository.config.JpaRepositoryConfigExtension#0,org.springframework.data.repository.core.support.RepositoryInterfaceAwareBeanPostProcessor,foo,jpaMappingContext,customerRepo,orderProductRepo,paymentRepo,orderRepo,productRepo,commentRepo,billingRepo,addressRepo,org.springframework.boot.autoconfigure.PropertyPlaceholderAutoConfiguration,org.springframework.boot.autoconfigure.condition.BeanTypeRegistry,propertySourcesPlaceholderConfigurer,org.springframework.boot.autoconfigure.websocket.WebSocketAutoConfiguration$TomcatWebSocketConfiguration,websocketContainerCustomizer,org.springframework.boot.autoconfigure.websocket.WebSocketAutoConfiguration,org.springframework.boot.autoconfigure.aop.AopAutoConfiguration$JdkDynamicAutoProxyConfiguration,org.springframework.aop.config.internalAutoProxyCreator,org.springframework.boot.autoconfigure.aop.AopAutoConfiguration,org.springframework.boot.autoconfigure.jta.JtaAutoConfiguration,spring.jta.CONFIGURATION_PROPERTIES,org.springframework.boot.context.properties.ConfigurationPropertiesBindingPostProcessor,org.springframework.boot.context.properties.ConfigurationPropertiesBindingPostProcessor.store,org.springframework.boot.autoconfigure.jdbc.DataSourceAutoConfiguration$JdbcTemplateConfiguration,jdbcTemplate,namedParameterJdbcTemplate,org.springframework.boot.autoconfigure.jdbc.DataSourceAutoConfiguration$NonEmbeddedConfiguration,dataSource,org.springframework.boot.autoconfigure.jdbc.DataSourceAutoConfiguration$DataSourceInitializerConfiguration,dataSourceInitializer,org.springframework.boot.autoconfigure.jdbc.metadata.DataSourcePoolMetadataProvidersConfiguration$TomcatDataSourcePoolMetadataProviderConfiguration,tomcatPoolDataSourceMetadataProvider,org.springframework.boot.autoconfigure.jdbc.metadata.DataSourcePoolMetadataProvidersConfiguration,org.springframework.boot.autoconfigure.jdbc.DataSourceAutoConfiguration,spring.datasource.CONFIGURATION_PROPERTIES,dataSourceInitializerPostProcessor,org.springframework.boot.autoconfigure.orm.jpa.HibernateJpaAutoConfiguration,transactionManager,jpaVendorAdapter,entityManagerFactoryBuilder,entityManagerFactory,spring.jpa.CONFIGURATION_PROPERTIES,dataSourceInitializedPublisher,org.springframework.boot.autoconfigure.dao.PersistenceExceptionTranslationAutoConfiguration,persistenceExceptionTranslationPostProcessor,org.springframework.boot.autoconfigure.jackson.JacksonAutoConfiguration$JacksonObjectMapperBuilderConfiguration,jacksonObjectMapperBuilder,http.mappers.CONFIGURATION_PROPERTIES,spring.jackson.CONFIGURATION_PROPERTIES,org.springframework.boot.autoconfigure.jackson.JacksonAutoConfiguration$JacksonObjectMapperConfiguration,jacksonObjectMapper,org.springframework.boot.autoconfigure.jackson.JacksonAutoConfiguration,org.springframework.boot.autoconfigure.web.HttpMessageConvertersAutoConfiguration$StringHttpMessageConverterConfiguration,stringHttpMessageConverter,spring.http.encoding.CONFIGURATION_PROPERTIES,org.springframework.boot.autoconfigure.web.JacksonHttpMessageConvertersConfiguration$MappingJackson2HttpMessageConverterConfiguration,mappingJackson2HttpMessageConverter,org.springframework.boot.autoconfigure.web.JacksonHttpMessageConvertersConfiguration,org.springframework.boot.autoconfigure.web.GsonHttpMessageConvertersConfiguration,org.springframework.boot.autoconfigure.web.HttpMessageConvertersAutoConfiguration,messageConverters,org.springframework.boot.autoconfigure.data.solr.SolrRepositoriesAutoConfiguration,solrExceptionTranslator,org.springframework.boot.autoconfigure.jmx.JmxAutoConfiguration,mbeanExporter,objectNamingStrategy,mbeanServer,org.springframework.transaction.annotation.ProxyTransactionManagementConfiguration,org.springframework.transaction.config.internalTransactionAdvisor,transactionAttributeSource,transactionInterceptor,org.springframework.boot.autoconfigure.jdbc.DataSourceTransactionManagerAutoConfiguration$TransactionManagementConfiguration,org.springframework.boot.autoconfigure.jdbc.DataSourceTransactionManagerAutoConfiguration,org.springframework.boot.autoconfigure.solr.SolrAutoConfiguration,solrServer,spring.data.solr.CONFIGURATION_PROPERTIES,org.springframework.boot.autoconfigure.web.HttpEncodingAutoConfiguration,characterEncodingFilter,org.springframework.boot.autoconfigure.web.MultipartAutoConfiguration,multipartConfigElement,multipartResolver,multipart.CONFIGURATION_PROPERTIES,org.springframework.orm.jpa.SharedEntityManagerCreator#0]; root of factory hierarchy
10:18:09.515 [main] DEBUG o.s.b.f.s.DefaultListableBeanFactory - Returning cached instance of singleton bean 'org.springframework.context.annotation.internalConfigurationAnnotationProcessor'
10:18:09.515 [main] DEBUG o.s.b.f.s.DefaultListableBeanFactory - Returning cached instance of singleton bean 'org.springframework.context.annotation.internalAutowiredAnnotationProcessor'
10:18:09.516 [main] DEBUG o.s.b.f.s.DefaultListableBeanFactory - Returning cached instance of singleton bean 'org.springframework.context.annotation.internalRequiredAnnotationProcessor'
10:18:09.516 [main] DEBUG o.s.b.f.s.DefaultListableBeanFactory - Returning cached instance of singleton bean 'org.springframework.context.annotation.internalCommonAnnotationProcessor'
10:18:09.516 [main] DEBUG o.s.b.f.s.DefaultListableBeanFactory - Returning cached instance of singleton bean 'org.springframework.context.annotation.internalPersistenceAnnotationProcessor'
10:18:09.516 [main] DEBUG o.s.b.f.s.DefaultListableBeanFactory - Creating shared instance of singleton bean 'application'
10:18:09.516 [main] DEBUG o.s.b.f.s.DefaultListableBeanFactory - Creating instance of bean 'application'
10:18:09.516 [main] DEBUG o.s.b.f.s.DefaultListableBeanFactory - Returning cached instance of singleton bean 'org.springframework.transaction.config.internalTransactionAdvisor'
10:18:09.516 [main] DEBUG o.s.b.f.s.DefaultListableBeanFactory - Eagerly caching bean 'application' to allow for resolving potential circular references
10:18:09.518 [main] DEBUG o.s.b.f.s.DefaultListableBeanFactory - Returning cached instance of singleton bean 'org.springframework.transaction.config.internalTransactionAdvisor'
10:18:09.518 [main] DEBUG o.s.b.f.s.DefaultListableBeanFactory - Returning cached instance of singleton bean 'org.springframework.transaction.config.internalTransactionAdvisor'
10:18:09.518 [main] DEBUG o.s.b.f.s.DefaultListableBeanFactory - Finished creating instance of bean 'application'
10:18:09.518 [main] DEBUG o.s.b.f.s.DefaultListableBeanFactory - Returning cached instance of singleton bean 'org.springframework.context.annotation.ConfigurationClassPostProcessor.importAwareProcessor'
10:18:09.518 [main] DEBUG o.s.b.f.s.DefaultListableBeanFactory - Returning cached instance of singleton bean 'org.springframework.context.annotation.ConfigurationClassPostProcessor.enhancedConfigurationProcessor'
10:18:09.518 [main] DEBUG o.s.b.f.s.DefaultListableBeanFactory - Returning cached instance of singleton bean 'org.springframework.boot.autoconfigure.AutoConfigurationPackages'
10:18:09.518 [main] DEBUG o.s.b.f.s.DefaultListableBeanFactory - Returning cached instance of singleton bean 'org.springframework.data.repository.core.support.RepositoryInterfaceAwareBeanPostProcessor'
10:18:09.518 [main] DEBUG o.s.b.f.s.DefaultListableBeanFactory - Returning cached instance of singleton bean 'foo'
10:18:09.518 [main] DEBUG o.s.b.f.s.DefaultListableBeanFactory - Creating shared instance of singleton bean 'jpaMappingContext'
10:18:09.518 [main] DEBUG o.s.b.f.s.DefaultListableBeanFactory - Creating instance of bean 'jpaMappingContext'
10:18:09.519 [main] DEBUG o.s.b.f.s.DefaultListableBeanFactory - Returning cached instance of singleton bean 'org.springframework.transaction.config.internalTransactionAdvisor'
10:18:09.519 [main] DEBUG o.s.b.f.s.DefaultListableBeanFactory - Eagerly caching bean 'jpaMappingContext' to allow for resolving potential circular references
10:18:09.522 [main] DEBUG o.s.b.f.s.DefaultListableBeanFactory - Invoking afterPropertiesSet() on bean with name 'jpaMappingContext'
10:18:09.522 [main] DEBUG o.s.b.f.s.DefaultListableBeanFactory - Returning cached instance of singleton bean 'org.springframework.transaction.config.internalTransactionAdvisor'
10:18:09.522 [main] DEBUG o.s.b.f.s.DefaultListableBeanFactory - Returning cached instance of singleton bean 'org.springframework.transaction.config.internalTransactionAdvisor'
10:18:09.522 [main] DEBUG o.s.b.f.s.DefaultListableBeanFactory - Returning eagerly cached instance of singleton bean 'jpaMappingContext' that is not fully initialized yet - a consequence of a circular reference
10:18:09.524 [main] DEBUG o.s.b.f.s.DefaultListableBeanFactory - Returning cached instance of singleton bean 'entityManagerFactory'
10:18:09.524 [main] DEBUG o.s.b.f.s.DefaultListableBeanFactory - Returning cached instance of singleton bean 'org.springframework.transaction.config.internalTransactionAdvisor'
10:18:09.524 [main] DEBUG o.s.b.f.s.DefaultListableBeanFactory - Returning cached instance of singleton bean 'org.springframework.transaction.config.internalTransactionAdvisor'
10:18:09.526 [main] DEBUG o.s.jdbc.datasource.DataSourceUtils - Fetching JDBC Connection from DataSource
10:18:09.526 [main] DEBUG o.s.jdbc.datasource.DataSourceUtils - Returning JDBC Connection to DataSource
10:18:09.529 [main] DEBUG o.s.b.f.s.DefaultListableBeanFactory - Returning cached instance of singleton bean 'dataSourceInitializer'
10:18:09.562 [main] DEBUG o.s.b.f.s.DefaultListableBeanFactory - Finished creating instance of bean 'jpaMappingContext'
10:18:09.562 [main] DEBUG o.s.b.f.s.DefaultListableBeanFactory - Creating shared instance of singleton bean 'customerRepo'
10:18:09.562 [main] DEBUG o.s.b.f.s.DefaultListableBeanFactory - Creating instance of bean 'customerRepo'
10:18:09.562 [main] DEBUG o.s.b.f.s.DefaultListableBeanFactory - Returning cached instance of singleton bean 'org.springframework.transaction.config.internalTransactionAdvisor'
10:18:09.573 [main] DEBUG o.s.b.f.annotation.InjectionMetadata - Registered injected element on class [org.springframework.data.jpa.repository.support.JpaRepositoryFactoryBean]: PersistenceElement for public void org.springframework.data.jpa.repository.support.JpaRepositoryFactoryBean.setEntityManager(javax.persistence.EntityManager)
10:18:09.574 [main] DEBUG o.s.b.f.s.DefaultListableBeanFactory - Eagerly caching bean 'customerRepo' to allow for resolving potential circular references
10:18:09.574 [main] DEBUG o.s.b.f.annotation.InjectionMetadata - Processing injected element of bean 'customerRepo': PersistenceElement for public void org.springframework.data.jpa.repository.support.JpaRepositoryFactoryBean.setEntityManager(javax.persistence.EntityManager)
10:18:09.575 [main] DEBUG o.s.b.f.s.DefaultListableBeanFactory - Creating instance of bean '(inner bean)#ba17be6'
10:18:09.575 [main] DEBUG o.s.b.f.s.DefaultListableBeanFactory - Returning cached instance of singleton bean 'org.springframework.transaction.config.internalTransactionAdvisor'
10:18:09.575 [main] DEBUG o.s.b.f.s.DefaultListableBeanFactory - Creating instance of bean '(inner bean)#332bcab0'
10:18:09.575 [main] DEBUG o.s.b.f.s.DefaultListableBeanFactory - Returning cached instance of singleton bean 'org.springframework.transaction.config.internalTransactionAdvisor'
10:18:09.579 [main] DEBUG o.s.b.f.s.DefaultListableBeanFactory - Invoking afterPropertiesSet() on bean with name '(inner bean)#332bcab0'
10:18:09.579 [main] DEBUG o.s.b.f.s.DefaultListableBeanFactory - Returning cached instance of singleton bean 'org.springframework.transaction.config.internalTransactionAdvisor'
10:18:09.581 [main] DEBUG o.s.b.f.s.DefaultListableBeanFactory - Returning cached instance of singleton bean 'org.springframework.transaction.config.internalTransactionAdvisor'
10:18:09.581 [main] DEBUG o.s.b.f.s.DefaultListableBeanFactory - Finished creating instance of bean '(inner bean)#332bcab0'
10:18:09.581 [main] DEBUG o.s.b.f.s.DefaultListableBeanFactory - Returning cached instance of singleton bean 'org.springframework.transaction.config.internalTransactionAdvisor'
10:18:09.581 [main] DEBUG o.s.b.f.s.DefaultListableBeanFactory - Returning cached instance of singleton bean 'org.springframework.transaction.config.internalTransactionAdvisor'
10:18:09.585 [main] DEBUG o.s.b.f.s.DefaultListableBeanFactory - Returning cached instance of singleton bean 'org.springframework.transaction.config.internalTransactionAdvisor'
10:18:09.597 [main] DEBUG o.s.b.f.s.DefaultListableBeanFactory - Returning cached instance of singleton bean 'org.springframework.transaction.config.internalTransactionAdvisor'
10:18:09.597 [main] DEBUG o.s.b.f.s.DefaultListableBeanFactory - Finished creating instance of bean '(inner bean)#ba17be6'
10:18:09.597 [main] DEBUG o.s.b.f.s.DefaultListableBeanFactory - Creating instance of bean '(inner bean)#6aa3bfc'
10:18:09.597 [main] DEBUG o.s.b.f.s.DefaultListableBeanFactory - Returning cached instance of singleton bean 'org.springframework.transaction.config.internalTransactionAdvisor'
10:18:09.602 [main] DEBUG o.s.b.f.s.DefaultListableBeanFactory - Returning cached instance of singleton bean 'org.springframework.transaction.config.internalTransactionAdvisor'
10:18:09.603 [main] DEBUG o.s.b.f.s.DefaultListableBeanFactory - Returning cached instance of singleton bean 'org.springframework.transaction.config.internalTransactionAdvisor'
10:18:09.603 [main] DEBUG o.s.b.f.s.DefaultListableBeanFactory - Finished creating instance of bean '(inner bean)#6aa3bfc'
10:18:09.603 [main] DEBUG o.s.b.f.s.DefaultListableBeanFactory - Creating instance of bean '(inner bean)#2f7efd0b'
10:18:09.603 [main] DEBUG o.s.b.f.s.DefaultListableBeanFactory - Returning cached instance of singleton bean 'org.springframework.transaction.config.internalTransactionAdvisor'
10:18:09.603 [main] DEBUG o.s.b.f.s.DefaultListableBeanFactory - Returning cached instance of singleton bean 'entityManagerFactory'
10:18:09.619 [main] DEBUG o.s.b.f.s.DefaultListableBeanFactory - Returning cached instance of singleton bean 'org.springframework.transaction.config.internalTransactionAdvisor'
10:18:09.619 [main] DEBUG o.s.b.f.s.DefaultListableBeanFactory - Returning cached instance of singleton bean 'org.springframework.transaction.config.internalTransactionAdvisor'
10:18:09.620 [main] DEBUG o.s.b.f.s.DefaultListableBeanFactory - Finished creating instance of bean '(inner bean)#2f7efd0b'
10:18:09.620 [main] DEBUG o.s.b.f.s.DefaultListableBeanFactory - Returning cached instance of singleton bean 'jpaMappingContext'
10:18:09.620 [main] DEBUG o.s.b.f.s.DefaultListableBeanFactory - Returning cached instance of singleton bean 'org.springframework.transaction.config.internalTransactionAdvisor'
10:18:09.620 [main] DEBUG o.s.b.f.s.DefaultListableBeanFactory - Returning cached instance of singleton bean 'org.springframework.transaction.config.internalTransactionAdvisor'
10:18:09.623 [main] DEBUG o.s.b.f.s.DefaultListableBeanFactory - Invoking afterPropertiesSet() on bean with name 'customerRepo'
10:18:09.628 [main] DEBUG o.s.o.j.SharedEntityManagerCreator$SharedEntityManagerInvocationHandler - Creating new EntityManager for shared EntityManager invocation
10:18:09.665 [main] DEBUG o.s.o.jpa.EntityManagerFactoryUtils - Closing JPA EntityManager
10:18:09.673 [main] DEBUG o.s.o.j.SharedEntityManagerCreator$SharedEntityManagerInvocationHandler - Creating new EntityManager for shared EntityManager invocation
10:18:09.673 [main] DEBUG o.s.o.jpa.EntityManagerFactoryUtils - Closing JPA EntityManager
10:18:09.676 [main] DEBUG o.s.aop.framework.JdkDynamicAopProxy - Creating JDK dynamic proxy: target source is org.springframework.data.jpa.repository.support.CrudMethodMetadataPostProcessor$ThreadBoundTargetSource@3b7eac14
10:18:09.689 [main] DEBUG o.s.aop.framework.JdkDynamicAopProxy - Creating JDK dynamic proxy: target source is SingletonTargetSource for target object [org.springframework.data.jpa.repository.support.SimpleJpaRepository@3df1a1ac]
10:18:09.692 [main] DEBUG o.s.b.f.s.DefaultListableBeanFactory - Returning cached instance of singleton bean 'org.springframework.transaction.config.internalTransactionAdvisor'
10:18:09.692 [main] DEBUG o.s.b.f.s.DefaultListableBeanFactory - Returning cached instance of singleton bean 'org.springframework.transaction.config.internalTransactionAdvisor'
10:18:09.692 [main] DEBUG o.s.b.f.s.DefaultListableBeanFactory - Finished creating instance of bean 'customerRepo'
10:18:09.693 [main] DEBUG o.s.b.f.s.DefaultListableBeanFactory - Creating shared instance of singleton bean 'orderProductRepo'
10:18:09.693 [main] DEBUG o.s.b.f.s.DefaultListableBeanFactory - Creating instance of bean 'orderProductRepo'
10:18:09.693 [main] DEBUG o.s.b.f.s.DefaultListableBeanFactory - Returning cached instance of singleton bean 'org.springframework.transaction.config.internalTransactionAdvisor'
10:18:09.693 [main] DEBUG o.s.b.f.annotation.InjectionMetadata - Registered injected element on class [org.springframework.data.jpa.repository.support.JpaRepositoryFactoryBean]: PersistenceElement for public void org.springframework.data.jpa.repository.support.JpaRepositoryFactoryBean.setEntityManager(javax.persistence.EntityManager)
10:18:09.693 [main] DEBUG o.s.b.f.s.DefaultListableBeanFactory - Eagerly caching bean 'orderProductRepo' to allow for resolving potential circular references
10:18:09.693 [main] DEBUG o.s.b.f.annotation.InjectionMetadata - Processing injected element of bean 'orderProductRepo': PersistenceElement for public void org.springframework.data.jpa.repository.support.JpaRepositoryFactoryBean.setEntityManager(javax.persistence.EntityManager)
10:18:09.694 [main] DEBUG o.s.b.f.s.DefaultListableBeanFactory - Creating instance of bean '(inner bean)#7be2f29a'
10:18:09.694 [main] DEBUG o.s.b.f.s.DefaultListableBeanFactory - Returning cached instance of singleton bean 'org.springframework.transaction.config.internalTransactionAdvisor'
10:18:09.694 [main] DEBUG o.s.b.f.s.DefaultListableBeanFactory - Creating instance of bean '(inner bean)#203d1d93'
10:18:09.694 [main] DEBUG o.s.b.f.s.DefaultListableBeanFactory - Returning cached instance of singleton bean 'org.springframework.transaction.config.internalTransactionAdvisor'
10:18:09.695 [main] DEBUG o.s.b.f.s.DefaultListableBeanFactory - Invoking afterPropertiesSet() on bean with name '(inner bean)#203d1d93'
10:18:09.697 [main] DEBUG o.s.b.f.s.DefaultListableBeanFactory - Returning cached instance of singleton bean 'org.springframework.transaction.config.internalTransactionAdvisor'
10:18:09.697 [main] DEBUG o.s.b.f.s.DefaultListableBeanFactory - Returning cached instance of singleton bean 'org.springframework.transaction.config.internalTransactionAdvisor'
10:18:09.697 [main] DEBUG o.s.b.f.s.DefaultListableBeanFactory - Finished creating instance of bean '(inner bean)#203d1d93'
10:18:09.697 [main] DEBUG o.s.b.f.s.DefaultListableBeanFactory - Returning cached instance of singleton bean 'org.springframework.transaction.config.internalTransactionAdvisor'
10:18:09.697 [main] DEBUG o.s.b.f.s.DefaultListableBeanFactory - Returning cached instance of singleton bean 'org.springframework.transaction.config.internalTransactionAdvisor'
10:18:09.697 [main] DEBUG o.s.b.f.s.DefaultListableBeanFactory - Returning cached instance of singleton bean 'org.springframework.transaction.config.internalTransactionAdvisor'
10:18:09.697 [main] DEBUG o.s.b.f.s.DefaultListableBeanFactory - Returning cached instance of singleton bean 'org.springframework.transaction.config.internalTransactionAdvisor'
10:18:09.697 [main] DEBUG o.s.b.f.s.DefaultListableBeanFactory - Finished creating instance of bean '(inner bean)#7be2f29a'
10:18:09.697 [main] DEBUG o.s.b.f.s.DefaultListableBeanFactory - Creating instance of bean '(inner bean)#118dcbbd'
10:18:09.697 [main] DEBUG o.s.b.f.s.DefaultListableBeanFactory - Returning cached instance of singleton bean 'org.springframework.transaction.config.internalTransactionAdvisor'
10:18:09.698 [main] DEBUG o.s.b.f.s.DefaultListableBeanFactory - Returning cached instance of singleton bean 'org.springframework.transaction.config.internalTransactionAdvisor'
10:18:09.698 [main] DEBUG o.s.b.f.s.DefaultListableBeanFactory - Returning cached instance of singleton bean 'org.springframework.transaction.config.internalTransactionAdvisor'
10:18:09.698 [main] DEBUG o.s.b.f.s.DefaultListableBeanFactory - Finished creating instance of bean '(inner bean)#118dcbbd'
10:18:09.698 [main] DEBUG o.s.b.f.s.DefaultListableBeanFactory - Creating instance of bean '(inner bean)#7d979d34'
10:18:09.698 [main] DEBUG o.s.b.f.s.DefaultListableBeanFactory - Returning cached instance of singleton bean 'org.springframework.transaction.config.internalTransactionAdvisor'
10:18:09.698 [main] DEBUG o.s.b.f.s.DefaultListableBeanFactory - Returning cached instance of singleton bean 'entityManagerFactory'
10:18:09.699 [main] DEBUG o.s.b.f.s.DefaultListableBeanFactory - Returning cached instance of singleton bean 'org.springframework.transaction.config.internalTransactionAdvisor'
10:18:09.699 [main] DEBUG o.s.b.f.s.DefaultListableBeanFactory - Returning cached instance of singleton bean 'org.springframework.transaction.config.internalTransactionAdvisor'
10:18:09.699 [main] DEBUG o.s.b.f.s.DefaultListableBeanFactory - Finished creating instance of bean '(inner bean)#7d979d34'
10:18:09.699 [main] DEBUG o.s.b.f.s.DefaultListableBeanFactory - Returning cached instance of singleton bean 'jpaMappingContext'
10:18:09.699 [main] DEBUG o.s.b.f.s.DefaultListableBeanFactory - Invoking afterPropertiesSet() on bean with name 'orderProductRepo'
10:18:09.699 [main] DEBUG o.s.o.j.SharedEntityManagerCreator$SharedEntityManagerInvocationHandler - Creating new EntityManager for shared EntityManager invocation
10:18:09.700 [main] DEBUG o.s.o.jpa.EntityManagerFactoryUtils - Closing JPA EntityManager
10:18:09.700 [main] DEBUG o.s.o.j.SharedEntityManagerCreator$SharedEntityManagerInvocationHandler - Creating new EntityManager for shared EntityManager invocation
10:18:09.701 [main] DEBUG o.s.o.jpa.EntityManagerFactoryUtils - Closing JPA EntityManager
10:18:09.701 [main] DEBUG o.s.aop.framework.JdkDynamicAopProxy - Creating JDK dynamic proxy: target source is org.springframework.data.jpa.repository.support.CrudMethodMetadataPostProcessor$ThreadBoundTargetSource@1e0fdb2f
10:18:09.701 [main] DEBUG o.s.aop.framework.JdkDynamicAopProxy - Creating JDK dynamic proxy: target source is SingletonTargetSource for target object [org.springframework.data.jpa.repository.support.SimpleJpaRepository@34b87182]
10:18:09.703 [main] DEBUG o.s.b.f.s.DefaultListableBeanFactory - Returning cached instance of singleton bean 'org.springframework.transaction.config.internalTransactionAdvisor'
10:18:09.703 [main] DEBUG o.s.b.f.s.DefaultListableBeanFactory - Returning cached instance of singleton bean 'org.springframework.transaction.config.internalTransactionAdvisor'
10:18:09.704 [main] DEBUG o.s.b.f.s.DefaultListableBeanFactory - Finished creating instance of bean 'orderProductRepo'
10:18:09.704 [main] DEBUG o.s.b.f.s.DefaultListableBeanFactory - Creating shared instance of singleton bean 'paymentRepo'
10:18:09.704 [main] DEBUG o.s.b.f.s.DefaultListableBeanFactory - Creating instance of bean 'paymentRepo'
10:18:09.704 [main] DEBUG o.s.b.f.s.DefaultListableBeanFactory - Returning cached instance of singleton bean 'org.springframework.transaction.config.internalTransactionAdvisor'
10:18:09.704 [main] DEBUG o.s.b.f.annotation.InjectionMetadata - Registered injected element on class [org.springframework.data.jpa.repository.support.JpaRepositoryFactoryBean]: PersistenceElement for public void org.springframework.data.jpa.repository.support.JpaRepositoryFactoryBean.setEntityManager(javax.persistence.EntityManager)
10:18:09.704 [main] DEBUG o.s.b.f.s.DefaultListableBeanFactory - Eagerly caching bean 'paymentRepo' to allow for resolving potential circular references
10:18:09.704 [main] DEBUG o.s.b.f.annotation.InjectionMetadata - Processing injected element of bean 'paymentRepo': PersistenceElement for public void org.springframework.data.jpa.repository.support.JpaRepositoryFactoryBean.setEntityManager(javax.persistence.EntityManager)
10:18:09.705 [main] DEBUG o.s.b.f.s.DefaultListableBeanFactory - Creating instance of bean '(inner bean)#2740e316'
10:18:09.705 [main] DEBUG o.s.b.f.s.DefaultListableBeanFactory - Returning cached instance of singleton bean 'org.springframework.transaction.config.internalTransactionAdvisor'
10:18:09.705 [main] DEBUG o.s.b.f.s.DefaultListableBeanFactory - Creating instance of bean '(inner bean)#5b5a4aed'
10:18:09.705 [main] DEBUG o.s.b.f.s.DefaultListableBeanFactory - Returning cached instance of singleton bean 'org.springframework.transaction.config.internalTransactionAdvisor'
10:18:09.705 [main] DEBUG o.s.b.f.s.DefaultListableBeanFactory - Invoking afterPropertiesSet() on bean with name '(inner bean)#5b5a4aed'
10:18:09.705 [main] DEBUG o.s.b.f.s.DefaultListableBeanFactory - Returning cached instance of singleton bean 'org.springframework.transaction.config.internalTransactionAdvisor'
10:18:09.705 [main] DEBUG o.s.b.f.s.DefaultListableBeanFactory - Returning cached instance of singleton bean 'org.springframework.transaction.config.internalTransactionAdvisor'
10:18:09.705 [main] DEBUG o.s.b.f.s.DefaultListableBeanFactory - Finished creating instance of bean '(inner bean)#5b5a4aed'
10:18:09.705 [main] DEBUG o.s.b.f.s.DefaultListableBeanFactory - Returning cached instance of singleton bean 'org.springframework.transaction.config.internalTransactionAdvisor'
10:18:09.705 [main] DEBUG o.s.b.f.s.DefaultListableBeanFactory - Returning cached instance of singleton bean 'org.springframework.transaction.config.internalTransactionAdvisor'
10:18:09.706 [main] DEBUG o.s.b.f.s.DefaultListableBeanFactory - Returning cached instance of singleton bean 'org.springframework.transaction.config.internalTransactionAdvisor'
10:18:09.706 [main] DEBUG o.s.b.f.s.DefaultListableBeanFactory - Returning cached instance of singleton bean 'org.springframework.transaction.config.internalTransactionAdvisor'
10:18:09.706 [main] DEBUG o.s.b.f.s.DefaultListableBeanFactory - Finished creating instance of bean '(inner bean)#2740e316'
10:18:09.706 [main] DEBUG o.s.b.f.s.DefaultListableBeanFactory - Creating instance of bean '(inner bean)#5fef2aac'
10:18:09.706 [main] DEBUG o.s.b.f.s.DefaultListableBeanFactory - Returning cached instance of singleton bean 'org.springframework.transaction.config.internalTransactionAdvisor'
10:18:09.706 [main] DEBUG o.s.b.f.s.DefaultListableBeanFactory - Returning cached instance of singleton bean 'org.springframework.transaction.config.internalTransactionAdvisor'
10:18:09.706 [main] DEBUG o.s.b.f.s.DefaultListableBeanFactory - Returning cached instance of singleton bean 'org.springframework.transaction.config.internalTransactionAdvisor'
10:18:09.706 [main] DEBUG o.s.b.f.s.DefaultListableBeanFactory - Finished creating instance of bean '(inner bean)#5fef2aac'
10:18:09.706 [main] DEBUG o.s.b.f.s.DefaultListableBeanFactory - Creating instance of bean '(inner bean)#7f973a14'
10:18:09.706 [main] DEBUG o.s.b.f.s.DefaultListableBeanFactory - Returning cached instance of singleton bean 'org.springframework.transaction.config.internalTransactionAdvisor'
10:18:09.706 [main] DEBUG o.s.b.f.s.DefaultListableBeanFactory - Returning cached instance of singleton bean 'entityManagerFactory'
10:18:09.707 [main] DEBUG o.s.b.f.s.DefaultListableBeanFactory - Returning cached instance of singleton bean 'org.springframework.transaction.config.internalTransactionAdvisor'
10:18:09.707 [main] DEBUG o.s.b.f.s.DefaultListableBeanFactory - Returning cached instance of singleton bean 'org.springframework.transaction.config.internalTransactionAdvisor'
10:18:09.707 [main] DEBUG o.s.b.f.s.DefaultListableBeanFactory - Finished creating instance of bean '(inner bean)#7f973a14'
10:18:09.707 [main] DEBUG o.s.b.f.s.DefaultListableBeanFactory - Returning cached instance of singleton bean 'jpaMappingContext'
10:18:09.708 [main] DEBUG o.s.b.f.s.DefaultListableBeanFactory - Invoking afterPropertiesSet() on bean with name 'paymentRepo'
10:18:09.708 [main] DEBUG o.s.o.j.SharedEntityManagerCreator$SharedEntityManagerInvocationHandler - Creating new EntityManager for shared EntityManager invocation
10:18:09.708 [main] DEBUG o.s.o.jpa.EntityManagerFactoryUtils - Closing JPA EntityManager
10:18:09.708 [main] DEBUG o.s.o.j.SharedEntityManagerCreator$SharedEntityManagerInvocationHandler - Creating new EntityManager for shared EntityManager invocation
10:18:09.709 [main] DEBUG o.s.o.jpa.EntityManagerFactoryUtils - Closing JPA EntityManager
10:18:09.709 [main] DEBUG o.s.aop.framework.JdkDynamicAopProxy - Creating JDK dynamic proxy: target source is org.springframework.data.jpa.repository.support.CrudMethodMetadataPostProcessor$ThreadBoundTargetSource@72503b19
10:18:09.709 [main] DEBUG o.s.aop.framework.JdkDynamicAopProxy - Creating JDK dynamic proxy: target source is SingletonTargetSource for target object [org.springframework.data.jpa.repository.support.SimpleJpaRepository@66deec87]
10:18:09.711 [main] DEBUG o.s.b.f.s.DefaultListableBeanFactory - Returning cached instance of singleton bean 'org.springframework.transaction.config.internalTransactionAdvisor'
10:18:09.712 [main] DEBUG o.s.b.f.s.DefaultListableBeanFactory - Returning cached instance of singleton bean 'org.springframework.transaction.config.internalTransactionAdvisor'
10:18:09.712 [main] DEBUG o.s.b.f.s.DefaultListableBeanFactory - Finished creating instance of bean 'paymentRepo'
10:18:09.712 [main] DEBUG o.s.b.f.s.DefaultListableBeanFactory - Creating shared instance of singleton bean 'orderRepo'
10:18:09.712 [main] DEBUG o.s.b.f.s.DefaultListableBeanFactory - Creating instance of bean 'orderRepo'
10:18:09.712 [main] DEBUG o.s.b.f.s.DefaultListableBeanFactory - Returning cached instance of singleton bean 'org.springframework.transaction.config.internalTransactionAdvisor'
10:18:09.712 [main] DEBUG o.s.b.f.annotation.InjectionMetadata - Registered injected element on class [org.springframework.data.jpa.repository.support.JpaRepositoryFactoryBean]: PersistenceElement for public void org.springframework.data.jpa.repository.support.JpaRepositoryFactoryBean.setEntityManager(javax.persistence.EntityManager)
10:18:09.713 [main] DEBUG o.s.b.f.s.DefaultListableBeanFactory - Eagerly caching bean 'orderRepo' to allow for resolving potential circular references
10:18:09.713 [main] DEBUG o.s.b.f.annotation.InjectionMetadata - Processing injected element of bean 'orderRepo': PersistenceElement for public void org.springframework.data.jpa.repository.support.JpaRepositoryFactoryBean.setEntityManager(javax.persistence.EntityManager)
10:18:09.713 [main] DEBUG o.s.b.f.s.DefaultListableBeanFactory - Creating instance of bean '(inner bean)#42cc183e'
10:18:09.713 [main] DEBUG o.s.b.f.s.DefaultListableBeanFactory - Returning cached instance of singleton bean 'org.springframework.transaction.config.internalTransactionAdvisor'
10:18:09.713 [main] DEBUG o.s.b.f.s.DefaultListableBeanFactory - Creating instance of bean '(inner bean)#3e4e8fdf'
10:18:09.713 [main] DEBUG o.s.b.f.s.DefaultListableBeanFactory - Returning cached instance of singleton bean 'org.springframework.transaction.config.internalTransactionAdvisor'
10:18:09.714 [main] DEBUG o.s.b.f.s.DefaultListableBeanFactory - Invoking afterPropertiesSet() on bean with name '(inner bean)#3e4e8fdf'
10:18:09.714 [main] DEBUG o.s.b.f.s.DefaultListableBeanFactory - Returning cached instance of singleton bean 'org.springframework.transaction.config.internalTransactionAdvisor'
10:18:09.714 [main] DEBUG o.s.b.f.s.DefaultListableBeanFactory - Returning cached instance of singleton bean 'org.springframework.transaction.config.internalTransactionAdvisor'
10:18:09.714 [main] DEBUG o.s.b.f.s.DefaultListableBeanFactory - Finished creating instance of bean '(inner bean)#3e4e8fdf'
10:18:09.714 [main] DEBUG o.s.b.f.s.DefaultListableBeanFactory - Returning cached instance of singleton bean 'org.springframework.transaction.config.internalTransactionAdvisor'
10:18:09.714 [main] DEBUG o.s.b.f.s.DefaultListableBeanFactory - Returning cached instance of singleton bean 'org.springframework.transaction.config.internalTransactionAdvisor'
10:18:09.714 [main] DEBUG o.s.b.f.s.DefaultListableBeanFactory - Returning cached instance of singleton bean 'org.springframework.transaction.config.internalTransactionAdvisor'
10:18:09.714 [main] DEBUG o.s.b.f.s.DefaultListableBeanFactory - Returning cached instance of singleton bean 'org.springframework.transaction.config.internalTransactionAdvisor'
10:18:09.714 [main] DEBUG o.s.b.f.s.DefaultListableBeanFactory - Finished creating instance of bean '(inner bean)#42cc183e'
10:18:09.715 [main] DEBUG o.s.b.f.s.DefaultListableBeanFactory - Creating instance of bean '(inner bean)#2721044'
10:18:09.715 [main] DEBUG o.s.b.f.s.DefaultListableBeanFactory - Returning cached instance of singleton bean 'org.springframework.transaction.config.internalTransactionAdvisor'
10:18:09.715 [main] DEBUG o.s.b.f.s.DefaultListableBeanFactory - Returning cached instance of singleton bean 'org.springframework.transaction.config.internalTransactionAdvisor'
10:18:09.715 [main] DEBUG o.s.b.f.s.DefaultListableBeanFactory - Returning cached instance of singleton bean 'org.springframework.transaction.config.internalTransactionAdvisor'
10:18:09.715 [main] DEBUG o.s.b.f.s.DefaultListableBeanFactory - Finished creating instance of bean '(inner bean)#2721044'
10:18:09.715 [main] DEBUG o.s.b.f.s.DefaultListableBeanFactory - Creating instance of bean '(inner bean)#205df5dc'
10:18:09.715 [main] DEBUG o.s.b.f.s.DefaultListableBeanFactory - Returning cached instance of singleton bean 'org.springframework.transaction.config.internalTransactionAdvisor'
10:18:09.715 [main] DEBUG o.s.b.f.s.DefaultListableBeanFactory - Returning cached instance of singleton bean 'entityManagerFactory'
10:18:09.716 [main] DEBUG o.s.b.f.s.DefaultListableBeanFactory - Returning cached instance of singleton bean 'org.springframework.transaction.config.internalTransactionAdvisor'
10:18:09.716 [main] DEBUG o.s.b.f.s.DefaultListableBeanFactory - Returning cached instance of singleton bean 'org.springframework.transaction.config.internalTransactionAdvisor'
10:18:09.716 [main] DEBUG o.s.b.f.s.DefaultListableBeanFactory - Finished creating instance of bean '(inner bean)#205df5dc'
10:18:09.716 [main] DEBUG o.s.b.f.s.DefaultListableBeanFactory - Returning cached instance of singleton bean 'jpaMappingContext'
10:18:09.716 [main] DEBUG o.s.b.f.s.DefaultListableBeanFactory - Invoking afterPropertiesSet() on bean with name 'orderRepo'
10:18:09.716 [main] DEBUG o.s.o.j.SharedEntityManagerCreator$SharedEntityManagerInvocationHandler - Creating new EntityManager for shared EntityManager invocation
10:18:09.717 [main] DEBUG o.s.o.jpa.EntityManagerFactoryUtils - Closing JPA EntityManager
10:18:09.717 [main] DEBUG o.s.o.j.SharedEntityManagerCreator$SharedEntityManagerInvocationHandler - Creating new EntityManager for shared EntityManager invocation
10:18:09.718 [main] DEBUG o.s.o.jpa.EntityManagerFactoryUtils - Closing JPA EntityManager
10:18:09.718 [main] DEBUG o.s.aop.framework.JdkDynamicAopProxy - Creating JDK dynamic proxy: target source is org.springframework.data.jpa.repository.support.CrudMethodMetadataPostProcessor$ThreadBoundTargetSource@30893e08
10:18:09.718 [main] DEBUG o.s.aop.framework.JdkDynamicAopProxy - Creating JDK dynamic proxy: target source is SingletonTargetSource for target object [org.springframework.data.jpa.repository.support.SimpleJpaRepository@4548d254]
10:18:09.721 [main] DEBUG o.s.b.f.s.DefaultListableBeanFactory - Returning cached instance of singleton bean 'org.springframework.transaction.config.internalTransactionAdvisor'
10:18:09.721 [main] DEBUG o.s.b.f.s.DefaultListableBeanFactory - Returning cached instance of singleton bean 'org.springframework.transaction.config.internalTransactionAdvisor'
10:18:09.721 [main] DEBUG o.s.b.f.s.DefaultListableBeanFactory - Finished creating instance of bean 'orderRepo'
10:18:09.721 [main] DEBUG o.s.b.f.s.DefaultListableBeanFactory - Creating shared instance of singleton bean 'productRepo'
10:18:09.721 [main] DEBUG o.s.b.f.s.DefaultListableBeanFactory - Creating instance of bean 'productRepo'
10:18:09.721 [main] DEBUG o.s.b.f.s.DefaultListableBeanFactory - Returning cached instance of singleton bean 'org.springframework.transaction.config.internalTransactionAdvisor'
10:18:09.721 [main] DEBUG o.s.b.f.annotation.InjectionMetadata - Registered injected element on class [org.springframework.data.jpa.repository.support.JpaRepositoryFactoryBean]: PersistenceElement for public void org.springframework.data.jpa.repository.support.JpaRepositoryFactoryBean.setEntityManager(javax.persistence.EntityManager)
10:18:09.722 [main] DEBUG o.s.b.f.s.DefaultListableBeanFactory - Eagerly caching bean 'productRepo' to allow for resolving potential circular references
10:18:09.722 [main] DEBUG o.s.b.f.annotation.InjectionMetadata - Processing injected element of bean 'productRepo': PersistenceElement for public void org.springframework.data.jpa.repository.support.JpaRepositoryFactoryBean.setEntityManager(javax.persistence.EntityManager)
10:18:09.722 [main] DEBUG o.s.b.f.s.DefaultListableBeanFactory - Creating instance of bean '(inner bean)#208f0007'
10:18:09.722 [main] DEBUG o.s.b.f.s.DefaultListableBeanFactory - Returning cached instance of singleton bean 'org.springframework.transaction.config.internalTransactionAdvisor'
10:18:09.722 [main] DEBUG o.s.b.f.s.DefaultListableBeanFactory - Creating instance of bean '(inner bean)#3a90c13c'
10:18:09.722 [main] DEBUG o.s.b.f.s.DefaultListableBeanFactory - Returning cached instance of singleton bean 'org.springframework.transaction.config.internalTransactionAdvisor'
10:18:09.723 [main] DEBUG o.s.b.f.s.DefaultListableBeanFactory - Invoking afterPropertiesSet() on bean with name '(inner bean)#3a90c13c'
10:18:09.723 [main] DEBUG o.s.b.f.s.DefaultListableBeanFactory - Returning cached instance of singleton bean 'org.springframework.transaction.config.internalTransactionAdvisor'
10:18:09.723 [main] DEBUG o.s.b.f.s.DefaultListableBeanFactory - Returning cached instance of singleton bean 'org.springframework.transaction.config.internalTransactionAdvisor'
10:18:09.723 [main] DEBUG o.s.b.f.s.DefaultListableBeanFactory - Finished creating instance of bean '(inner bean)#3a90c13c'
10:18:09.723 [main] DEBUG o.s.b.f.s.DefaultListableBeanFactory - Returning cached instance of singleton bean 'org.springframework.transaction.config.internalTransactionAdvisor'
10:18:09.723 [main] DEBUG o.s.b.f.s.DefaultListableBeanFactory - Returning cached instance of singleton bean 'org.springframework.transaction.config.internalTransactionAdvisor'
10:18:09.724 [main] DEBUG o.s.b.f.s.DefaultListableBeanFactory - Returning cached instance of singleton bean 'org.springframework.transaction.config.internalTransactionAdvisor'
10:18:09.724 [main] DEBUG o.s.b.f.s.DefaultListableBeanFactory - Returning cached instance of singleton bean 'org.springframework.transaction.config.internalTransactionAdvisor'
10:18:09.724 [main] DEBUG o.s.b.f.s.DefaultListableBeanFactory - Finished creating instance of bean '(inner bean)#208f0007'
10:18:09.724 [main] DEBUG o.s.b.f.s.DefaultListableBeanFactory - Creating instance of bean '(inner bean)#188598ad'
10:18:09.724 [main] DEBUG o.s.b.f.s.DefaultListableBeanFactory - Returning cached instance of singleton bean 'org.springframework.transaction.config.internalTransactionAdvisor'
10:18:09.724 [main] DEBUG o.s.b.f.s.DefaultListableBeanFactory - Returning cached instance of singleton bean 'org.springframework.transaction.config.internalTransactionAdvisor'
10:18:09.724 [main] DEBUG o.s.b.f.s.DefaultListableBeanFactory - Returning cached instance of singleton bean 'org.springframework.transaction.config.internalTransactionAdvisor'
10:18:09.724 [main] DEBUG o.s.b.f.s.DefaultListableBeanFactory - Finished creating instance of bean '(inner bean)#188598ad'
10:18:09.724 [main] DEBUG o.s.b.f.s.DefaultListableBeanFactory - Creating instance of bean '(inner bean)#40d23c82'
10:18:09.724 [main] DEBUG o.s.b.f.s.DefaultListableBeanFactory - Returning cached instance of singleton bean 'org.springframework.transaction.config.internalTransactionAdvisor'
10:18:09.724 [main] DEBUG o.s.b.f.s.DefaultListableBeanFactory - Returning cached instance of singleton bean 'entityManagerFactory'
10:18:09.725 [main] DEBUG o.s.b.f.s.DefaultListableBeanFactory - Returning cached instance of singleton bean 'org.springframework.transaction.config.internalTransactionAdvisor'
10:18:09.725 [main] DEBUG o.s.b.f.s.DefaultListableBeanFactory - Returning cached instance of singleton bean 'org.springframework.transaction.config.internalTransactionAdvisor'
10:18:09.725 [main] DEBUG o.s.b.f.s.DefaultListableBeanFactory - Finished creating instance of bean '(inner bean)#40d23c82'
10:18:09.726 [main] DEBUG o.s.b.f.s.DefaultListableBeanFactory - Returning cached instance of singleton bean 'jpaMappingContext'
10:18:09.726 [main] DEBUG o.s.b.f.s.DefaultListableBeanFactory - Invoking afterPropertiesSet() on bean with name 'productRepo'
10:18:09.726 [main] DEBUG o.s.o.j.SharedEntityManagerCreator$SharedEntityManagerInvocationHandler - Creating new EntityManager for shared EntityManager invocation
10:18:09.726 [main] DEBUG o.s.o.jpa.EntityManagerFactoryUtils - Closing JPA EntityManager
10:18:09.727 [main] DEBUG o.s.o.j.SharedEntityManagerCreator$SharedEntityManagerInvocationHandler - Creating new EntityManager for shared EntityManager invocation
10:18:09.727 [main] DEBUG o.s.o.jpa.EntityManagerFactoryUtils - Closing JPA EntityManager
10:18:09.727 [main] DEBUG o.s.aop.framework.JdkDynamicAopProxy - Creating JDK dynamic proxy: target source is org.springframework.data.jpa.repository.support.CrudMethodMetadataPostProcessor$ThreadBoundTargetSource@3c6c4689
10:18:09.727 [main] DEBUG o.s.aop.framework.JdkDynamicAopProxy - Creating JDK dynamic proxy: target source is SingletonTargetSource for target object [org.springframework.data.jpa.repository.support.SimpleJpaRepository@594d9f07]
10:18:09.730 [main] DEBUG o.s.b.f.s.DefaultListableBeanFactory - Returning cached instance of singleton bean 'org.springframework.transaction.config.internalTransactionAdvisor'
10:18:09.730 [main] DEBUG o.s.b.f.s.DefaultListableBeanFactory - Returning cached instance of singleton bean 'org.springframework.transaction.config.internalTransactionAdvisor'
10:18:09.730 [main] DEBUG o.s.b.f.s.DefaultListableBeanFactory - Finished creating instance of bean 'productRepo'
10:18:09.730 [main] DEBUG o.s.b.f.s.DefaultListableBeanFactory - Creating shared instance of singleton bean 'commentRepo'
10:18:09.730 [main] DEBUG o.s.b.f.s.DefaultListableBeanFactory - Creating instance of bean 'commentRepo'
10:18:09.730 [main] DEBUG o.s.b.f.s.DefaultListableBeanFactory - Returning cached instance of singleton bean 'org.springframework.transaction.config.internalTransactionAdvisor'
10:18:09.730 [main] DEBUG o.s.b.f.annotation.InjectionMetadata - Registered injected element on class [org.springframework.data.jpa.repository.support.JpaRepositoryFactoryBean]: PersistenceElement for public void org.springframework.data.jpa.repository.support.JpaRepositoryFactoryBean.setEntityManager(javax.persistence.EntityManager)
10:18:09.731 [main] DEBUG o.s.b.f.s.DefaultListableBeanFactory - Eagerly caching bean 'commentRepo' to allow for resolving potential circular references
10:18:09.731 [main] DEBUG o.s.b.f.annotation.InjectionMetadata - Processing injected element of bean 'commentRepo': PersistenceElement for public void org.springframework.data.jpa.repository.support.JpaRepositoryFactoryBean.setEntityManager(javax.persistence.EntityManager)
10:18:09.731 [main] DEBUG o.s.b.f.s.DefaultListableBeanFactory - Creating instance of bean '(inner bean)#5e9f73b'
10:18:09.731 [main] DEBUG o.s.b.f.s.DefaultListableBeanFactory - Returning cached instance of singleton bean 'org.springframework.transaction.config.internalTransactionAdvisor'
10:18:09.731 [main] DEBUG o.s.b.f.s.DefaultListableBeanFactory - Creating instance of bean '(inner bean)#1a565afb'
10:18:09.731 [main] DEBUG o.s.b.f.s.DefaultListableBeanFactory - Returning cached instance of singleton bean 'org.springframework.transaction.config.internalTransactionAdvisor'
10:18:09.732 [main] DEBUG o.s.b.f.s.DefaultListableBeanFactory - Invoking afterPropertiesSet() on bean with name '(inner bean)#1a565afb'
10:18:09.732 [main] DEBUG o.s.b.f.s.DefaultListableBeanFactory - Returning cached instance of singleton bean 'org.springframework.transaction.config.internalTransactionAdvisor'
10:18:09.732 [main] DEBUG o.s.b.f.s.DefaultListableBeanFactory - Returning cached instance of singleton bean 'org.springframework.transaction.config.internalTransactionAdvisor'
10:18:09.732 [main] DEBUG o.s.b.f.s.DefaultListableBeanFactory - Finished creating instance of bean '(inner bean)#1a565afb'
10:18:09.732 [main] DEBUG o.s.b.f.s.DefaultListableBeanFactory - Returning cached instance of singleton bean 'org.springframework.transaction.config.internalTransactionAdvisor'
10:18:09.732 [main] DEBUG o.s.b.f.s.DefaultListableBeanFactory - Returning cached instance of singleton bean 'org.springframework.transaction.config.internalTransactionAdvisor'
10:18:09.732 [main] DEBUG o.s.b.f.s.DefaultListableBeanFactory - Returning cached instance of singleton bean 'org.springframework.transaction.config.internalTransactionAdvisor'
10:18:09.732 [main] DEBUG o.s.b.f.s.DefaultListableBeanFactory - Returning cached instance of singleton bean 'org.springframework.transaction.config.internalTransactionAdvisor'
10:18:09.732 [main] DEBUG o.s.b.f.s.DefaultListableBeanFactory - Finished creating instance of bean '(inner bean)#5e9f73b'
10:18:09.732 [main] DEBUG o.s.b.f.s.DefaultListableBeanFactory - Creating instance of bean '(inner bean)#949c598'
10:18:09.732 [main] DEBUG o.s.b.f.s.DefaultListableBeanFactory - Returning cached instance of singleton bean 'org.springframework.transaction.config.internalTransactionAdvisor'
10:18:09.732 [main] DEBUG o.s.b.f.s.DefaultListableBeanFactory - Returning cached instance of singleton bean 'org.springframework.transaction.config.internalTransactionAdvisor'
10:18:09.732 [main] DEBUG o.s.b.f.s.DefaultListableBeanFactory - Returning cached instance of singleton bean 'org.springframework.transaction.config.internalTransactionAdvisor'
10:18:09.732 [main] DEBUG o.s.b.f.s.DefaultListableBeanFactory - Finished creating instance of bean '(inner bean)#949c598'
10:18:09.733 [main] DEBUG o.s.b.f.s.DefaultListableBeanFactory - Creating instance of bean '(inner bean)#43d3aba5'
10:18:09.733 [main] DEBUG o.s.b.f.s.DefaultListableBeanFactory - Returning cached instance of singleton bean 'org.springframework.transaction.config.internalTransactionAdvisor'
10:18:09.733 [main] DEBUG o.s.b.f.s.DefaultListableBeanFactory - Returning cached instance of singleton bean 'entityManagerFactory'
10:18:09.734 [main] DEBUG o.s.b.f.s.DefaultListableBeanFactory - Returning cached instance of singleton bean 'org.springframework.transaction.config.internalTransactionAdvisor'
10:18:09.734 [main] DEBUG o.s.b.f.s.DefaultListableBeanFactory - Returning cached instance of singleton bean 'org.springframework.transaction.config.internalTransactionAdvisor'
10:18:09.734 [main] DEBUG o.s.b.f.s.DefaultListableBeanFactory - Finished creating instance of bean '(inner bean)#43d3aba5'
10:18:09.734 [main] DEBUG o.s.b.f.s.DefaultListableBeanFactory - Returning cached instance of singleton bean 'jpaMappingContext'
10:18:09.734 [main] DEBUG o.s.b.f.s.DefaultListableBeanFactory - Invoking afterPropertiesSet() on bean with name 'commentRepo'
10:18:09.734 [main] DEBUG o.s.o.j.SharedEntityManagerCreator$SharedEntityManagerInvocationHandler - Creating new EntityManager for shared EntityManager invocation
10:18:09.734 [main] DEBUG o.s.o.jpa.EntityManagerFactoryUtils - Closing JPA EntityManager
10:18:09.735 [main] DEBUG o.s.o.j.SharedEntityManagerCreator$SharedEntityManagerInvocationHandler - Creating new EntityManager for shared EntityManager invocation
10:18:09.735 [main] DEBUG o.s.o.jpa.EntityManagerFactoryUtils - Closing JPA EntityManager
10:18:09.735 [main] DEBUG o.s.aop.framework.JdkDynamicAopProxy - Creating JDK dynamic proxy: target source is org.springframework.data.jpa.repository.support.CrudMethodMetadataPostProcessor$ThreadBoundTargetSource@51dae791
10:18:09.736 [main] DEBUG o.s.aop.framework.JdkDynamicAopProxy - Creating JDK dynamic proxy: target source is SingletonTargetSource for target object [org.springframework.data.jpa.repository.support.SimpleJpaRepository@5de5e95]
10:18:09.739 [main] DEBUG o.s.b.f.s.DefaultListableBeanFactory - Returning cached instance of singleton bean 'org.springframework.transaction.config.internalTransactionAdvisor'
10:18:09.739 [main] DEBUG o.s.b.f.s.DefaultListableBeanFactory - Returning cached instance of singleton bean 'org.springframework.transaction.config.internalTransactionAdvisor'
10:18:09.739 [main] DEBUG o.s.b.f.s.DefaultListableBeanFactory - Finished creating instance of bean 'commentRepo'
10:18:09.740 [main] DEBUG o.s.b.f.s.DefaultListableBeanFactory - Creating shared instance of singleton bean 'billingRepo'
10:18:09.740 [main] DEBUG o.s.b.f.s.DefaultListableBeanFactory - Creating instance of bean 'billingRepo'
10:18:09.740 [main] DEBUG o.s.b.f.s.DefaultListableBeanFactory - Returning cached instance of singleton bean 'org.springframework.transaction.config.internalTransactionAdvisor'
10:18:09.740 [main] DEBUG o.s.b.f.annotation.InjectionMetadata - Registered injected element on class [org.springframework.data.jpa.repository.support.JpaRepositoryFactoryBean]: PersistenceElement for public void org.springframework.data.jpa.repository.support.JpaRepositoryFactoryBean.setEntityManager(javax.persistence.EntityManager)
10:18:09.740 [main] DEBUG o.s.b.f.s.DefaultListableBeanFactory - Eagerly caching bean 'billingRepo' to allow for resolving potential circular references
10:18:09.740 [main] DEBUG o.s.b.f.annotation.InjectionMetadata - Processing injected element of bean 'billingRepo': PersistenceElement for public void org.springframework.data.jpa.repository.support.JpaRepositoryFactoryBean.setEntityManager(javax.persistence.EntityManager)
10:18:09.740 [main] DEBUG o.s.b.f.s.DefaultListableBeanFactory - Creating instance of bean '(inner bean)#303c55fa'
10:18:09.740 [main] DEBUG o.s.b.f.s.DefaultListableBeanFactory - Returning cached instance of singleton bean 'org.springframework.transaction.config.internalTransactionAdvisor'
10:18:09.741 [main] DEBUG o.s.b.f.s.DefaultListableBeanFactory - Creating instance of bean '(inner bean)#9efcd90'
10:18:09.741 [main] DEBUG o.s.b.f.s.DefaultListableBeanFactory - Returning cached instance of singleton bean 'org.springframework.transaction.config.internalTransactionAdvisor'
10:18:09.741 [main] DEBUG o.s.b.f.s.DefaultListableBeanFactory - Invoking afterPropertiesSet() on bean with name '(inner bean)#9efcd90'
10:18:09.741 [main] DEBUG o.s.b.f.s.DefaultListableBeanFactory - Returning cached instance of singleton bean 'org.springframework.transaction.config.internalTransactionAdvisor'
10:18:09.741 [main] DEBUG o.s.b.f.s.DefaultListableBeanFactory - Returning cached instance of singleton bean 'org.springframework.transaction.config.internalTransactionAdvisor'
10:18:09.741 [main] DEBUG o.s.b.f.s.DefaultListableBeanFactory - Finished creating instance of bean '(inner bean)#9efcd90'
10:18:09.741 [main] DEBUG o.s.b.f.s.DefaultListableBeanFactory - Returning cached instance of singleton bean 'org.springframework.transaction.config.internalTransactionAdvisor'
10:18:09.741 [main] DEBUG o.s.b.f.s.DefaultListableBeanFactory - Returning cached instance of singleton bean 'org.springframework.transaction.config.internalTransactionAdvisor'
10:18:09.742 [main] DEBUG o.s.b.f.s.DefaultListableBeanFactory - Returning cached instance of singleton bean 'org.springframework.transaction.config.internalTransactionAdvisor'
10:18:09.742 [main] DEBUG o.s.b.f.s.DefaultListableBeanFactory - Returning cached instance of singleton bean 'org.springframework.transaction.config.internalTransactionAdvisor'
10:18:09.742 [main] DEBUG o.s.b.f.s.DefaultListableBeanFactory - Finished creating instance of bean '(inner bean)#303c55fa'
10:18:09.742 [main] DEBUG o.s.b.f.s.DefaultListableBeanFactory - Creating instance of bean '(inner bean)#2ee83775'
10:18:09.742 [main] DEBUG o.s.b.f.s.DefaultListableBeanFactory - Returning cached instance of singleton bean 'org.springframework.transaction.config.internalTransactionAdvisor'
10:18:09.742 [main] DEBUG o.s.b.f.s.DefaultListableBeanFactory - Returning cached instance of singleton bean 'org.springframework.transaction.config.internalTransactionAdvisor'
10:18:09.742 [main] DEBUG o.s.b.f.s.DefaultListableBeanFactory - Returning cached instance of singleton bean 'org.springframework.transaction.config.internalTransactionAdvisor'
10:18:09.742 [main] DEBUG o.s.b.f.s.DefaultListableBeanFactory - Finished creating instance of bean '(inner bean)#2ee83775'
10:18:09.742 [main] DEBUG o.s.b.f.s.DefaultListableBeanFactory - Creating instance of bean '(inner bean)#7c2924d7'
10:18:09.742 [main] DEBUG o.s.b.f.s.DefaultListableBeanFactory - Returning cached instance of singleton bean 'org.springframework.transaction.config.internalTransactionAdvisor'
10:18:09.742 [main] DEBUG o.s.b.f.s.DefaultListableBeanFactory - Returning cached instance of singleton bean 'entityManagerFactory'
10:18:09.743 [main] DEBUG o.s.b.f.s.DefaultListableBeanFactory - Returning cached instance of singleton bean 'org.springframework.transaction.config.internalTransactionAdvisor'
10:18:09.743 [main] DEBUG o.s.b.f.s.DefaultListableBeanFactory - Returning cached instance of singleton bean 'org.springframework.transaction.config.internalTransactionAdvisor'
10:18:09.743 [main] DEBUG o.s.b.f.s.DefaultListableBeanFactory - Finished creating instance of bean '(inner bean)#7c2924d7'
10:18:09.744 [main] DEBUG o.s.b.f.s.DefaultListableBeanFactory - Returning cached instance of singleton bean 'jpaMappingContext'
10:18:09.744 [main] DEBUG o.s.b.f.s.DefaultListableBeanFactory - Invoking afterPropertiesSet() on bean with name 'billingRepo'
10:18:09.744 [main] DEBUG o.s.o.j.SharedEntityManagerCreator$SharedEntityManagerInvocationHandler - Creating new EntityManager for shared EntityManager invocation
10:18:09.744 [main] DEBUG o.s.o.jpa.EntityManagerFactoryUtils - Closing JPA EntityManager
10:18:09.745 [main] DEBUG o.s.o.j.SharedEntityManagerCreator$SharedEntityManagerInvocationHandler - Creating new EntityManager for shared EntityManager invocation
10:18:09.745 [main] DEBUG o.s.o.jpa.EntityManagerFactoryUtils - Closing JPA EntityManager
10:18:09.745 [main] DEBUG o.s.aop.framework.JdkDynamicAopProxy - Creating JDK dynamic proxy: target source is org.springframework.data.jpa.repository.support.CrudMethodMetadataPostProcessor$ThreadBoundTargetSource@5b9499fe
10:18:09.745 [main] DEBUG o.s.aop.framework.JdkDynamicAopProxy - Creating JDK dynamic proxy: target source is SingletonTargetSource for target object [org.springframework.data.jpa.repository.support.SimpleJpaRepository@52a33c3f]
10:18:09.748 [main] DEBUG o.s.b.f.s.DefaultListableBeanFactory - Returning cached instance of singleton bean 'org.springframework.transaction.config.internalTransactionAdvisor'
10:18:09.748 [main] DEBUG o.s.b.f.s.DefaultListableBeanFactory - Returning cached instance of singleton bean 'org.springframework.transaction.config.internalTransactionAdvisor'
10:18:09.748 [main] DEBUG o.s.b.f.s.DefaultListableBeanFactory - Finished creating instance of bean 'billingRepo'
10:18:09.748 [main] DEBUG o.s.b.f.s.DefaultListableBeanFactory - Creating shared instance of singleton bean 'addressRepo'
10:18:09.748 [main] DEBUG o.s.b.f.s.DefaultListableBeanFactory - Creating instance of bean 'addressRepo'
10:18:09.748 [main] DEBUG o.s.b.f.s.DefaultListableBeanFactory - Returning cached instance of singleton bean 'org.springframework.transaction.config.internalTransactionAdvisor'
10:18:09.748 [main] DEBUG o.s.b.f.annotation.InjectionMetadata - Registered injected element on class [org.springframework.data.jpa.repository.support.JpaRepositoryFactoryBean]: PersistenceElement for public void org.springframework.data.jpa.repository.support.JpaRepositoryFactoryBean.setEntityManager(javax.persistence.EntityManager)
10:18:09.749 [main] DEBUG o.s.b.f.s.DefaultListableBeanFactory - Eagerly caching bean 'addressRepo' to allow for resolving potential circular references
10:18:09.749 [main] DEBUG o.s.b.f.annotation.InjectionMetadata - Processing injected element of bean 'addressRepo': PersistenceElement for public void org.springframework.data.jpa.repository.support.JpaRepositoryFactoryBean.setEntityManager(javax.persistence.EntityManager)
10:18:09.749 [main] DEBUG o.s.b.f.s.DefaultListableBeanFactory - Creating instance of bean '(inner bean)#19a20bb2'
10:18:09.749 [main] DEBUG o.s.b.f.s.DefaultListableBeanFactory - Returning cached instance of singleton bean 'org.springframework.transaction.config.internalTransactionAdvisor'
10:18:09.749 [main] DEBUG o.s.b.f.s.DefaultListableBeanFactory - Creating instance of bean '(inner bean)#75babb67'
10:18:09.749 [main] DEBUG o.s.b.f.s.DefaultListableBeanFactory - Returning cached instance of singleton bean 'org.springframework.transaction.config.internalTransactionAdvisor'
10:18:09.750 [main] DEBUG o.s.b.f.s.DefaultListableBeanFactory - Invoking afterPropertiesSet() on bean with name '(inner bean)#75babb67'
10:18:09.750 [main] DEBUG o.s.b.f.s.DefaultListableBeanFactory - Returning cached instance of singleton bean 'org.springframework.transaction.config.internalTransactionAdvisor'
10:18:09.750 [main] DEBUG o.s.b.f.s.DefaultListableBeanFactory - Returning cached instance of singleton bean 'org.springframework.transaction.config.internalTransactionAdvisor'
10:18:09.750 [main] DEBUG o.s.b.f.s.DefaultListableBeanFactory - Finished creating instance of bean '(inner bean)#75babb67'
10:18:09.750 [main] DEBUG o.s.b.f.s.DefaultListableBeanFactory - Returning cached instance of singleton bean 'org.springframework.transaction.config.internalTransactionAdvisor'
10:18:09.750 [main] DEBUG o.s.b.f.s.DefaultListableBeanFactory - Returning cached instance of singleton bean 'org.springframework.transaction.config.internalTransactionAdvisor'
10:18:09.751 [main] DEBUG o.s.b.f.s.DefaultListableBeanFactory - Returning cached instance of singleton bean 'org.springframework.transaction.config.internalTransactionAdvisor'
10:18:09.751 [main] DEBUG o.s.b.f.s.DefaultListableBeanFactory - Returning cached instance of singleton bean 'org.springframework.transaction.config.internalTransactionAdvisor'
10:18:09.751 [main] DEBUG o.s.b.f.s.DefaultListableBeanFactory - Finished creating instance of bean '(inner bean)#19a20bb2'
10:18:09.751 [main] DEBUG o.s.b.f.s.DefaultListableBeanFactory - Creating instance of bean '(inner bean)#69cd1085'
10:18:09.751 [main] DEBUG o.s.b.f.s.DefaultListableBeanFactory - Returning cached instance of singleton bean 'org.springframework.transaction.config.internalTransactionAdvisor'
10:18:09.751 [main] DEBUG o.s.b.f.s.DefaultListableBeanFactory - Returning cached instance of singleton bean 'org.springframework.transaction.config.internalTransactionAdvisor'
10:18:09.751 [main] DEBUG o.s.b.f.s.DefaultListableBeanFactory - Returning cached instance of singleton bean 'org.springframework.transaction.config.internalTransactionAdvisor'
10:18:09.751 [main] DEBUG o.s.b.f.s.DefaultListableBeanFactory - Finished creating instance of bean '(inner bean)#69cd1085'
10:18:09.751 [main] DEBUG o.s.b.f.s.DefaultListableBeanFactory - Creating instance of bean '(inner bean)#60bb7995'
10:18:09.752 [main] DEBUG o.s.b.f.s.DefaultListableBeanFactory - Returning cached instance of singleton bean 'org.springframework.transaction.config.internalTransactionAdvisor'
10:18:09.752 [main] DEBUG o.s.b.f.s.DefaultListableBeanFactory - Returning cached instance of singleton bean 'entityManagerFactory'
10:18:09.753 [main] DEBUG o.s.b.f.s.DefaultListableBeanFactory - Returning cached instance of singleton bean 'org.springframework.transaction.config.internalTransactionAdvisor'
10:18:09.753 [main] DEBUG o.s.b.f.s.DefaultListableBeanFactory - Returning cached instance of singleton bean 'org.springframework.transaction.config.internalTransactionAdvisor'
10:18:09.753 [main] DEBUG o.s.b.f.s.DefaultListableBeanFactory - Finished creating instance of bean '(inner bean)#60bb7995'
10:18:09.753 [main] DEBUG o.s.b.f.s.DefaultListableBeanFactory - Returning cached instance of singleton bean 'jpaMappingContext'
10:18:09.753 [main] DEBUG o.s.b.f.s.DefaultListableBeanFactory - Invoking afterPropertiesSet() on bean with name 'addressRepo'
10:18:09.753 [main] DEBUG o.s.o.j.SharedEntityManagerCreator$SharedEntityManagerInvocationHandler - Creating new EntityManager for shared EntityManager invocation
10:18:09.754 [main] DEBUG o.s.o.jpa.EntityManagerFactoryUtils - Closing JPA EntityManager
10:18:09.754 [main] DEBUG o.s.o.j.SharedEntityManagerCreator$SharedEntityManagerInvocationHandler - Creating new EntityManager for shared EntityManager invocation
10:18:09.755 [main] DEBUG o.s.o.jpa.EntityManagerFactoryUtils - Closing JPA EntityManager
10:18:09.755 [main] DEBUG o.s.aop.framework.JdkDynamicAopProxy - Creating JDK dynamic proxy: target source is org.springframework.data.jpa.repository.support.CrudMethodMetadataPostProcessor$ThreadBoundTargetSource@6198e9b5
10:18:09.756 [main] DEBUG o.s.aop.framework.JdkDynamicAopProxy - Creating JDK dynamic proxy: target source is SingletonTargetSource for target object [org.springframework.data.jpa.repository.support.SimpleJpaRepository@4ecd00b5]
10:18:09.758 [main] DEBUG o.s.b.f.s.DefaultListableBeanFactory - Returning cached instance of singleton bean 'org.springframework.transaction.config.internalTransactionAdvisor'
10:18:09.758 [main] DEBUG o.s.b.f.s.DefaultListableBeanFactory - Returning cached instance of singleton bean 'org.springframework.transaction.config.internalTransactionAdvisor'
10:18:09.758 [main] DEBUG o.s.b.f.s.DefaultListableBeanFactory - Finished creating instance of bean 'addressRepo'
10:18:09.758 [main] DEBUG o.s.b.f.s.DefaultListableBeanFactory - Creating shared instance of singleton bean 'org.springframework.boot.autoconfigure.PropertyPlaceholderAutoConfiguration'
10:18:09.758 [main] DEBUG o.s.b.f.s.DefaultListableBeanFactory - Creating instance of bean 'org.springframework.boot.autoconfigure.PropertyPlaceholderAutoConfiguration'
10:18:09.759 [main] DEBUG o.s.b.f.s.DefaultListableBeanFactory - Returning cached instance of singleton bean 'org.springframework.transaction.config.internalTransactionAdvisor'
10:18:09.759 [main] DEBUG o.s.b.f.s.DefaultListableBeanFactory - Eagerly caching bean 'org.springframework.boot.autoconfigure.PropertyPlaceholderAutoConfiguration' to allow for resolving potential circular references
10:18:09.761 [main] DEBUG o.s.b.f.s.DefaultListableBeanFactory - Returning cached instance of singleton bean 'org.springframework.transaction.config.internalTransactionAdvisor'
10:18:09.762 [main] DEBUG o.s.b.f.s.DefaultListableBeanFactory - Returning cached instance of singleton bean 'org.springframework.transaction.config.internalTransactionAdvisor'
10:18:09.762 [main] DEBUG o.s.b.f.s.DefaultListableBeanFactory - Finished creating instance of bean 'org.springframework.boot.autoconfigure.PropertyPlaceholderAutoConfiguration'
10:18:09.762 [main] DEBUG o.s.b.f.s.DefaultListableBeanFactory - Returning cached instance of singleton bean 'org.springframework.boot.autoconfigure.condition.BeanTypeRegistry'
10:18:09.762 [main] DEBUG o.s.b.f.s.DefaultListableBeanFactory - Returning cached instance of singleton bean 'propertySourcesPlaceholderConfigurer'
10:18:09.762 [main] DEBUG o.s.b.f.s.DefaultListableBeanFactory - Creating shared instance of singleton bean 'org.springframework.boot.autoconfigure.websocket.WebSocketAutoConfiguration$TomcatWebSocketConfiguration'
10:18:09.762 [main] DEBUG o.s.b.f.s.DefaultListableBeanFactory - Creating instance of bean 'org.springframework.boot.autoconfigure.websocket.WebSocketAutoConfiguration$TomcatWebSocketConfiguration'
10:18:09.762 [main] DEBUG o.s.b.f.s.DefaultListableBeanFactory - Returning cached instance of singleton bean 'org.springframework.transaction.config.internalTransactionAdvisor'
10:18:09.763 [main] DEBUG o.s.b.f.s.DefaultListableBeanFactory - Eagerly caching bean 'org.springframework.boot.autoconfigure.websocket.WebSocketAutoConfiguration$TomcatWebSocketConfiguration' to allow for resolving potential circular references
10:18:09.765 [main] DEBUG o.s.b.f.s.DefaultListableBeanFactory - Returning cached instance of singleton bean 'org.springframework.transaction.config.internalTransactionAdvisor'
10:18:09.765 [main] DEBUG o.s.b.f.s.DefaultListableBeanFactory - Returning cached instance of singleton bean 'org.springframework.transaction.config.internalTransactionAdvisor'
10:18:09.766 [main] DEBUG o.s.b.f.s.DefaultListableBeanFactory - Finished creating instance of bean 'org.springframework.boot.autoconfigure.websocket.WebSocketAutoConfiguration$TomcatWebSocketConfiguration'
10:18:09.766 [main] DEBUG o.s.b.f.s.DefaultListableBeanFactory - Creating shared instance of singleton bean 'websocketContainerCustomizer'
10:18:09.766 [main] DEBUG o.s.b.f.s.DefaultListableBeanFactory - Creating instance of bean 'websocketContainerCustomizer'
10:18:09.766 [main] DEBUG o.s.b.f.s.DefaultListableBeanFactory - Returning cached instance of singleton bean 'org.springframework.transaction.config.internalTransactionAdvisor'
10:18:09.766 [main] DEBUG o.s.b.f.s.DefaultListableBeanFactory - Returning cached instance of singleton bean 'org.springframework.boot.autoconfigure.websocket.WebSocketAutoConfiguration$TomcatWebSocketConfiguration'
10:18:09.772 [main] DEBUG o.s.b.f.s.DefaultListableBeanFactory - Eagerly caching bean 'websocketContainerCustomizer' to allow for resolving potential circular references
10:18:09.774 [main] DEBUG o.s.b.f.s.DefaultListableBeanFactory - Returning cached instance of singleton bean 'org.springframework.transaction.config.internalTransactionAdvisor'
10:18:09.775 [main] DEBUG o.s.b.f.s.DefaultListableBeanFactory - Returning cached instance of singleton bean 'org.springframework.transaction.config.internalTransactionAdvisor'
10:18:09.775 [main] DEBUG o.s.b.f.s.DefaultListableBeanFactory - Finished creating instance of bean 'websocketContainerCustomizer'
10:18:09.775 [main] DEBUG o.s.b.f.s.DefaultListableBeanFactory - Creating shared instance of singleton bean 'org.springframework.boot.autoconfigure.websocket.WebSocketAutoConfiguration'
10:18:09.775 [main] DEBUG o.s.b.f.s.DefaultListableBeanFactory - Creating instance of bean 'org.springframework.boot.autoconfigure.websocket.WebSocketAutoConfiguration'
10:18:09.775 [main] DEBUG o.s.b.f.s.DefaultListableBeanFactory - Returning cached instance of singleton bean 'org.springframework.transaction.config.internalTransactionAdvisor'
10:18:09.776 [main] DEBUG o.s.b.f.s.DefaultListableBeanFactory - Eagerly caching bean 'org.springframework.boot.autoconfigure.websocket.WebSocketAutoConfiguration' to allow for resolving potential circular references
10:18:09.778 [main] DEBUG o.s.b.f.s.DefaultListableBeanFactory - Returning cached instance of singleton bean 'org.springframework.transaction.config.internalTransactionAdvisor'
10:18:09.778 [main] DEBUG o.s.b.f.s.DefaultListableBeanFactory - Returning cached instance of singleton bean 'org.springframework.transaction.config.internalTransactionAdvisor'
10:18:09.778 [main] DEBUG o.s.b.f.s.DefaultListableBeanFactory - Finished creating instance of bean 'org.springframework.boot.autoconfigure.websocket.WebSocketAutoConfiguration'
10:18:09.778 [main] DEBUG o.s.b.f.s.DefaultListableBeanFactory - Creating shared instance of singleton bean 'org.springframework.boot.autoconfigure.aop.AopAutoConfiguration$JdkDynamicAutoProxyConfiguration'
10:18:09.778 [main] DEBUG o.s.b.f.s.DefaultListableBeanFactory - Creating instance of bean 'org.springframework.boot.autoconfigure.aop.AopAutoConfiguration$JdkDynamicAutoProxyConfiguration'
10:18:09.779 [main] DEBUG o.s.b.f.s.DefaultListableBeanFactory - Returning cached instance of singleton bean 'org.springframework.transaction.config.internalTransactionAdvisor'
10:18:09.779 [main] DEBUG o.s.b.f.s.DefaultListableBeanFactory - Eagerly caching bean 'org.springframework.boot.autoconfigure.aop.AopAutoConfiguration$JdkDynamicAutoProxyConfiguration' to allow for resolving potential circular references
10:18:09.781 [main] DEBUG o.s.b.f.s.DefaultListableBeanFactory - Returning cached instance of singleton bean 'org.springframework.transaction.config.internalTransactionAdvisor'
10:18:09.782 [main] DEBUG o.s.b.f.s.DefaultListableBeanFactory - Returning cached instance of singleton bean 'org.springframework.transaction.config.internalTransactionAdvisor'
10:18:09.782 [main] DEBUG o.s.b.f.s.DefaultListableBeanFactory - Finished creating instance of bean 'org.springframework.boot.autoconfigure.aop.AopAutoConfiguration$JdkDynamicAutoProxyConfiguration'
10:18:09.782 [main] DEBUG o.s.b.f.s.DefaultListableBeanFactory - Returning cached instance of singleton bean 'org.springframework.aop.config.internalAutoProxyCreator'
10:18:09.782 [main] DEBUG o.s.b.f.s.DefaultListableBeanFactory - Creating shared instance of singleton bean 'org.springframework.boot.autoconfigure.aop.AopAutoConfiguration'
10:18:09.782 [main] DEBUG o.s.b.f.s.DefaultListableBeanFactory - Creating instance of bean 'org.springframework.boot.autoconfigure.aop.AopAutoConfiguration'
10:18:09.782 [main] DEBUG o.s.b.f.s.DefaultListableBeanFactory - Returning cached instance of singleton bean 'org.springframework.transaction.config.internalTransactionAdvisor'
10:18:09.782 [main] DEBUG o.s.b.f.s.DefaultListableBeanFactory - Eagerly caching bean 'org.springframework.boot.autoconfigure.aop.AopAutoConfiguration' to allow for resolving potential circular references
10:18:09.785 [main] DEBUG o.s.b.f.s.DefaultListableBeanFactory - Returning cached instance of singleton bean 'org.springframework.transaction.config.internalTransactionAdvisor'
10:18:09.785 [main] DEBUG o.s.b.f.s.DefaultListableBeanFactory - Returning cached instance of singleton bean 'org.springframework.transaction.config.internalTransactionAdvisor'
10:18:09.785 [main] DEBUG o.s.b.f.s.DefaultListableBeanFactory - Finished creating instance of bean 'org.springframework.boot.autoconfigure.aop.AopAutoConfiguration'
10:18:09.785 [main] DEBUG o.s.b.f.s.DefaultListableBeanFactory - Creating shared instance of singleton bean 'org.springframework.boot.autoconfigure.jta.JtaAutoConfiguration'
10:18:09.785 [main] DEBUG o.s.b.f.s.DefaultListableBeanFactory - Creating instance of bean 'org.springframework.boot.autoconfigure.jta.JtaAutoConfiguration'
10:18:09.785 [main] DEBUG o.s.b.f.s.DefaultListableBeanFactory - Returning cached instance of singleton bean 'org.springframework.transaction.config.internalTransactionAdvisor'
10:18:09.786 [main] DEBUG o.s.b.f.s.DefaultListableBeanFactory - Eagerly caching bean 'org.springframework.boot.autoconfigure.jta.JtaAutoConfiguration' to allow for resolving potential circular references
10:18:09.787 [main] DEBUG o.s.b.f.s.DefaultListableBeanFactory - Returning cached instance of singleton bean 'org.springframework.transaction.config.internalTransactionAdvisor'
10:18:09.787 [main] DEBUG o.s.b.f.s.DefaultListableBeanFactory - Returning cached instance of singleton bean 'org.springframework.transaction.config.internalTransactionAdvisor'
10:18:09.787 [main] DEBUG o.s.b.f.s.DefaultListableBeanFactory - Finished creating instance of bean 'org.springframework.boot.autoconfigure.jta.JtaAutoConfiguration'
10:18:09.787 [main] DEBUG o.s.b.f.s.DefaultListableBeanFactory - Creating shared instance of singleton bean 'spring.jta.CONFIGURATION_PROPERTIES'
10:18:09.787 [main] DEBUG o.s.b.f.s.DefaultListableBeanFactory - Creating instance of bean 'spring.jta.CONFIGURATION_PROPERTIES'
10:18:09.787 [main] DEBUG o.s.b.f.s.DefaultListableBeanFactory - Returning cached instance of singleton bean 'org.springframework.transaction.config.internalTransactionAdvisor'
10:18:09.788 [main] DEBUG o.s.b.f.s.DefaultListableBeanFactory - Eagerly caching bean 'spring.jta.CONFIGURATION_PROPERTIES' to allow for resolving potential circular references
10:18:09.789 [main] DEBUG o.s.core.env.MutablePropertySources - Adding [Inlined Test Properties] PropertySource with lowest search precedence
10:18:09.790 [main] DEBUG o.s.core.env.MutablePropertySources - Adding [systemProperties] PropertySource with lowest search precedence
10:18:09.790 [main] DEBUG o.s.core.env.MutablePropertySources - Adding [systemEnvironment] PropertySource with lowest search precedence
10:18:09.790 [main] DEBUG o.s.core.env.MutablePropertySources - Adding [localProperties] PropertySource with lowest search precedence
10:18:09.790 [main] DEBUG o.s.core.env.MutablePropertySources - Adding [Inlined Test Properties] PropertySource with lowest search precedence
10:18:09.790 [main] DEBUG o.s.core.env.MutablePropertySources - Adding [systemProperties] PropertySource with lowest search precedence
10:18:09.790 [main] DEBUG o.s.core.env.MutablePropertySources - Adding [systemEnvironment] PropertySource with lowest search precedence
10:18:09.790 [main] DEBUG o.s.core.env.MutablePropertySources - Adding [localProperties] PropertySource with lowest search precedence
10:18:09.790 [main] DEBUG o.s.c.e.PropertySourcesPropertyResolver - Searching for key 'org.springframework.boot.test.IntegrationTest' in [Inlined Test Properties]
10:18:09.790 [main] DEBUG o.s.c.e.PropertySourcesPropertyResolver - Found key 'org.springframework.boot.test.IntegrationTest' in [Inlined Test Properties] with type [String] and value 'true'
10:18:09.792 [main] DEBUG o.s.b.f.s.DefaultListableBeanFactory - Returning cached instance of singleton bean 'org.springframework.transaction.config.internalTransactionAdvisor'
10:18:09.792 [main] DEBUG o.s.b.f.s.DefaultListableBeanFactory - Returning cached instance of singleton bean 'org.springframework.transaction.config.internalTransactionAdvisor'
10:18:09.792 [main] DEBUG o.s.b.f.s.DefaultListableBeanFactory - Finished creating instance of bean 'spring.jta.CONFIGURATION_PROPERTIES'
10:18:09.792 [main] DEBUG o.s.b.f.s.DefaultListableBeanFactory - Returning cached instance of singleton bean 'org.springframework.boot.context.properties.ConfigurationPropertiesBindingPostProcessor'
10:18:09.793 [main] DEBUG o.s.b.f.s.DefaultListableBeanFactory - Returning cached instance of singleton bean 'org.springframework.boot.context.properties.ConfigurationPropertiesBindingPostProcessor.store'
10:18:09.793 [main] DEBUG o.s.b.f.s.DefaultListableBeanFactory - Creating shared instance of singleton bean 'org.springframework.boot.autoconfigure.jdbc.DataSourceAutoConfiguration$JdbcTemplateConfiguration'
10:18:09.793 [main] DEBUG o.s.b.f.s.DefaultListableBeanFactory - Creating instance of bean 'org.springframework.boot.autoconfigure.jdbc.DataSourceAutoConfiguration$JdbcTemplateConfiguration'
10:18:09.793 [main] DEBUG o.s.b.f.s.DefaultListableBeanFactory - Returning cached instance of singleton bean 'org.springframework.transaction.config.internalTransactionAdvisor'
10:18:09.794 [main] DEBUG o.s.b.f.annotation.InjectionMetadata - Registered injected element on class [org.springframework.boot.autoconfigure.jdbc.DataSourceAutoConfiguration$JdbcTemplateConfiguration$$EnhancerBySpringCGLIB$$c2b87d79]: AutowiredFieldElement for private javax.sql.DataSource org.springframework.boot.autoconfigure.jdbc.DataSourceAutoConfiguration$JdbcTemplateConfiguration.dataSource
10:18:09.794 [main] DEBUG o.s.b.f.s.DefaultListableBeanFactory - Eagerly caching bean 'org.springframework.boot.autoconfigure.jdbc.DataSourceAutoConfiguration$JdbcTemplateConfiguration' to allow for resolving potential circular references
10:18:09.796 [main] DEBUG o.s.b.f.annotation.InjectionMetadata - Processing injected element of bean 'org.springframework.boot.autoconfigure.jdbc.DataSourceAutoConfiguration$JdbcTemplateConfiguration': AutowiredFieldElement for private javax.sql.DataSource org.springframework.boot.autoconfigure.jdbc.DataSourceAutoConfiguration$JdbcTemplateConfiguration.dataSource
10:18:09.797 [main] DEBUG o.s.b.f.s.DefaultListableBeanFactory - Returning cached instance of singleton bean 'dataSource'
10:18:09.797 [main] DEBUG o.s.b.f.a.AutowiredAnnotationBeanPostProcessor - Autowiring by type from bean name 'org.springframework.boot.autoconfigure.jdbc.DataSourceAutoConfiguration$JdbcTemplateConfiguration' to bean named 'dataSource'
10:18:09.797 [main] DEBUG o.s.b.f.s.DefaultListableBeanFactory - Returning cached instance of singleton bean 'org.springframework.transaction.config.internalTransactionAdvisor'
10:18:09.797 [main] DEBUG o.s.b.f.s.DefaultListableBeanFactory - Returning cached instance of singleton bean 'org.springframework.transaction.config.internalTransactionAdvisor'
10:18:09.798 [main] DEBUG o.s.b.f.s.DefaultListableBeanFactory - Finished creating instance of bean 'org.springframework.boot.autoconfigure.jdbc.DataSourceAutoConfiguration$JdbcTemplateConfiguration'
10:18:09.798 [main] DEBUG o.s.b.f.s.DefaultListableBeanFactory - Creating shared instance of singleton bean 'jdbcTemplate'
10:18:09.798 [main] DEBUG o.s.b.f.s.DefaultListableBeanFactory - Creating instance of bean 'jdbcTemplate'
10:18:09.798 [main] DEBUG o.s.b.f.s.DefaultListableBeanFactory - Returning cached instance of singleton bean 'org.springframework.transaction.config.internalTransactionAdvisor'
10:18:09.799 [main] DEBUG o.s.b.f.s.DefaultListableBeanFactory - Returning cached instance of singleton bean 'org.springframework.boot.autoconfigure.jdbc.DataSourceAutoConfiguration$JdbcTemplateConfiguration'
10:18:09.818 [main] DEBUG o.s.b.f.s.DefaultListableBeanFactory - Eagerly caching bean 'jdbcTemplate' to allow for resolving potential circular references
10:18:09.825 [main] DEBUG o.s.b.f.s.DefaultListableBeanFactory - Invoking afterPropertiesSet() on bean with name 'jdbcTemplate'
10:18:09.825 [main] DEBUG o.s.b.f.s.DefaultListableBeanFactory - Returning cached instance of singleton bean 'org.springframework.transaction.config.internalTransactionAdvisor'
10:18:09.825 [main] DEBUG o.s.b.f.s.DefaultListableBeanFactory - Returning cached instance of singleton bean 'org.springframework.transaction.config.internalTransactionAdvisor'
10:18:09.827 [main] DEBUG o.s.b.f.s.DefaultListableBeanFactory - Finished creating instance of bean 'jdbcTemplate'
10:18:09.827 [main] DEBUG o.s.b.f.s.DefaultListableBeanFactory - Creating shared instance of singleton bean 'namedParameterJdbcTemplate'
10:18:09.827 [main] DEBUG o.s.b.f.s.DefaultListableBeanFactory - Creating instance of bean 'namedParameterJdbcTemplate'
10:18:09.828 [main] DEBUG o.s.b.f.s.DefaultListableBeanFactory - Returning cached instance of singleton bean 'org.springframework.transaction.config.internalTransactionAdvisor'
10:18:09.828 [main] DEBUG o.s.b.f.s.DefaultListableBeanFactory - Returning cached instance of singleton bean 'org.springframework.boot.autoconfigure.jdbc.DataSourceAutoConfiguration$JdbcTemplateConfiguration'
10:18:09.830 [main] DEBUG o.s.b.f.s.DefaultListableBeanFactory - Eagerly caching bean 'namedParameterJdbcTemplate' to allow for resolving potential circular references
10:18:09.834 [main] DEBUG o.s.b.f.s.DefaultListableBeanFactory - Returning cached instance of singleton bean 'org.springframework.transaction.config.internalTransactionAdvisor'
10:18:09.835 [main] DEBUG o.s.b.f.s.DefaultListableBeanFactory - Returning cached instance of singleton bean 'org.springframework.transaction.config.internalTransactionAdvisor'
10:18:09.835 [main] DEBUG o.s.b.f.s.DefaultListableBeanFactory - Finished creating instance of bean 'namedParameterJdbcTemplate'
10:18:09.836 [main] DEBUG o.s.b.f.s.DefaultListableBeanFactory - Returning cached instance of singleton bean 'org.springframework.boot.autoconfigure.jdbc.DataSourceAutoConfiguration$NonEmbeddedConfiguration'
10:18:09.836 [main] DEBUG o.s.b.f.s.DefaultListableBeanFactory - Returning cached instance of singleton bean 'dataSource'
10:18:09.836 [main] DEBUG o.s.b.f.s.DefaultListableBeanFactory - Returning cached instance of singleton bean 'org.springframework.boot.autoconfigure.jdbc.DataSourceAutoConfiguration$DataSourceInitializerConfiguration'
10:18:09.836 [main] DEBUG o.s.b.f.s.DefaultListableBeanFactory - Returning cached instance of singleton bean 'dataSourceInitializer'
10:18:09.836 [main] DEBUG o.s.b.f.s.DefaultListableBeanFactory - Creating shared instance of singleton bean 'org.springframework.boot.autoconfigure.jdbc.metadata.DataSourcePoolMetadataProvidersConfiguration$TomcatDataSourcePoolMetadataProviderConfiguration'
10:18:09.836 [main] DEBUG o.s.b.f.s.DefaultListableBeanFactory - Creating instance of bean 'org.springframework.boot.autoconfigure.jdbc.metadata.DataSourcePoolMetadataProvidersConfiguration$TomcatDataSourcePoolMetadataProviderConfiguration'
10:18:09.836 [main] DEBUG o.s.b.f.s.DefaultListableBeanFactory - Returning cached instance of singleton bean 'org.springframework.transaction.config.internalTransactionAdvisor'
10:18:09.836 [main] DEBUG o.s.b.f.s.DefaultListableBeanFactory - Eagerly caching bean 'org.springframework.boot.autoconfigure.jdbc.metadata.DataSourcePoolMetadataProvidersConfiguration$TomcatDataSourcePoolMetadataProviderConfiguration' to allow for resolving potential circular references
10:18:09.839 [main] DEBUG o.s.b.f.s.DefaultListableBeanFactory - Returning cached instance of singleton bean 'org.springframework.transaction.config.internalTransactionAdvisor'
10:18:09.839 [main] DEBUG o.s.b.f.s.DefaultListableBeanFactory - Returning cached instance of singleton bean 'org.springframework.transaction.config.internalTransactionAdvisor'
10:18:09.839 [main] DEBUG o.s.b.f.s.DefaultListableBeanFactory - Finished creating instance of bean 'org.springframework.boot.autoconfigure.jdbc.metadata.DataSourcePoolMetadataProvidersConfiguration$TomcatDataSourcePoolMetadataProviderConfiguration'
10:18:09.839 [main] DEBUG o.s.b.f.s.DefaultListableBeanFactory - Creating shared instance of singleton bean 'tomcatPoolDataSourceMetadataProvider'
10:18:09.839 [main] DEBUG o.s.b.f.s.DefaultListableBeanFactory - Creating instance of bean 'tomcatPoolDataSourceMetadataProvider'
10:18:09.839 [main] DEBUG o.s.b.f.s.DefaultListableBeanFactory - Returning cached instance of singleton bean 'org.springframework.transaction.config.internalTransactionAdvisor'
10:18:09.839 [main] DEBUG o.s.b.f.s.DefaultListableBeanFactory - Returning cached instance of singleton bean 'org.springframework.boot.autoconfigure.jdbc.metadata.DataSourcePoolMetadataProvidersConfiguration$TomcatDataSourcePoolMetadataProviderConfiguration'
10:18:09.842 [main] DEBUG o.s.b.f.s.DefaultListableBeanFactory - Eagerly caching bean 'tomcatPoolDataSourceMetadataProvider' to allow for resolving potential circular references
10:18:09.844 [main] DEBUG o.s.b.f.s.DefaultListableBeanFactory - Returning cached instance of singleton bean 'org.springframework.transaction.config.internalTransactionAdvisor'
10:18:09.844 [main] DEBUG o.s.b.f.s.DefaultListableBeanFactory - Returning cached instance of singleton bean 'org.springframework.transaction.config.internalTransactionAdvisor'
10:18:09.844 [main] DEBUG o.s.b.f.s.DefaultListableBeanFactory - Finished creating instance of bean 'tomcatPoolDataSourceMetadataProvider'
10:18:09.844 [main] DEBUG o.s.b.f.s.DefaultListableBeanFactory - Creating shared instance of singleton bean 'org.springframework.boot.autoconfigure.jdbc.metadata.DataSourcePoolMetadataProvidersConfiguration'
10:18:09.844 [main] DEBUG o.s.b.f.s.DefaultListableBeanFactory - Creating instance of bean 'org.springframework.boot.autoconfigure.jdbc.metadata.DataSourcePoolMetadataProvidersConfiguration'
10:18:09.844 [main] DEBUG o.s.b.f.s.DefaultListableBeanFactory - Returning cached instance of singleton bean 'org.springframework.transaction.config.internalTransactionAdvisor'
10:18:09.845 [main] DEBUG o.s.b.f.s.DefaultListableBeanFactory - Eagerly caching bean 'org.springframework.boot.autoconfigure.jdbc.metadata.DataSourcePoolMetadataProvidersConfiguration' to allow for resolving potential circular references
10:18:09.847 [main] DEBUG o.s.b.f.s.DefaultListableBeanFactory - Returning cached instance of singleton bean 'org.springframework.transaction.config.internalTransactionAdvisor'
10:18:09.847 [main] DEBUG o.s.b.f.s.DefaultListableBeanFactory - Returning cached instance of singleton bean 'org.springframework.transaction.config.internalTransactionAdvisor'
10:18:09.847 [main] DEBUG o.s.b.f.s.DefaultListableBeanFactory - Finished creating instance of bean 'org.springframework.boot.autoconfigure.jdbc.metadata.DataSourcePoolMetadataProvidersConfiguration'
10:18:09.847 [main] DEBUG o.s.b.f.s.DefaultListableBeanFactory - Creating shared instance of singleton bean 'org.springframework.boot.autoconfigure.jdbc.DataSourceAutoConfiguration'
10:18:09.847 [main] DEBUG o.s.b.f.s.DefaultListableBeanFactory - Creating instance of bean 'org.springframework.boot.autoconfigure.jdbc.DataSourceAutoConfiguration'
10:18:09.847 [main] DEBUG o.s.b.f.s.DefaultListableBeanFactory - Returning cached instance of singleton bean 'org.springframework.transaction.config.internalTransactionAdvisor'
10:18:09.847 [main] DEBUG o.s.b.f.s.DefaultListableBeanFactory - Eagerly caching bean 'org.springframework.boot.autoconfigure.jdbc.DataSourceAutoConfiguration' to allow for resolving potential circular references
10:18:09.849 [main] DEBUG o.s.b.f.s.DefaultListableBeanFactory - Returning cached instance of singleton bean 'org.springframework.transaction.config.internalTransactionAdvisor'
10:18:09.849 [main] DEBUG o.s.b.f.s.DefaultListableBeanFactory - Returning cached instance of singleton bean 'org.springframework.transaction.config.internalTransactionAdvisor'
10:18:09.849 [main] DEBUG o.s.b.f.s.DefaultListableBeanFactory - Finished creating instance of bean 'org.springframework.boot.autoconfigure.jdbc.DataSourceAutoConfiguration'
10:18:09.850 [main] DEBUG o.s.b.f.s.DefaultListableBeanFactory - Returning cached instance of singleton bean 'spring.datasource.CONFIGURATION_PROPERTIES'
10:18:09.850 [main] DEBUG o.s.b.f.s.DefaultListableBeanFactory - Returning cached instance of singleton bean 'dataSourceInitializerPostProcessor'
10:18:09.850 [main] DEBUG o.s.b.f.s.DefaultListableBeanFactory - Returning cached instance of singleton bean 'org.springframework.boot.autoconfigure.orm.jpa.HibernateJpaAutoConfiguration'
10:18:09.850 [main] DEBUG o.s.b.f.s.DefaultListableBeanFactory - Creating shared instance of singleton bean 'transactionManager'
10:18:09.850 [main] DEBUG o.s.b.f.s.DefaultListableBeanFactory - Creating instance of bean 'transactionManager'
10:18:09.850 [main] DEBUG o.s.b.f.s.DefaultListableBeanFactory - Returning cached instance of singleton bean 'org.springframework.transaction.config.internalTransactionAdvisor'
10:18:09.850 [main] DEBUG o.s.b.f.s.DefaultListableBeanFactory - Returning cached instance of singleton bean 'org.springframework.boot.autoconfigure.orm.jpa.HibernateJpaAutoConfiguration'
10:18:09.855 [main] DEBUG o.s.b.f.s.DefaultListableBeanFactory - Eagerly caching bean 'transactionManager' to allow for resolving potential circular references
10:18:09.858 [main] DEBUG o.s.b.f.s.DefaultListableBeanFactory - Returning cached instance of singleton bean 'entityManagerFactory'
10:18:09.858 [main] DEBUG o.s.b.f.s.DefaultListableBeanFactory - Invoking afterPropertiesSet() on bean with name 'transactionManager'
10:18:09.859 [main] DEBUG o.s.b.f.s.DefaultListableBeanFactory - Returning cached instance of singleton bean 'org.springframework.transaction.config.internalTransactionAdvisor'
10:18:09.859 [main] DEBUG o.s.b.f.s.DefaultListableBeanFactory - Returning cached instance of singleton bean 'org.springframework.transaction.config.internalTransactionAdvisor'
10:18:09.859 [main] DEBUG o.s.b.f.s.DefaultListableBeanFactory - Finished creating instance of bean 'transactionManager'
10:18:09.859 [main] DEBUG o.s.b.f.s.DefaultListableBeanFactory - Returning cached instance of singleton bean 'jpaVendorAdapter'
10:18:09.859 [main] DEBUG o.s.b.f.s.DefaultListableBeanFactory - Returning cached instance of singleton bean 'entityManagerFactoryBuilder'
10:18:09.859 [main] DEBUG o.s.b.f.s.DefaultListableBeanFactory - Returning cached instance of singleton bean 'entityManagerFactory'
10:18:09.859 [main] DEBUG o.s.b.f.s.DefaultListableBeanFactory - Returning cached instance of singleton bean 'spring.jpa.CONFIGURATION_PROPERTIES'
10:18:09.859 [main] DEBUG o.s.b.f.s.DefaultListableBeanFactory - Returning cached instance of singleton bean 'dataSourceInitializedPublisher'
10:18:09.859 [main] DEBUG o.s.b.f.s.DefaultListableBeanFactory - Creating shared instance of singleton bean 'org.springframework.boot.autoconfigure.dao.PersistenceExceptionTranslationAutoConfiguration'
10:18:09.859 [main] DEBUG o.s.b.f.s.DefaultListableBeanFactory - Creating instance of bean 'org.springframework.boot.autoconfigure.dao.PersistenceExceptionTranslationAutoConfiguration'
10:18:09.859 [main] DEBUG o.s.b.f.s.DefaultListableBeanFactory - Returning cached instance of singleton bean 'org.springframework.transaction.config.internalTransactionAdvisor'
10:18:09.860 [main] DEBUG o.s.b.f.s.DefaultListableBeanFactory - Eagerly caching bean 'org.springframework.boot.autoconfigure.dao.PersistenceExceptionTranslationAutoConfiguration' to allow for resolving potential circular references
10:18:09.861 [main] DEBUG o.s.b.f.s.DefaultListableBeanFactory - Returning cached instance of singleton bean 'org.springframework.transaction.config.internalTransactionAdvisor'
10:18:09.861 [main] DEBUG o.s.b.f.s.DefaultListableBeanFactory - Returning cached instance of singleton bean 'org.springframework.transaction.config.internalTransactionAdvisor'
10:18:09.861 [main] DEBUG o.s.b.f.s.DefaultListableBeanFactory - Finished creating instance of bean 'org.springframework.boot.autoconfigure.dao.PersistenceExceptionTranslationAutoConfiguration'
10:18:09.861 [main] DEBUG o.s.b.f.s.DefaultListableBeanFactory - Returning cached instance of singleton bean 'persistenceExceptionTranslationPostProcessor'
10:18:09.861 [main] DEBUG o.s.b.f.s.DefaultListableBeanFactory - Creating shared instance of singleton bean 'org.springframework.boot.autoconfigure.jackson.JacksonAutoConfiguration$JacksonObjectMapperBuilderConfiguration'
10:18:09.861 [main] DEBUG o.s.b.f.s.DefaultListableBeanFactory - Creating instance of bean 'org.springframework.boot.autoconfigure.jackson.JacksonAutoConfiguration$JacksonObjectMapperBuilderConfiguration'
10:18:09.861 [main] DEBUG o.s.b.f.s.DefaultListableBeanFactory - Returning cached instance of singleton bean 'org.springframework.transaction.config.internalTransactionAdvisor'
10:18:09.862 [main] DEBUG o.s.b.f.annotation.InjectionMetadata - Registered injected element on class [org.springframework.boot.autoconfigure.jackson.JacksonAutoConfiguration$JacksonObjectMapperBuilderConfiguration$$EnhancerBySpringCGLIB$$69ee38a6]: AutowiredFieldElement for private org.springframework.boot.autoconfigure.jackson.JacksonProperties org.springframework.boot.autoconfigure.jackson.JacksonAutoConfiguration$JacksonObjectMapperBuilderConfiguration.jacksonProperties
10:18:09.862 [main] DEBUG o.s.b.f.annotation.InjectionMetadata - Registered injected element on class [org.springframework.boot.autoconfigure.jackson.JacksonAutoConfiguration$JacksonObjectMapperBuilderConfiguration$$EnhancerBySpringCGLIB$$69ee38a6]: AutowiredFieldElement for private org.springframework.boot.autoconfigure.web.HttpMapperProperties org.springframework.boot.autoconfigure.jackson.JacksonAutoConfiguration$JacksonObjectMapperBuilderConfiguration.httpMapperProperties
10:18:09.862 [main] DEBUG o.s.b.f.s.DefaultListableBeanFactory - Eagerly caching bean 'org.springframework.boot.autoconfigure.jackson.JacksonAutoConfiguration$JacksonObjectMapperBuilderConfiguration' to allow for resolving potential circular references
10:18:09.864 [main] DEBUG o.s.b.f.annotation.InjectionMetadata - Processing injected element of bean 'org.springframework.boot.autoconfigure.jackson.JacksonAutoConfiguration$JacksonObjectMapperBuilderConfiguration': AutowiredFieldElement for private org.springframework.boot.autoconfigure.jackson.JacksonProperties org.springframework.boot.autoconfigure.jackson.JacksonAutoConfiguration$JacksonObjectMapperBuilderConfiguration.jacksonProperties
10:18:09.865 [main] DEBUG o.s.b.f.s.DefaultListableBeanFactory - Creating shared instance of singleton bean 'spring.jackson.CONFIGURATION_PROPERTIES'
10:18:09.865 [main] DEBUG o.s.b.f.s.DefaultListableBeanFactory - Creating instance of bean 'spring.jackson.CONFIGURATION_PROPERTIES'
10:18:09.865 [main] DEBUG o.s.b.f.s.DefaultListableBeanFactory - Returning cached instance of singleton bean 'org.springframework.transaction.config.internalTransactionAdvisor'
10:18:09.865 [main] DEBUG o.s.b.f.s.DefaultListableBeanFactory - Eagerly caching bean 'spring.jackson.CONFIGURATION_PROPERTIES' to allow for resolving potential circular references
10:18:09.869 [main] DEBUG o.s.core.env.MutablePropertySources - Adding [Inlined Test Properties] PropertySource with lowest search precedence
10:18:09.869 [main] DEBUG o.s.core.env.MutablePropertySources - Adding [systemProperties] PropertySource with lowest search precedence
10:18:09.869 [main] DEBUG o.s.core.env.MutablePropertySources - Adding [systemEnvironment] PropertySource with lowest search precedence
10:18:09.869 [main] DEBUG o.s.core.env.MutablePropertySources - Adding [localProperties] PropertySource with lowest search precedence
10:18:09.869 [main] DEBUG o.s.core.env.MutablePropertySources - Adding [Inlined Test Properties] PropertySource with lowest search precedence
10:18:09.869 [main] DEBUG o.s.core.env.MutablePropertySources - Adding [systemProperties] PropertySource with lowest search precedence
10:18:09.869 [main] DEBUG o.s.core.env.MutablePropertySources - Adding [systemEnvironment] PropertySource with lowest search precedence
10:18:09.869 [main] DEBUG o.s.core.env.MutablePropertySources - Adding [localProperties] PropertySource with lowest search precedence
10:18:09.869 [main] DEBUG o.s.c.e.PropertySourcesPropertyResolver - Searching for key 'org.springframework.boot.test.IntegrationTest' in [Inlined Test Properties]
10:18:09.869 [main] DEBUG o.s.c.e.PropertySourcesPropertyResolver - Found key 'org.springframework.boot.test.IntegrationTest' in [Inlined Test Properties] with type [String] and value 'true'
10:18:09.871 [main] DEBUG o.s.b.f.s.DefaultListableBeanFactory - Returning cached instance of singleton bean 'org.springframework.transaction.config.internalTransactionAdvisor'
10:18:09.871 [main] DEBUG o.s.b.f.s.DefaultListableBeanFactory - Returning cached instance of singleton bean 'org.springframework.transaction.config.internalTransactionAdvisor'
10:18:09.872 [main] DEBUG o.s.b.f.s.DefaultListableBeanFactory - Finished creating instance of bean 'spring.jackson.CONFIGURATION_PROPERTIES'
10:18:09.872 [main] DEBUG o.s.b.f.a.AutowiredAnnotationBeanPostProcessor - Autowiring by type from bean name 'org.springframework.boot.autoconfigure.jackson.JacksonAutoConfiguration$JacksonObjectMapperBuilderConfiguration' to bean named 'spring.jackson.CONFIGURATION_PROPERTIES'
10:18:09.872 [main] DEBUG o.s.b.f.annotation.InjectionMetadata - Processing injected element of bean 'org.springframework.boot.autoconfigure.jackson.JacksonAutoConfiguration$JacksonObjectMapperBuilderConfiguration': AutowiredFieldElement for private org.springframework.boot.autoconfigure.web.HttpMapperProperties org.springframework.boot.autoconfigure.jackson.JacksonAutoConfiguration$JacksonObjectMapperBuilderConfiguration.httpMapperProperties
10:18:09.872 [main] DEBUG o.s.b.f.s.DefaultListableBeanFactory - Creating shared instance of singleton bean 'http.mappers.CONFIGURATION_PROPERTIES'
10:18:09.872 [main] DEBUG o.s.b.f.s.DefaultListableBeanFactory - Creating instance of bean 'http.mappers.CONFIGURATION_PROPERTIES'
10:18:09.873 [main] DEBUG o.s.b.f.s.DefaultListableBeanFactory - Returning cached instance of singleton bean 'org.springframework.transaction.config.internalTransactionAdvisor'
10:18:09.873 [main] DEBUG o.s.b.f.s.DefaultListableBeanFactory - Eagerly caching bean 'http.mappers.CONFIGURATION_PROPERTIES' to allow for resolving potential circular references
10:18:09.875 [main] DEBUG o.s.core.env.MutablePropertySources - Adding [Inlined Test Properties] PropertySource with lowest search precedence
10:18:09.875 [main] DEBUG o.s.core.env.MutablePropertySources - Adding [systemProperties] PropertySource with lowest search precedence
10:18:09.875 [main] DEBUG o.s.core.env.MutablePropertySources - Adding [systemEnvironment] PropertySource with lowest search precedence
10:18:09.875 [main] DEBUG o.s.core.env.MutablePropertySources - Adding [localProperties] PropertySource with lowest search precedence
10:18:09.875 [main] DEBUG o.s.core.env.MutablePropertySources - Adding [Inlined Test Properties] PropertySource with lowest search precedence
10:18:09.875 [main] DEBUG o.s.core.env.MutablePropertySources - Adding [systemProperties] PropertySource with lowest search precedence
10:18:09.875 [main] DEBUG o.s.core.env.MutablePropertySources - Adding [systemEnvironment] PropertySource with lowest search precedence
10:18:09.875 [main] DEBUG o.s.core.env.MutablePropertySources - Adding [localProperties] PropertySource with lowest search precedence
10:18:09.875 [main] DEBUG o.s.c.e.PropertySourcesPropertyResolver - Searching for key 'org.springframework.boot.test.IntegrationTest' in [Inlined Test Properties]
10:18:09.875 [main] DEBUG o.s.c.e.PropertySourcesPropertyResolver - Found key 'org.springframework.boot.test.IntegrationTest' in [Inlined Test Properties] with type [String] and value 'true'
10:18:09.877 [main] DEBUG o.s.b.f.s.DefaultListableBeanFactory - Returning cached instance of singleton bean 'org.springframework.transaction.config.internalTransactionAdvisor'
10:18:09.877 [main] DEBUG o.s.b.f.s.DefaultListableBeanFactory - Returning cached instance of singleton bean 'org.springframework.transaction.config.internalTransactionAdvisor'
10:18:09.877 [main] DEBUG o.s.b.f.s.DefaultListableBeanFactory - Finished creating instance of bean 'http.mappers.CONFIGURATION_PROPERTIES'
10:18:09.877 [main] DEBUG o.s.b.f.a.AutowiredAnnotationBeanPostProcessor - Autowiring by type from bean name 'org.springframework.boot.autoconfigure.jackson.JacksonAutoConfiguration$JacksonObjectMapperBuilderConfiguration' to bean named 'http.mappers.CONFIGURATION_PROPERTIES'
10:18:09.877 [main] DEBUG o.s.b.f.s.DefaultListableBeanFactory - Returning cached instance of singleton bean 'org.springframework.transaction.config.internalTransactionAdvisor'
10:18:09.877 [main] DEBUG o.s.b.f.s.DefaultListableBeanFactory - Returning cached instance of singleton bean 'org.springframework.transaction.config.internalTransactionAdvisor'
10:18:09.878 [main] DEBUG o.s.b.f.s.DefaultListableBeanFactory - Finished creating instance of bean 'org.springframework.boot.autoconfigure.jackson.JacksonAutoConfiguration$JacksonObjectMapperBuilderConfiguration'
10:18:09.878 [main] DEBUG o.s.b.f.s.DefaultListableBeanFactory - Creating shared instance of singleton bean 'jacksonObjectMapperBuilder'
10:18:09.878 [main] DEBUG o.s.b.f.s.DefaultListableBeanFactory - Creating instance of bean 'jacksonObjectMapperBuilder'
10:18:09.878 [main] DEBUG o.s.b.f.s.DefaultListableBeanFactory - Returning cached instance of singleton bean 'org.springframework.transaction.config.internalTransactionAdvisor'
10:18:09.878 [main] DEBUG o.s.b.f.s.DefaultListableBeanFactory - Returning cached instance of singleton bean 'org.springframework.boot.autoconfigure.jackson.JacksonAutoConfiguration$JacksonObjectMapperBuilderConfiguration'
10:18:09.884 [main] DEBUG o.s.b.f.s.DefaultListableBeanFactory - Eagerly caching bean 'jacksonObjectMapperBuilder' to allow for resolving potential circular references
10:18:09.887 [main] DEBUG o.s.b.f.s.DefaultListableBeanFactory - Returning cached instance of singleton bean 'org.springframework.transaction.config.internalTransactionAdvisor'
10:18:09.887 [main] DEBUG o.s.b.f.s.DefaultListableBeanFactory - Returning cached instance of singleton bean 'org.springframework.transaction.config.internalTransactionAdvisor'
10:18:09.887 [main] DEBUG o.s.b.f.s.DefaultListableBeanFactory - Finished creating instance of bean 'jacksonObjectMapperBuilder'
10:18:09.887 [main] DEBUG o.s.b.f.s.DefaultListableBeanFactory - Returning cached instance of singleton bean 'http.mappers.CONFIGURATION_PROPERTIES'
10:18:09.887 [main] DEBUG o.s.b.f.s.DefaultListableBeanFactory - Returning cached instance of singleton bean 'spring.jackson.CONFIGURATION_PROPERTIES'
10:18:09.887 [main] DEBUG o.s.b.f.s.DefaultListableBeanFactory - Creating shared instance of singleton bean 'org.springframework.boot.autoconfigure.jackson.JacksonAutoConfiguration$JacksonObjectMapperConfiguration'
10:18:09.887 [main] DEBUG o.s.b.f.s.DefaultListableBeanFactory - Creating instance of bean 'org.springframework.boot.autoconfigure.jackson.JacksonAutoConfiguration$JacksonObjectMapperConfiguration'
10:18:09.888 [main] DEBUG o.s.b.f.s.DefaultListableBeanFactory - Returning cached instance of singleton bean 'org.springframework.transaction.config.internalTransactionAdvisor'
10:18:09.888 [main] DEBUG o.s.b.f.s.DefaultListableBeanFactory - Eagerly caching bean 'org.springframework.boot.autoconfigure.jackson.JacksonAutoConfiguration$JacksonObjectMapperConfiguration' to allow for resolving potential circular references
10:18:09.890 [main] DEBUG o.s.b.f.s.DefaultListableBeanFactory - Returning cached instance of singleton bean 'org.springframework.transaction.config.internalTransactionAdvisor'
10:18:09.890 [main] DEBUG o.s.b.f.s.DefaultListableBeanFactory - Returning cached instance of singleton bean 'org.springframework.transaction.config.internalTransactionAdvisor'
10:18:09.891 [main] DEBUG o.s.b.f.s.DefaultListableBeanFactory - Finished creating instance of bean 'org.springframework.boot.autoconfigure.jackson.JacksonAutoConfiguration$JacksonObjectMapperConfiguration'
10:18:09.891 [main] DEBUG o.s.b.f.s.DefaultListableBeanFactory - Creating shared instance of singleton bean 'jacksonObjectMapper'
10:18:09.891 [main] DEBUG o.s.b.f.s.DefaultListableBeanFactory - Creating instance of bean 'jacksonObjectMapper'
10:18:09.891 [main] DEBUG o.s.b.f.s.DefaultListableBeanFactory - Returning cached instance of singleton bean 'org.springframework.transaction.config.internalTransactionAdvisor'
10:18:09.891 [main] DEBUG o.s.b.f.s.DefaultListableBeanFactory - Returning cached instance of singleton bean 'org.springframework.boot.autoconfigure.jackson.JacksonAutoConfiguration$JacksonObjectMapperConfiguration'
10:18:09.892 [main] DEBUG o.s.b.f.s.DefaultListableBeanFactory - Returning cached instance of singleton bean 'jacksonObjectMapperBuilder'
10:18:09.892 [main] DEBUG o.s.b.f.s.DefaultListableBeanFactory - Autowiring by type from bean name 'jacksonObjectMapper' via factory method to bean named 'jacksonObjectMapperBuilder'
10:18:09.989 [main] DEBUG o.s.b.f.s.DefaultListableBeanFactory - Eagerly caching bean 'jacksonObjectMapper' to allow for resolving potential circular references
10:18:09.999 [main] DEBUG o.s.b.f.s.DefaultListableBeanFactory - Returning cached instance of singleton bean 'org.springframework.transaction.config.internalTransactionAdvisor'
10:18:09.999 [main] DEBUG o.s.b.f.s.DefaultListableBeanFactory - Returning cached instance of singleton bean 'org.springframework.transaction.config.internalTransactionAdvisor'
10:18:10.001 [main] DEBUG o.s.b.f.s.DefaultListableBeanFactory - Finished creating instance of bean 'jacksonObjectMapper'
10:18:10.001 [main] DEBUG o.s.b.f.s.DefaultListableBeanFactory - Creating shared instance of singleton bean 'org.springframework.boot.autoconfigure.jackson.JacksonAutoConfiguration'
10:18:10.001 [main] DEBUG o.s.b.f.s.DefaultListableBeanFactory - Creating instance of bean 'org.springframework.boot.autoconfigure.jackson.JacksonAutoConfiguration'
10:18:10.001 [main] DEBUG o.s.b.f.s.DefaultListableBeanFactory - Returning cached instance of singleton bean 'org.springframework.transaction.config.internalTransactionAdvisor'
10:18:10.002 [main] DEBUG o.s.c.a.CommonAnnotationBeanPostProcessor - Found init method on class [org.springframework.boot.autoconfigure.jackson.JacksonAutoConfiguration$$EnhancerBySpringCGLIB$$522edd5c]: private void org.springframework.boot.autoconfigure.jackson.JacksonAutoConfiguration.registerModulesWithObjectMappers()
10:18:10.002 [main] DEBUG o.s.c.a.CommonAnnotationBeanPostProcessor - Registered init method on class [org.springframework.boot.autoconfigure.jackson.JacksonAutoConfiguration$$EnhancerBySpringCGLIB$$522edd5c]: org.springframework.beans.factory.annotation.InitDestroyAnnotationBeanPostProcessor$LifecycleElement@927d7c4
10:18:10.002 [main] DEBUG o.s.b.f.annotation.InjectionMetadata - Registered injected element on class [org.springframework.boot.autoconfigure.jackson.JacksonAutoConfiguration$$EnhancerBySpringCGLIB$$522edd5c]: AutowiredFieldElement for private org.springframework.beans.factory.ListableBeanFactory org.springframework.boot.autoconfigure.jackson.JacksonAutoConfiguration.beanFactory
10:18:10.002 [main] DEBUG o.s.b.f.s.DefaultListableBeanFactory - Eagerly caching bean 'org.springframework.boot.autoconfigure.jackson.JacksonAutoConfiguration' to allow for resolving potential circular references
10:18:10.004 [main] DEBUG o.s.b.f.annotation.InjectionMetadata - Processing injected element of bean 'org.springframework.boot.autoconfigure.jackson.JacksonAutoConfiguration': AutowiredFieldElement for private org.springframework.beans.factory.ListableBeanFactory org.springframework.boot.autoconfigure.jackson.JacksonAutoConfiguration.beanFactory
10:18:10.005 [main] DEBUG o.s.b.f.a.AutowiredAnnotationBeanPostProcessor - Autowiring by type from bean name 'org.springframework.boot.autoconfigure.jackson.JacksonAutoConfiguration' to bean named 'org.springframework.beans.factory.support.DefaultListableBeanFactory@2cbb3d47'
10:18:10.005 [main] DEBUG o.s.c.a.CommonAnnotationBeanPostProcessor - Invoking init method on bean 'org.springframework.boot.autoconfigure.jackson.JacksonAutoConfiguration': private void org.springframework.boot.autoconfigure.jackson.JacksonAutoConfiguration.registerModulesWithObjectMappers()
10:18:10.005 [main] DEBUG o.s.b.f.s.DefaultListableBeanFactory - Returning cached instance of singleton bean 'jacksonObjectMapper'
10:18:10.006 [main] DEBUG o.s.b.f.s.DefaultListableBeanFactory - Returning cached instance of singleton bean 'org.springframework.transaction.config.internalTransactionAdvisor'
10:18:10.006 [main] DEBUG o.s.b.f.s.DefaultListableBeanFactory - Returning cached instance of singleton bean 'org.springframework.transaction.config.internalTransactionAdvisor'
10:18:10.006 [main] DEBUG o.s.b.f.s.DefaultListableBeanFactory - Finished creating instance of bean 'org.springframework.boot.autoconfigure.jackson.JacksonAutoConfiguration'
10:18:10.006 [main] DEBUG o.s.b.f.s.DefaultListableBeanFactory - Creating shared instance of singleton bean 'org.springframework.boot.autoconfigure.web.HttpMessageConvertersAutoConfiguration$StringHttpMessageConverterConfiguration'
10:18:10.006 [main] DEBUG o.s.b.f.s.DefaultListableBeanFactory - Creating instance of bean 'org.springframework.boot.autoconfigure.web.HttpMessageConvertersAutoConfiguration$StringHttpMessageConverterConfiguration'
10:18:10.006 [main] DEBUG o.s.b.f.s.DefaultListableBeanFactory - Returning cached instance of singleton bean 'org.springframework.transaction.config.internalTransactionAdvisor'
10:18:10.007 [main] DEBUG o.s.b.f.annotation.InjectionMetadata - Registered injected element on class [org.springframework.boot.autoconfigure.web.HttpMessageConvertersAutoConfiguration$StringHttpMessageConverterConfiguration$$EnhancerBySpringCGLIB$$2a49ed3c]: AutowiredFieldElement for private org.springframework.boot.autoconfigure.web.HttpEncodingProperties org.springframework.boot.autoconfigure.web.HttpMessageConvertersAutoConfiguration$StringHttpMessageConverterConfiguration.encodingProperties
10:18:10.007 [main] DEBUG o.s.b.f.s.DefaultListableBeanFactory - Eagerly caching bean 'org.springframework.boot.autoconfigure.web.HttpMessageConvertersAutoConfiguration$StringHttpMessageConverterConfiguration' to allow for resolving potential circular references
10:18:10.009 [main] DEBUG o.s.b.f.annotation.InjectionMetadata - Processing injected element of bean 'org.springframework.boot.autoconfigure.web.HttpMessageConvertersAutoConfiguration$StringHttpMessageConverterConfiguration': AutowiredFieldElement for private org.springframework.boot.autoconfigure.web.HttpEncodingProperties org.springframework.boot.autoconfigure.web.HttpMessageConvertersAutoConfiguration$StringHttpMessageConverterConfiguration.encodingProperties
10:18:10.010 [main] DEBUG o.s.b.f.s.DefaultListableBeanFactory - Creating shared instance of singleton bean 'spring.http.encoding.CONFIGURATION_PROPERTIES'
10:18:10.010 [main] DEBUG o.s.b.f.s.DefaultListableBeanFactory - Creating instance of bean 'spring.http.encoding.CONFIGURATION_PROPERTIES'
10:18:10.010 [main] DEBUG o.s.b.f.s.DefaultListableBeanFactory - Returning cached instance of singleton bean 'org.springframework.transaction.config.internalTransactionAdvisor'
10:18:10.010 [main] DEBUG o.s.b.f.s.DefaultListableBeanFactory - Eagerly caching bean 'spring.http.encoding.CONFIGURATION_PROPERTIES' to allow for resolving potential circular references
10:18:10.012 [main] DEBUG o.s.core.env.MutablePropertySources - Adding [Inlined Test Properties] PropertySource with lowest search precedence
10:18:10.012 [main] DEBUG o.s.core.env.MutablePropertySources - Adding [systemProperties] PropertySource with lowest search precedence
10:18:10.012 [main] DEBUG o.s.core.env.MutablePropertySources - Adding [systemEnvironment] PropertySource with lowest search precedence
10:18:10.012 [main] DEBUG o.s.core.env.MutablePropertySources - Adding [localProperties] PropertySource with lowest search precedence
10:18:10.012 [main] DEBUG o.s.core.env.MutablePropertySources - Adding [Inlined Test Properties] PropertySource with lowest search precedence
10:18:10.012 [main] DEBUG o.s.core.env.MutablePropertySources - Adding [systemProperties] PropertySource with lowest search precedence
10:18:10.012 [main] DEBUG o.s.core.env.MutablePropertySources - Adding [systemEnvironment] PropertySource with lowest search precedence
10:18:10.012 [main] DEBUG o.s.core.env.MutablePropertySources - Adding [localProperties] PropertySource with lowest search precedence
10:18:10.012 [main] DEBUG o.s.c.e.PropertySourcesPropertyResolver - Searching for key 'org.springframework.boot.test.IntegrationTest' in [Inlined Test Properties]
10:18:10.012 [main] DEBUG o.s.c.e.PropertySourcesPropertyResolver - Found key 'org.springframework.boot.test.IntegrationTest' in [Inlined Test Properties] with type [String] and value 'true'
10:18:10.014 [main] DEBUG o.s.b.f.s.DefaultListableBeanFactory - Returning cached instance of singleton bean 'org.springframework.transaction.config.internalTransactionAdvisor'
10:18:10.014 [main] DEBUG o.s.b.f.s.DefaultListableBeanFactory - Returning cached instance of singleton bean 'org.springframework.transaction.config.internalTransactionAdvisor'
10:18:10.014 [main] DEBUG o.s.b.f.s.DefaultListableBeanFactory - Finished creating instance of bean 'spring.http.encoding.CONFIGURATION_PROPERTIES'
10:18:10.014 [main] DEBUG o.s.b.f.a.AutowiredAnnotationBeanPostProcessor - Autowiring by type from bean name 'org.springframework.boot.autoconfigure.web.HttpMessageConvertersAutoConfiguration$StringHttpMessageConverterConfiguration' to bean named 'spring.http.encoding.CONFIGURATION_PROPERTIES'
10:18:10.014 [main] DEBUG o.s.b.f.s.DefaultListableBeanFactory - Returning cached instance of singleton bean 'org.springframework.transaction.config.internalTransactionAdvisor'
10:18:10.014 [main] DEBUG o.s.b.f.s.DefaultListableBeanFactory - Returning cached instance of singleton bean 'org.springframework.transaction.config.internalTransactionAdvisor'
10:18:10.015 [main] DEBUG o.s.b.f.s.DefaultListableBeanFactory - Finished creating instance of bean 'org.springframework.boot.autoconfigure.web.HttpMessageConvertersAutoConfiguration$StringHttpMessageConverterConfiguration'
10:18:10.015 [main] DEBUG o.s.b.f.s.DefaultListableBeanFactory - Creating shared instance of singleton bean 'stringHttpMessageConverter'
10:18:10.018 [main] DEBUG o.s.b.f.s.DefaultListableBeanFactory - Creating instance of bean 'stringHttpMessageConverter'
10:18:10.018 [main] DEBUG o.s.b.f.s.DefaultListableBeanFactory - Returning cached instance of singleton bean 'org.springframework.transaction.config.internalTransactionAdvisor'
10:18:10.018 [main] DEBUG o.s.b.f.s.DefaultListableBeanFactory - Returning cached instance of singleton bean 'org.springframework.boot.autoconfigure.web.HttpMessageConvertersAutoConfiguration$StringHttpMessageConverterConfiguration'
10:18:10.071 [main] DEBUG o.s.b.f.s.DefaultListableBeanFactory - Eagerly caching bean 'stringHttpMessageConverter' to allow for resolving potential circular references
10:18:10.075 [main] DEBUG o.s.b.f.s.DefaultListableBeanFactory - Returning cached instance of singleton bean 'org.springframework.transaction.config.internalTransactionAdvisor'
10:18:10.075 [main] DEBUG o.s.b.f.s.DefaultListableBeanFactory - Returning cached instance of singleton bean 'org.springframework.transaction.config.internalTransactionAdvisor'
10:18:10.075 [main] DEBUG o.s.b.f.s.DefaultListableBeanFactory - Finished creating instance of bean 'stringHttpMessageConverter'
10:18:10.075 [main] DEBUG o.s.b.f.s.DefaultListableBeanFactory - Returning cached instance of singleton bean 'spring.http.encoding.CONFIGURATION_PROPERTIES'
10:18:10.075 [main] DEBUG o.s.b.f.s.DefaultListableBeanFactory - Creating shared instance of singleton bean 'org.springframework.boot.autoconfigure.web.JacksonHttpMessageConvertersConfiguration$MappingJackson2HttpMessageConverterConfiguration'
10:18:10.075 [main] DEBUG o.s.b.f.s.DefaultListableBeanFactory - Creating instance of bean 'org.springframework.boot.autoconfigure.web.JacksonHttpMessageConvertersConfiguration$MappingJackson2HttpMessageConverterConfiguration'
10:18:10.075 [main] DEBUG o.s.b.f.s.DefaultListableBeanFactory - Returning cached instance of singleton bean 'org.springframework.transaction.config.internalTransactionAdvisor'
10:18:10.082 [main] DEBUG o.s.b.f.annotation.InjectionMetadata - Registered injected element on class [org.springframework.boot.autoconfigure.web.JacksonHttpMessageConvertersConfiguration$MappingJackson2HttpMessageConverterConfiguration$$EnhancerBySpringCGLIB$$59dad73c]: AutowiredFieldElement for private org.springframework.boot.autoconfigure.web.HttpMapperProperties org.springframework.boot.autoconfigure.web.JacksonHttpMessageConvertersConfiguration$MappingJackson2HttpMessageConverterConfiguration.properties
10:18:10.082 [main] DEBUG o.s.b.f.s.DefaultListableBeanFactory - Eagerly caching bean 'org.springframework.boot.autoconfigure.web.JacksonHttpMessageConvertersConfiguration$MappingJackson2HttpMessageConverterConfiguration' to allow for resolving potential circular references
10:18:10.085 [main] DEBUG o.s.b.f.annotation.InjectionMetadata - Processing injected element of bean 'org.springframework.boot.autoconfigure.web.JacksonHttpMessageConvertersConfiguration$MappingJackson2HttpMessageConverterConfiguration': AutowiredFieldElement for private org.springframework.boot.autoconfigure.web.HttpMapperProperties org.springframework.boot.autoconfigure.web.JacksonHttpMessageConvertersConfiguration$MappingJackson2HttpMessageConverterConfiguration.properties
10:18:10.086 [main] DEBUG o.s.b.f.s.DefaultListableBeanFactory - Returning cached instance of singleton bean 'http.mappers.CONFIGURATION_PROPERTIES'
10:18:10.086 [main] DEBUG o.s.b.f.a.AutowiredAnnotationBeanPostProcessor - Autowiring by type from bean name 'org.springframework.boot.autoconfigure.web.JacksonHttpMessageConvertersConfiguration$MappingJackson2HttpMessageConverterConfiguration' to bean named 'http.mappers.CONFIGURATION_PROPERTIES'
10:18:10.086 [main] DEBUG o.s.b.f.s.DefaultListableBeanFactory - Returning cached instance of singleton bean 'org.springframework.transaction.config.internalTransactionAdvisor'
10:18:10.086 [main] DEBUG o.s.b.f.s.DefaultListableBeanFactory - Returning cached instance of singleton bean 'org.springframework.transaction.config.internalTransactionAdvisor'
10:18:10.088 [main] DEBUG o.s.b.f.s.DefaultListableBeanFactory - Finished creating instance of bean 'org.springframework.boot.autoconfigure.web.JacksonHttpMessageConvertersConfiguration$MappingJackson2HttpMessageConverterConfiguration'
10:18:10.088 [main] DEBUG o.s.b.f.s.DefaultListableBeanFactory - Creating shared instance of singleton bean 'mappingJackson2HttpMessageConverter'
10:18:10.088 [main] DEBUG o.s.b.f.s.DefaultListableBeanFactory - Creating instance of bean 'mappingJackson2HttpMessageConverter'
10:18:10.088 [main] DEBUG o.s.b.f.s.DefaultListableBeanFactory - Returning cached instance of singleton bean 'org.springframework.transaction.config.internalTransactionAdvisor'
10:18:10.088 [main] DEBUG o.s.b.f.s.DefaultListableBeanFactory - Returning cached instance of singleton bean 'org.springframework.boot.autoconfigure.web.JacksonHttpMessageConvertersConfiguration$MappingJackson2HttpMessageConverterConfiguration'
10:18:10.096 [main] DEBUG o.s.b.f.s.DefaultListableBeanFactory - Returning cached instance of singleton bean 'jacksonObjectMapper'
10:18:10.096 [main] DEBUG o.s.b.f.s.DefaultListableBeanFactory - Autowiring by type from bean name 'mappingJackson2HttpMessageConverter' via factory method to bean named 'jacksonObjectMapper'
10:18:10.104 [main] DEBUG o.s.b.f.s.DefaultListableBeanFactory - Eagerly caching bean 'mappingJackson2HttpMessageConverter' to allow for resolving potential circular references
10:18:10.107 [main] DEBUG o.s.b.f.s.DefaultListableBeanFactory - Returning cached instance of singleton bean 'org.springframework.transaction.config.internalTransactionAdvisor'
10:18:10.107 [main] DEBUG o.s.b.f.s.DefaultListableBeanFactory - Returning cached instance of singleton bean 'org.springframework.transaction.config.internalTransactionAdvisor'
10:18:10.107 [main] DEBUG o.s.b.f.s.DefaultListableBeanFactory - Finished creating instance of bean 'mappingJackson2HttpMessageConverter'
10:18:10.107 [main] DEBUG o.s.b.f.s.DefaultListableBeanFactory - Creating shared instance of singleton bean 'org.springframework.boot.autoconfigure.web.JacksonHttpMessageConvertersConfiguration'
10:18:10.107 [main] DEBUG o.s.b.f.s.DefaultListableBeanFactory - Creating instance of bean 'org.springframework.boot.autoconfigure.web.JacksonHttpMessageConvertersConfiguration'
10:18:10.107 [main] DEBUG o.s.b.f.s.DefaultListableBeanFactory - Returning cached instance of singleton bean 'org.springframework.transaction.config.internalTransactionAdvisor'
10:18:10.108 [main] DEBUG o.s.b.f.s.DefaultListableBeanFactory - Eagerly caching bean 'org.springframework.boot.autoconfigure.web.JacksonHttpMessageConvertersConfiguration' to allow for resolving potential circular references
10:18:10.110 [main] DEBUG o.s.b.f.s.DefaultListableBeanFactory - Returning cached instance of singleton bean 'org.springframework.transaction.config.internalTransactionAdvisor'
10:18:10.110 [main] DEBUG o.s.b.f.s.DefaultListableBeanFactory - Returning cached instance of singleton bean 'org.springframework.transaction.config.internalTransactionAdvisor'
10:18:10.110 [main] DEBUG o.s.b.f.s.DefaultListableBeanFactory - Finished creating instance of bean 'org.springframework.boot.autoconfigure.web.JacksonHttpMessageConvertersConfiguration'
10:18:10.110 [main] DEBUG o.s.b.f.s.DefaultListableBeanFactory - Creating shared instance of singleton bean 'org.springframework.boot.autoconfigure.web.GsonHttpMessageConvertersConfiguration'
10:18:10.110 [main] DEBUG o.s.b.f.s.DefaultListableBeanFactory - Creating instance of bean 'org.springframework.boot.autoconfigure.web.GsonHttpMessageConvertersConfiguration'
10:18:10.110 [main] DEBUG o.s.b.f.s.DefaultListableBeanFactory - Returning cached instance of singleton bean 'org.springframework.transaction.config.internalTransactionAdvisor'
10:18:10.110 [main] DEBUG o.s.b.f.s.DefaultListableBeanFactory - Eagerly caching bean 'org.springframework.boot.autoconfigure.web.GsonHttpMessageConvertersConfiguration' to allow for resolving potential circular references
10:18:10.113 [main] DEBUG o.s.b.f.s.DefaultListableBeanFactory - Returning cached instance of singleton bean 'org.springframework.transaction.config.internalTransactionAdvisor'
10:18:10.113 [main] DEBUG o.s.b.f.s.DefaultListableBeanFactory - Returning cached instance of singleton bean 'org.springframework.transaction.config.internalTransactionAdvisor'
10:18:10.113 [main] DEBUG o.s.b.f.s.DefaultListableBeanFactory - Finished creating instance of bean 'org.springframework.boot.autoconfigure.web.GsonHttpMessageConvertersConfiguration'
10:18:10.113 [main] DEBUG o.s.b.f.s.DefaultListableBeanFactory - Creating shared instance of singleton bean 'org.springframework.boot.autoconfigure.web.HttpMessageConvertersAutoConfiguration'
10:18:10.113 [main] DEBUG o.s.b.f.s.DefaultListableBeanFactory - Creating instance of bean 'org.springframework.boot.autoconfigure.web.HttpMessageConvertersAutoConfiguration'
10:18:10.113 [main] DEBUG o.s.b.f.s.DefaultListableBeanFactory - Returning cached instance of singleton bean 'org.springframework.transaction.config.internalTransactionAdvisor'
10:18:10.114 [main] DEBUG o.s.b.f.annotation.InjectionMetadata - Registered injected element on class [org.springframework.boot.autoconfigure.web.HttpMessageConvertersAutoConfiguration$$EnhancerBySpringCGLIB$$f40b69c]: AutowiredFieldElement for private final java.util.List org.springframework.boot.autoconfigure.web.HttpMessageConvertersAutoConfiguration.converters
10:18:10.114 [main] DEBUG o.s.b.f.s.DefaultListableBeanFactory - Eagerly caching bean 'org.springframework.boot.autoconfigure.web.HttpMessageConvertersAutoConfiguration' to allow for resolving potential circular references
10:18:10.117 [main] DEBUG o.s.b.f.annotation.InjectionMetadata - Processing injected element of bean 'org.springframework.boot.autoconfigure.web.HttpMessageConvertersAutoConfiguration': AutowiredFieldElement for private final java.util.List org.springframework.boot.autoconfigure.web.HttpMessageConvertersAutoConfiguration.converters
10:18:10.121 [main] DEBUG o.s.b.f.s.DefaultListableBeanFactory - Returning cached instance of singleton bean 'stringHttpMessageConverter'
10:18:10.122 [main] DEBUG o.s.b.f.s.DefaultListableBeanFactory - Returning cached instance of singleton bean 'mappingJackson2HttpMessageConverter'
10:18:10.128 [main] DEBUG o.s.b.f.a.AutowiredAnnotationBeanPostProcessor - Autowiring by type from bean name 'org.springframework.boot.autoconfigure.web.HttpMessageConvertersAutoConfiguration' to bean named 'stringHttpMessageConverter'
10:18:10.128 [main] DEBUG o.s.b.f.a.AutowiredAnnotationBeanPostProcessor - Autowiring by type from bean name 'org.springframework.boot.autoconfigure.web.HttpMessageConvertersAutoConfiguration' to bean named 'mappingJackson2HttpMessageConverter'
10:18:10.128 [main] DEBUG o.s.b.f.s.DefaultListableBeanFactory - Returning cached instance of singleton bean 'org.springframework.transaction.config.internalTransactionAdvisor'
10:18:10.128 [main] DEBUG o.s.b.f.s.DefaultListableBeanFactory - Returning cached instance of singleton bean 'org.springframework.transaction.config.internalTransactionAdvisor'
10:18:10.128 [main] DEBUG o.s.b.f.s.DefaultListableBeanFactory - Finished creating instance of bean 'org.springframework.boot.autoconfigure.web.HttpMessageConvertersAutoConfiguration'
10:18:10.128 [main] DEBUG o.s.b.f.s.DefaultListableBeanFactory - Creating shared instance of singleton bean 'messageConverters'
10:18:10.129 [main] DEBUG o.s.b.f.s.DefaultListableBeanFactory - Creating instance of bean 'messageConverters'
10:18:10.129 [main] DEBUG o.s.b.f.s.DefaultListableBeanFactory - Returning cached instance of singleton bean 'org.springframework.transaction.config.internalTransactionAdvisor'
10:18:10.129 [main] DEBUG o.s.b.f.s.DefaultListableBeanFactory - Returning cached instance of singleton bean 'org.springframework.boot.autoconfigure.web.HttpMessageConvertersAutoConfiguration'
10:18:10.154 [main] DEBUG o.s.b.f.s.DefaultListableBeanFactory - Eagerly caching bean 'messageConverters' to allow for resolving potential circular references
10:18:10.156 [main] DEBUG o.s.b.f.s.DefaultListableBeanFactory - Returning cached instance of singleton bean 'org.springframework.transaction.config.internalTransactionAdvisor'
10:18:10.156 [main] DEBUG o.s.b.f.s.DefaultListableBeanFactory - Returning cached instance of singleton bean 'org.springframework.transaction.config.internalTransactionAdvisor'
10:18:10.156 [main] DEBUG o.s.b.f.s.DefaultListableBeanFactory - Finished creating instance of bean 'messageConverters'
10:18:10.156 [main] DEBUG o.s.b.f.s.DefaultListableBeanFactory - Creating shared instance of singleton bean 'org.springframework.boot.autoconfigure.data.solr.SolrRepositoriesAutoConfiguration'
10:18:10.156 [main] DEBUG o.s.b.f.s.DefaultListableBeanFactory - Creating instance of bean 'org.springframework.boot.autoconfigure.data.solr.SolrRepositoriesAutoConfiguration'
10:18:10.156 [main] DEBUG o.s.b.f.s.DefaultListableBeanFactory - Returning cached instance of singleton bean 'org.springframework.transaction.config.internalTransactionAdvisor'
10:18:10.157 [main] DEBUG o.s.b.f.s.DefaultListableBeanFactory - Eagerly caching bean 'org.springframework.boot.autoconfigure.data.solr.SolrRepositoriesAutoConfiguration' to allow for resolving potential circular references
10:18:10.159 [main] DEBUG o.s.b.f.s.DefaultListableBeanFactory - Returning cached instance of singleton bean 'org.springframework.transaction.config.internalTransactionAdvisor'
10:18:10.159 [main] DEBUG o.s.b.f.s.DefaultListableBeanFactory - Returning cached instance of singleton bean 'org.springframework.transaction.config.internalTransactionAdvisor'
10:18:10.159 [main] DEBUG o.s.b.f.s.DefaultListableBeanFactory - Finished creating instance of bean 'org.springframework.boot.autoconfigure.data.solr.SolrRepositoriesAutoConfiguration'
10:18:10.159 [main] DEBUG o.s.b.f.s.DefaultListableBeanFactory - Creating shared instance of singleton bean 'solrExceptionTranslator'
10:18:10.159 [main] DEBUG o.s.b.f.s.DefaultListableBeanFactory - Creating instance of bean 'solrExceptionTranslator'
10:18:10.159 [main] DEBUG o.s.b.f.s.DefaultListableBeanFactory - Returning cached instance of singleton bean 'org.springframework.transaction.config.internalTransactionAdvisor'
10:18:10.159 [main] DEBUG o.s.b.f.s.DefaultListableBeanFactory - Eagerly caching bean 'solrExceptionTranslator' to allow for resolving potential circular references
10:18:10.160 [main] DEBUG o.s.b.f.s.DefaultListableBeanFactory - Returning cached instance of singleton bean 'org.springframework.transaction.config.internalTransactionAdvisor'
10:18:10.160 [main] DEBUG o.s.b.f.s.DefaultListableBeanFactory - Returning cached instance of singleton bean 'org.springframework.transaction.config.internalTransactionAdvisor'
10:18:10.161 [main] DEBUG o.s.b.f.s.DefaultListableBeanFactory - Finished creating instance of bean 'solrExceptionTranslator'
10:18:10.161 [main] DEBUG o.s.b.f.s.DefaultListableBeanFactory - Creating shared instance of singleton bean 'org.springframework.boot.autoconfigure.jmx.JmxAutoConfiguration'
10:18:10.161 [main] DEBUG o.s.b.f.s.DefaultListableBeanFactory - Creating instance of bean 'org.springframework.boot.autoconfigure.jmx.JmxAutoConfiguration'
10:18:10.161 [main] DEBUG o.s.b.f.s.DefaultListableBeanFactory - Returning cached instance of singleton bean 'org.springframework.transaction.config.internalTransactionAdvisor'
10:18:10.162 [main] DEBUG o.s.b.f.s.DefaultListableBeanFactory - Eagerly caching bean 'org.springframework.boot.autoconfigure.jmx.JmxAutoConfiguration' to allow for resolving potential circular references
10:18:10.172 [main] DEBUG o.s.b.f.s.DefaultListableBeanFactory - Returning cached instance of singleton bean 'org.springframework.transaction.config.internalTransactionAdvisor'
10:18:10.172 [main] DEBUG o.s.b.f.s.DefaultListableBeanFactory - Returning cached instance of singleton bean 'org.springframework.transaction.config.internalTransactionAdvisor'
10:18:10.176 [main] DEBUG o.s.b.f.s.DefaultListableBeanFactory - Finished creating instance of bean 'org.springframework.boot.autoconfigure.jmx.JmxAutoConfiguration'
10:18:10.176 [main] DEBUG o.s.b.f.s.DefaultListableBeanFactory - Creating shared instance of singleton bean 'mbeanExporter'
10:18:10.176 [main] DEBUG o.s.b.f.s.DefaultListableBeanFactory - Creating instance of bean 'mbeanExporter'
10:18:10.176 [main] DEBUG o.s.b.f.s.DefaultListableBeanFactory - Returning cached instance of singleton bean 'org.springframework.transaction.config.internalTransactionAdvisor'
10:18:10.176 [main] DEBUG o.s.b.f.s.DefaultListableBeanFactory - Returning cached instance of singleton bean 'org.springframework.boot.autoconfigure.jmx.JmxAutoConfiguration'
10:18:10.177 [main] DEBUG o.s.b.f.s.DefaultListableBeanFactory - Creating shared instance of singleton bean 'objectNamingStrategy'
10:18:10.178 [main] DEBUG o.s.b.f.s.DefaultListableBeanFactory - Creating instance of bean 'objectNamingStrategy'
10:18:10.178 [main] DEBUG o.s.b.f.s.DefaultListableBeanFactory - Returning cached instance of singleton bean 'org.springframework.transaction.config.internalTransactionAdvisor'
10:18:10.178 [main] DEBUG o.s.b.f.s.DefaultListableBeanFactory - Returning cached instance of singleton bean 'org.springframework.boot.autoconfigure.jmx.JmxAutoConfiguration'
10:18:10.180 [main] DEBUG o.s.b.f.s.DefaultListableBeanFactory - Eagerly caching bean 'objectNamingStrategy' to allow for resolving potential circular references
10:18:10.182 [main] DEBUG o.s.b.f.s.DefaultListableBeanFactory - Invoking afterPropertiesSet() on bean with name 'objectNamingStrategy'
10:18:10.182 [main] DEBUG o.s.b.f.s.DefaultListableBeanFactory - Returning cached instance of singleton bean 'org.springframework.transaction.config.internalTransactionAdvisor'
10:18:10.182 [main] DEBUG o.s.b.f.s.DefaultListableBeanFactory - Returning cached instance of singleton bean 'org.springframework.transaction.config.internalTransactionAdvisor'
10:18:10.183 [main] DEBUG o.s.b.f.s.DefaultListableBeanFactory - Finished creating instance of bean 'objectNamingStrategy'
10:18:10.183 [main] DEBUG o.s.b.f.s.DefaultListableBeanFactory - Autowiring by type from bean name 'mbeanExporter' via factory method to bean named 'objectNamingStrategy'
10:18:10.190 [main] DEBUG o.s.b.f.s.DefaultListableBeanFactory - Creating shared instance of singleton bean 'mbeanServer'
10:18:10.190 [main] DEBUG o.s.b.f.s.DefaultListableBeanFactory - Creating instance of bean 'mbeanServer'
10:18:10.190 [main] DEBUG o.s.b.f.s.DefaultListableBeanFactory - Returning cached instance of singleton bean 'org.springframework.transaction.config.internalTransactionAdvisor'
10:18:10.190 [main] DEBUG o.s.b.f.s.DefaultListableBeanFactory - Returning cached instance of singleton bean 'org.springframework.boot.autoconfigure.jmx.JmxAutoConfiguration'
10:18:10.240 [main] DEBUG o.s.jmx.support.JmxUtils - Found MBeanServer: com.sun.jmx.mbeanserver.JmxMBeanServer@51f95f0d
10:18:10.242 [main] DEBUG o.s.b.f.s.DefaultListableBeanFactory - Eagerly caching bean 'mbeanServer' to allow for resolving potential circular references
10:18:10.245 [main] DEBUG o.s.b.f.s.DefaultListableBeanFactory - Returning cached instance of singleton bean 'org.springframework.transaction.config.internalTransactionAdvisor'
10:18:10.245 [main] DEBUG o.s.b.f.s.DefaultListableBeanFactory - Returning cached instance of singleton bean 'org.springframework.transaction.config.internalTransactionAdvisor'
10:18:10.246 [main] DEBUG o.s.b.f.s.DefaultListableBeanFactory - Finished creating instance of bean 'mbeanServer'
10:18:10.248 [main] DEBUG o.s.b.f.s.DefaultListableBeanFactory - Eagerly caching bean 'mbeanExporter' to allow for resolving potential circular references
10:18:10.253 [main] DEBUG o.s.b.f.s.DefaultListableBeanFactory - Invoking afterPropertiesSet() on bean with name 'mbeanExporter'
10:18:10.253 [main] DEBUG o.s.b.f.s.DefaultListableBeanFactory - Returning cached instance of singleton bean 'org.springframework.transaction.config.internalTransactionAdvisor'
10:18:10.253 [main] DEBUG o.s.b.f.s.DefaultListableBeanFactory - Returning cached instance of singleton bean 'org.springframework.transaction.config.internalTransactionAdvisor'
10:18:10.253 [main] DEBUG o.s.b.f.s.DefaultListableBeanFactory - Finished creating instance of bean 'mbeanExporter'
10:18:10.253 [main] DEBUG o.s.b.f.s.DefaultListableBeanFactory - Returning cached instance of singleton bean 'objectNamingStrategy'
10:18:10.254 [main] DEBUG o.s.b.f.s.DefaultListableBeanFactory - Returning cached instance of singleton bean 'mbeanServer'
10:18:10.254 [main] DEBUG o.s.b.f.s.DefaultListableBeanFactory - Returning cached instance of singleton bean 'org.springframework.transaction.annotation.ProxyTransactionManagementConfiguration'
10:18:10.254 [main] DEBUG o.s.b.f.s.DefaultListableBeanFactory - Returning cached instance of singleton bean 'org.springframework.transaction.config.internalTransactionAdvisor'
10:18:10.254 [main] DEBUG o.s.b.f.s.DefaultListableBeanFactory - Returning cached instance of singleton bean 'transactionAttributeSource'
10:18:10.254 [main] DEBUG o.s.b.f.s.DefaultListableBeanFactory - Returning cached instance of singleton bean 'transactionInterceptor'
10:18:10.254 [main] DEBUG o.s.b.f.s.DefaultListableBeanFactory - Creating shared instance of singleton bean 'org.springframework.boot.autoconfigure.jdbc.DataSourceTransactionManagerAutoConfiguration$TransactionManagementConfiguration'
10:18:10.254 [main] DEBUG o.s.b.f.s.DefaultListableBeanFactory - Creating instance of bean 'org.springframework.boot.autoconfigure.jdbc.DataSourceTransactionManagerAutoConfiguration$TransactionManagementConfiguration'
10:18:10.254 [main] DEBUG o.s.b.f.s.DefaultListableBeanFactory - Returning cached instance of singleton bean 'org.springframework.transaction.config.internalTransactionAdvisor'
10:18:10.254 [main] DEBUG o.s.b.f.s.DefaultListableBeanFactory - Eagerly caching bean 'org.springframework.boot.autoconfigure.jdbc.DataSourceTransactionManagerAutoConfiguration$TransactionManagementConfiguration' to allow for resolving potential circular references
10:18:10.261 [main] DEBUG o.s.b.f.s.DefaultListableBeanFactory - Returning cached instance of singleton bean 'org.springframework.transaction.config.internalTransactionAdvisor'
10:18:10.262 [main] DEBUG o.s.b.f.s.DefaultListableBeanFactory - Returning cached instance of singleton bean 'org.springframework.transaction.config.internalTransactionAdvisor'
10:18:10.262 [main] DEBUG o.s.b.f.s.DefaultListableBeanFactory - Finished creating instance of bean 'org.springframework.boot.autoconfigure.jdbc.DataSourceTransactionManagerAutoConfiguration$TransactionManagementConfiguration'
10:18:10.262 [main] DEBUG o.s.b.f.s.DefaultListableBeanFactory - Creating shared instance of singleton bean 'org.springframework.boot.autoconfigure.jdbc.DataSourceTransactionManagerAutoConfiguration'
10:18:10.262 [main] DEBUG o.s.b.f.s.DefaultListableBeanFactory - Creating instance of bean 'org.springframework.boot.autoconfigure.jdbc.DataSourceTransactionManagerAutoConfiguration'
10:18:10.262 [main] DEBUG o.s.b.f.s.DefaultListableBeanFactory - Returning cached instance of singleton bean 'org.springframework.transaction.config.internalTransactionAdvisor'
10:18:10.263 [main] DEBUG o.s.b.f.annotation.InjectionMetadata - Registered injected element on class [org.springframework.boot.autoconfigure.jdbc.DataSourceTransactionManagerAutoConfiguration$$EnhancerBySpringCGLIB$$8dc01e6d]: AutowiredFieldElement for private javax.sql.DataSource org.springframework.boot.autoconfigure.jdbc.DataSourceTransactionManagerAutoConfiguration.dataSource
10:18:10.263 [main] DEBUG o.s.b.f.s.DefaultListableBeanFactory - Eagerly caching bean 'org.springframework.boot.autoconfigure.jdbc.DataSourceTransactionManagerAutoConfiguration' to allow for resolving potential circular references
10:18:10.276 [main] DEBUG o.s.b.f.annotation.InjectionMetadata - Processing injected element of bean 'org.springframework.boot.autoconfigure.jdbc.DataSourceTransactionManagerAutoConfiguration': AutowiredFieldElement for private javax.sql.DataSource org.springframework.boot.autoconfigure.jdbc.DataSourceTransactionManagerAutoConfiguration.dataSource
10:18:10.277 [main] DEBUG o.s.b.f.s.DefaultListableBeanFactory - Returning cached instance of singleton bean 'dataSource'
10:18:10.277 [main] DEBUG o.s.b.f.a.AutowiredAnnotationBeanPostProcessor - Autowiring by type from bean name 'org.springframework.boot.autoconfigure.jdbc.DataSourceTransactionManagerAutoConfiguration' to bean named 'dataSource'
10:18:10.277 [main] DEBUG o.s.b.f.s.DefaultListableBeanFactory - Returning cached instance of singleton bean 'org.springframework.transaction.config.internalTransactionAdvisor'
10:18:10.277 [main] DEBUG o.s.b.f.s.DefaultListableBeanFactory - Returning cached instance of singleton bean 'org.springframework.transaction.config.internalTransactionAdvisor'
10:18:10.278 [main] DEBUG o.s.b.f.s.DefaultListableBeanFactory - Finished creating instance of bean 'org.springframework.boot.autoconfigure.jdbc.DataSourceTransactionManagerAutoConfiguration'
10:18:10.278 [main] DEBUG o.s.b.f.s.DefaultListableBeanFactory - Creating shared instance of singleton bean 'org.springframework.boot.autoconfigure.solr.SolrAutoConfiguration'
10:18:10.278 [main] DEBUG o.s.b.f.s.DefaultListableBeanFactory - Creating instance of bean 'org.springframework.boot.autoconfigure.solr.SolrAutoConfiguration'
10:18:10.278 [main] DEBUG o.s.b.f.s.DefaultListableBeanFactory - Returning cached instance of singleton bean 'org.springframework.transaction.config.internalTransactionAdvisor'
10:18:10.278 [main] DEBUG o.s.c.a.CommonAnnotationBeanPostProcessor - Found destroy method on class [org.springframework.boot.autoconfigure.solr.SolrAutoConfiguration$$EnhancerBySpringCGLIB$$b3e42426]: public void org.springframework.boot.autoconfigure.solr.SolrAutoConfiguration.close()
10:18:10.278 [main] DEBUG o.s.c.a.CommonAnnotationBeanPostProcessor - Registered destroy method on class [org.springframework.boot.autoconfigure.solr.SolrAutoConfiguration$$EnhancerBySpringCGLIB$$b3e42426]: org.springframework.beans.factory.annotation.InitDestroyAnnotationBeanPostProcessor$LifecycleElement@5a5ddf8
10:18:10.279 [main] DEBUG o.s.b.f.annotation.InjectionMetadata - Registered injected element on class [org.springframework.boot.autoconfigure.solr.SolrAutoConfiguration$$EnhancerBySpringCGLIB$$b3e42426]: AutowiredFieldElement for private org.springframework.boot.autoconfigure.solr.SolrProperties org.springframework.boot.autoconfigure.solr.SolrAutoConfiguration.properties
10:18:10.279 [main] DEBUG o.s.b.f.s.DefaultListableBeanFactory - Eagerly caching bean 'org.springframework.boot.autoconfigure.solr.SolrAutoConfiguration' to allow for resolving potential circular references
10:18:10.281 [main] DEBUG o.s.b.f.annotation.InjectionMetadata - Processing injected element of bean 'org.springframework.boot.autoconfigure.solr.SolrAutoConfiguration': AutowiredFieldElement for private org.springframework.boot.autoconfigure.solr.SolrProperties org.springframework.boot.autoconfigure.solr.SolrAutoConfiguration.properties
10:18:10.281 [main] DEBUG o.s.b.f.s.DefaultListableBeanFactory - Creating shared instance of singleton bean 'spring.data.solr.CONFIGURATION_PROPERTIES'
10:18:10.281 [main] DEBUG o.s.b.f.s.DefaultListableBeanFactory - Creating instance of bean 'spring.data.solr.CONFIGURATION_PROPERTIES'
10:18:10.282 [main] DEBUG o.s.b.f.s.DefaultListableBeanFactory - Returning cached instance of singleton bean 'org.springframework.transaction.config.internalTransactionAdvisor'
10:18:10.282 [main] DEBUG o.s.b.f.s.DefaultListableBeanFactory - Eagerly caching bean 'spring.data.solr.CONFIGURATION_PROPERTIES' to allow for resolving potential circular references
10:18:10.284 [main] DEBUG o.s.core.env.MutablePropertySources - Adding [Inlined Test Properties] PropertySource with lowest search precedence
10:18:10.284 [main] DEBUG o.s.core.env.MutablePropertySources - Adding [systemProperties] PropertySource with lowest search precedence
10:18:10.284 [main] DEBUG o.s.core.env.MutablePropertySources - Adding [systemEnvironment] PropertySource with lowest search precedence
10:18:10.284 [main] DEBUG o.s.core.env.MutablePropertySources - Adding [localProperties] PropertySource with lowest search precedence
10:18:10.284 [main] DEBUG o.s.core.env.MutablePropertySources - Adding [Inlined Test Properties] PropertySource with lowest search precedence
10:18:10.284 [main] DEBUG o.s.core.env.MutablePropertySources - Adding [systemProperties] PropertySource with lowest search precedence
10:18:10.284 [main] DEBUG o.s.core.env.MutablePropertySources - Adding [systemEnvironment] PropertySource with lowest search precedence
10:18:10.284 [main] DEBUG o.s.core.env.MutablePropertySources - Adding [localProperties] PropertySource with lowest search precedence
10:18:10.284 [main] DEBUG o.s.c.e.PropertySourcesPropertyResolver - Searching for key 'org.springframework.boot.test.IntegrationTest' in [Inlined Test Properties]
10:18:10.284 [main] DEBUG o.s.c.e.PropertySourcesPropertyResolver - Found key 'org.springframework.boot.test.IntegrationTest' in [Inlined Test Properties] with type [String] and value 'true'
10:18:10.287 [main] DEBUG o.s.b.f.s.DefaultListableBeanFactory - Returning cached instance of singleton bean 'org.springframework.transaction.config.internalTransactionAdvisor'
10:18:10.288 [main] DEBUG o.s.b.f.s.DefaultListableBeanFactory - Returning cached instance of singleton bean 'org.springframework.transaction.config.internalTransactionAdvisor'
10:18:10.288 [main] DEBUG o.s.b.f.s.DefaultListableBeanFactory - Finished creating instance of bean 'spring.data.solr.CONFIGURATION_PROPERTIES'
10:18:10.288 [main] DEBUG o.s.b.f.a.AutowiredAnnotationBeanPostProcessor - Autowiring by type from bean name 'org.springframework.boot.autoconfigure.solr.SolrAutoConfiguration' to bean named 'spring.data.solr.CONFIGURATION_PROPERTIES'
10:18:10.288 [main] DEBUG o.s.b.f.s.DefaultListableBeanFactory - Returning cached instance of singleton bean 'org.springframework.transaction.config.internalTransactionAdvisor'
10:18:10.288 [main] DEBUG o.s.b.f.s.DefaultListableBeanFactory - Returning cached instance of singleton bean 'org.springframework.transaction.config.internalTransactionAdvisor'
10:18:10.288 [main] DEBUG o.s.b.f.s.DefaultListableBeanFactory - Finished creating instance of bean 'org.springframework.boot.autoconfigure.solr.SolrAutoConfiguration'
10:18:10.288 [main] DEBUG o.s.b.f.s.DefaultListableBeanFactory - Creating shared instance of singleton bean 'solrServer'
10:18:10.288 [main] DEBUG o.s.b.f.s.DefaultListableBeanFactory - Creating instance of bean 'solrServer'
10:18:10.288 [main] DEBUG o.s.b.f.s.DefaultListableBeanFactory - Returning cached instance of singleton bean 'org.springframework.transaction.config.internalTransactionAdvisor'
10:18:10.289 [main] DEBUG o.s.b.f.s.DefaultListableBeanFactory - Returning cached instance of singleton bean 'org.springframework.boot.autoconfigure.solr.SolrAutoConfiguration'
10:18:10.313 [main] DEBUG o.a.s.c.solrj.impl.HttpClientUtil - Creating new http client, config:maxConnections=128&maxConnectionsPerHost=32&followRedirects=false
10:18:10.424 [main] DEBUG o.s.b.f.s.DefaultListableBeanFactory - Eagerly caching bean 'solrServer' to allow for resolving potential circular references
10:18:10.427 [main] DEBUG o.s.b.f.s.DefaultListableBeanFactory - Returning cached instance of singleton bean 'org.springframework.transaction.config.internalTransactionAdvisor'
10:18:10.427 [main] DEBUG o.s.b.f.s.DefaultListableBeanFactory - Returning cached instance of singleton bean 'org.springframework.transaction.config.internalTransactionAdvisor'
10:18:10.427 [main] DEBUG o.s.b.f.s.DefaultListableBeanFactory - Finished creating instance of bean 'solrServer'
10:18:10.427 [main] DEBUG o.s.b.f.s.DefaultListableBeanFactory - Returning cached instance of singleton bean 'spring.data.solr.CONFIGURATION_PROPERTIES'
10:18:10.427 [main] DEBUG o.s.b.f.s.DefaultListableBeanFactory - Creating shared instance of singleton bean 'org.springframework.boot.autoconfigure.web.HttpEncodingAutoConfiguration'
10:18:10.427 [main] DEBUG o.s.b.f.s.DefaultListableBeanFactory - Creating instance of bean 'org.springframework.boot.autoconfigure.web.HttpEncodingAutoConfiguration'
10:18:10.427 [main] DEBUG o.s.b.f.s.DefaultListableBeanFactory - Returning cached instance of singleton bean 'org.springframework.transaction.config.internalTransactionAdvisor'
10:18:10.428 [main] DEBUG o.s.b.f.annotation.InjectionMetadata - Registered injected element on class [org.springframework.boot.autoconfigure.web.HttpEncodingAutoConfiguration$$EnhancerBySpringCGLIB$$4b6dd187]: AutowiredFieldElement for private org.springframework.boot.autoconfigure.web.HttpEncodingProperties org.springframework.boot.autoconfigure.web.HttpEncodingAutoConfiguration.httpEncodingProperties
10:18:10.428 [main] DEBUG o.s.b.f.s.DefaultListableBeanFactory - Eagerly caching bean 'org.springframework.boot.autoconfigure.web.HttpEncodingAutoConfiguration' to allow for resolving potential circular references
10:18:10.429 [main] DEBUG o.s.b.f.annotation.InjectionMetadata - Processing injected element of bean 'org.springframework.boot.autoconfigure.web.HttpEncodingAutoConfiguration': AutowiredFieldElement for private org.springframework.boot.autoconfigure.web.HttpEncodingProperties org.springframework.boot.autoconfigure.web.HttpEncodingAutoConfiguration.httpEncodingProperties
10:18:10.430 [main] DEBUG o.s.b.f.s.DefaultListableBeanFactory - Returning cached instance of singleton bean 'spring.http.encoding.CONFIGURATION_PROPERTIES'
10:18:10.430 [main] DEBUG o.s.b.f.a.AutowiredAnnotationBeanPostProcessor - Autowiring by type from bean name 'org.springframework.boot.autoconfigure.web.HttpEncodingAutoConfiguration' to bean named 'spring.http.encoding.CONFIGURATION_PROPERTIES'
10:18:10.430 [main] DEBUG o.s.b.f.s.DefaultListableBeanFactory - Returning cached instance of singleton bean 'org.springframework.transaction.config.internalTransactionAdvisor'
10:18:10.430 [main] DEBUG o.s.b.f.s.DefaultListableBeanFactory - Returning cached instance of singleton bean 'org.springframework.transaction.config.internalTransactionAdvisor'
10:18:10.430 [main] DEBUG o.s.b.f.s.DefaultListableBeanFactory - Finished creating instance of bean 'org.springframework.boot.autoconfigure.web.HttpEncodingAutoConfiguration'
10:18:10.430 [main] DEBUG o.s.b.f.s.DefaultListableBeanFactory - Creating shared instance of singleton bean 'characterEncodingFilter'
10:18:10.430 [main] DEBUG o.s.b.f.s.DefaultListableBeanFactory - Creating instance of bean 'characterEncodingFilter'
10:18:10.430 [main] DEBUG o.s.b.f.s.DefaultListableBeanFactory - Returning cached instance of singleton bean 'org.springframework.transaction.config.internalTransactionAdvisor'
10:18:10.430 [main] DEBUG o.s.b.f.s.DefaultListableBeanFactory - Returning cached instance of singleton bean 'org.springframework.boot.autoconfigure.web.HttpEncodingAutoConfiguration'
10:18:10.434 [main] DEBUG o.s.w.c.s.StandardServletEnvironment - Adding [servletConfigInitParams] PropertySource with lowest search precedence
10:18:10.434 [main] DEBUG o.s.w.c.s.StandardServletEnvironment - Adding [servletContextInitParams] PropertySource with lowest search precedence
10:18:10.434 [main] DEBUG o.s.w.c.s.StandardServletEnvironment - Adding [systemProperties] PropertySource with lowest search precedence
10:18:10.434 [main] DEBUG o.s.w.c.s.StandardServletEnvironment - Adding [systemEnvironment] PropertySource with lowest search precedence
10:18:10.434 [main] DEBUG o.s.w.c.s.StandardServletEnvironment - Initialized StandardServletEnvironment with PropertySources [servletConfigInitParams,servletContextInitParams,systemProperties,systemEnvironment]
10:18:10.436 [main] DEBUG o.s.b.f.s.DefaultListableBeanFactory - Eagerly caching bean 'characterEncodingFilter' to allow for resolving potential circular references
10:18:10.439 [main] DEBUG o.s.b.f.s.DefaultListableBeanFactory - Invoking afterPropertiesSet() on bean with name 'characterEncodingFilter'
10:18:10.439 [main] DEBUG o.s.b.f.s.DefaultListableBeanFactory - Returning cached instance of singleton bean 'org.springframework.transaction.config.internalTransactionAdvisor'
10:18:10.439 [main] DEBUG o.s.b.f.s.DefaultListableBeanFactory - Returning cached instance of singleton bean 'org.springframework.transaction.config.internalTransactionAdvisor'
10:18:10.439 [main] DEBUG o.s.b.f.s.DefaultListableBeanFactory - Finished creating instance of bean 'characterEncodingFilter'
10:18:10.440 [main] DEBUG o.s.b.f.s.DefaultListableBeanFactory - Creating shared instance of singleton bean 'org.springframework.boot.autoconfigure.web.MultipartAutoConfiguration'
10:18:10.440 [main] DEBUG o.s.b.f.s.DefaultListableBeanFactory - Creating instance of bean 'org.springframework.boot.autoconfigure.web.MultipartAutoConfiguration'
10:18:10.440 [main] DEBUG o.s.b.f.s.DefaultListableBeanFactory - Returning cached instance of singleton bean 'org.springframework.transaction.config.internalTransactionAdvisor'
10:18:10.440 [main] DEBUG o.s.b.f.annotation.InjectionMetadata - Registered injected element on class [org.springframework.boot.autoconfigure.web.MultipartAutoConfiguration$$EnhancerBySpringCGLIB$$be1da6c2]: AutowiredFieldElement for private org.springframework.boot.autoconfigure.web.MultipartProperties org.springframework.boot.autoconfigure.web.MultipartAutoConfiguration.multipartProperties
10:18:10.440 [main] DEBUG o.s.b.f.s.DefaultListableBeanFactory - Eagerly caching bean 'org.springframework.boot.autoconfigure.web.MultipartAutoConfiguration' to allow for resolving potential circular references
10:18:10.442 [main] DEBUG o.s.b.f.annotation.InjectionMetadata - Processing injected element of bean 'org.springframework.boot.autoconfigure.web.MultipartAutoConfiguration': AutowiredFieldElement for private org.springframework.boot.autoconfigure.web.MultipartProperties org.springframework.boot.autoconfigure.web.MultipartAutoConfiguration.multipartProperties
10:18:10.443 [main] DEBUG o.s.b.f.s.DefaultListableBeanFactory - Creating shared instance of singleton bean 'multipart.CONFIGURATION_PROPERTIES'
10:18:10.443 [main] DEBUG o.s.b.f.s.DefaultListableBeanFactory - Creating instance of bean 'multipart.CONFIGURATION_PROPERTIES'
10:18:10.443 [main] DEBUG o.s.b.f.s.DefaultListableBeanFactory - Returning cached instance of singleton bean 'org.springframework.transaction.config.internalTransactionAdvisor'
10:18:10.443 [main] DEBUG o.s.b.f.s.DefaultListableBeanFactory - Eagerly caching bean 'multipart.CONFIGURATION_PROPERTIES' to allow for resolving potential circular references
10:18:10.445 [main] DEBUG o.s.core.env.MutablePropertySources - Adding [Inlined Test Properties] PropertySource with lowest search precedence
10:18:10.445 [main] DEBUG o.s.core.env.MutablePropertySources - Adding [systemProperties] PropertySource with lowest search precedence
10:18:10.445 [main] DEBUG o.s.core.env.MutablePropertySources - Adding [systemEnvironment] PropertySource with lowest search precedence
10:18:10.445 [main] DEBUG o.s.core.env.MutablePropertySources - Adding [localProperties] PropertySource with lowest search precedence
10:18:10.445 [main] DEBUG o.s.core.env.MutablePropertySources - Adding [Inlined Test Properties] PropertySource with lowest search precedence
10:18:10.445 [main] DEBUG o.s.core.env.MutablePropertySources - Adding [systemProperties] PropertySource with lowest search precedence
10:18:10.445 [main] DEBUG o.s.core.env.MutablePropertySources - Adding [systemEnvironment] PropertySource with lowest search precedence
10:18:10.445 [main] DEBUG o.s.core.env.MutablePropertySources - Adding [localProperties] PropertySource with lowest search precedence
10:18:10.445 [main] DEBUG o.s.c.e.PropertySourcesPropertyResolver - Searching for key 'org.springframework.boot.test.IntegrationTest' in [Inlined Test Properties]
10:18:10.445 [main] DEBUG o.s.c.e.PropertySourcesPropertyResolver - Found key 'org.springframework.boot.test.IntegrationTest' in [Inlined Test Properties] with type [String] and value 'true'
10:18:10.447 [main] DEBUG o.s.b.f.s.DefaultListableBeanFactory - Returning cached instance of singleton bean 'org.springframework.transaction.config.internalTransactionAdvisor'
10:18:10.447 [main] DEBUG o.s.b.f.s.DefaultListableBeanFactory - Returning cached instance of singleton bean 'org.springframework.transaction.config.internalTransactionAdvisor'
10:18:10.447 [main] DEBUG o.s.b.f.s.DefaultListableBeanFactory - Finished creating instance of bean 'multipart.CONFIGURATION_PROPERTIES'
10:18:10.447 [main] DEBUG o.s.b.f.a.AutowiredAnnotationBeanPostProcessor - Autowiring by type from bean name 'org.springframework.boot.autoconfigure.web.MultipartAutoConfiguration' to bean named 'multipart.CONFIGURATION_PROPERTIES'
10:18:10.447 [main] DEBUG o.s.b.f.s.DefaultListableBeanFactory - Returning cached instance of singleton bean 'org.springframework.transaction.config.internalTransactionAdvisor'
10:18:10.448 [main] DEBUG o.s.b.f.s.DefaultListableBeanFactory - Returning cached instance of singleton bean 'org.springframework.transaction.config.internalTransactionAdvisor'
10:18:10.448 [main] DEBUG o.s.b.f.s.DefaultListableBeanFactory - Finished creating instance of bean 'org.springframework.boot.autoconfigure.web.MultipartAutoConfiguration'
10:18:10.448 [main] DEBUG o.s.b.f.s.DefaultListableBeanFactory - Creating shared instance of singleton bean 'multipartConfigElement'
10:18:10.448 [main] DEBUG o.s.b.f.s.DefaultListableBeanFactory - Creating instance of bean 'multipartConfigElement'
10:18:10.448 [main] DEBUG o.s.b.f.s.DefaultListableBeanFactory - Returning cached instance of singleton bean 'org.springframework.transaction.config.internalTransactionAdvisor'
10:18:10.448 [main] DEBUG o.s.b.f.s.DefaultListableBeanFactory - Returning cached instance of singleton bean 'org.springframework.boot.autoconfigure.web.MultipartAutoConfiguration'
10:18:10.451 [main] DEBUG o.s.b.f.s.DefaultListableBeanFactory - Eagerly caching bean 'multipartConfigElement' to allow for resolving potential circular references
10:18:10.452 [main] DEBUG o.s.b.f.s.DefaultListableBeanFactory - Returning cached instance of singleton bean 'org.springframework.transaction.config.internalTransactionAdvisor'
10:18:10.453 [main] DEBUG o.s.b.f.s.DefaultListableBeanFactory - Returning cached instance of singleton bean 'org.springframework.transaction.config.internalTransactionAdvisor'
10:18:10.453 [main] DEBUG o.s.b.f.s.DefaultListableBeanFactory - Finished creating instance of bean 'multipartConfigElement'
10:18:10.453 [main] DEBUG o.s.b.f.s.DefaultListableBeanFactory - Creating shared instance of singleton bean 'multipartResolver'
10:18:10.453 [main] DEBUG o.s.b.f.s.DefaultListableBeanFactory - Creating instance of bean 'multipartResolver'
10:18:10.453 [main] DEBUG o.s.b.f.s.DefaultListableBeanFactory - Returning cached instance of singleton bean 'org.springframework.transaction.config.internalTransactionAdvisor'
10:18:10.453 [main] DEBUG o.s.b.f.s.DefaultListableBeanFactory - Returning cached instance of singleton bean 'org.springframework.boot.autoconfigure.web.MultipartAutoConfiguration'
10:18:10.454 [main] DEBUG o.s.b.f.s.DefaultListableBeanFactory - Eagerly caching bean 'multipartResolver' to allow for resolving potential circular references
10:18:10.456 [main] DEBUG o.s.b.f.s.DefaultListableBeanFactory - Returning cached instance of singleton bean 'org.springframework.transaction.config.internalTransactionAdvisor'
10:18:10.456 [main] DEBUG o.s.b.f.s.DefaultListableBeanFactory - Returning cached instance of singleton bean 'org.springframework.transaction.config.internalTransactionAdvisor'
10:18:10.456 [main] DEBUG o.s.b.f.s.DefaultListableBeanFactory - Finished creating instance of bean 'multipartResolver'
10:18:10.456 [main] DEBUG o.s.b.f.s.DefaultListableBeanFactory - Returning cached instance of singleton bean 'multipart.CONFIGURATION_PROPERTIES'
10:18:10.456 [main] DEBUG o.s.b.f.s.DefaultListableBeanFactory - Creating shared instance of singleton bean 'org.springframework.orm.jpa.SharedEntityManagerCreator#0'
10:18:10.456 [main] DEBUG o.s.b.f.s.DefaultListableBeanFactory - Creating instance of bean 'org.springframework.orm.jpa.SharedEntityManagerCreator#0'
10:18:10.456 [main] DEBUG o.s.b.f.s.DefaultListableBeanFactory - Returning cached instance of singleton bean 'org.springframework.transaction.config.internalTransactionAdvisor'
10:18:10.456 [main] DEBUG o.s.b.f.s.DefaultListableBeanFactory - Returning cached instance of singleton bean 'entityManagerFactory'
10:18:10.457 [main] DEBUG o.s.b.f.s.DefaultListableBeanFactory - Eagerly caching bean 'org.springframework.orm.jpa.SharedEntityManagerCreator#0' to allow for resolving potential circular references
10:18:10.457 [main] DEBUG o.s.b.f.s.DefaultListableBeanFactory - Returning cached instance of singleton bean 'org.springframework.transaction.config.internalTransactionAdvisor'
10:18:10.457 [main] DEBUG o.s.b.f.s.DefaultListableBeanFactory - Returning cached instance of singleton bean 'org.springframework.transaction.config.internalTransactionAdvisor'
10:18:10.457 [main] DEBUG o.s.b.f.s.DefaultListableBeanFactory - Finished creating instance of bean 'org.springframework.orm.jpa.SharedEntityManagerCreator#0'
10:18:10.458 [main] INFO  o.s.j.e.a.AnnotationMBeanExporter - Registering beans for JMX exposure on startup
10:18:10.458 [main] DEBUG o.s.j.e.a.AnnotationMBeanExporter - Autodetecting user-defined JMX MBeans
10:18:10.461 [main] DEBUG o.s.c.s.GenericApplicationContext - Unable to locate LifecycleProcessor with name 'lifecycleProcessor': using default [org.springframework.context.support.DefaultLifecycleProcessor@4aeb0e2b]
10:18:10.462 [main] DEBUG o.s.b.f.s.DefaultListableBeanFactory - Returning cached instance of singleton bean 'lifecycleProcessor'
10:18:10.463 [main] DEBUG o.s.c.e.PropertySourcesPropertyResolver - Searching for key 'spring.liveBeansView.mbeanDomain' in [Inlined Test Properties]
10:18:10.463 [main] DEBUG o.s.c.e.PropertySourcesPropertyResolver - Searching for key 'spring.liveBeansView.mbeanDomain' in [systemProperties]
10:18:10.463 [main] DEBUG o.s.c.e.PropertySourcesPropertyResolver - Searching for key 'spring.liveBeansView.mbeanDomain' in [systemEnvironment]
10:18:10.463 [main] DEBUG o.s.c.e.PropertySourcesPropertyResolver - Could not find key 'spring.liveBeansView.mbeanDomain' in any property source. Returning [null]
10:18:10.464 [main] DEBUG o.s.t.c.DefaultCacheAwareContextLoaderDelegate - Storing ApplicationContext in cache under key [[MergedContextConfiguration@5bb21b69 testClass = RestServiceIntegrationTest, locations = '{}', classes = '{class hello.Application}', contextInitializerClasses = '[]', activeProfiles = '{}', propertySourceLocations = '{}', propertySourceProperties = '{org.springframework.boot.test.IntegrationTest=true}', contextLoader = 'org.springframework.test.context.support.DelegatingSmartContextLoader', parent = [null]]]
10:18:10.464 [main] DEBUG o.springframework.test.context.cache - Spring test ApplicationContext cache statistics: [ContextCache@19489b27 size = 1, hitCount = 0, missCount = 1, parentContextCount = 0]
10:18:10.466 [main] DEBUG o.s.b.f.s.DefaultListableBeanFactory - Returning cached instance of singleton bean 'org.springframework.transaction.config.internalTransactionAdvisor'
10:18:10.466 [main] DEBUG o.s.b.f.s.DefaultListableBeanFactory - Returning cached instance of singleton bean 'org.springframework.transaction.config.internalTransactionAdvisor'

  .   ____          _            __ _ _
 /\\ / ___'_ __ _ _(_)_ __  __ _ \ \ \ \
( ( )\___ | '_ | '_| | '_ \/ _` | \ \ \ \
 \\/  ___)| |_)| | | | | || (_| |  ) ) ) )
  '  |____| .__|_| |_|_| |_\__, | / / / /
 =========|_|==============|___/=/_/_/_/
 :: Spring Boot ::        (v1.2.3.RELEASE)

2015-06-02 10:18:10.659  INFO 12185 --- [           main] o.a.maven.surefire.booter.ForkedBooter   : Starting ForkedBooter v2.17 on ifaturoti with PID 12185 (/home/ifaturoti_adeyemi/.m2/repository/org/apache/maven/surefire/surefire-booter/2.17/surefire-booter-2.17.jar started by ifaturoti_adeyemi in /home/ifaturoti_adeyemi/STS/workspace/gs-rest-hateoas-initial)
2015-06-02 10:18:10.669  INFO 12185 --- [           main] ationConfigEmbeddedWebApplicationContext : Refreshing org.springframework.boot.context.embedded.AnnotationConfigEmbeddedWebApplicationContext@48268eec: startup date [Tue Jun 02 10:18:10 CEST 2015]; root of context hierarchy
2015-06-02 10:18:10.958  INFO 12185 --- [           main] o.s.b.f.s.DefaultListableBeanFactory     : Overriding bean definition for bean 'beanNameViewResolver': replacing [Root bean: class [null]; scope=; abstract=false; lazyInit=false; autowireMode=3; dependencyCheck=0; autowireCandidate=true; primary=false; factoryBeanName=org.springframework.boot.autoconfigure.web.ErrorMvcAutoConfiguration$WhitelabelErrorViewConfiguration; factoryMethodName=beanNameViewResolver; initMethodName=null; destroyMethodName=(inferred); defined in class path resource [org/springframework/boot/autoconfigure/web/ErrorMvcAutoConfiguration$WhitelabelErrorViewConfiguration.class]] with [Root bean: class [null]; scope=; abstract=false; lazyInit=false; autowireMode=3; dependencyCheck=0; autowireCandidate=true; primary=false; factoryBeanName=org.springframework.boot.autoconfigure.web.WebMvcAutoConfiguration$WebMvcAutoConfigurationAdapter; factoryMethodName=beanNameViewResolver; initMethodName=null; destroyMethodName=(inferred); defined in class path resource [org/springframework/boot/autoconfigure/web/WebMvcAutoConfiguration$WebMvcAutoConfigurationAdapter.class]]
2015-06-02 10:18:11.135  INFO 12185 --- [           main] f.a.AutowiredAnnotationBeanPostProcessor : JSR-330 'javax.inject.Inject' annotation found and supported for autowiring
2015-06-02 10:18:11.196  INFO 12185 --- [           main] trationDelegate$BeanPostProcessorChecker : Bean 'org.springframework.transaction.annotation.ProxyTransactionManagementConfiguration' of type [class org.springframework.transaction.annotation.ProxyTransactionManagementConfiguration$$EnhancerBySpringCGLIB$$b3ace43c] is not eligible for getting processed by all BeanPostProcessors (for example: not eligible for auto-proxying)
2015-06-02 10:18:11.197  INFO 12185 --- [           main] trationDelegate$BeanPostProcessorChecker : Bean 'transactionAttributeSource' of type [class org.springframework.transaction.annotation.AnnotationTransactionAttributeSource] is not eligible for getting processed by all BeanPostProcessors (for example: not eligible for auto-proxying)
2015-06-02 10:18:11.198  INFO 12185 --- [           main] trationDelegate$BeanPostProcessorChecker : Bean 'transactionInterceptor' of type [class org.springframework.transaction.interceptor.TransactionInterceptor] is not eligible for getting processed by all BeanPostProcessors (for example: not eligible for auto-proxying)
2015-06-02 10:18:11.200  INFO 12185 --- [           main] trationDelegate$BeanPostProcessorChecker : Bean 'org.springframework.transaction.config.internalTransactionAdvisor' of type [class org.springframework.transaction.interceptor.BeanFactoryTransactionAttributeSourceAdvisor] is not eligible for getting processed by all BeanPostProcessors (for example: not eligible for auto-proxying)
2015-06-02 10:18:11.435  INFO 12185 --- [           main] s.b.c.e.t.TomcatEmbeddedServletContainer : Tomcat initialized with port(s): 8080 (http)
2015-06-02 10:18:11.560  INFO 12185 --- [           main] o.apache.catalina.core.StandardService   : Starting service Tomcat
2015-06-02 10:18:11.560  INFO 12185 --- [           main] org.apache.catalina.core.StandardEngine  : Starting Servlet Engine: Apache Tomcat/8.0.20
2015-06-02 10:18:11.691  INFO 12185 --- [ost-startStop-1] o.a.c.c.C.[Tomcat].[localhost].[/]       : Initializing Spring embedded WebApplicationContext
2015-06-02 10:18:11.691  INFO 12185 --- [ost-startStop-1] o.s.web.context.ContextLoader            : Root WebApplicationContext: initialization completed in 1022 ms
2015-06-02 10:18:12.161  INFO 12185 --- [ost-startStop-1] j.LocalContainerEntityManagerFactoryBean : Building JPA container EntityManagerFactory for persistence unit 'default'
2015-06-02 10:18:12.161  INFO 12185 --- [ost-startStop-1] o.hibernate.jpa.internal.util.LogHelper  : HHH000204: Processing PersistenceUnitInfo [
	name: default
	...]
2015-06-02 10:18:12.180  INFO 12185 --- [ost-startStop-1] org.hibernate.dialect.Dialect            : HHH000400: Using dialect: org.hibernate.dialect.H2Dialect
2015-06-02 10:18:12.204  INFO 12185 --- [ost-startStop-1] o.h.h.i.ast.ASTQueryTranslatorFactory    : HHH000397: Using ASTQueryTranslatorFactory
2015-06-02 10:18:12.284  INFO 12185 --- [ost-startStop-1] org.hibernate.tool.hbm2ddl.SchemaExport  : HHH000227: Running hbm2ddl schema export
2015-06-02 10:18:12.307 ERROR 12185 --- [ost-startStop-1] org.hibernate.tool.hbm2ddl.SchemaExport  : HHH000389: Unsuccessful: drop table order if exists
2015-06-02 10:18:12.307 ERROR 12185 --- [ost-startStop-1] org.hibernate.tool.hbm2ddl.SchemaExport  : Syntax error in SQL statement "DROP TABLE ORDER[*] IF EXISTS "; expected "identifier"; SQL statement:
drop table order if exists [42001-185]
2015-06-02 10:18:12.317 ERROR 12185 --- [ost-startStop-1] org.hibernate.tool.hbm2ddl.SchemaExport  : HHH000389: Unsuccessful: create table order (id bigint generated by default as identity, order_date timestamp, total decimal(19,2), billing_id bigint, comment_id bigint, customer_id bigint, shipping_info_id bigint, primary key (id))
2015-06-02 10:18:12.320 ERROR 12185 --- [ost-startStop-1] org.hibernate.tool.hbm2ddl.SchemaExport  : Syntax error in SQL statement "CREATE TABLE ORDER[*] (ID BIGINT GENERATED BY DEFAULT AS IDENTITY, ORDER_DATE TIMESTAMP, TOTAL DECIMAL(19,2), BILLING_ID BIGINT, COMMENT_ID BIGINT, CUSTOMER_ID BIGINT, SHIPPING_INFO_ID BIGINT, PRIMARY KEY (ID)) "; expected "identifier"; SQL statement:
create table order (id bigint generated by default as identity, order_date timestamp, total decimal(19,2), billing_id bigint, comment_id bigint, customer_id bigint, shipping_info_id bigint, primary key (id)) [42001-185]
2015-06-02 10:18:12.334 ERROR 12185 --- [ost-startStop-1] org.hibernate.tool.hbm2ddl.SchemaExport  : HHH000389: Unsuccessful: alter table order add constraint FK_nxnpetsa4u9gpr8c688saffha foreign key (billing_id) references billing
2015-06-02 10:18:12.338 ERROR 12185 --- [ost-startStop-1] org.hibernate.tool.hbm2ddl.SchemaExport  : Syntax error in SQL statement "ALTER TABLE ORDER[*] ADD CONSTRAINT FK_NXNPETSA4U9GPR8C688SAFFHA FOREIGN KEY (BILLING_ID) REFERENCES BILLING "; expected "identifier"; SQL statement:
alter table order add constraint FK_nxnpetsa4u9gpr8c688saffha foreign key (billing_id) references billing [42001-185]
2015-06-02 10:18:12.339 ERROR 12185 --- [ost-startStop-1] org.hibernate.tool.hbm2ddl.SchemaExport  : HHH000389: Unsuccessful: alter table order add constraint FK_5pc1pu4cyb24788devifooixr foreign key (comment_id) references comment
2015-06-02 10:18:12.339 ERROR 12185 --- [ost-startStop-1] org.hibernate.tool.hbm2ddl.SchemaExport  : Syntax error in SQL statement "ALTER TABLE ORDER[*] ADD CONSTRAINT FK_5PC1PU4CYB24788DEVIFOOIXR FOREIGN KEY (COMMENT_ID) REFERENCES COMMENT "; expected "identifier"; SQL statement:
alter table order add constraint FK_5pc1pu4cyb24788devifooixr foreign key (comment_id) references comment [42001-185]
2015-06-02 10:18:12.339 ERROR 12185 --- [ost-startStop-1] org.hibernate.tool.hbm2ddl.SchemaExport  : HHH000389: Unsuccessful: alter table order add constraint FK_m6q2ofkj1g5aobtb2p00ajpqg foreign key (customer_id) references customer
2015-06-02 10:18:12.339 ERROR 12185 --- [ost-startStop-1] org.hibernate.tool.hbm2ddl.SchemaExport  : Syntax error in SQL statement "ALTER TABLE ORDER[*] ADD CONSTRAINT FK_M6Q2OFKJ1G5AOBTB2P00AJPQG FOREIGN KEY (CUSTOMER_ID) REFERENCES CUSTOMER "; expected "identifier"; SQL statement:
alter table order add constraint FK_m6q2ofkj1g5aobtb2p00ajpqg foreign key (customer_id) references customer [42001-185]
2015-06-02 10:18:12.339 ERROR 12185 --- [ost-startStop-1] org.hibernate.tool.hbm2ddl.SchemaExport  : HHH000389: Unsuccessful: alter table order add constraint FK_1e0v172xkocflutmxh0v3n6go foreign key (shipping_info_id) references address
2015-06-02 10:18:12.339 ERROR 12185 --- [ost-startStop-1] org.hibernate.tool.hbm2ddl.SchemaExport  : Syntax error in SQL statement "ALTER TABLE ORDER[*] ADD CONSTRAINT FK_1E0V172XKOCFLUTMXH0V3N6GO FOREIGN KEY (SHIPPING_INFO_ID) REFERENCES ADDRESS "; expected "identifier"; SQL statement:
alter table order add constraint FK_1e0v172xkocflutmxh0v3n6go foreign key (shipping_info_id) references address [42001-185]
2015-06-02 10:18:12.340 ERROR 12185 --- [ost-startStop-1] org.hibernate.tool.hbm2ddl.SchemaExport  : HHH000389: Unsuccessful: alter table order_order_product add constraint FK_bv6q2p7ym805sy73n3vrcgv8d foreign key (order_id) references order
2015-06-02 10:18:12.340 ERROR 12185 --- [ost-startStop-1] org.hibernate.tool.hbm2ddl.SchemaExport  : Syntax error in SQL statement "ALTER TABLE ORDER_ORDER_PRODUCT ADD CONSTRAINT FK_BV6Q2P7YM805SY73N3VRCGV8D FOREIGN KEY (ORDER_ID) REFERENCES ORDER[*] "; expected "identifier"; SQL statement:
alter table order_order_product add constraint FK_bv6q2p7ym805sy73n3vrcgv8d foreign key (order_id) references order [42001-185]
2015-06-02 10:18:12.341 ERROR 12185 --- [ost-startStop-1] org.hibernate.tool.hbm2ddl.SchemaExport  : HHH000389: Unsuccessful: alter table order_product add constraint FK_tpt9pulqsn4ahvm8tcl8uyue4 foreign key (order_id) references order
2015-06-02 10:18:12.342 ERROR 12185 --- [ost-startStop-1] org.hibernate.tool.hbm2ddl.SchemaExport  : Syntax error in SQL statement "ALTER TABLE ORDER_PRODUCT ADD CONSTRAINT FK_TPT9PULQSN4AHVM8TCL8UYUE4 FOREIGN KEY (ORDER_ID) REFERENCES ORDER[*] "; expected "identifier"; SQL statement:
alter table order_product add constraint FK_tpt9pulqsn4ahvm8tcl8uyue4 foreign key (order_id) references order [42001-185]
2015-06-02 10:18:12.343  INFO 12185 --- [ost-startStop-1] org.hibernate.tool.hbm2ddl.SchemaExport  : HHH000230: Schema export complete
2015-06-02 10:18:12.360  WARN 12185 --- [ost-startStop-1] o.h.j.i.EntityManagerFactoryRegistry     : HHH000436: Entity manager factory name (default) is already registered.  If entity manager will be clustered or passivated, specify a unique value for property 'hibernate.ejb.entitymanager_factory_name'
2015-06-02 10:18:12.628  INFO 12185 --- [ost-startStop-1] o.s.b.c.e.ServletRegistrationBean        : Mapping servlet: 'dispatcherServlet' to [/]
2015-06-02 10:18:12.634  INFO 12185 --- [ost-startStop-1] o.s.b.c.embedded.FilterRegistrationBean  : Mapping filter: 'characterEncodingFilter' to: [/*]
2015-06-02 10:18:12.634  INFO 12185 --- [ost-startStop-1] o.s.b.c.embedded.FilterRegistrationBean  : Mapping filter: 'hiddenHttpMethodFilter' to: [/*]
2015-06-02 10:18:27.382  INFO 12185 --- [ost-startStop-1] o.a.c.util.SessionIdGeneratorBase        : Creation of SecureRandom instance for session ID generation using [SHA1PRNG] took [14,730] milliseconds.
2015-06-02 10:18:27.466  INFO 12185 --- [           main] o.s.b.f.config.PropertiesFactoryBean     : Loading properties file from class path resource [rest-default-messages.properties]
2015-06-02 10:18:27.624  INFO 12185 --- [           main] s.w.s.m.m.a.RequestMappingHandlerAdapter : Looking for @ControllerAdvice: org.springframework.boot.context.embedded.AnnotationConfigEmbeddedWebApplicationContext@48268eec: startup date [Tue Jun 02 10:18:10 CEST 2015]; root of context hierarchy
2015-06-02 10:18:27.674  INFO 12185 --- [           main] s.w.s.m.m.a.RequestMappingHandlerMapping : Mapped "{[/error],methods=[],params=[],headers=[],consumes=[],produces=[text/html],custom=[]}" onto public org.springframework.web.servlet.ModelAndView org.springframework.boot.autoconfigure.web.BasicErrorController.errorHtml(javax.servlet.http.HttpServletRequest)
2015-06-02 10:18:27.675  INFO 12185 --- [           main] s.w.s.m.m.a.RequestMappingHandlerMapping : Mapped "{[/error],methods=[],params=[],headers=[],consumes=[],produces=[],custom=[]}" onto public org.springframework.http.ResponseEntity<java.util.Map<java.lang.String, java.lang.Object>> org.springframework.boot.autoconfigure.web.BasicErrorController.error(javax.servlet.http.HttpServletRequest)
2015-06-02 10:18:27.695  INFO 12185 --- [           main] o.s.w.s.handler.SimpleUrlHandlerMapping  : Mapped URL path [/webjars/**] onto handler of type [class org.springframework.web.servlet.resource.ResourceHttpRequestHandler]
2015-06-02 10:18:27.695  INFO 12185 --- [           main] o.s.w.s.handler.SimpleUrlHandlerMapping  : Mapped URL path [/**] onto handler of type [class org.springframework.web.servlet.resource.ResourceHttpRequestHandler]
2015-06-02 10:18:27.722  INFO 12185 --- [           main] o.s.w.s.handler.SimpleUrlHandlerMapping  : Mapped URL path [/**/favicon.ico] onto handler of type [class org.springframework.web.servlet.resource.ResourceHttpRequestHandler]
2015-06-02 10:18:27.804  INFO 12185 --- [           main] o.s.d.r.w.RepositoryRestHandlerAdapter   : Looking for @ControllerAdvice: org.springframework.boot.context.embedded.AnnotationConfigEmbeddedWebApplicationContext@48268eec: startup date [Tue Jun 02 10:18:10 CEST 2015]; root of context hierarchy
2015-06-02 10:18:27.817  INFO 12185 --- [           main] o.s.d.r.w.RepositoryRestHandlerMapping   : Mapped "{[/{repository}/{id}/{property}],methods=[DELETE],params=[],headers=[],consumes=[],produces=[],custom=[]}" onto public org.springframework.http.ResponseEntity<? extends org.springframework.hateoas.ResourceSupport> org.springframework.data.rest.webmvc.RepositoryPropertyReferenceController.deletePropertyReference(org.springframework.data.rest.webmvc.RootResourceInformation,java.io.Serializable,java.lang.String) throws java.lang.Exception
2015-06-02 10:18:27.817  INFO 12185 --- [           main] o.s.d.r.w.RepositoryRestHandlerMapping   : Mapped "{[/{repository}/{id}/{property}],methods=[GET],params=[],headers=[],consumes=[],produces=[],custom=[]}" onto public org.springframework.http.ResponseEntity<org.springframework.hateoas.ResourceSupport> org.springframework.data.rest.webmvc.RepositoryPropertyReferenceController.followPropertyReference(org.springframework.data.rest.webmvc.RootResourceInformation,java.io.Serializable,java.lang.String,org.springframework.data.rest.webmvc.PersistentEntityResourceAssembler) throws java.lang.Exception
2015-06-02 10:18:27.817  INFO 12185 --- [           main] o.s.d.r.w.RepositoryRestHandlerMapping   : Mapped "{[/{repository}/{id}/{property}/{propertyId}],methods=[GET],params=[],headers=[],consumes=[],produces=[],custom=[]}" onto public org.springframework.http.ResponseEntity<org.springframework.hateoas.ResourceSupport> org.springframework.data.rest.webmvc.RepositoryPropertyReferenceController.followPropertyReference(org.springframework.data.rest.webmvc.RootResourceInformation,java.io.Serializable,java.lang.String,java.lang.String,org.springframework.data.rest.webmvc.PersistentEntityResourceAssembler) throws java.lang.Exception
2015-06-02 10:18:27.817  INFO 12185 --- [           main] o.s.d.r.w.RepositoryRestHandlerMapping   : Mapped "{[/{repository}/{id}/{property}],methods=[GET],params=[],headers=[],consumes=[],produces=[application/x-spring-data-compact+json || text/uri-list],custom=[]}" onto public org.springframework.http.ResponseEntity<org.springframework.hateoas.ResourceSupport> org.springframework.data.rest.webmvc.RepositoryPropertyReferenceController.followPropertyReferenceCompact(org.springframework.data.rest.webmvc.RootResourceInformation,java.io.Serializable,java.lang.String,org.springframework.data.rest.webmvc.PersistentEntityResourceAssembler) throws java.lang.Exception
2015-06-02 10:18:27.818  INFO 12185 --- [           main] o.s.d.r.w.RepositoryRestHandlerMapping   : Mapped "{[/{repository}/{id}/{property}],methods=[PATCH || PUT],params=[],headers=[],consumes=[application/json || application/x-spring-data-compact+json || text/uri-list],produces=[],custom=[]}" onto public org.springframework.http.ResponseEntity<? extends org.springframework.hateoas.ResourceSupport> org.springframework.data.rest.webmvc.RepositoryPropertyReferenceController.createPropertyReference(org.springframework.data.rest.webmvc.RootResourceInformation,org.springframework.http.HttpMethod,org.springframework.hateoas.Resources<java.lang.Object>,java.io.Serializable,java.lang.String) throws java.lang.Exception
2015-06-02 10:18:27.818  INFO 12185 --- [           main] o.s.d.r.w.RepositoryRestHandlerMapping   : Mapped "{[/{repository}/{id}/{property}/{propertyId}],methods=[DELETE],params=[],headers=[],consumes=[],produces=[],custom=[]}" onto public org.springframework.http.ResponseEntity<org.springframework.hateoas.ResourceSupport> org.springframework.data.rest.webmvc.RepositoryPropertyReferenceController.deletePropertyReferenceId(org.springframework.data.rest.webmvc.RootResourceInformation,java.io.Serializable,java.lang.String,java.lang.String) throws java.lang.Exception
2015-06-02 10:18:27.818  INFO 12185 --- [           main] o.s.d.r.w.RepositoryRestHandlerMapping   : Mapped "{[/{repository}/schema],methods=[GET],params=[],headers=[],consumes=[],produces=[application/schema+json],custom=[]}" onto public org.springframework.http.HttpEntity<org.springframework.data.rest.webmvc.json.JsonSchema> org.springframework.data.rest.webmvc.RepositorySchemaController.schema(org.springframework.data.rest.webmvc.RootResourceInformation)
2015-06-02 10:18:27.819  INFO 12185 --- [           main] o.s.d.r.w.RepositoryRestHandlerMapping   : Mapped "{[/{repository}],methods=[GET],params=[],headers=[],consumes=[],produces=[application/x-spring-data-compact+json || text/uri-list],custom=[]}" onto public org.springframework.hateoas.Resources<?> org.springframework.data.rest.webmvc.RepositoryEntityController.getCollectionResourceCompact(org.springframework.data.rest.webmvc.RootResourceInformation,org.springframework.data.rest.webmvc.support.DefaultedPageable,org.springframework.data.domain.Sort,org.springframework.data.rest.webmvc.PersistentEntityResourceAssembler) throws org.springframework.data.rest.webmvc.ResourceNotFoundException,org.springframework.web.HttpRequestMethodNotSupportedException
2015-06-02 10:18:27.820  INFO 12185 --- [           main] o.s.d.r.w.RepositoryRestHandlerMapping   : Mapped "{[/{repository}],methods=[POST],params=[],headers=[],consumes=[],produces=[],custom=[]}" onto public org.springframework.http.ResponseEntity<org.springframework.hateoas.ResourceSupport> org.springframework.data.rest.webmvc.RepositoryEntityController.postCollectionResource(org.springframework.data.rest.webmvc.RootResourceInformation,org.springframework.data.rest.webmvc.PersistentEntityResource,org.springframework.data.rest.webmvc.PersistentEntityResourceAssembler) throws org.springframework.web.HttpRequestMethodNotSupportedException
2015-06-02 10:18:27.820  INFO 12185 --- [           main] o.s.d.r.w.RepositoryRestHandlerMapping   : Mapped "{[/{repository}/{id}],methods=[OPTIONS],params=[],headers=[],consumes=[],produces=[],custom=[]}" onto public org.springframework.http.ResponseEntity<?> org.springframework.data.rest.webmvc.RepositoryEntityController.optionsForItemResource(org.springframework.data.rest.webmvc.RootResourceInformation)
2015-06-02 10:18:27.820  INFO 12185 --- [           main] o.s.d.r.w.RepositoryRestHandlerMapping   : Mapped "{[/{repository}/{id}],methods=[HEAD],params=[],headers=[],consumes=[],produces=[],custom=[]}" onto public org.springframework.http.ResponseEntity<?> org.springframework.data.rest.webmvc.RepositoryEntityController.headForItemResource(org.springframework.data.rest.webmvc.RootResourceInformation,java.io.Serializable) throws org.springframework.web.HttpRequestMethodNotSupportedException
2015-06-02 10:18:27.820  INFO 12185 --- [           main] o.s.d.r.w.RepositoryRestHandlerMapping   : Mapped "{[/{repository}/{id}],methods=[GET],params=[],headers=[],consumes=[],produces=[],custom=[]}" onto public org.springframework.http.ResponseEntity<org.springframework.hateoas.Resource<?>> org.springframework.data.rest.webmvc.RepositoryEntityController.getItemResource(org.springframework.data.rest.webmvc.RootResourceInformation,java.io.Serializable,org.springframework.data.rest.webmvc.PersistentEntityResourceAssembler) throws org.springframework.web.HttpRequestMethodNotSupportedException
2015-06-02 10:18:27.820  INFO 12185 --- [           main] o.s.d.r.w.RepositoryRestHandlerMapping   : Mapped "{[/{repository}/{id}],methods=[PUT],params=[],headers=[],consumes=[],produces=[],custom=[]}" onto public org.springframework.http.ResponseEntity<? extends org.springframework.hateoas.ResourceSupport> org.springframework.data.rest.webmvc.RepositoryEntityController.putItemResource(org.springframework.data.rest.webmvc.RootResourceInformation,org.springframework.data.rest.webmvc.PersistentEntityResource,java.io.Serializable,org.springframework.data.rest.webmvc.PersistentEntityResourceAssembler) throws org.springframework.web.HttpRequestMethodNotSupportedException
2015-06-02 10:18:27.820  INFO 12185 --- [           main] o.s.d.r.w.RepositoryRestHandlerMapping   : Mapped "{[/{repository}/{id}],methods=[PATCH],params=[],headers=[],consumes=[],produces=[],custom=[]}" onto public org.springframework.http.ResponseEntity<org.springframework.hateoas.ResourceSupport> org.springframework.data.rest.webmvc.RepositoryEntityController.patchItemResource(org.springframework.data.rest.webmvc.RootResourceInformation,org.springframework.data.rest.webmvc.PersistentEntityResource,java.io.Serializable,org.springframework.data.rest.webmvc.PersistentEntityResourceAssembler) throws org.springframework.web.HttpRequestMethodNotSupportedException,org.springframework.data.rest.webmvc.ResourceNotFoundException
2015-06-02 10:18:27.820  INFO 12185 --- [           main] o.s.d.r.w.RepositoryRestHandlerMapping   : Mapped "{[/{repository}/{id}],methods=[DELETE],params=[],headers=[],consumes=[],produces=[],custom=[]}" onto public org.springframework.http.ResponseEntity<?> org.springframework.data.rest.webmvc.RepositoryEntityController.deleteItemResource(org.springframework.data.rest.webmvc.RootResourceInformation,java.io.Serializable) throws org.springframework.data.rest.webmvc.ResourceNotFoundException,org.springframework.web.HttpRequestMethodNotSupportedException
2015-06-02 10:18:27.820  INFO 12185 --- [           main] o.s.d.r.w.RepositoryRestHandlerMapping   : Mapped "{[/{repository}],methods=[OPTIONS],params=[],headers=[],consumes=[],produces=[],custom=[]}" onto public org.springframework.http.ResponseEntity<?> org.springframework.data.rest.webmvc.RepositoryEntityController.optionsForCollectionResource(org.springframework.data.rest.webmvc.RootResourceInformation)
2015-06-02 10:18:27.820  INFO 12185 --- [           main] o.s.d.r.w.RepositoryRestHandlerMapping   : Mapped "{[/{repository}],methods=[HEAD],params=[],headers=[],consumes=[],produces=[],custom=[]}" onto public org.springframework.http.ResponseEntity<?> org.springframework.data.rest.webmvc.RepositoryEntityController.headCollectionResource(org.springframework.data.rest.webmvc.RootResourceInformation) throws org.springframework.web.HttpRequestMethodNotSupportedException
2015-06-02 10:18:27.820  INFO 12185 --- [           main] o.s.d.r.w.RepositoryRestHandlerMapping   : Mapped "{[/{repository}],methods=[GET],params=[],headers=[],consumes=[],produces=[],custom=[]}" onto public org.springframework.hateoas.Resources<?> org.springframework.data.rest.webmvc.RepositoryEntityController.getCollectionResource(org.springframework.data.rest.webmvc.RootResourceInformation,org.springframework.data.rest.webmvc.support.DefaultedPageable,org.springframework.data.domain.Sort,org.springframework.data.rest.webmvc.PersistentEntityResourceAssembler) throws org.springframework.data.rest.webmvc.ResourceNotFoundException,org.springframework.web.HttpRequestMethodNotSupportedException
2015-06-02 10:18:27.821  INFO 12185 --- [           main] o.s.d.r.w.RepositoryRestHandlerMapping   : Mapped "{[/],methods=[GET],params=[],headers=[],consumes=[],produces=[],custom=[]}" onto public org.springframework.http.HttpEntity<org.springframework.data.rest.webmvc.RepositoryLinksResource> org.springframework.data.rest.webmvc.RepositoryController.listRepositories()
2015-06-02 10:18:27.822  INFO 12185 --- [           main] o.s.d.r.w.RepositoryRestHandlerMapping   : Mapped "{[/],methods=[OPTIONS],params=[],headers=[],consumes=[],produces=[],custom=[]}" onto public org.springframework.http.HttpEntity<?> org.springframework.data.rest.webmvc.RepositoryController.optionsForRepositories()
2015-06-02 10:18:27.822  INFO 12185 --- [           main] o.s.d.r.w.RepositoryRestHandlerMapping   : Mapped "{[/],methods=[HEAD],params=[],headers=[],consumes=[],produces=[],custom=[]}" onto public org.springframework.http.ResponseEntity<?> org.springframework.data.rest.webmvc.RepositoryController.headForRepositories()
2015-06-02 10:18:27.824  INFO 12185 --- [           main] o.s.d.r.w.RepositoryRestHandlerMapping   : Mapped "{[/{repository}/search],methods=[HEAD],params=[],headers=[],consumes=[],produces=[],custom=[]}" onto public org.springframework.http.HttpEntity<?> org.springframework.data.rest.webmvc.RepositorySearchController.headForSearches(org.springframework.data.rest.webmvc.RootResourceInformation)
2015-06-02 10:18:27.824  INFO 12185 --- [           main] o.s.d.r.w.RepositoryRestHandlerMapping   : Mapped "{[/{repository}/search],methods=[OPTIONS],params=[],headers=[],consumes=[],produces=[],custom=[]}" onto public org.springframework.http.HttpEntity<?> org.springframework.data.rest.webmvc.RepositorySearchController.optionsForSearches(org.springframework.data.rest.webmvc.RootResourceInformation)
2015-06-02 10:18:27.824  INFO 12185 --- [           main] o.s.d.r.w.RepositoryRestHandlerMapping   : Mapped "{[/{repository}/search],methods=[GET],params=[],headers=[],consumes=[],produces=[],custom=[]}" onto public org.springframework.hateoas.ResourceSupport org.springframework.data.rest.webmvc.RepositorySearchController.listSearches(org.springframework.data.rest.webmvc.RootResourceInformation)
2015-06-02 10:18:27.824  INFO 12185 --- [           main] o.s.d.r.w.RepositoryRestHandlerMapping   : Mapped "{[/{repository}/search/{search}],methods=[GET],params=[],headers=[],consumes=[],produces=[],custom=[]}" onto public org.springframework.http.ResponseEntity<java.lang.Object> org.springframework.data.rest.webmvc.RepositorySearchController.executeSearch(org.springframework.data.rest.webmvc.RootResourceInformation,org.springframework.web.context.request.WebRequest,java.lang.String,org.springframework.data.rest.webmvc.support.DefaultedPageable,org.springframework.data.domain.Sort,org.springframework.data.rest.webmvc.PersistentEntityResourceAssembler)
2015-06-02 10:18:27.824  INFO 12185 --- [           main] o.s.d.r.w.RepositoryRestHandlerMapping   : Mapped "{[/{repository}/search/{search}],methods=[GET],params=[],headers=[],consumes=[],produces=[application/x-spring-data-compact+json],custom=[]}" onto public org.springframework.hateoas.ResourceSupport org.springframework.data.rest.webmvc.RepositorySearchController.executeSearchCompact(org.springframework.data.rest.webmvc.RootResourceInformation,org.springframework.web.context.request.WebRequest,java.lang.String,java.lang.String,org.springframework.data.rest.webmvc.support.DefaultedPageable,org.springframework.data.domain.Sort,org.springframework.data.rest.webmvc.PersistentEntityResourceAssembler)
2015-06-02 10:18:27.824  INFO 12185 --- [           main] o.s.d.r.w.RepositoryRestHandlerMapping   : Mapped "{[/{repository}/search/{search}],methods=[OPTIONS],params=[],headers=[],consumes=[],produces=[],custom=[]}" onto public org.springframework.http.ResponseEntity<java.lang.Object> org.springframework.data.rest.webmvc.RepositorySearchController.optionsForSearch(org.springframework.data.rest.webmvc.RootResourceInformation,java.lang.String)
2015-06-02 10:18:27.824  INFO 12185 --- [           main] o.s.d.r.w.RepositoryRestHandlerMapping   : Mapped "{[/{repository}/search/{search}],methods=[HEAD],params=[],headers=[],consumes=[],produces=[],custom=[]}" onto public org.springframework.http.ResponseEntity<java.lang.Object> org.springframework.data.rest.webmvc.RepositorySearchController.headForSearch(org.springframework.data.rest.webmvc.RootResourceInformation,java.lang.String)
2015-06-02 10:18:27.829  INFO 12185 --- [           main] o.s.d.r.w.BaseUriAwareHandlerMapping     : Mapped "{[/alps/{repository}],methods=[GET],params=[],headers=[],consumes=[],produces=[],custom=[]}" onto org.springframework.http.HttpEntity<org.springframework.data.rest.webmvc.RootResourceInformation> org.springframework.data.rest.webmvc.alps.AlpsController.descriptor(org.springframework.data.rest.webmvc.RootResourceInformation)
2015-06-02 10:18:27.829  INFO 12185 --- [           main] o.s.d.r.w.BaseUriAwareHandlerMapping     : Mapped "{[/alps || /alps/{repository}],methods=[OPTIONS],params=[],headers=[],consumes=[],produces=[],custom=[]}" onto org.springframework.http.HttpEntity<?> org.springframework.data.rest.webmvc.alps.AlpsController.alpsOptions()
2015-06-02 10:18:27.829  INFO 12185 --- [           main] o.s.d.r.w.BaseUriAwareHandlerMapping     : Mapped "{[/alps],methods=[GET],params=[],headers=[],consumes=[],produces=[],custom=[]}" onto org.springframework.http.HttpEntity<org.springframework.hateoas.alps.Alps> org.springframework.data.rest.webmvc.alps.AlpsController.alps()
2015-06-02 10:18:27.864  INFO 12185 --- [           main] o.s.j.e.a.AnnotationMBeanExporter        : Registering beans for JMX exposure on startup
2015-06-02 10:18:27.914  INFO 12185 --- [           main] s.b.c.e.t.TomcatEmbeddedServletContainer : Tomcat started on port(s): 8080 (http)
2015-06-02 10:18:27.915  INFO 12185 --- [           main] o.a.maven.surefire.booter.ForkedBooter   : Started ForkedBooter in 17.433 seconds (JVM running for 21.569)
2015-06-02 10:18:28.307  INFO 12185 --- [nio-8080-exec-1] o.a.c.c.C.[Tomcat].[localhost].[/]       : Initializing Spring FrameworkServlet 'dispatcherServlet'
2015-06-02 10:18:28.307  INFO 12185 --- [nio-8080-exec-1] o.s.web.servlet.DispatcherServlet        : FrameworkServlet 'dispatcherServlet': initialization started
2015-06-02 10:18:28.320  INFO 12185 --- [nio-8080-exec-1] o.s.web.servlet.DispatcherServlet        : FrameworkServlet 'dispatcherServlet': initialization completed in 13 ms
201
{
  "_links" : {
    "self" : {
      "href" : "http://localhost:8080/products{?page,size,sort}",
      "templated" : true
    }
  },
  "_embedded" : {
    "products" : [ {
      "name" : "name",
      "code" : "code",
      "unitPrice" : 222.22,
      "description" : "description",
      "comment" : {
        "details" : "some comment"
      },
      "_links" : {
        "self" : {
          "href" : "http://localhost:8080/products/1"
        }
      }
    } ]
  },
  "page" : {
    "size" : 20,
    "totalElements" : 1,
    "totalPages" : 1,
    "number" : 0
  }
}
2015-06-02 10:18:28.672  INFO 12185 --- [           main] ationConfigEmbeddedWebApplicationContext : Closing org.springframework.boot.context.embedded.AnnotationConfigEmbeddedWebApplicationContext@48268eec: startup date [Tue Jun 02 10:18:10 CEST 2015]; root of context hierarchy
2015-06-02 10:18:28.674  INFO 12185 --- [           main] o.s.j.e.a.AnnotationMBeanExporter        : Unregistering JMX-exposed beans on shutdown
2015-06-02 10:18:28.680  INFO 12185 --- [           main] j.LocalContainerEntityManagerFactoryBean : Closing JPA EntityManagerFactory for persistence unit 'default'
2015-06-02 10:18:28.680  INFO 12185 --- [           main] org.hibernate.tool.hbm2ddl.SchemaExport  : HHH000227: Running hbm2ddl schema export
2015-06-02 10:18:28.686 ERROR 12185 --- [           main] org.hibernate.tool.hbm2ddl.SchemaExport  : HHH000389: Unsuccessful: drop table order if exists
2015-06-02 10:18:28.686 ERROR 12185 --- [           main] org.hibernate.tool.hbm2ddl.SchemaExport  : Syntax error in SQL statement "DROP TABLE ORDER[*] IF EXISTS "; expected "identifier"; SQL statement:
drop table order if exists [42001-185]
2015-06-02 10:18:28.688  INFO 12185 --- [           main] org.hibernate.tool.hbm2ddl.SchemaExport  : HHH000230: Schema export complete
]]></system-out>
  </testcase>
</testsuite>